Using 36 CPU cores

Running experiments with seed 20

Seed 20 - Running with n_I=5, n_J=3, n_K=6, n_L=4, n_S=10
Initial samples: 2, Threshold: 5.0%
Initial data generation...
ERROR: Rule failed when generating expression for Constraint constraints with
index (1, 1): TypeError: solve_second_stage.<locals>.const_rule() takes 2
positional arguments but 3 were given
ERROR: Constructing component 'constraints' from data=None failed: TypeError:
solve_second_stage.<locals>.const_rule() takes 2 positional arguments but 3
were given

Running experiments with seed 37

Seed 37 - Running with n_I=5, n_J=3, n_K=6, n_L=4, n_S=10
Initial samples: 2, Threshold: 5.0%
Initial data generation...
ERROR: Rule failed when generating expression for Constraint constraints with
index (1, 1): TypeError: solve_second_stage.<locals>.const_rule() takes 2
positional arguments but 3 were given
ERROR: Constructing component 'constraints' from data=None failed: TypeError:
solve_second_stage.<locals>.const_rule() takes 2 positional arguments but 3
were given

Running experiments with seed 53

Seed 53 - Running with n_I=5, n_J=3, n_K=6, n_L=4, n_S=10
Initial samples: 2, Threshold: 5.0%
Initial data generation...
ERROR: Rule failed when generating expression for Constraint constraints with
index (1, 1): TypeError: solve_second_stage.<locals>.const_rule() takes 2
positional arguments but 3 were given
ERROR: Constructing component 'constraints' from data=None failed: TypeError:
solve_second_stage.<locals>.const_rule() takes 2 positional arguments but 3
were given

Running experiments with seed 12

Seed 12 - Running with n_I=5, n_J=3, n_K=6, n_L=4, n_S=10
Initial samples: 2, Threshold: 5.0%
Initial data generation...
ERROR: Rule failed when generating expression for Constraint constraints with
index (1, 1): TypeError: solve_second_stage.<locals>.const_rule() takes 2
positional arguments but 3 were given
ERROR: Constructing component 'constraints' from data=None failed: TypeError:
solve_second_stage.<locals>.const_rule() takes 2 positional arguments but 3
were given

Running experiments with seed 36

Seed 36 - Running with n_I=5, n_J=3, n_K=6, n_L=4, n_S=10
Initial samples: 2, Threshold: 5.0%
Initial data generation...
ERROR: Rule failed when generating expression for Constraint constraints with
index (1, 1): TypeError: solve_second_stage.<locals>.const_rule() takes 2
positional arguments but 3 were given
ERROR: Constructing component 'constraints' from data=None failed: TypeError:
solve_second_stage.<locals>.const_rule() takes 2 positional arguments but 3
were given

Running experiments with seed 26

Seed 26 - Running with n_I=5, n_J=3, n_K=6, n_L=4, n_S=10
Initial samples: 2, Threshold: 5.0%
Initial data generation...
ERROR: Rule failed when generating expression for Constraint constraints with
index (1, 1): TypeError: solve_second_stage.<locals>.const_rule() takes 2
positional arguments but 3 were given
ERROR: Constructing component 'constraints' from data=None failed: TypeError:
solve_second_stage.<locals>.const_rule() takes 2 positional arguments but 3
were given

Running experiments with seed 11

Seed 11 - Running with n_I=5, n_J=3, n_K=6, n_L=4, n_S=10
Initial samples: 2, Threshold: 5.0%
Initial data generation...
ERROR: Rule failed when generating expression for Constraint constraints with
index (1, 1): TypeError: solve_second_stage.<locals>.const_rule() takes 2
positional arguments but 3 were given
ERROR: Constructing component 'constraints' from data=None failed: TypeError:
solve_second_stage.<locals>.const_rule() takes 2 positional arguments but 3
were given

Running experiments with seed 87

Seed 87 - Running with n_I=5, n_J=3, n_K=6, n_L=4, n_S=10
Initial samples: 2, Threshold: 5.0%
Initial data generation...
ERROR: Rule failed when generating expression for Constraint constraints with
index (1, 1): TypeError: solve_second_stage.<locals>.const_rule() takes 2
positional arguments but 3 were given
ERROR: Constructing component 'constraints' from data=None failed: TypeError:
solve_second_stage.<locals>.const_rule() takes 2 positional arguments but 3
were given

Running experiments with seed 99

Seed 99 - Running with n_I=5, n_J=3, n_K=6, n_L=4, n_S=10
Initial samples: 2, Threshold: 5.0%
Initial data generation...
ERROR: Rule failed when generating expression for Constraint constraints with
index (1, 1): TypeError: solve_second_stage.<locals>.const_rule() takes 2
positional arguments but 3 were given
ERROR: Constructing component 'constraints' from data=None failed: TypeError:
solve_second_stage.<locals>.const_rule() takes 2 positional arguments but 3
were given

Running experiments with seed 67

Seed 67 - Running with n_I=5, n_J=3, n_K=6, n_L=4, n_S=10
Initial samples: 2, Threshold: 5.0%
Initial data generation...
ERROR: Rule failed when generating expression for Constraint constraints with
index (1, 1): TypeError: solve_second_stage.<locals>.const_rule() takes 2
positional arguments but 3 were given
ERROR: Constructing component 'constraints' from data=None failed: TypeError:
solve_second_stage.<locals>.const_rule() takes 2 positional arguments but 3
were given

Running experiments with seed 95

Seed 95 - Running with n_I=5, n_J=3, n_K=6, n_L=4, n_S=10
Initial samples: 2, Threshold: 5.0%
Initial data generation...
ERROR: Rule failed when generating expression for Constraint constraints with
index (1, 1): TypeError: solve_second_stage.<locals>.const_rule() takes 2
positional arguments but 3 were given
ERROR: Constructing component 'constraints' from data=None failed: TypeError:
solve_second_stage.<locals>.const_rule() takes 2 positional arguments but 3
were given

Running experiments with seed 81

Seed 81 - Running with n_I=5, n_J=3, n_K=6, n_L=4, n_S=10
Initial samples: 2, Threshold: 5.0%
Initial data generation...
ERROR: Rule failed when generating expression for Constraint constraints with
index (1, 1): TypeError: solve_second_stage.<locals>.const_rule() takes 2
positional arguments but 3 were given
ERROR: Constructing component 'constraints' from data=None failed: TypeError:
solve_second_stage.<locals>.const_rule() takes 2 positional arguments but 3
were given

Running experiments with seed 55

Seed 55 - Running with n_I=5, n_J=3, n_K=6, n_L=4, n_S=10
Initial samples: 2, Threshold: 5.0%
Initial data generation...
ERROR: Rule failed when generating expression for Constraint constraints with
index (1, 1): TypeError: solve_second_stage.<locals>.const_rule() takes 2
positional arguments but 3 were given
ERROR: Constructing component 'constraints' from data=None failed: TypeError:
solve_second_stage.<locals>.const_rule() takes 2 positional arguments but 3
were given

Running experiments with seed 60

Seed 60 - Running with n_I=5, n_J=3, n_K=6, n_L=4, n_S=10
Initial samples: 2, Threshold: 5.0%
Initial data generation...
ERROR: Rule failed when generating expression for Constraint constraints with
index (1, 1): TypeError: solve_second_stage.<locals>.const_rule() takes 2
positional arguments but 3 were given
ERROR: Constructing component 'constraints' from data=None failed: TypeError:
solve_second_stage.<locals>.const_rule() takes 2 positional arguments but 3
were given

Running experiments with seed 25

Seed 25 - Running with n_I=5, n_J=3, n_K=6, n_L=4, n_S=10
Initial samples: 2, Threshold: 5.0%
Initial data generation...
ERROR: Rule failed when generating expression for Constraint constraints with
index (1, 1): TypeError: solve_second_stage.<locals>.const_rule() takes 2
positional arguments but 3 were given
ERROR: Constructing component 'constraints' from data=None failed: TypeError:
solve_second_stage.<locals>.const_rule() takes 2 positional arguments but 3
were given

Running experiments with seed 88

Seed 88 - Running with n_I=5, n_J=3, n_K=6, n_L=4, n_S=10
Initial samples: 2, Threshold: 5.0%
Initial data generation...
ERROR: Rule failed when generating expression for Constraint constraints with
index (1, 1): TypeError: solve_second_stage.<locals>.const_rule() takes 2
positional arguments but 3 were given
ERROR: Constructing component 'constraints' from data=None failed: TypeError:
solve_second_stage.<locals>.const_rule() takes 2 positional arguments but 3
were given

Running experiments with seed 70

Seed 70 - Running with n_I=5, n_J=3, n_K=6, n_L=4, n_S=10
Initial samples: 2, Threshold: 5.0%
Initial data generation...
ERROR: Rule failed when generating expression for Constraint constraints with
index (1, 1): TypeError: solve_second_stage.<locals>.const_rule() takes 2
positional arguments but 3 were given
ERROR: Constructing component 'constraints' from data=None failed: TypeError:
solve_second_stage.<locals>.const_rule() takes 2 positional arguments but 3
were given

Running experiments with seed 62

Seed 62 - Running with n_I=5, n_J=3, n_K=6, n_L=4, n_S=10
Initial samples: 2, Threshold: 5.0%
Initial data generation...
ERROR: Rule failed when generating expression for Constraint constraints with
index (1, 1): TypeError: solve_second_stage.<locals>.const_rule() takes 2
positional arguments but 3 were given
ERROR: Constructing component 'constraints' from data=None failed: TypeError:
solve_second_stage.<locals>.const_rule() takes 2 positional arguments but 3
were given

Running experiments with seed 58

Seed 58 - Running with n_I=5, n_J=3, n_K=6, n_L=4, n_S=10
Initial samples: 2, Threshold: 5.0%
Initial data generation...
ERROR: Rule failed when generating expression for Constraint constraints with
index (1, 1): TypeError: solve_second_stage.<locals>.const_rule() takes 2
positional arguments but 3 were given
ERROR: Constructing component 'constraints' from data=None failed: TypeError:
solve_second_stage.<locals>.const_rule() takes 2 positional arguments but 3
were given

Running experiments with seed 57

Seed 57 - Running with n_I=5, n_J=3, n_K=6, n_L=4, n_S=10
Initial samples: 2, Threshold: 5.0%
Initial data generation...
ERROR: Rule failed when generating expression for Constraint constraints with
index (1, 1): TypeError: solve_second_stage.<locals>.const_rule() takes 2
positional arguments but 3 were given
ERROR: Constructing component 'constraints' from data=None failed: TypeError:
solve_second_stage.<locals>.const_rule() takes 2 positional arguments but 3
were given

Running experiments with seed 51

Seed 51 - Running with n_I=5, n_J=3, n_K=6, n_L=4, n_S=10
Initial samples: 2, Threshold: 5.0%
Initial data generation...
ERROR: Rule failed when generating expression for Constraint constraints with
index (1, 1): TypeError: solve_second_stage.<locals>.const_rule() takes 2
positional arguments but 3 were given
ERROR: Constructing component 'constraints' from data=None failed: TypeError:
solve_second_stage.<locals>.const_rule() takes 2 positional arguments but 3
were given

Running experiments with seed 52

Seed 52 - Running with n_I=5, n_J=3, n_K=6, n_L=4, n_S=10
Initial samples: 2, Threshold: 5.0%
Initial data generation...
ERROR: Rule failed when generating expression for Constraint constraints with
index (1, 1): TypeError: solve_second_stage.<locals>.const_rule() takes 2
positional arguments but 3 were given
ERROR: Constructing component 'constraints' from data=None failed: TypeError:
solve_second_stage.<locals>.const_rule() takes 2 positional arguments but 3
were given

Running experiments with seed 40

Seed 40 - Running with n_I=5, n_J=3, n_K=6, n_L=4, n_S=10
Initial samples: 2, Threshold: 5.0%
Initial data generation...
ERROR: Rule failed when generating expression for Constraint constraints with
index (1, 1): TypeError: solve_second_stage.<locals>.const_rule() takes 2
positional arguments but 3 were given
ERROR: Constructing component 'constraints' from data=None failed: TypeError:
solve_second_stage.<locals>.const_rule() takes 2 positional arguments but 3
were given

Running experiments with seed 6

Seed 6 - Running with n_I=5, n_J=3, n_K=6, n_L=4, n_S=10
Initial samples: 2, Threshold: 5.0%
Initial data generation...
ERROR: Rule failed when generating expression for Constraint constraints with
index (1, 1): TypeError: solve_second_stage.<locals>.const_rule() takes 2
positional arguments but 3 were given
ERROR: Constructing component 'constraints' from data=None failed: TypeError:
solve_second_stage.<locals>.const_rule() takes 2 positional arguments but 3
were given

Running experiments with seed 79

Seed 79 - Running with n_I=5, n_J=3, n_K=6, n_L=4, n_S=10
Initial samples: 2, Threshold: 5.0%
Initial data generation...
ERROR: Rule failed when generating expression for Constraint constraints with
index (1, 1): TypeError: solve_second_stage.<locals>.const_rule() takes 2
positional arguments but 3 were given
ERROR: Constructing component 'constraints' from data=None failed: TypeError:
solve_second_stage.<locals>.const_rule() takes 2 positional arguments but 3
were given

Running experiments with seed 59

Seed 59 - Running with n_I=5, n_J=3, n_K=6, n_L=4, n_S=10
Initial samples: 2, Threshold: 5.0%
Initial data generation...
ERROR: Rule failed when generating expression for Constraint constraints with
index (1, 1): TypeError: solve_second_stage.<locals>.const_rule() takes 2
positional arguments but 3 were given
ERROR: Constructing component 'constraints' from data=None failed: TypeError:
solve_second_stage.<locals>.const_rule() takes 2 positional arguments but 3
were given

Running experiments with seed 78

Seed 78 - Running with n_I=5, n_J=3, n_K=6, n_L=4, n_S=10
Initial samples: 2, Threshold: 5.0%
Initial data generation...
ERROR: Rule failed when generating expression for Constraint constraints with
index (1, 1): TypeError: solve_second_stage.<locals>.const_rule() takes 2
positional arguments but 3 were given
ERROR: Constructing component 'constraints' from data=None failed: TypeError:
solve_second_stage.<locals>.const_rule() takes 2 positional arguments but 3
were given

Running experiments with seed 18

Seed 18 - Running with n_I=5, n_J=3, n_K=6, n_L=4, n_S=10
Initial samples: 2, Threshold: 5.0%
Initial data generation...
ERROR: Rule failed when generating expression for Constraint constraints with
index (1, 1): TypeError: solve_second_stage.<locals>.const_rule() takes 2
positional arguments but 3 were given
ERROR: Constructing component 'constraints' from data=None failed: TypeError:
solve_second_stage.<locals>.const_rule() takes 2 positional arguments but 3
were given

Running experiments with seed 86

Seed 86 - Running with n_I=5, n_J=3, n_K=6, n_L=4, n_S=10
Initial samples: 2, Threshold: 5.0%
Initial data generation...
ERROR: Rule failed when generating expression for Constraint constraints with
index (1, 1): TypeError: solve_second_stage.<locals>.const_rule() takes 2
positional arguments but 3 were given
ERROR: Constructing component 'constraints' from data=None failed: TypeError:
solve_second_stage.<locals>.const_rule() takes 2 positional arguments but 3
were given

Running experiments with seed 32

Seed 32 - Running with n_I=5, n_J=3, n_K=6, n_L=4, n_S=10
Initial samples: 2, Threshold: 5.0%
Initial data generation...
ERROR: Rule failed when generating expression for Constraint constraints with
index (1, 1): TypeError: solve_second_stage.<locals>.const_rule() takes 2
positional arguments but 3 were given
ERROR: Constructing component 'constraints' from data=None failed: TypeError:
solve_second_stage.<locals>.const_rule() takes 2 positional arguments but 3
were given

Running experiments with seed 54

Seed 54 - Running with n_I=5, n_J=3, n_K=6, n_L=4, n_S=10
Initial samples: 2, Threshold: 5.0%
Initial data generation...
ERROR: Rule failed when generating expression for Constraint constraints with
index (1, 1): TypeError: solve_second_stage.<locals>.const_rule() takes 2
positional arguments but 3 were given
ERROR: Constructing component 'constraints' from data=None failed: TypeError:
solve_second_stage.<locals>.const_rule() takes 2 positional arguments but 3
were given

Running experiments with seed 80

Seed 80 - Running with n_I=5, n_J=3, n_K=6, n_L=4, n_S=10
Initial samples: 2, Threshold: 5.0%
Initial data generation...
ERROR: Rule failed when generating expression for Constraint constraints with
index (1, 1): TypeError: solve_second_stage.<locals>.const_rule() takes 2
positional arguments but 3 were given
ERROR: Constructing component 'constraints' from data=None failed: TypeError:
solve_second_stage.<locals>.const_rule() takes 2 positional arguments but 3
were given

Running experiments with seed 8

Seed 8 - Running with n_I=5, n_J=3, n_K=6, n_L=4, n_S=10
Initial samples: 2, Threshold: 5.0%
Initial data generation...
ERROR: Rule failed when generating expression for Constraint constraints with
index (1, 1): TypeError: solve_second_stage.<locals>.const_rule() takes 2
positional arguments but 3 were given
ERROR: Constructing component 'constraints' from data=None failed: TypeError:
solve_second_stage.<locals>.const_rule() takes 2 positional arguments but 3
were given

Running experiments with seed 16

Seed 16 - Running with n_I=5, n_J=3, n_K=6, n_L=4, n_S=10
Initial samples: 2, Threshold: 5.0%
Initial data generation...
ERROR: Rule failed when generating expression for Constraint constraints with
index (1, 1): TypeError: solve_second_stage.<locals>.const_rule() takes 2
positional arguments but 3 were given
ERROR: Constructing component 'constraints' from data=None failed: TypeError:
solve_second_stage.<locals>.const_rule() takes 2 positional arguments but 3
were given

Running experiments with seed 96

Seed 96 - Running with n_I=5, n_J=3, n_K=6, n_L=4, n_S=10
Initial samples: 2, Threshold: 5.0%
Initial data generation...
ERROR: Rule failed when generating expression for Constraint constraints with
index (1, 1): TypeError: solve_second_stage.<locals>.const_rule() takes 2
positional arguments but 3 were given
ERROR: Constructing component 'constraints' from data=None failed: TypeError:
solve_second_stage.<locals>.const_rule() takes 2 positional arguments but 3
were given

Running experiments with seed 56

Seed 56 - Running with n_I=5, n_J=3, n_K=6, n_L=4, n_S=10
Initial samples: 2, Threshold: 5.0%
Initial data generation...
ERROR: Rule failed when generating expression for Constraint constraints with
index (1, 1): TypeError: solve_second_stage.<locals>.const_rule() takes 2
positional arguments but 3 were given
ERROR: Constructing component 'constraints' from data=None failed: TypeError:
solve_second_stage.<locals>.const_rule() takes 2 positional arguments but 3
were given

Running experiments with seed 3

Seed 3 - Running with n_I=5, n_J=3, n_K=6, n_L=4, n_S=10
Initial samples: 2, Threshold: 5.0%
Initial data generation...
ERROR: Rule failed when generating expression for Constraint constraints with
index (1, 1): TypeError: solve_second_stage.<locals>.const_rule() takes 2
positional arguments but 3 were given

Running experiments with seed 17

Seed 17 - Running with n_I=5, n_J=3, n_K=6, n_L=4, n_S=10
Initial samples: 2, Threshold: 5.0%
Initial data generation...
ERROR: Rule failed when generating expression for Constraint constraints with
index (1, 1): TypeError: solve_second_stage.<locals>.const_rule() takes 2
positional arguments but 3 were given
ERROR: Constructing component 'constraints' from data=None failed: TypeError:
solve_second_stage.<locals>.const_rule() takes 2 positional arguments but 3
were given

Running experiments with seed 76

Seed 76 - Running with n_I=5, n_J=3, n_K=6, n_L=4, n_S=10
Initial samples: 2, Threshold: 5.0%
Initial data generation...
ERROR: Rule failed when generating expression for Constraint constraints with
index (1, 1): TypeError: solve_second_stage.<locals>.const_rule() takes 2
positional arguments but 3 were given
ERROR: Constructing component 'constraints' from data=None failed: TypeError:
solve_second_stage.<locals>.const_rule() takes 2 positional arguments but 3
were given

Running experiments with seed 46

Seed 46 - Running with n_I=5, n_J=3, n_K=6, n_L=4, n_S=10
Initial samples: 2, Threshold: 5.0%
Initial data generation...
ERROR: Rule failed when generating expression for Constraint constraints with
index (1, 1): TypeError: solve_second_stage.<locals>.const_rule() takes 2
positional arguments but 3 were given
ERROR: Constructing component 'constraints' from data=None failed: TypeError:
solve_second_stage.<locals>.const_rule() takes 2 positional arguments but 3
were given

Running experiments with seed 65

Seed 65 - Running with n_I=5, n_J=3, n_K=6, n_L=4, n_S=10
Initial samples: 2, Threshold: 5.0%
Initial data generation...
ERROR: Rule failed when generating expression for Constraint constraints with
index (1, 1): TypeError: solve_second_stage.<locals>.const_rule() takes 2
positional arguments but 3 were given
ERROR: Constructing component 'constraints' from data=None failed: TypeError:
solve_second_stage.<locals>.const_rule() takes 2 positional arguments but 3
were given

Running experiments with seed 21

Seed 21 - Running with n_I=5, n_J=3, n_K=6, n_L=4, n_S=10
Initial samples: 2, Threshold: 5.0%
Initial data generation...
ERROR: Rule failed when generating expression for Constraint constraints with
index (1, 1): TypeError: solve_second_stage.<locals>.const_rule() takes 2
positional arguments but 3 were given
ERROR: Constructing component 'constraints' from data=None failed: TypeError:
solve_second_stage.<locals>.const_rule() takes 2 positional arguments but 3
were given

Running experiments with seed 33

Seed 33 - Running with n_I=5, n_J=3, n_K=6, n_L=4, n_S=10
Initial samples: 2, Threshold: 5.0%
Initial data generation...
ERROR: Rule failed when generating expression for Constraint constraints with
index (1, 1): TypeError: solve_second_stage.<locals>.const_rule() takes 2
positional arguments but 3 were given
ERROR: Constructing component 'constraints' from data=None failed: TypeError:
solve_second_stage.<locals>.const_rule() takes 2 positional arguments but 3
were given

Running experiments with seed 29

Seed 29 - Running with n_I=5, n_J=3, n_K=6, n_L=4, n_S=10
Initial samples: 2, Threshold: 5.0%
Initial data generation...
ERROR: Rule failed when generating expression for Constraint constraints with
index (1, 1): TypeError: solve_second_stage.<locals>.const_rule() takes 2
positional arguments but 3 were given
ERROR: Constructing component 'constraints' from data=None failed: TypeError:
solve_second_stage.<locals>.const_rule() takes 2 positional arguments but 3
were given

Running experiments with seed 92

Seed 92 - Running with n_I=5, n_J=3, n_K=6, n_L=4, n_S=10
Initial samples: 2, Threshold: 5.0%
Initial data generation...
ERROR: Rule failed when generating expression for Constraint constraints with
index (1, 1): TypeError: solve_second_stage.<locals>.const_rule() takes 2
positional arguments but 3 were given
ERROR: Constructing component 'constraints' from data=None failed: TypeError:
solve_second_stage.<locals>.const_rule() takes 2 positional arguments but 3
were given
ERROR: Constructing component 'constraints' from data=None failed: TypeError:
solve_second_stage.<locals>.const_rule() takes 2 positional arguments but 3
were given

Running experiments with seed 83

Seed 83 - Running with n_I=5, n_J=3, n_K=6, n_L=4, n_S=10
Initial samples: 2, Threshold: 5.0%
Initial data generation...
ERROR: Rule failed when generating expression for Constraint constraints with
index (1, 1): TypeError: solve_second_stage.<locals>.const_rule() takes 2
positional arguments but 3 were given
ERROR: Constructing component 'constraints' from data=None failed: TypeError:
solve_second_stage.<locals>.const_rule() takes 2 positional arguments but 3
were given

Running experiments with seed 23

Seed 23 - Running with n_I=5, n_J=3, n_K=6, n_L=4, n_S=10
Initial samples: 2, Threshold: 5.0%
Initial data generation...
ERROR: Rule failed when generating expression for Constraint constraints with
index (1, 1): TypeError: solve_second_stage.<locals>.const_rule() takes 2
positional arguments but 3 were given
ERROR: Constructing component 'constraints' from data=None failed: TypeError:
solve_second_stage.<locals>.const_rule() takes 2 positional arguments but 3
were given

Running experiments with seed 39

Seed 39 - Running with n_I=5, n_J=3, n_K=6, n_L=4, n_S=10
Initial samples: 2, Threshold: 5.0%
Initial data generation...
ERROR: Rule failed when generating expression for Constraint constraints with
index (1, 1): TypeError: solve_second_stage.<locals>.const_rule() takes 2
positional arguments but 3 were given
ERROR: Constructing component 'constraints' from data=None failed: TypeError:
solve_second_stage.<locals>.const_rule() takes 2 positional arguments but 3
were given

Running experiments with seed 2

Seed 2 - Running with n_I=5, n_J=3, n_K=6, n_L=4, n_S=10
Initial samples: 2, Threshold: 5.0%
Initial data generation...
ERROR: Rule failed when generating expression for Constraint constraints with
index (1, 1): TypeError: solve_second_stage.<locals>.const_rule() takes 2
positional arguments but 3 were given
ERROR: Constructing component 'constraints' from data=None failed: TypeError:
solve_second_stage.<locals>.const_rule() takes 2 positional arguments but 3
were given

Running experiments with seed 69

Seed 69 - Running with n_I=5, n_J=3, n_K=6, n_L=4, n_S=10
Initial samples: 2, Threshold: 5.0%
Initial data generation...
ERROR: Rule failed when generating expression for Constraint constraints with
index (1, 1): TypeError: solve_second_stage.<locals>.const_rule() takes 2
positional arguments but 3 were given
ERROR: Constructing component 'constraints' from data=None failed: TypeError:
solve_second_stage.<locals>.const_rule() takes 2 positional arguments but 3
were given
