Using 36 CPU cores

Running experiments with seed 34

Seed 34 - Running with n_I=5, n_J=3, n_K=6, n_L=4, n_S=10
Initial samples: 2, Threshold: 5.0%
Initial data generation...
ERROR: Rule failed when generating expression for Constraint constraints with
index (1, 1): TypeError: solve_second_stage.<locals>.const_rule() takes 2
positional arguments but 3 were given

Running experiments with seed 75

Seed 75 - Running with n_I=5, n_J=3, n_K=6, n_L=4, n_S=10
Initial samples: 2, Threshold: 5.0%
Initial data generation...
ERROR: Rule failed when generating expression for Constraint constraints with
index (1, 1): TypeError: solve_second_stage.<locals>.const_rule() takes 2
positional arguments but 3 were given
ERROR: Constructing component 'constraints' from data=None failed: TypeError:
solve_second_stage.<locals>.const_rule() takes 2 positional arguments but 3
were given

Running experiments with seed 85

Seed 85 - Running with n_I=5, n_J=3, n_K=6, n_L=4, n_S=10
Initial samples: 2, Threshold: 5.0%
Initial data generation...
ERROR: Rule failed when generating expression for Constraint constraints with
index (1, 1): TypeError: solve_second_stage.<locals>.const_rule() takes 2
positional arguments but 3 were given
ERROR: Constructing component 'constraints' from data=None failed: TypeError:
solve_second_stage.<locals>.const_rule() takes 2 positional arguments but 3
were given

Running experiments with seed 28

Seed 28 - Running with n_I=5, n_J=3, n_K=6, n_L=4, n_S=10
Initial samples: 2, Threshold: 5.0%
Initial data generation...
ERROR: Rule failed when generating expression for Constraint constraints with
index (1, 1): TypeError: solve_second_stage.<locals>.const_rule() takes 2
positional arguments but 3 were given
ERROR: Constructing component 'constraints' from data=None failed: TypeError:
solve_second_stage.<locals>.const_rule() takes 2 positional arguments but 3
were given

Running experiments with seed 33

Seed 33 - Running with n_I=5, n_J=3, n_K=6, n_L=4, n_S=10
Initial samples: 2, Threshold: 5.0%
Initial data generation...
ERROR: Rule failed when generating expression for Constraint constraints with
index (1, 1): TypeError: solve_second_stage.<locals>.const_rule() takes 2
positional arguments but 3 were given
ERROR: Constructing component 'constraints' from data=None failed: TypeError:
solve_second_stage.<locals>.const_rule() takes 2 positional arguments but 3
were given

Running experiments with seed 79

Seed 79 - Running with n_I=5, n_J=3, n_K=6, n_L=4, n_S=10
Initial samples: 2, Threshold: 5.0%
Initial data generation...
ERROR: Rule failed when generating expression for Constraint constraints with
index (1, 1): TypeError: solve_second_stage.<locals>.const_rule() takes 2
positional arguments but 3 were given
ERROR: Constructing component 'constraints' from data=None failed: TypeError:
solve_second_stage.<locals>.const_rule() takes 2 positional arguments but 3
were given

Running experiments with seed 3

Seed 3 - Running with n_I=5, n_J=3, n_K=6, n_L=4, n_S=10
Initial samples: 2, Threshold: 5.0%
Initial data generation...
ERROR: Rule failed when generating expression for Constraint constraints with
index (1, 1): TypeError: solve_second_stage.<locals>.const_rule() takes 2
positional arguments but 3 were given
ERROR: Constructing component 'constraints' from data=None failed: TypeError:
solve_second_stage.<locals>.const_rule() takes 2 positional arguments but 3
were given

Running experiments with seed 92

Seed 92 - Running with n_I=5, n_J=3, n_K=6, n_L=4, n_S=10
Initial samples: 2, Threshold: 5.0%
Initial data generation...
ERROR: Rule failed when generating expression for Constraint constraints with
index (1, 1): TypeError: solve_second_stage.<locals>.const_rule() takes 2
positional arguments but 3 were given
ERROR: Constructing component 'constraints' from data=None failed: TypeError:
solve_second_stage.<locals>.const_rule() takes 2 positional arguments but 3
were given

Running experiments with seed 62

Seed 62 - Running with n_I=5, n_J=3, n_K=6, n_L=4, n_S=10
Initial samples: 2, Threshold: 5.0%
Initial data generation...
ERROR: Rule failed when generating expression for Constraint constraints with
index (1, 1): TypeError: solve_second_stage.<locals>.const_rule() takes 2
positional arguments but 3 were given
ERROR: Constructing component 'constraints' from data=None failed: TypeError:
solve_second_stage.<locals>.const_rule() takes 2 positional arguments but 3
were given

Running experiments with seed 11

Seed 11 - Running with n_I=5, n_J=3, n_K=6, n_L=4, n_S=10
Initial samples: 2, Threshold: 5.0%
Initial data generation...
ERROR: Rule failed when generating expression for Constraint constraints with
index (1, 1): TypeError: solve_second_stage.<locals>.const_rule() takes 2
positional arguments but 3 were given
ERROR: Constructing component 'constraints' from data=None failed: TypeError:
solve_second_stage.<locals>.const_rule() takes 2 positional arguments but 3
were given

Running experiments with seed 76

Seed 76 - Running with n_I=5, n_J=3, n_K=6, n_L=4, n_S=10
Initial samples: 2, Threshold: 5.0%
Initial data generation...
ERROR: Rule failed when generating expression for Constraint constraints with
index (1, 1): TypeError: solve_second_stage.<locals>.const_rule() takes 2
positional arguments but 3 were given
ERROR: Constructing component 'constraints' from data=None failed: TypeError:
solve_second_stage.<locals>.const_rule() takes 2 positional arguments but 3
were given

Running experiments with seed 63

Seed 63 - Running with n_I=5, n_J=3, n_K=6, n_L=4, n_S=10
Initial samples: 2, Threshold: 5.0%
Initial data generation...
ERROR: Rule failed when generating expression for Constraint constraints with
index (1, 1): TypeError: solve_second_stage.<locals>.const_rule() takes 2
positional arguments but 3 were given
ERROR: Constructing component 'constraints' from data=None failed: TypeError:
solve_second_stage.<locals>.const_rule() takes 2 positional arguments but 3
were given

Running experiments with seed 97

Seed 97 - Running with n_I=5, n_J=3, n_K=6, n_L=4, n_S=10
Initial samples: 2, Threshold: 5.0%
Initial data generation...
ERROR: Rule failed when generating expression for Constraint constraints with
index (1, 1): TypeError: solve_second_stage.<locals>.const_rule() takes 2
positional arguments but 3 were given
ERROR: Constructing component 'constraints' from data=None failed: TypeError:
solve_second_stage.<locals>.const_rule() takes 2 positional arguments but 3
were given

Running experiments with seed 15

Seed 15 - Running with n_I=5, n_J=3, n_K=6, n_L=4, n_S=10
Initial samples: 2, Threshold: 5.0%
Initial data generation...
ERROR: Rule failed when generating expression for Constraint constraints with
index (1, 1): TypeError: solve_second_stage.<locals>.const_rule() takes 2
positional arguments but 3 were given
ERROR: Constructing component 'constraints' from data=None failed: TypeError:
solve_second_stage.<locals>.const_rule() takes 2 positional arguments but 3
were given

Running experiments with seed 22

Seed 22 - Running with n_I=5, n_J=3, n_K=6, n_L=4, n_S=10
Initial samples: 2, Threshold: 5.0%
Initial data generation...
ERROR: Rule failed when generating expression for Constraint constraints with
index (1, 1): TypeError: solve_second_stage.<locals>.const_rule() takes 2
positional arguments but 3 were given
ERROR: Constructing component 'constraints' from data=None failed: TypeError:
solve_second_stage.<locals>.const_rule() takes 2 positional arguments but 3
were given

Running experiments with seed 69

Seed 69 - Running with n_I=5, n_J=3, n_K=6, n_L=4, n_S=10
Initial samples: 2, Threshold: 5.0%
Initial data generation...
ERROR: Rule failed when generating expression for Constraint constraints with
index (1, 1): TypeError: solve_second_stage.<locals>.const_rule() takes 2
positional arguments but 3 were given
ERROR: Constructing component 'constraints' from data=None failed: TypeError:
solve_second_stage.<locals>.const_rule() takes 2 positional arguments but 3
were given

Running experiments with seed 36

Seed 36 - Running with n_I=5, n_J=3, n_K=6, n_L=4, n_S=10
Initial samples: 2, Threshold: 5.0%
Initial data generation...
ERROR: Rule failed when generating expression for Constraint constraints with
index (1, 1): TypeError: solve_second_stage.<locals>.const_rule() takes 2
positional arguments but 3 were given
ERROR: Constructing component 'constraints' from data=None failed: TypeError:
solve_second_stage.<locals>.const_rule() takes 2 positional arguments but 3
were given

Running experiments with seed 5

Seed 5 - Running with n_I=5, n_J=3, n_K=6, n_L=4, n_S=10
Initial samples: 2, Threshold: 5.0%
Initial data generation...
ERROR: Rule failed when generating expression for Constraint constraints with
index (1, 1): TypeError: solve_second_stage.<locals>.const_rule() takes 2
positional arguments but 3 were given
ERROR: Constructing component 'constraints' from data=None failed: TypeError:
solve_second_stage.<locals>.const_rule() takes 2 positional arguments but 3
were given

Running experiments with seed 58

Seed 58 - Running with n_I=5, n_J=3, n_K=6, n_L=4, n_S=10
Initial samples: 2, Threshold: 5.0%
Initial data generation...
ERROR: Rule failed when generating expression for Constraint constraints with
index (1, 1): TypeError: solve_second_stage.<locals>.const_rule() takes 2
positional arguments but 3 were given
ERROR: Constructing component 'constraints' from data=None failed: TypeError:
solve_second_stage.<locals>.const_rule() takes 2 positional arguments but 3
were given

Running experiments with seed 44

Seed 44 - Running with n_I=5, n_J=3, n_K=6, n_L=4, n_S=10
Initial samples: 2, Threshold: 5.0%
Initial data generation...
ERROR: Rule failed when generating expression for Constraint constraints with
index (1, 1): TypeError: solve_second_stage.<locals>.const_rule() takes 2
positional arguments but 3 were given
ERROR: Constructing component 'constraints' from data=None failed: TypeError:
solve_second_stage.<locals>.const_rule() takes 2 positional arguments but 3
were given

Running experiments with seed 10

Seed 10 - Running with n_I=5, n_J=3, n_K=6, n_L=4, n_S=10
Initial samples: 2, Threshold: 5.0%
Initial data generation...
ERROR: Rule failed when generating expression for Constraint constraints with
index (1, 1): TypeError: solve_second_stage.<locals>.const_rule() takes 2
positional arguments but 3 were given
ERROR: Constructing component 'constraints' from data=None failed: TypeError:
solve_second_stage.<locals>.const_rule() takes 2 positional arguments but 3
were given

Running experiments with seed 48

Seed 48 - Running with n_I=5, n_J=3, n_K=6, n_L=4, n_S=10
Initial samples: 2, Threshold: 5.0%
Initial data generation...
ERROR: Rule failed when generating expression for Constraint constraints with
index (1, 1): TypeError: solve_second_stage.<locals>.const_rule() takes 2
positional arguments but 3 were given
ERROR: Constructing component 'constraints' from data=None failed: TypeError:
solve_second_stage.<locals>.const_rule() takes 2 positional arguments but 3
were given

Running experiments with seed 65

Seed 65 - Running with n_I=5, n_J=3, n_K=6, n_L=4, n_S=10
Initial samples: 2, Threshold: 5.0%
Initial data generation...
ERROR: Rule failed when generating expression for Constraint constraints with
index (1, 1): TypeError: solve_second_stage.<locals>.const_rule() takes 2
positional arguments but 3 were given
ERROR: Constructing component 'constraints' from data=None failed: TypeError:
solve_second_stage.<locals>.const_rule() takes 2 positional arguments but 3
were given

Running experiments with seed 35

Seed 35 - Running with n_I=5, n_J=3, n_K=6, n_L=4, n_S=10
Initial samples: 2, Threshold: 5.0%
Initial data generation...
ERROR: Rule failed when generating expression for Constraint constraints with
index (1, 1): TypeError: solve_second_stage.<locals>.const_rule() takes 2
positional arguments but 3 were given
ERROR: Constructing component 'constraints' from data=None failed: TypeError:
solve_second_stage.<locals>.const_rule() takes 2 positional arguments but 3
were given

Running experiments with seed 2

Seed 2 - Running with n_I=5, n_J=3, n_K=6, n_L=4, n_S=10
Initial samples: 2, Threshold: 5.0%
Initial data generation...
ERROR: Rule failed when generating expression for Constraint constraints with
index (1, 1): TypeError: solve_second_stage.<locals>.const_rule() takes 2
positional arguments but 3 were given
ERROR: Constructing component 'constraints' from data=None failed: TypeError:
solve_second_stage.<locals>.const_rule() takes 2 positional arguments but 3
were given

Running experiments with seed 100

Seed 100 - Running with n_I=5, n_J=3, n_K=6, n_L=4, n_S=10
Initial samples: 2, Threshold: 5.0%
Initial data generation...
ERROR: Rule failed when generating expression for Constraint constraints with
index (1, 1): TypeError: solve_second_stage.<locals>.const_rule() takes 2
positional arguments but 3 were given
ERROR: Constructing component 'constraints' from data=None failed: TypeError:
solve_second_stage.<locals>.const_rule() takes 2 positional arguments but 3
were given

Running experiments with seed 98

Seed 98 - Running with n_I=5, n_J=3, n_K=6, n_L=4, n_S=10
Initial samples: 2, Threshold: 5.0%
Initial data generation...
ERROR: Rule failed when generating expression for Constraint constraints with
index (1, 1): TypeError: solve_second_stage.<locals>.const_rule() takes 2
positional arguments but 3 were given
ERROR: Constructing component 'constraints' from data=None failed: TypeError:
solve_second_stage.<locals>.const_rule() takes 2 positional arguments but 3
were given

Running experiments with seed 93

Seed 93 - Running with n_I=5, n_J=3, n_K=6, n_L=4, n_S=10
Initial samples: 2, Threshold: 5.0%
Initial data generation...
ERROR: Rule failed when generating expression for Constraint constraints with
index (1, 1): TypeError: solve_second_stage.<locals>.const_rule() takes 2
positional arguments but 3 were given
ERROR: Constructing component 'constraints' from data=None failed: TypeError:
solve_second_stage.<locals>.const_rule() takes 2 positional arguments but 3
were given

Running experiments with seed 14

Seed 14 - Running with n_I=5, n_J=3, n_K=6, n_L=4, n_S=10
Initial samples: 2, Threshold: 5.0%
Initial data generation...
ERROR: Rule failed when generating expression for Constraint constraints with
index (1, 1): TypeError: solve_second_stage.<locals>.const_rule() takes 2
positional arguments but 3 were given
ERROR: Constructing component 'constraints' from data=None failed: TypeError:
solve_second_stage.<locals>.const_rule() takes 2 positional arguments but 3
were given

Running experiments with seed 13

Seed 13 - Running with n_I=5, n_J=3, n_K=6, n_L=4, n_S=10
Initial samples: 2, Threshold: 5.0%
Initial data generation...
ERROR: Rule failed when generating expression for Constraint constraints with
index (1, 1): TypeError: solve_second_stage.<locals>.const_rule() takes 2
positional arguments but 3 were given
ERROR: Constructing component 'constraints' from data=None failed: TypeError:
solve_second_stage.<locals>.const_rule() takes 2 positional arguments but 3
were given

Running experiments with seed 21

Seed 21 - Running with n_I=5, n_J=3, n_K=6, n_L=4, n_S=10
Initial samples: 2, Threshold: 5.0%
Initial data generation...
ERROR: Rule failed when generating expression for Constraint constraints with
index (1, 1): TypeError: solve_second_stage.<locals>.const_rule() takes 2
positional arguments but 3 were given
ERROR: Constructing component 'constraints' from data=None failed: TypeError:
solve_second_stage.<locals>.const_rule() takes 2 positional arguments but 3
were given

Running experiments with seed 17

Seed 17 - Running with n_I=5, n_J=3, n_K=6, n_L=4, n_S=10
Initial samples: 2, Threshold: 5.0%
Initial data generation...
ERROR: Rule failed when generating expression for Constraint constraints with
index (1, 1): TypeError: solve_second_stage.<locals>.const_rule() takes 2
positional arguments but 3 were given
ERROR: Constructing component 'constraints' from data=None failed: TypeError:
solve_second_stage.<locals>.const_rule() takes 2 positional arguments but 3
were given

Running experiments with seed 51

Seed 51 - Running with n_I=5, n_J=3, n_K=6, n_L=4, n_S=10
Initial samples: 2, Threshold: 5.0%
Initial data generation...
ERROR: Rule failed when generating expression for Constraint constraints with
index (1, 1): TypeError: solve_second_stage.<locals>.const_rule() takes 2
positional arguments but 3 were given
ERROR: Constructing component 'constraints' from data=None failed: TypeError:
solve_second_stage.<locals>.const_rule() takes 2 positional arguments but 3
were given

Running experiments with seed 18

Seed 18 - Running with n_I=5, n_J=3, n_K=6, n_L=4, n_S=10
Initial samples: 2, Threshold: 5.0%
Initial data generation...
ERROR: Rule failed when generating expression for Constraint constraints with
index (1, 1): TypeError: solve_second_stage.<locals>.const_rule() takes 2
positional arguments but 3 were given
ERROR: Constructing component 'constraints' from data=None failed: TypeError:
solve_second_stage.<locals>.const_rule() takes 2 positional arguments but 3
were given

Running experiments with seed 81

Seed 81 - Running with n_I=5, n_J=3, n_K=6, n_L=4, n_S=10
Initial samples: 2, Threshold: 5.0%
Initial data generation...
ERROR: Rule failed when generating expression for Constraint constraints with
index (1, 1): TypeError: solve_second_stage.<locals>.const_rule() takes 2
positional arguments but 3 were given
ERROR: Constructing component 'constraints' from data=None failed: TypeError:
solve_second_stage.<locals>.const_rule() takes 2 positional arguments but 3
were given

Running experiments with seed 23

Seed 23 - Running with n_I=5, n_J=3, n_K=6, n_L=4, n_S=10
Initial samples: 2, Threshold: 5.0%
Initial data generation...
ERROR: Rule failed when generating expression for Constraint constraints with
index (1, 1): TypeError: solve_second_stage.<locals>.const_rule() takes 2
positional arguments but 3 were given
ERROR: Constructing component 'constraints' from data=None failed: TypeError:
solve_second_stage.<locals>.const_rule() takes 2 positional arguments but 3
were given
ERROR: Constructing component 'constraints' from data=None failed: TypeError:
solve_second_stage.<locals>.const_rule() takes 2 positional arguments but 3
were given

Running experiments with seed 95

Seed 95 - Running with n_I=5, n_J=3, n_K=6, n_L=4, n_S=10
Initial samples: 2, Threshold: 5.0%
Initial data generation...
ERROR: Rule failed when generating expression for Constraint constraints with
index (1, 1): TypeError: solve_second_stage.<locals>.const_rule() takes 2
positional arguments but 3 were given
ERROR: Constructing component 'constraints' from data=None failed: TypeError:
solve_second_stage.<locals>.const_rule() takes 2 positional arguments but 3
were given

Running experiments with seed 66

Seed 66 - Running with n_I=5, n_J=3, n_K=6, n_L=4, n_S=10
Initial samples: 2, Threshold: 5.0%
Initial data generation...
ERROR: Rule failed when generating expression for Constraint constraints with
index (1, 1): TypeError: solve_second_stage.<locals>.const_rule() takes 2
positional arguments but 3 were given
ERROR: Constructing component 'constraints' from data=None failed: TypeError:
solve_second_stage.<locals>.const_rule() takes 2 positional arguments but 3
were given

Running experiments with seed 52

Seed 52 - Running with n_I=5, n_J=3, n_K=6, n_L=4, n_S=10
Initial samples: 2, Threshold: 5.0%
Initial data generation...
ERROR: Rule failed when generating expression for Constraint constraints with
index (1, 1): TypeError: solve_second_stage.<locals>.const_rule() takes 2
positional arguments but 3 were given
ERROR: Constructing component 'constraints' from data=None failed: TypeError:
solve_second_stage.<locals>.const_rule() takes 2 positional arguments but 3
were given

Running experiments with seed 80

Seed 80 - Running with n_I=5, n_J=3, n_K=6, n_L=4, n_S=10
Initial samples: 2, Threshold: 5.0%
Initial data generation...
ERROR: Rule failed when generating expression for Constraint constraints with
index (1, 1): TypeError: solve_second_stage.<locals>.const_rule() takes 2
positional arguments but 3 were given
ERROR: Constructing component 'constraints' from data=None failed: TypeError:
solve_second_stage.<locals>.const_rule() takes 2 positional arguments but 3
were given

Running experiments with seed 91

Seed 91 - Running with n_I=5, n_J=3, n_K=6, n_L=4, n_S=10
Initial samples: 2, Threshold: 5.0%
Initial data generation...
ERROR: Rule failed when generating expression for Constraint constraints with
index (1, 1): TypeError: solve_second_stage.<locals>.const_rule() takes 2
positional arguments but 3 were given
ERROR: Constructing component 'constraints' from data=None failed: TypeError:
solve_second_stage.<locals>.const_rule() takes 2 positional arguments but 3
were given

Running experiments with seed 12

Seed 12 - Running with n_I=5, n_J=3, n_K=6, n_L=4, n_S=10
Initial samples: 2, Threshold: 5.0%
Initial data generation...
ERROR: Rule failed when generating expression for Constraint constraints with
index (1, 1): TypeError: solve_second_stage.<locals>.const_rule() takes 2
positional arguments but 3 were given
ERROR: Constructing component 'constraints' from data=None failed: TypeError:
solve_second_stage.<locals>.const_rule() takes 2 positional arguments but 3
were given

Running experiments with seed 84

Seed 84 - Running with n_I=5, n_J=3, n_K=6, n_L=4, n_S=10
Initial samples: 2, Threshold: 5.0%
Initial data generation...
ERROR: Rule failed when generating expression for Constraint constraints with
index (1, 1): TypeError: solve_second_stage.<locals>.const_rule() takes 2
positional arguments but 3 were given
ERROR: Constructing component 'constraints' from data=None failed: TypeError:
solve_second_stage.<locals>.const_rule() takes 2 positional arguments but 3
were given

Running experiments with seed 96

Seed 96 - Running with n_I=5, n_J=3, n_K=6, n_L=4, n_S=10
Initial samples: 2, Threshold: 5.0%
Initial data generation...
ERROR: Rule failed when generating expression for Constraint constraints with
index (1, 1): TypeError: solve_second_stage.<locals>.const_rule() takes 2
positional arguments but 3 were given
ERROR: Constructing component 'constraints' from data=None failed: TypeError:
solve_second_stage.<locals>.const_rule() takes 2 positional arguments but 3
were given

Running experiments with seed 55

Seed 55 - Running with n_I=5, n_J=3, n_K=6, n_L=4, n_S=10
Initial samples: 2, Threshold: 5.0%
Initial data generation...
ERROR: Rule failed when generating expression for Constraint constraints with
index (1, 1): TypeError: solve_second_stage.<locals>.const_rule() takes 2
positional arguments but 3 were given
ERROR: Constructing component 'constraints' from data=None failed: TypeError:
solve_second_stage.<locals>.const_rule() takes 2 positional arguments but 3
were given

Running experiments with seed 68

Seed 68 - Running with n_I=5, n_J=3, n_K=6, n_L=4, n_S=10
Initial samples: 2, Threshold: 5.0%
Initial data generation...
ERROR: Rule failed when generating expression for Constraint constraints with
index (1, 1): TypeError: solve_second_stage.<locals>.const_rule() takes 2
positional arguments but 3 were given
ERROR: Constructing component 'constraints' from data=None failed: TypeError:
solve_second_stage.<locals>.const_rule() takes 2 positional arguments but 3
were given

Running experiments with seed 16

Seed 16 - Running with n_I=5, n_J=3, n_K=6, n_L=4, n_S=10
Initial samples: 2, Threshold: 5.0%
Initial data generation...
ERROR: Rule failed when generating expression for Constraint constraints with
index (1, 1): TypeError: solve_second_stage.<locals>.const_rule() takes 2
positional arguments but 3 were given
ERROR: Constructing component 'constraints' from data=None failed: TypeError:
solve_second_stage.<locals>.const_rule() takes 2 positional arguments but 3
were given

Running experiments with seed 54

Seed 54 - Running with n_I=5, n_J=3, n_K=6, n_L=4, n_S=10
Initial samples: 2, Threshold: 5.0%
Initial data generation...
ERROR: Rule failed when generating expression for Constraint constraints with
index (1, 1): TypeError: solve_second_stage.<locals>.const_rule() takes 2
positional arguments but 3 were given
ERROR: Constructing component 'constraints' from data=None failed: TypeError:
solve_second_stage.<locals>.const_rule() takes 2 positional arguments but 3
were given

Running experiments with seed 7

Seed 7 - Running with n_I=5, n_J=3, n_K=6, n_L=4, n_S=10
Initial samples: 2, Threshold: 5.0%
Initial data generation...
ERROR: Rule failed when generating expression for Constraint constraints with
index (1, 1): TypeError: solve_second_stage.<locals>.const_rule() takes 2
positional arguments but 3 were given
ERROR: Constructing component 'constraints' from data=None failed: TypeError:
solve_second_stage.<locals>.const_rule() takes 2 positional arguments but 3
were given

Running experiments with seed 47

Seed 47 - Running with n_I=5, n_J=3, n_K=6, n_L=4, n_S=10
Initial samples: 2, Threshold: 5.0%
Initial data generation...
ERROR: Rule failed when generating expression for Constraint constraints with
index (1, 1): TypeError: solve_second_stage.<locals>.const_rule() takes 2
positional arguments but 3 were given
ERROR: Constructing component 'constraints' from data=None failed: TypeError:
solve_second_stage.<locals>.const_rule() takes 2 positional arguments but 3
were given
