Using 36 CPU cores

Running experiments with seed 87

Seed 87 - Running with n_I=5, n_J=3, n_K=6, n_L=4, n_S=10
Initial samples: 2, Threshold: 5.0%
Initial data generation...
ERROR: Rule failed when generating expression for Constraint constraints with
index (1, 1): TypeError: solve_second_stage.<locals>.const_rule() takes 2
positional arguments but 3 were given
ERROR: Constructing component 'constraints' from data=None failed: TypeError:
solve_second_stage.<locals>.const_rule() takes 2 positional arguments but 3
were given

Running experiments with seed 65

Seed 65 - Running with n_I=5, n_J=3, n_K=6, n_L=4, n_S=10
Initial samples: 2, Threshold: 5.0%
Initial data generation...
ERROR: Rule failed when generating expression for Constraint constraints with
index (1, 1): TypeError: solve_second_stage.<locals>.const_rule() takes 2
positional arguments but 3 were given
ERROR: Constructing component 'constraints' from data=None failed: TypeError:
solve_second_stage.<locals>.const_rule() takes 2 positional arguments but 3
were given

Running experiments with seed 55

Seed 55 - Running with n_I=5, n_J=3, n_K=6, n_L=4, n_S=10
Initial samples: 2, Threshold: 5.0%
Initial data generation...
ERROR: Rule failed when generating expression for Constraint constraints with
index (1, 1): TypeError: solve_second_stage.<locals>.const_rule() takes 2
positional arguments but 3 were given
ERROR: Constructing component 'constraints' from data=None failed: TypeError:
solve_second_stage.<locals>.const_rule() takes 2 positional arguments but 3
were given

Running experiments with seed 66

Seed 66 - Running with n_I=5, n_J=3, n_K=6, n_L=4, n_S=10
Initial samples: 2, Threshold: 5.0%
Initial data generation...
ERROR: Rule failed when generating expression for Constraint constraints with
index (1, 1): TypeError: solve_second_stage.<locals>.const_rule() takes 2
positional arguments but 3 were given
ERROR: Constructing component 'constraints' from data=None failed: TypeError:
solve_second_stage.<locals>.const_rule() takes 2 positional arguments but 3
were given

Running experiments with seed 92

Seed 92 - Running with n_I=5, n_J=3, n_K=6, n_L=4, n_S=10
Initial samples: 2, Threshold: 5.0%
Initial data generation...
ERROR: Rule failed when generating expression for Constraint constraints with
index (1, 1): TypeError: solve_second_stage.<locals>.const_rule() takes 2
positional arguments but 3 were given
ERROR: Constructing component 'constraints' from data=None failed: TypeError:
solve_second_stage.<locals>.const_rule() takes 2 positional arguments but 3
were given

Running experiments with seed 33

Seed 33 - Running with n_I=5, n_J=3, n_K=6, n_L=4, n_S=10
Initial samples: 2, Threshold: 5.0%
Initial data generation...
ERROR: Rule failed when generating expression for Constraint constraints with
index (1, 1): TypeError: solve_second_stage.<locals>.const_rule() takes 2
positional arguments but 3 were given
ERROR: Constructing component 'constraints' from data=None failed: TypeError:
solve_second_stage.<locals>.const_rule() takes 2 positional arguments but 3
were given

Running experiments with seed 90

Seed 90 - Running with n_I=5, n_J=3, n_K=6, n_L=4, n_S=10
Initial samples: 2, Threshold: 5.0%
Initial data generation...
ERROR: Rule failed when generating expression for Constraint constraints with
index (1, 1): TypeError: solve_second_stage.<locals>.const_rule() takes 2
positional arguments but 3 were given
ERROR: Constructing component 'constraints' from data=None failed: TypeError:
solve_second_stage.<locals>.const_rule() takes 2 positional arguments but 3
were given

Running experiments with seed 10

Seed 10 - Running with n_I=5, n_J=3, n_K=6, n_L=4, n_S=10
Initial samples: 2, Threshold: 5.0%
Initial data generation...
ERROR: Rule failed when generating expression for Constraint constraints with
index (1, 1): TypeError: solve_second_stage.<locals>.const_rule() takes 2
positional arguments but 3 were given
ERROR: Constructing component 'constraints' from data=None failed: TypeError:
solve_second_stage.<locals>.const_rule() takes 2 positional arguments but 3
were given

Running experiments with seed 37

Seed 37 - Running with n_I=5, n_J=3, n_K=6, n_L=4, n_S=10
Initial samples: 2, Threshold: 5.0%
Initial data generation...
ERROR: Rule failed when generating expression for Constraint constraints with
index (1, 1): TypeError: solve_second_stage.<locals>.const_rule() takes 2
positional arguments but 3 were given
ERROR: Constructing component 'constraints' from data=None failed: TypeError:
solve_second_stage.<locals>.const_rule() takes 2 positional arguments but 3
were given

Running experiments with seed 44

Seed 44 - Running with n_I=5, n_J=3, n_K=6, n_L=4, n_S=10
Initial samples: 2, Threshold: 5.0%
Initial data generation...
ERROR: Rule failed when generating expression for Constraint constraints with
index (1, 1): TypeError: solve_second_stage.<locals>.const_rule() takes 2
positional arguments but 3 were given
ERROR: Constructing component 'constraints' from data=None failed: TypeError:
solve_second_stage.<locals>.const_rule() takes 2 positional arguments but 3
were given

Running experiments with seed 6

Seed 6 - Running with n_I=5, n_J=3, n_K=6, n_L=4, n_S=10
Initial samples: 2, Threshold: 5.0%
Initial data generation...
ERROR: Rule failed when generating expression for Constraint constraints with
index (1, 1): TypeError: solve_second_stage.<locals>.const_rule() takes 2
positional arguments but 3 were given
ERROR: Constructing component 'constraints' from data=None failed: TypeError:
solve_second_stage.<locals>.const_rule() takes 2 positional arguments but 3
were given

Running experiments with seed 60

Seed 60 - Running with n_I=5, n_J=3, n_K=6, n_L=4, n_S=10
Initial samples: 2, Threshold: 5.0%
Initial data generation...
ERROR: Rule failed when generating expression for Constraint constraints with
index (1, 1): TypeError: solve_second_stage.<locals>.const_rule() takes 2
positional arguments but 3 were given
ERROR: Constructing component 'constraints' from data=None failed: TypeError:
solve_second_stage.<locals>.const_rule() takes 2 positional arguments but 3
were given

Running experiments with seed 61

Seed 61 - Running with n_I=5, n_J=3, n_K=6, n_L=4, n_S=10
Initial samples: 2, Threshold: 5.0%
Initial data generation...
ERROR: Rule failed when generating expression for Constraint constraints with
index (1, 1): TypeError: solve_second_stage.<locals>.const_rule() takes 2
positional arguments but 3 were given
ERROR: Constructing component 'constraints' from data=None failed: TypeError:
solve_second_stage.<locals>.const_rule() takes 2 positional arguments but 3
were given

Running experiments with seed 42

Seed 42 - Running with n_I=5, n_J=3, n_K=6, n_L=4, n_S=10
Initial samples: 2, Threshold: 5.0%
Initial data generation...
ERROR: Rule failed when generating expression for Constraint constraints with
index (1, 1): TypeError: solve_second_stage.<locals>.const_rule() takes 2
positional arguments but 3 were given
ERROR: Constructing component 'constraints' from data=None failed: TypeError:
solve_second_stage.<locals>.const_rule() takes 2 positional arguments but 3
were given

Running experiments with seed 94

Seed 94 - Running with n_I=5, n_J=3, n_K=6, n_L=4, n_S=10
Initial samples: 2, Threshold: 5.0%
Initial data generation...
ERROR: Rule failed when generating expression for Constraint constraints with
index (1, 1): TypeError: solve_second_stage.<locals>.const_rule() takes 2
positional arguments but 3 were given
ERROR: Constructing component 'constraints' from data=None failed: TypeError:
solve_second_stage.<locals>.const_rule() takes 2 positional arguments but 3
were given

Running experiments with seed 69

Seed 69 - Running with n_I=5, n_J=3, n_K=6, n_L=4, n_S=10
Initial samples: 2, Threshold: 5.0%
Initial data generation...
ERROR: Rule failed when generating expression for Constraint constraints with
index (1, 1): TypeError: solve_second_stage.<locals>.const_rule() takes 2
positional arguments but 3 were given
ERROR: Constructing component 'constraints' from data=None failed: TypeError:
solve_second_stage.<locals>.const_rule() takes 2 positional arguments but 3
were given

Running experiments with seed 31

Seed 31 - Running with n_I=5, n_J=3, n_K=6, n_L=4, n_S=10
Initial samples: 2, Threshold: 5.0%
Initial data generation...
ERROR: Rule failed when generating expression for Constraint constraints with
index (1, 1): TypeError: solve_second_stage.<locals>.const_rule() takes 2
positional arguments but 3 were given
ERROR: Constructing component 'constraints' from data=None failed: TypeError:
solve_second_stage.<locals>.const_rule() takes 2 positional arguments but 3
were given

Running experiments with seed 62

Seed 62 - Running with n_I=5, n_J=3, n_K=6, n_L=4, n_S=10
Initial samples: 2, Threshold: 5.0%
Initial data generation...
ERROR: Rule failed when generating expression for Constraint constraints with
index (1, 1): TypeError: solve_second_stage.<locals>.const_rule() takes 2
positional arguments but 3 were given
ERROR: Constructing component 'constraints' from data=None failed: TypeError:
solve_second_stage.<locals>.const_rule() takes 2 positional arguments but 3
were given

Running experiments with seed 86

Seed 86 - Running with n_I=5, n_J=3, n_K=6, n_L=4, n_S=10
Initial samples: 2, Threshold: 5.0%
Initial data generation...
ERROR: Rule failed when generating expression for Constraint constraints with
index (1, 1): TypeError: solve_second_stage.<locals>.const_rule() takes 2
positional arguments but 3 were given
ERROR: Constructing component 'constraints' from data=None failed: TypeError:
solve_second_stage.<locals>.const_rule() takes 2 positional arguments but 3
were given

Running experiments with seed 32

Seed 32 - Running with n_I=5, n_J=3, n_K=6, n_L=4, n_S=10
Initial samples: 2, Threshold: 5.0%
Initial data generation...
ERROR: Rule failed when generating expression for Constraint constraints with
index (1, 1): TypeError: solve_second_stage.<locals>.const_rule() takes 2
positional arguments but 3 were given
ERROR: Constructing component 'constraints' from data=None failed: TypeError:
solve_second_stage.<locals>.const_rule() takes 2 positional arguments but 3
were given

Running experiments with seed 89

Seed 89 - Running with n_I=5, n_J=3, n_K=6, n_L=4, n_S=10
Initial samples: 2, Threshold: 5.0%
Initial data generation...
ERROR: Rule failed when generating expression for Constraint constraints with
index (1, 1): TypeError: solve_second_stage.<locals>.const_rule() takes 2
positional arguments but 3 were given
ERROR: Constructing component 'constraints' from data=None failed: TypeError:
solve_second_stage.<locals>.const_rule() takes 2 positional arguments but 3
were given

Running experiments with seed 57

Seed 57 - Running with n_I=5, n_J=3, n_K=6, n_L=4, n_S=10
Initial samples: 2, Threshold: 5.0%
Initial data generation...
ERROR: Rule failed when generating expression for Constraint constraints with
index (1, 1): TypeError: solve_second_stage.<locals>.const_rule() takes 2
positional arguments but 3 were given
ERROR: Constructing component 'constraints' from data=None failed: TypeError:
solve_second_stage.<locals>.const_rule() takes 2 positional arguments but 3
were given

Running experiments with seed 53

Seed 53 - Running with n_I=5, n_J=3, n_K=6, n_L=4, n_S=10
Initial samples: 2, Threshold: 5.0%
Initial data generation...
ERROR: Rule failed when generating expression for Constraint constraints with
index (1, 1): TypeError: solve_second_stage.<locals>.const_rule() takes 2
positional arguments but 3 were given
ERROR: Constructing component 'constraints' from data=None failed: TypeError:
solve_second_stage.<locals>.const_rule() takes 2 positional arguments but 3
were given

Running experiments with seed 29

Seed 29 - Running with n_I=5, n_J=3, n_K=6, n_L=4, n_S=10
Initial samples: 2, Threshold: 5.0%
Initial data generation...
ERROR: Rule failed when generating expression for Constraint constraints with
index (1, 1): TypeError: solve_second_stage.<locals>.const_rule() takes 2
positional arguments but 3 were given
ERROR: Constructing component 'constraints' from data=None failed: TypeError:
solve_second_stage.<locals>.const_rule() takes 2 positional arguments but 3
were given

Running experiments with seed 82

Seed 82 - Running with n_I=5, n_J=3, n_K=6, n_L=4, n_S=10
Initial samples: 2, Threshold: 5.0%
Initial data generation...
ERROR: Rule failed when generating expression for Constraint constraints with
index (1, 1): TypeError: solve_second_stage.<locals>.const_rule() takes 2
positional arguments but 3 were given
ERROR: Constructing component 'constraints' from data=None failed: TypeError:
solve_second_stage.<locals>.const_rule() takes 2 positional arguments but 3
were given

Running experiments with seed 41

Seed 41 - Running with n_I=5, n_J=3, n_K=6, n_L=4, n_S=10
Initial samples: 2, Threshold: 5.0%
Initial data generation...
ERROR: Rule failed when generating expression for Constraint constraints with
index (1, 1): TypeError: solve_second_stage.<locals>.const_rule() takes 2
positional arguments but 3 were given
ERROR: Constructing component 'constraints' from data=None failed: TypeError:
solve_second_stage.<locals>.const_rule() takes 2 positional arguments but 3
were given

Running experiments with seed 18

Seed 18 - Running with n_I=5, n_J=3, n_K=6, n_L=4, n_S=10
Initial samples: 2, Threshold: 5.0%
Initial data generation...
ERROR: Rule failed when generating expression for Constraint constraints with
index (1, 1): TypeError: solve_second_stage.<locals>.const_rule() takes 2
positional arguments but 3 were given
ERROR: Constructing component 'constraints' from data=None failed: TypeError:
solve_second_stage.<locals>.const_rule() takes 2 positional arguments but 3
were given

Running experiments with seed 75

Seed 75 - Running with n_I=5, n_J=3, n_K=6, n_L=4, n_S=10
Initial samples: 2, Threshold: 5.0%
Initial data generation...
ERROR: Rule failed when generating expression for Constraint constraints with
index (1, 1): TypeError: solve_second_stage.<locals>.const_rule() takes 2
positional arguments but 3 were given
ERROR: Constructing component 'constraints' from data=None failed: TypeError:
solve_second_stage.<locals>.const_rule() takes 2 positional arguments but 3
were given

Running experiments with seed 30

Seed 30 - Running with n_I=5, n_J=3, n_K=6, n_L=4, n_S=10
Initial samples: 2, Threshold: 5.0%
Initial data generation...
ERROR: Rule failed when generating expression for Constraint constraints with
index (1, 1): TypeError: solve_second_stage.<locals>.const_rule() takes 2
positional arguments but 3 were given
ERROR: Constructing component 'constraints' from data=None failed: TypeError:
solve_second_stage.<locals>.const_rule() takes 2 positional arguments but 3
were given

Running experiments with seed 84

Seed 84 - Running with n_I=5, n_J=3, n_K=6, n_L=4, n_S=10
Initial samples: 2, Threshold: 5.0%
Initial data generation...
ERROR: Rule failed when generating expression for Constraint constraints with
index (1, 1): TypeError: solve_second_stage.<locals>.const_rule() takes 2
positional arguments but 3 were given
ERROR: Constructing component 'constraints' from data=None failed: TypeError:
solve_second_stage.<locals>.const_rule() takes 2 positional arguments but 3
were given

Running experiments with seed 80

Seed 80 - Running with n_I=5, n_J=3, n_K=6, n_L=4, n_S=10
Initial samples: 2, Threshold: 5.0%
Initial data generation...
ERROR: Rule failed when generating expression for Constraint constraints with
index (1, 1): TypeError: solve_second_stage.<locals>.const_rule() takes 2
positional arguments but 3 were given
ERROR: Constructing component 'constraints' from data=None failed: TypeError:
solve_second_stage.<locals>.const_rule() takes 2 positional arguments but 3
were given

Running experiments with seed 21

Seed 21 - Running with n_I=5, n_J=3, n_K=6, n_L=4, n_S=10
Initial samples: 2, Threshold: 5.0%
Initial data generation...
ERROR: Rule failed when generating expression for Constraint constraints with
index (1, 1): TypeError: solve_second_stage.<locals>.const_rule() takes 2
positional arguments but 3 were given
ERROR: Constructing component 'constraints' from data=None failed: TypeError:
solve_second_stage.<locals>.const_rule() takes 2 positional arguments but 3
were given

Running experiments with seed 81

Seed 81 - Running with n_I=5, n_J=3, n_K=6, n_L=4, n_S=10
Initial samples: 2, Threshold: 5.0%
Initial data generation...
ERROR: Rule failed when generating expression for Constraint constraints with
index (1, 1): TypeError: solve_second_stage.<locals>.const_rule() takes 2
positional arguments but 3 were given
ERROR: Constructing component 'constraints' from data=None failed: TypeError:
solve_second_stage.<locals>.const_rule() takes 2 positional arguments but 3
were given

Running experiments with seed 51

Seed 51 - Running with n_I=5, n_J=3, n_K=6, n_L=4, n_S=10
Initial samples: 2, Threshold: 5.0%
Initial data generation...
ERROR: Rule failed when generating expression for Constraint constraints with
index (1, 1): TypeError: solve_second_stage.<locals>.const_rule() takes 2
positional arguments but 3 were given
ERROR: Constructing component 'constraints' from data=None failed: TypeError:
solve_second_stage.<locals>.const_rule() takes 2 positional arguments but 3
were given

Running experiments with seed 34

Seed 34 - Running with n_I=5, n_J=3, n_K=6, n_L=4, n_S=10
Initial samples: 2, Threshold: 5.0%
Initial data generation...
ERROR: Rule failed when generating expression for Constraint constraints with
index (1, 1): TypeError: solve_second_stage.<locals>.const_rule() takes 2
positional arguments but 3 were given
ERROR: Constructing component 'constraints' from data=None failed: TypeError:
solve_second_stage.<locals>.const_rule() takes 2 positional arguments but 3
were given

Running experiments with seed 1

Seed 1 - Running with n_I=5, n_J=3, n_K=6, n_L=4, n_S=10
Initial samples: 2, Threshold: 5.0%
Initial data generation...
ERROR: Rule failed when generating expression for Constraint constraints with
index (1, 1): TypeError: solve_second_stage.<locals>.const_rule() takes 2
positional arguments but 3 were given
ERROR: Constructing component 'constraints' from data=None failed: TypeError:
solve_second_stage.<locals>.const_rule() takes 2 positional arguments but 3
were given

Running experiments with seed 52

Seed 52 - Running with n_I=5, n_J=3, n_K=6, n_L=4, n_S=10
Initial samples: 2, Threshold: 5.0%
Initial data generation...
ERROR: Rule failed when generating expression for Constraint constraints with
index (1, 1): TypeError: solve_second_stage.<locals>.const_rule() takes 2
positional arguments but 3 were given
ERROR: Constructing component 'constraints' from data=None failed: TypeError:
solve_second_stage.<locals>.const_rule() takes 2 positional arguments but 3
were given

Running experiments with seed 2

Seed 2 - Running with n_I=5, n_J=3, n_K=6, n_L=4, n_S=10
Initial samples: 2, Threshold: 5.0%
Initial data generation...
ERROR: Rule failed when generating expression for Constraint constraints with
index (1, 1): TypeError: solve_second_stage.<locals>.const_rule() takes 2
positional arguments but 3 were given
ERROR: Constructing component 'constraints' from data=None failed: TypeError:
solve_second_stage.<locals>.const_rule() takes 2 positional arguments but 3
were given

Running experiments with seed 28

Seed 28 - Running with n_I=5, n_J=3, n_K=6, n_L=4, n_S=10
Initial samples: 2, Threshold: 5.0%
Initial data generation...
ERROR: Rule failed when generating expression for Constraint constraints with
index (1, 1): TypeError: solve_second_stage.<locals>.const_rule() takes 2
positional arguments but 3 were given
ERROR: Constructing component 'constraints' from data=None failed: TypeError:
solve_second_stage.<locals>.const_rule() takes 2 positional arguments but 3
were given

Running experiments with seed 71

Seed 71 - Running with n_I=5, n_J=3, n_K=6, n_L=4, n_S=10
Initial samples: 2, Threshold: 5.0%
Initial data generation...
ERROR: Rule failed when generating expression for Constraint constraints with
index (1, 1): TypeError: solve_second_stage.<locals>.const_rule() takes 2
positional arguments but 3 were given
ERROR: Constructing component 'constraints' from data=None failed: TypeError:
solve_second_stage.<locals>.const_rule() takes 2 positional arguments but 3
were given

Running experiments with seed 22

Seed 22 - Running with n_I=5, n_J=3, n_K=6, n_L=4, n_S=10
Initial samples: 2, Threshold: 5.0%
Initial data generation...
ERROR: Rule failed when generating expression for Constraint constraints with
index (1, 1): TypeError: solve_second_stage.<locals>.const_rule() takes 2
positional arguments but 3 were given
ERROR: Constructing component 'constraints' from data=None failed: TypeError:
solve_second_stage.<locals>.const_rule() takes 2 positional arguments but 3
were given

Running experiments with seed 48

Seed 48 - Running with n_I=5, n_J=3, n_K=6, n_L=4, n_S=10
Initial samples: 2, Threshold: 5.0%
Initial data generation...
ERROR: Rule failed when generating expression for Constraint constraints with
index (1, 1): TypeError: solve_second_stage.<locals>.const_rule() takes 2
positional arguments but 3 were given
ERROR: Constructing component 'constraints' from data=None failed: TypeError:
solve_second_stage.<locals>.const_rule() takes 2 positional arguments but 3
were given

Running experiments with seed 16

Seed 16 - Running with n_I=5, n_J=3, n_K=6, n_L=4, n_S=10
Initial samples: 2, Threshold: 5.0%
Initial data generation...
ERROR: Rule failed when generating expression for Constraint constraints with
index (1, 1): TypeError: solve_second_stage.<locals>.const_rule() takes 2
positional arguments but 3 were given
ERROR: Constructing component 'constraints' from data=None failed: TypeError:
solve_second_stage.<locals>.const_rule() takes 2 positional arguments but 3
were given

Running experiments with seed 77

Seed 77 - Running with n_I=5, n_J=3, n_K=6, n_L=4, n_S=10
Initial samples: 2, Threshold: 5.0%
Initial data generation...
ERROR: Rule failed when generating expression for Constraint constraints with
index (1, 1): TypeError: solve_second_stage.<locals>.const_rule() takes 2
positional arguments but 3 were given
ERROR: Constructing component 'constraints' from data=None failed: TypeError:
solve_second_stage.<locals>.const_rule() takes 2 positional arguments but 3
were given

Running experiments with seed 59

Seed 59 - Running with n_I=5, n_J=3, n_K=6, n_L=4, n_S=10
Initial samples: 2, Threshold: 5.0%
Initial data generation...
ERROR: Rule failed when generating expression for Constraint constraints with
index (1, 1): TypeError: solve_second_stage.<locals>.const_rule() takes 2
positional arguments but 3 were given
ERROR: Constructing component 'constraints' from data=None failed: TypeError:
solve_second_stage.<locals>.const_rule() takes 2 positional arguments but 3
were given

Running experiments with seed 58

Seed 58 - Running with n_I=5, n_J=3, n_K=6, n_L=4, n_S=10
Initial samples: 2, Threshold: 5.0%
Initial data generation...
ERROR: Rule failed when generating expression for Constraint constraints with
index (1, 1): TypeError: solve_second_stage.<locals>.const_rule() takes 2
positional arguments but 3 were given
ERROR: Constructing component 'constraints' from data=None failed: TypeError:
solve_second_stage.<locals>.const_rule() takes 2 positional arguments but 3
were given

Running experiments with seed 56

Seed 56 - Running with n_I=5, n_J=3, n_K=6, n_L=4, n_S=10
Initial samples: 2, Threshold: 5.0%
Initial data generation...
ERROR: Rule failed when generating expression for Constraint constraints with
index (1, 1): TypeError: solve_second_stage.<locals>.const_rule() takes 2
positional arguments but 3 were given
ERROR: Constructing component 'constraints' from data=None failed: TypeError:
solve_second_stage.<locals>.const_rule() takes 2 positional arguments but 3
were given

Running experiments with seed 50

Seed 50 - Running with n_I=5, n_J=3, n_K=6, n_L=4, n_S=10
Initial samples: 2, Threshold: 5.0%
Initial data generation...
ERROR: Rule failed when generating expression for Constraint constraints with
index (1, 1): TypeError: solve_second_stage.<locals>.const_rule() takes 2
positional arguments but 3 were given
ERROR: Constructing component 'constraints' from data=None failed: TypeError:
solve_second_stage.<locals>.const_rule() takes 2 positional arguments but 3
were given

Running experiments with seed 95

Seed 95 - Running with n_I=5, n_J=3, n_K=6, n_L=4, n_S=10
Initial samples: 2, Threshold: 5.0%
Initial data generation...
ERROR: Rule failed when generating expression for Constraint constraints with
index (1, 1): TypeError: solve_second_stage.<locals>.const_rule() takes 2
positional arguments but 3 were given

Running experiments with seed 24

Seed 24 - Running with n_I=5, n_J=3, n_K=6, n_L=4, n_S=10
Initial samples: 2, Threshold: 5.0%
Initial data generation...
ERROR: Rule failed when generating expression for Constraint constraints with
index (1, 1): TypeError: solve_second_stage.<locals>.const_rule() takes 2
positional arguments but 3 were given
ERROR: Constructing component 'constraints' from data=None failed: TypeError:
solve_second_stage.<locals>.const_rule() takes 2 positional arguments but 3
were given
ERROR: Constructing component 'constraints' from data=None failed: TypeError:
solve_second_stage.<locals>.const_rule() takes 2 positional arguments but 3
were given
