multiprocessing.pool.RemoteTraceback: 
"""
Traceback (most recent call last):
  File "/storage/home/tzk5446/.conda/envs/neurmhsp/lib/python3.11/multiprocessing/pool.py", line 125, in worker
    result = (True, func(*args, **kwds))
                    ^^^^^^^^^^^^^^^^^^^
  File "/storage/home/tzk5446/.conda/envs/neurmhsp/lib/python3.11/multiprocessing/pool.py", line 48, in mapstar
    return list(map(*args))
           ^^^^^^^^^^^^^^^^
  File "/storage/work/tzk5446/NeurMHSP/codes/EMPIRE/toyproblems/toy3_v1.py", line 452, in run_experiment_with_seed
    optimality_gap, prediction_gap, iterations = main(
                                                 ^^^^^
  File "/storage/work/tzk5446/NeurMHSP/codes/EMPIRE/toyproblems/toy3_v1.py", line 288, in main
    y = [solve_second_stage(x, data, n_I, n_K, n_L, n_S) for x in X]
        ^^^^^^^^^^^^^^^^^^^^^^^^^^^^^^^^^^^^^^^^^^^^^^^^^^^^^^^^^^^^
  File "/storage/work/tzk5446/NeurMHSP/codes/EMPIRE/toyproblems/toy3_v1.py", line 288, in <listcomp>
    y = [solve_second_stage(x, data, n_I, n_K, n_L, n_S) for x in X]
         ^^^^^^^^^^^^^^^^^^^^^^^^^^^^^^^^^^^^^^^^^^^^^^^
  File "/storage/work/tzk5446/NeurMHSP/codes/EMPIRE/toyproblems/toy3_v1.py", line 186, in solve_second_stage
    model.constraints = pyo.Constraint(model.L, model.I, rule=const_rule)
    ^^^^^^^^^^^^^^^^^
  File "/storage/home/tzk5446/.conda/envs/neurmhsp/lib/python3.11/site-packages/pyomo/core/base/block.py", line 580, in __setattr__
    self.add_component(name, val)
  File "/storage/home/tzk5446/.conda/envs/neurmhsp/lib/python3.11/site-packages/pyomo/core/base/block.py", line 1185, in add_component
    val.construct(data)
  File "/storage/home/tzk5446/.conda/envs/neurmhsp/lib/python3.11/site-packages/pyomo/core/base/constraint.py", line 806, in construct
    self._setitem_when_not_present(index, rule(block, index))
                                          ^^^^^^^^^^^^^^^^^^
  File "/storage/home/tzk5446/.conda/envs/neurmhsp/lib/python3.11/site-packages/pyomo/core/base/initializer.py", line 314, in __call__
    return self._fcn(parent, *idx)
           ^^^^^^^^^^^^^^^^^^^^^^^
TypeError: solve_second_stage.<locals>.const_rule() takes 2 positional arguments but 3 were given
"""

The above exception was the direct cause of the following exception:

Traceback (most recent call last):
  File "/storage/work/tzk5446/NeurMHSP/codes/EMPIRE/toyproblems/toy3_v1.py", line 481, in <module>
    all_results = pool.map(partial_run, random_seeds)
                  ^^^^^^^^^^^^^^^^^^^^^^^^^^^^^^^^^^^
  File "/storage/home/tzk5446/.conda/envs/neurmhsp/lib/python3.11/multiprocessing/pool.py", line 367, in map
    return self._map_async(func, iterable, mapstar, chunksize).get()
           ^^^^^^^^^^^^^^^^^^^^^^^^^^^^^^^^^^^^^^^^^^^^^^^^^^^^^^^^^
  File "/storage/home/tzk5446/.conda/envs/neurmhsp/lib/python3.11/multiprocessing/pool.py", line 774, in get
    raise self._value
TypeError: solve_second_stage.<locals>.const_rule() takes 2 positional arguments but 3 were given
