seed was set to 1
Generating .tab-files...
Solver: Gurobi
No absolute emission cap...
Declaring sets...
Reading sets...
Constructing sub sets...
Declaring parameters...
Reading parameters...
Constructing parameter values...
Sets and parameters declared and read...
Declaring variables...
Objective and constraints read...
Building instance...
Building instance took [sec]: 18.340984582901
----------------------Problem Statistics---------------------
Nodes: 35
Lines: 85

GeneratorTypes: 5
TotalGenerators: 143
StorageTypes: 2
TotalStorages: 66

InvestmentPeriod:  PeriodActive
InvestmentUntil: 2060
Scenarios: 1
TotalOperationalHoursPerScenario: 206
TotalOperationalHoursPerInvYear: 206
Seasons: 6
RegularSeasons: 4
LengthRegSeason: 48
PeakSeasons: 2
LengthPeakSeason: 7

Discount rate: 0.05
Operational discount scale: 4.54595050416236
--------------------------------------------------------------
Solving...
Set parameter TokenServer to value "license1.2e.hpc.psu.edu"
Read LP format model from file /storage/work/tzk5446/NeurMHSP/codes/EMPIRE/tmptxrjr7m4.pyomo.lp
Reading time = 2.35 seconds
x1: 1082512 rows, 905569 columns, 3387939 nonzeros
Set parameter QCPDual to value 1
Set parameter Crossover to value 0
Set parameter Method to value 2
Set parameter Threads to value 2
Set parameter BarConvTol to value 0.0001
Gurobi Optimizer version 10.0.3 build v10.0.3rc0 (linux64)

CPU model: Intel(R) Xeon(R) Gold 6248R CPU @ 3.00GHz, instruction set [SSE2|AVX|AVX2|AVX512]
Thread count: 48 physical cores, 48 logical processors, using up to 2 threads

Optimize a model with 1082512 rows, 905569 columns and 3387939 nonzeros
Model fingerprint: 0xe0a5ac20
Coefficient statistics:
  Matrix range     [1e-03, 1e+00]
  Objective range  [1e-01, 4e+06]
  Bounds range     [1e+00, 1e+00]
  RHS range        [5e-01, 2e+07]
Presolve removed 140186 rows and 58699 columns
Presolve time: 2.17s
Presolved: 942326 rows, 846870 columns, 3088503 nonzeros
Elapsed ordering time = 5s
Elapsed ordering time = 10s
Ordering time: 16.17s

Barrier statistics:
 Dense cols : 1293
 AA' NZ     : 2.100e+07
 Factor NZ  : 1.398e+08 (roughly 2.0 GB of memory)
 Factor Ops : 1.341e+11 (roughly 1 second per iteration)
 Threads    : 2

                  Objective                Residual
Iter       Primal          Dual         Primal    Dual     Compl     Time
   0   1.38350355e+17 -8.09105664e+16  1.57e+08 2.30e+06  4.94e+13    25s
   1   1.13437258e+17 -8.00707547e+16  1.24e+08 7.29e+06  4.58e+13    29s
   2   1.02098119e+17 -7.81938130e+16  1.09e+08 3.63e+06  2.74e+13    33s
   3   8.37043908e+16 -1.58283278e+17  8.52e+07 1.10e+06  1.79e+13    38s
   4   4.07813948e+16 -2.22647643e+17  3.96e+07 5.73e+05  8.10e+12    43s
   5   1.04590990e+16 -2.36319593e+17  9.60e+06 5.36e+06  2.08e+12    48s
   6   2.41169035e+15 -1.49508150e+17  1.89e+06 4.18e+06  4.47e+11    55s
   7   1.16965607e+15 -7.19952237e+16  6.39e+05 9.56e+05  1.51e+11    61s
   8   7.37601488e+14 -3.19431030e+16  1.86e+05 5.33e+04  4.70e+10    68s
   9   5.19719159e+14 -8.27559265e+15  2.66e+04 4.31e+04  8.21e+09    74s
  10   2.02355126e+14 -3.69197436e+15  5.12e+03 1.51e+04  2.67e+09    82s
  11   1.56551453e+14 -1.89872401e+15  3.18e+03 7.08e+03  1.36e+09    88s
  12   1.32022853e+14 -1.24818047e+15  2.38e+03 4.45e+03  8.92e+08    94s
  13   9.34920455e+13 -8.89465137e+14  1.27e+03 3.11e+03  6.13e+08    99s
  14   7.08698290e+13 -7.61426771e+14  7.16e+02 2.64e+03  5.08e+08   104s
  15   5.86958288e+13 -3.92056073e+14  4.42e+02 1.35e+03  2.72e+08   109s
  16   4.32112009e+13 -2.36511190e+14  1.80e+02 8.33e+02  1.67e+08   114s
  17   3.89969084e+13 -1.31910809e+14  1.32e+02 4.83e+02  1.02e+08   119s
  18   3.16083892e+13 -8.78002306e+13  8.71e+01 3.27e+02  7.10e+07   125s
  19   2.45281405e+13 -5.25128452e+13  5.97e+01 1.87e+02  4.58e+07   132s
  20   1.80117476e+13 -2.90035595e+13  3.92e+01 1.05e+02  2.79e+07   139s
  21   1.49804641e+13 -1.97824681e+13  3.21e+01 7.22e+01  2.06e+07   146s
  22   1.15312616e+13 -9.37342650e+12  2.42e+01 3.22e+01  1.24e+07   154s
  23   8.31913875e+12 -6.72598569e+12  1.71e+01 2.33e+01  8.91e+06   160s
  24   5.92667742e+12 -3.65864159e+12  1.19e+01 1.20e+01  5.68e+06   168s
  25   4.24071012e+12 -2.45577392e+12  8.32e+00 7.70e+00  3.97e+06   174s
  26   3.48283530e+12 -1.66243422e+12  6.73e+00 4.89e+00  3.05e+06   181s
  27   3.01212419e+12 -1.31937909e+12  5.74e+00 3.98e+00  2.57e+06   186s
  28   2.68066997e+12 -1.12653095e+12  5.01e+00 3.41e+00  2.25e+06   191s
  29   2.43855828e+12 -9.21458215e+11  4.49e+00 2.87e+00  1.99e+06   197s
  30   2.27061817e+12 -8.21373996e+11  4.12e+00 2.59e+00  1.83e+06   203s
  31   2.04534724e+12 -5.94360916e+11  3.66e+00 2.01e+00  1.56e+06   210s
  32   1.82744830e+12 -4.28619089e+11  3.16e+00 1.57e+00  1.34e+06   216s
  33   1.64098119e+12 -3.22787778e+11  2.76e+00 1.32e+00  1.16e+06   223s
  34   1.52158779e+12 -2.03912260e+11  2.50e+00 1.04e+00  1.02e+06   229s
  35   1.42695220e+12 -1.27644141e+11  2.27e+00 8.80e-01  9.21e+05   235s
  36   1.24679184e+12 -4.57092257e+10  1.82e+00 7.24e-01  7.65e+05   242s
  37   1.20367386e+12  1.16113264e+10  1.72e+00 6.24e-01  7.06e+05   248s
  38   1.08370119e+12  9.06948304e+10  1.41e+00 4.75e-01  5.88e+05   254s
  39   9.61218611e+11  1.63540375e+11  1.07e+00 3.39e-01  4.72e+05   261s
  40   8.80296367e+11  1.96005229e+11  8.58e-01 2.78e-01  4.05e+05   267s
  41   7.77591822e+11  2.39334225e+11  5.53e-01 1.99e-01  3.19e+05   274s
  42   6.78881892e+11  2.62479440e+11  3.60e-01 1.58e-01  2.47e+05   280s
  43   6.39903826e+11  2.92727373e+11  3.17e-01 1.06e-01  2.06e+05   286s
  44   5.64111654e+11  3.07764802e+11  2.37e-01 8.05e-02  1.52e+05   293s
  45   5.34316510e+11  3.24712580e+11  2.04e-01 5.66e-02  1.24e+05   299s
  46   4.92390110e+11  3.37884264e+11  1.56e-01 3.66e-02  9.15e+04   305s
  47   4.72310809e+11  3.49519711e+11  1.33e-01 2.03e-02  7.27e+04   311s
  48   4.50312103e+11  3.58725994e+11  1.06e-01 8.53e-03  5.42e+04   317s
  49   4.26821898e+11  3.62991181e+11  7.57e-02 4.99e-03  3.78e+04   324s
  50   4.08715409e+11  3.67317143e+11  5.16e-02 1.43e-03  2.45e+04   330s
  51   3.96470959e+11  3.69639362e+11  3.63e-02 2.03e-04  1.59e+04   337s
  52   3.87735125e+11  3.70316476e+11  2.40e-02 6.24e-05  1.03e+04   343s
  53   3.81418618e+11  3.71036471e+11  1.43e-02 6.18e-06  6.15e+03   349s
  54   3.78445038e+11  3.71172361e+11  9.77e-03 1.86e-06  4.31e+03   355s
  55   3.74880960e+11  3.71386053e+11  4.61e-03 1.16e-07  2.07e+03   361s
  56   3.73317905e+11  3.71515316e+11  2.37e-03 9.80e-08  1.07e+03   369s
  57   3.72839088e+11  3.71567569e+11  1.72e-03 3.12e-07  7.53e+02   375s
  58   3.72311300e+11  3.71574309e+11  9.37e-04 2.52e-07  4.36e+02   381s
  59   3.72072954e+11  3.71595978e+11  6.03e-04 7.90e-08  2.82e+02   388s
  60   3.71857552e+11  3.71618793e+11  3.02e-04 9.69e-08  1.41e+02   394s
  61   3.71736607e+11  3.71626345e+11  1.37e-04 3.19e-07  6.53e+01   399s
  62   3.71660241e+11  3.71628104e+11  3.35e-05 1.00e-06  1.90e+01   405s
  63   3.71636292e+11  3.71632583e+11  4.44e-05 1.64e-07  2.20e+00   412s
  64   3.71634371e+11  3.71633279e+11  8.84e-06 9.52e-06  6.47e-01   421s
  65   3.71633961e+11  3.71633687e+11  2.34e-06 1.70e-05  1.62e-01   429s
  66   3.71633841e+11  3.71633797e+11  4.86e-07 1.87e-04  2.56e-02   437s
  67   3.71633819e+11  3.71633809e+11  2.08e-06 2.87e-05  5.88e-03   442s
  68   3.71633813e+11  3.71633811e+11  4.51e-07 4.44e-06  1.27e-03   448s
  69   3.71633812e+11  3.71633812e+11  2.91e-07 8.55e-08  9.69e-05   454s

Barrier solved model in 69 iterations and 454.19 seconds (272.21 work units)
Optimal objective 3.71633812e+11

DataFrames created and saved successfully.
DataFrames created and saved successfully.
total_ll_amt: 4.463609687363167e-05
Objective Value : 371633811863.43396
Expected Second Stage Value : 17158364.014108624
Total Solving Time : 520.4808149337769
