seed was set to 10
Generating .tab-files...
Solver: Gurobi
No absolute emission cap...
Declaring sets...
Reading sets...
Constructing sub sets...
Declaring parameters...
Reading parameters...
Constructing parameter values...
Sets and parameters declared and read...
Declaring variables...
Objective and constraints read...
Building instance...
Building instance took [sec]: 10.4343101978302
----------------------Problem Statistics---------------------
Nodes: 35
Lines: 85

GeneratorTypes: 5
TotalGenerators: 143
StorageTypes: 2
TotalStorages: 66

InvestmentPeriod:  PeriodActive
InvestmentUntil: 2060
Scenarios: 1
TotalOperationalHoursPerScenario: 110
TotalOperationalHoursPerInvYear: 110
Seasons: 6
RegularSeasons: 4
LengthRegSeason: 24
PeakSeasons: 2
LengthPeakSeason: 7

Discount rate: 0.05
Operational discount scale: 4.54595050416236
--------------------------------------------------------------
Solving...
Set parameter TokenServer to value "license1.2e.hpc.psu.edu"
Read LP format model from file /storage/work/tzk5446/NeurMHSP/codes/EMPIRE/tmpxtk6jnb7.pyomo.lp
Reading time = 1.35 seconds
x1: 587152 rows, 486241 columns, 1819450 nonzeros
Set parameter QCPDual to value 1
Set parameter Crossover to value 0
Set parameter Method to value 2
Set parameter Threads to value 2
Set parameter BarConvTol to value 0.0001
Gurobi Optimizer version 10.0.3 build v10.0.3rc0 (linux64)

CPU model: Intel(R) Xeon(R) Gold 6248R CPU @ 3.00GHz, instruction set [SSE2|AVX|AVX2|AVX512]
Thread count: 48 physical cores, 48 logical processors, using up to 2 threads

Optimize a model with 587152 rows, 486241 columns and 1819450 nonzeros
Model fingerprint: 0x225980bf
Coefficient statistics:
  Matrix range     [1e-03, 1e+00]
  Objective range  [1e-01, 4e+06]
  Bounds range     [1e+00, 1e+00]
  RHS range        [5e-01, 2e+07]
Presolve removed 86331 rows and 33732 columns
Presolve time: 1.22s
Presolved: 500821 rows, 452509 columns, 1645885 nonzeros
Elapsed ordering time = 5s
Ordering time: 9.18s

Barrier statistics:
 Dense cols : 1062
 AA' NZ     : 1.186e+07
 Factor NZ  : 6.556e+07 (roughly 1.0 GB of memory)
 Factor Ops : 5.869e+10 (roughly 1 second per iteration)
 Threads    : 2

                  Objective                Residual
Iter       Primal          Dual         Primal    Dual     Compl     Time
   0   7.30002872e+16 -6.20228472e+16  7.49e+07 1.18e+06  3.60e+13    14s
   1   6.24171957e+16 -6.12816427e+16  6.20e+07 5.55e+06  3.35e+13    16s
   2   5.98542251e+16 -5.19766314e+16  5.90e+07 3.23e+06  2.31e+13    19s
   3   4.54456474e+16 -8.57663412e+16  4.23e+07 7.39e+05  1.44e+13    21s
   4   1.48582105e+16 -1.30081779e+17  1.27e+07 8.56e+04  4.48e+12    24s
   5   2.86058674e+15 -9.79078301e+16  2.28e+06 1.69e+04  8.52e+11    27s
   6   8.14222266e+14 -4.64072124e+16  4.92e+05 1.04e+04  1.98e+11    31s
   7   3.51609221e+14 -1.50692810e+16  4.91e+04 3.93e+03  2.95e+10    35s
   8   2.52761180e+14 -3.14704876e+15  6.09e+03 2.38e+04  4.78e+09    39s
   9   1.56922715e+14 -1.48094601e+15  1.89e+03 1.18e+04  2.02e+09    49s
  10   8.80060530e+13 -7.04471275e+14  5.21e+02 5.14e+03  9.11e+08    53s
  11   5.65133160e+13 -2.37003381e+14  2.02e+02 1.71e+03  3.31e+08    56s
  12   4.16597575e+13 -1.36398525e+14  8.88e+01 9.96e+02  1.99e+08    59s
  13   3.28246248e+13 -8.67168517e+13  5.14e+01 6.67e+02  1.33e+08    62s
  14   3.01776365e+13 -6.41329801e+13  4.54e+01 5.02e+02  1.05e+08    65s
  15   2.47325269e+13 -4.61493089e+13  3.22e+01 3.53e+02  7.89e+07    67s
  16   1.78108900e+13 -3.24752201e+13  2.25e+01 2.53e+02  5.59e+07    70s
  17   1.34651335e+13 -2.20654866e+13  1.63e+01 1.71e+02  3.95e+07    74s
  18   9.85255143e+12 -1.27478039e+13  1.13e+01 9.52e+01  2.51e+07    77s
  19   7.79761313e+12 -8.21180671e+12  8.71e+00 6.15e+01  1.78e+07    81s
  20   5.76233772e+12 -5.99435516e+12  6.22e+00 4.43e+01  1.31e+07    84s
  21   4.09740896e+12 -3.14276766e+12  4.25e+00 2.23e+01  8.04e+06    89s
  22   3.44831586e+12 -2.53139846e+12  3.52e+00 1.78e+01  6.64e+06    92s
  23   2.96258645e+12 -1.36881146e+12  2.99e+00 9.82e+00  4.81e+06    96s
  24   2.32470190e+12 -9.53448628e+11  2.21e+00 6.90e+00  3.64e+06   100s
  25   2.04311333e+12 -6.58233801e+11  1.90e+00 5.04e+00  3.00e+06   103s
  26   1.77123210e+12 -5.08474667e+11  1.56e+00 4.12e+00  2.53e+06   107s
  27   1.60856458e+12 -3.17067534e+11  1.34e+00 3.00e+00  2.14e+06   110s
  28   1.38279558e+12 -1.60175344e+11  1.07e+00 2.12e+00  1.71e+06   114s
  29   1.20501172e+12 -2.97298419e+10  9.00e-01 1.49e+00  1.37e+06   117s
  30   1.09079198e+12  7.51754765e+10  7.77e-01 1.09e+00  1.13e+06   121s
  31   9.45265326e+11  1.53332689e+11  6.25e-01 7.80e-01  8.79e+05   124s
  32   8.11391712e+11  2.16843040e+11  4.93e-01 5.28e-01  6.60e+05   127s
  33   7.27567367e+11  2.45864476e+11  4.06e-01 4.14e-01  5.35e+05   131s
  34   6.50368043e+11  2.84269951e+11  3.25e-01 2.74e-01  4.06e+05   134s
  35   5.93271525e+11  3.09602487e+11  2.64e-01 1.83e-01  3.15e+05   138s
  36   5.42119651e+11  3.30639900e+11  2.11e-01 1.07e-01  2.35e+05   141s
  37   5.16403232e+11  3.41364060e+11  1.79e-01 7.60e-02  1.94e+05   144s
  38   4.72914492e+11  3.56338261e+11  1.25e-01 3.36e-02  1.29e+05   147s
  39   4.46591699e+11  3.61910441e+11  9.32e-02 2.05e-02  9.40e+04   151s
  40   4.22452007e+11  3.67439693e+11  6.28e-02 1.08e-02  6.11e+04   154s
  41   4.05572785e+11  3.71589661e+11  3.96e-02 3.78e-03  3.77e+04   158s
  42   4.00792369e+11  3.73555064e+11  3.41e-02 1.90e-03  3.02e+04   161s
  43   3.92061348e+11  3.74527075e+11  2.27e-02 9.05e-04  1.95e+04   164s
  44   3.85952691e+11  3.74961646e+11  1.43e-02 5.61e-04  1.22e+04   167s
  45   3.81620557e+11  3.75299576e+11  8.66e-03 3.32e-04  7.02e+03   171s
  46   3.79593800e+11  3.75510252e+11  5.79e-03 1.81e-04  4.53e+03   175s
  47   3.78173569e+11  3.75638588e+11  3.52e-03 1.16e-04  2.81e+03   179s
  48   3.77621886e+11  3.75734989e+11  2.71e-03 6.91e-05  2.09e+03   181s
  49   3.77246304e+11  3.75769281e+11  2.09e-03 5.42e-05  1.64e+03   183s
  50   3.76943300e+11  3.75815725e+11  1.60e-03 3.90e-05  1.25e+03   186s
  51   3.76700293e+11  3.75854957e+11  1.24e-03 2.44e-05  9.38e+02   189s
  52   3.76442521e+11  3.75891029e+11  8.35e-04 1.25e-05  6.12e+02   192s
  53   3.76283852e+11  3.75902855e+11  5.69e-04 8.53e-06  4.23e+02   195s
  54   3.76167977e+11  3.75918165e+11  4.40e-04 4.42e-06  2.77e+02   198s
  55   3.76056480e+11  3.75923446e+11  4.28e-04 2.44e-06  1.48e+02   202s
  56   3.76001488e+11  3.75930639e+11  1.89e-04 1.02e-06  7.86e+01   205s

Barrier solved model in 56 iterations and 205.36 seconds (101.59 work units)
Optimal objective 3.76001488e+11

DataFrames created and saved successfully.
DataFrames created and saved successfully.
total_ll_amt: 33.09196177563419
Objective Value : 376001487809.2909
Expected Second Stage Value : 736987400.9916291
Total Solving Time : 245.50845003128052
