seed was set to 1
Generating .tab-files...
Solver: Gurobi
No absolute emission cap...
Declaring sets...
Reading sets...
Constructing sub sets...
Declaring parameters...
Reading parameters...
Constructing parameter values...
Sets and parameters declared and read...
Declaring variables...
Objective and constraints read...
Building instance...
Building instance took [sec]: 9.955430269241333
----------------------Problem Statistics---------------------
Nodes: 35
Lines: 85

GeneratorTypes: 5
TotalGenerators: 143
StorageTypes: 2
TotalStorages: 66

InvestmentPeriod:  PeriodActive
InvestmentUntil: 2060
Scenarios: 1
TotalOperationalHoursPerScenario: 110
TotalOperationalHoursPerInvYear: 110
Seasons: 6
RegularSeasons: 4
LengthRegSeason: 24
PeakSeasons: 2
LengthPeakSeason: 7

Discount rate: 0.05
Operational discount scale: 4.54595050416236
--------------------------------------------------------------
Solving...
Set parameter TokenServer to value "license1.2e.hpc.psu.edu"
Read LP format model from file /storage/work/tzk5446/NeurMHSP/codes/EMPIRE/tmpngdk1yya.pyomo.lp
Reading time = 1.28 seconds
x1: 587152 rows, 486241 columns, 1819537 nonzeros
Set parameter QCPDual to value 1
Set parameter Crossover to value 0
Set parameter Method to value 2
Set parameter Threads to value 2
Set parameter BarConvTol to value 0.0001
Gurobi Optimizer version 10.0.3 build v10.0.3rc0 (linux64)

CPU model: Intel(R) Xeon(R) Gold 6248R CPU @ 3.00GHz, instruction set [SSE2|AVX|AVX2|AVX512]
Thread count: 48 physical cores, 48 logical processors, using up to 2 threads

Optimize a model with 587152 rows, 486241 columns and 1819537 nonzeros
Model fingerprint: 0xa9f1e3a0
Coefficient statistics:
  Matrix range     [1e-03, 1e+00]
  Objective range  [1e-01, 4e+06]
  Bounds range     [1e+00, 1e+00]
  RHS range        [5e-01, 2e+07]
Presolve removed 86552 rows and 33597 columns
Presolve time: 1.10s
Presolved: 500600 rows, 452644 columns, 1645617 nonzeros
Elapsed ordering time = 5s
Ordering time: 8.04s

Barrier statistics:
 Dense cols : 1062
 AA' NZ     : 1.185e+07
 Factor NZ  : 6.417e+07 (roughly 900 MB of memory)
 Factor Ops : 5.344e+10 (roughly 1 second per iteration)
 Threads    : 2

                  Objective                Residual
Iter       Primal          Dual         Primal    Dual     Compl     Time
   0   6.86343537e+16 -6.35055369e+16  7.48e+07 1.13e+06  3.74e+13    12s
   1   5.60747340e+16 -6.27708105e+16  5.84e+07 5.77e+06  3.44e+13    14s
   2   4.91828071e+16 -5.63581955e+16  4.97e+07 3.09e+06  2.05e+13    16s
   3   3.90996401e+16 -8.10175794e+16  3.78e+07 8.14e+05  1.18e+13    19s
   4   1.83813439e+16 -1.03887074e+17  1.73e+07 3.15e+05  5.36e+12    22s
   5   3.87346602e+15 -1.04583436e+17  3.39e+06 2.40e+03  1.13e+12    25s
   6   1.09398426e+15 -6.31553663e+16  8.10e+05 4.86e+03  3.02e+11    28s
   7   4.99288476e+14 -2.54717356e+16  2.22e+05 4.62e+03  8.45e+10    31s
   8   3.14349584e+14 -6.49353482e+15  3.20e+04 4.11e+03  1.39e+10    34s
   9   1.74799579e+14 -2.59849085e+15  4.27e+03 4.87e+03  3.70e+09    39s
  10   1.35186474e+14 -1.41554501e+15  2.23e+03 2.42e+03  1.94e+09    42s
  11   1.03777918e+14 -1.22873836e+15  1.31e+03 2.08e+03  1.59e+09    44s
  12   8.26688055e+13 -7.23878535e+14  7.89e+02 1.19e+03  9.41e+08    47s
  13   5.55607739e+13 -4.73994147e+14  2.72e+02 7.79e+02  5.99e+08    50s
  14   3.99421302e+13 -1.62356950e+14  8.81e+01 2.73e+02  2.26e+08    54s
  15   3.26192080e+13 -6.46362618e+13  5.81e+01 1.18e+02  1.08e+08    57s
  16   2.46215875e+13 -3.98541944e+13  3.99e+01 7.26e+01  7.18e+07    61s
  17   1.67904375e+13 -3.01175715e+13  2.62e+01 5.65e+01  5.22e+07    64s
  18   1.38767010e+13 -1.51901678e+13  2.12e+01 2.88e+01  3.23e+07    67s
  19   1.04949834e+13 -1.06953459e+13  1.55e+01 2.00e+01  2.36e+07    70s
  20   8.64780350e+12 -6.92154238e+12  1.26e+01 1.28e+01  1.73e+07    73s
  21   6.54064278e+12 -4.42822488e+12  9.48e+00 8.11e+00  1.22e+07    77s
  22   5.20988482e+12 -2.88877850e+12  7.52e+00 5.18e+00  8.99e+06    81s
  23   4.27001954e+12 -2.03090785e+12  6.19e+00 3.51e+00  7.00e+06    85s
  24   3.27177216e+12 -1.42396605e+12  4.79e+00 2.33e+00  5.21e+06    88s
  25   2.90220438e+12 -1.02836958e+12  4.27e+00 1.66e+00  4.36e+06    92s
  26   2.39898085e+12 -7.63751411e+11  3.51e+00 1.25e+00  3.51e+06    95s
  27   2.25613193e+12 -5.68382867e+11  3.30e+00 9.73e-01  3.14e+06    98s
  28   1.98471002e+12 -4.30789764e+11  2.85e+00 7.74e-01  2.68e+06   101s
  29   1.75345470e+12 -3.01903536e+11  2.47e+00 6.11e-01  2.28e+06   105s
  30   1.61718987e+12 -1.93219951e+11  2.24e+00 4.79e-01  2.01e+06   108s
  31   1.47956337e+12 -9.23430804e+10  2.01e+00 3.56e-01  1.75e+06   111s
  32   1.35484049e+12  2.42739354e+10  1.80e+00 2.26e-01  1.48e+06   115s
  33   1.14808602e+12  6.81737495e+10  1.43e+00 1.86e-01  1.20e+06   118s
  34   1.00438793e+12  1.81457832e+11  1.15e+00 1.07e-01  9.14e+05   122s
  35   8.50880651e+11  2.30866116e+11  8.49e-01 7.59e-02  6.88e+05   125s
  36   7.56903354e+11  2.75672066e+11  6.64e-01 4.78e-02  5.34e+05   129s
  37   6.82982771e+11  2.92347728e+11  5.13e-01 3.74e-02  4.34e+05   133s
  38   6.47082385e+11  3.14008290e+11  4.58e-01 2.49e-02  3.70e+05   136s
  39   5.83383040e+11  3.30771366e+11  3.61e-01 1.64e-02  2.80e+05   139s
  40   5.28202074e+11  3.41515397e+11  2.84e-01 1.13e-02  2.07e+05   142s
  41   4.93971325e+11  3.55595953e+11  2.24e-01 5.06e-03  1.54e+05   145s
  42   4.60993074e+11  3.62503128e+11  1.63e-01 2.67e-03  1.09e+05   149s
  43   4.39240953e+11  3.66680199e+11  1.23e-01 1.62e-03  8.05e+04   152s
  44   4.19537443e+11  3.69051469e+11  8.87e-02 1.06e-03  5.60e+04   155s
  45   4.15525912e+11  3.69725128e+11  8.04e-02 9.49e-04  5.08e+04   157s
  46   4.07616937e+11  3.71828960e+11  6.50e-02 5.39e-04  3.97e+04   160s
  47   3.97194997e+11  3.73432720e+11  4.36e-02 2.87e-04  2.64e+04   164s
  48   3.89235020e+11  3.74334387e+11  2.71e-02 1.52e-04  1.65e+04   167s
  49   3.82439324e+11  3.74630299e+11  1.29e-02 1.08e-04  8.67e+03   171s
  50   3.79961374e+11  3.75294486e+11  7.87e-03 4.70e-05  5.18e+03   174s
  51   3.78391669e+11  3.75554528e+11  4.78e-03 2.83e-05  3.15e+03   178s
  52   3.77754826e+11  3.75693762e+11  3.47e-03 1.83e-05  2.29e+03   181s
  53   3.77166700e+11  3.75828880e+11  2.28e-03 9.84e-06  1.49e+03   184s
  54   3.76763293e+11  3.75884827e+11  1.52e-03 6.76e-06  9.75e+02   187s
  55   3.76539433e+11  3.75926920e+11  1.08e-03 4.66e-06  6.80e+02   191s
  56   3.76498573e+11  3.75945604e+11  9.96e-04 3.55e-06  6.14e+02   193s
  57   3.76344916e+11  3.75956775e+11  6.66e-04 3.01e-06  4.31e+02   196s
  58   3.76257150e+11  3.75973840e+11  5.07e-04 2.13e-06  3.14e+02   199s
  59   3.76163307e+11  3.75992021e+11  3.45e-04 1.08e-06  1.90e+02   202s
  60   3.76106416e+11  3.75999529e+11  3.12e-04 7.53e-07  1.19e+02   205s

Barrier solved model in 60 iterations and 204.99 seconds (101.77 work units)
Optimal objective 3.76106416e+11

DataFrames created and saved successfully.
DataFrames created and saved successfully.
total_ll_amt: 47.949975623741196
Objective Value : 376106416037.11005
Expected Second Stage Value : 949287850.6012255
Total Solving Time : 243.2781674861908
