seed was set to 30
Generating .tab-files...
Solver: Gurobi
No absolute emission cap...
Declaring sets...
Reading sets...
Constructing sub sets...
Declaring parameters...
Reading parameters...
Constructing parameter values...
Sets and parameters declared and read...
Declaring variables...
Objective and constraints read...
Building instance...
Building instance took [sec]: 62.84213089942932
----------------------Problem Statistics---------------------
Nodes: 35
Lines: 85

GeneratorTypes: 5
TotalGenerators: 143
StorageTypes: 2
TotalStorages: 66

InvestmentPeriod:  PeriodActive
InvestmentUntil: 2060
Scenarios: 1
TotalOperationalHoursPerScenario: 720
TotalOperationalHoursPerInvYear: 720
Seasons: 6
RegularSeasons: 4
LengthRegSeason: 168
PeakSeasons: 2
LengthPeakSeason: 24

Discount rate: 0.05
Operational discount scale: 4.54595050416236
--------------------------------------------------------------
Solving...
Set parameter TokenServer to value "license1.2e.hpc.psu.edu"
Read LP format model from file /storage/work/tzk5446/NeurMHSP/codes/EMPIRE/tmpudrm7jo8.pyomo.lp
Reading time = 8.23 seconds
x1: 3734752 rows, 3150721 columns, 11784092 nonzeros
Set parameter QCPDual to value 1
Set parameter Crossover to value 0
Set parameter Method to value 2
Set parameter Threads to value 2
Set parameter BarConvTol to value 0.0001
Gurobi Optimizer version 10.0.3 build v10.0.3rc0 (linux64)

CPU model: Intel(R) Xeon(R) Gold 6248R CPU @ 3.00GHz, instruction set [SSE2|AVX|AVX2|AVX512]
Thread count: 48 physical cores, 48 logical processors, using up to 2 threads

Optimize a model with 3734752 rows, 3150721 columns and 11784092 nonzeros
Model fingerprint: 0x7f079f84
Coefficient statistics:
  Matrix range     [1e-03, 1e+00]
  Objective range  [1e-01, 4e+06]
  Bounds range     [1e+00, 1e+00]
  RHS range        [5e-01, 2e+07]
Presolve removed 433496 rows and 194904 columns (presolve time = 6s) ...
Presolve removed 435176 rows and 194904 columns
Presolve time: 9.18s
Presolved: 3299576 rows, 2955817 columns, 10795997 nonzeros
Elapsed ordering time = 8s
Elapsed ordering time = 11s
Elapsed ordering time = 15s
Elapsed ordering time = 20s
Elapsed ordering time = 25s
Elapsed ordering time = 30s
Elapsed ordering time = 35s
Elapsed ordering time = 42s
Elapsed ordering time = 45s
Elapsed ordering time = 50s
Elapsed ordering time = 55s
Elapsed ordering time = 60s
Elapsed ordering time = 65s
Elapsed ordering time = 75s
Elapsed ordering time = 80s
Elapsed ordering time = 85s
Elapsed ordering time = 90s
Elapsed ordering time = 95s
Elapsed ordering time = 100s
Elapsed ordering time = 108s
Elapsed ordering time = 111s
Elapsed ordering time = 115s
Elapsed ordering time = 121s
Elapsed ordering time = 125s
Elapsed ordering time = 130s
Elapsed ordering time = 135s
Elapsed ordering time = 144s
Elapsed ordering time = 148s
Elapsed ordering time = 150s
Elapsed ordering time = 156s
Elapsed ordering time = 160s
Elapsed ordering time = 165s
Elapsed ordering time = 170s
Elapsed ordering time = 175s
Ordering time: 175.69s

Barrier statistics:
 Dense cols : 2088
 AA' NZ     : 2.773e+07
 Factor NZ  : 5.956e+08 (roughly 7.0 GB of memory)
 Factor Ops : 2.496e+12 (roughly 20 seconds per iteration)
 Threads    : 2

                  Objective                Residual
Iter       Primal          Dual         Primal    Dual     Compl     Time
   0   5.19960519e+17 -1.21714509e+17  5.69e+08 3.73e+06  7.39e+13   234s
   1   4.25390009e+17 -1.22271693e+17  4.59e+08 4.46e+06  6.16e+13   278s
   2   3.69686749e+17 -2.29472312e+17  3.88e+08 5.17e+06  4.01e+13   324s
   3   3.11126315e+17 -8.00198678e+17  3.13e+08 1.66e+06  2.86e+13   373s
   4   1.84161496e+17 -1.32694844e+18  1.76e+08 3.99e+05  1.58e+13   423s
   5   3.84630395e+16 -1.42016696e+18  3.51e+07 1.29e+07  3.32e+12   469s
   6   2.38136332e+16 -1.02334619e+18  2.12e+07 2.30e+06  1.93e+12   517s
   7   1.01557943e+16 -6.90077133e+17  8.13e+06 2.70e+06  7.52e+11   570s
   8   7.09274265e+15 -4.82043255e+17  5.08e+06 1.18e+06  4.55e+11   619s
   9   3.98542238e+15 -2.55620563e+17  1.85e+06 9.51e+05  1.69e+11   672s
  10   2.57366159e+15 -9.79105198e+16  4.02e+05 5.03e+05  4.08e+10   737s
  11   1.58086485e+15 -3.32203096e+16  3.42e+04 4.47e+04  7.42e+09   885s
  12   4.21332294e+14 -4.91723595e+15  5.24e+03 3.46e+03  9.76e+08   950s
  13   2.19945597e+14 -3.40176565e+15  2.04e+03 2.33e+03  6.34e+08  1006s
  14   1.58851651e+14 -1.88335145e+15  1.18e+03 1.27e+03  3.53e+08  1062s
  15   1.13155422e+14 -1.52287590e+15  6.16e+02 1.03e+03  2.80e+08  1114s
  16   7.39506538e+13 -7.77588251e+14  2.17e+02 5.26e+02  1.45e+08  1175s
  17   6.09702537e+13 -5.18425083e+14  1.17e+02 3.57e+02  9.84e+07  1227s
  18   4.91160422e+13 -2.52129337e+14  4.92e+01 1.78e+02  5.11e+07  1288s
  19   4.09422709e+13 -1.75799439e+14  2.85e+01 1.28e+02  3.68e+07  1346s
  20   2.90967813e+13 -1.04291953e+14  1.42e+01 7.83e+01  2.26e+07  1404s
  21   2.03323240e+13 -5.63369563e+13  7.40e+00 4.39e+01  1.30e+07  1477s
  22   1.39547842e+13 -3.55345192e+13  3.69e+00 2.86e+01  8.39e+06  1538s
  23   1.19495917e+13 -1.96884678e+13  2.64e+00 1.69e+01  5.36e+06  1601s
  24   1.00835907e+13 -1.27554410e+13  1.75e+00 1.17e+01  3.87e+06  1659s
  25   8.37553330e+12 -6.11747650e+12  9.54e-01 6.84e+00  2.46e+06  1730s
  26   7.10684582e+12 -3.47046812e+12  3.93e-01 4.89e+00  1.79e+06  1795s
  27   5.72596668e+12 -8.56025304e+11  1.02e-01 3.01e+00  1.12e+06  1872s
  28   5.29257900e+12  4.21876064e+11  8.21e-02 2.11e+00  8.26e+05  1929s
  29   5.01194213e+12  8.94580812e+11  6.89e-02 1.78e+00  6.98e+05  1981s
  30   4.56473618e+12  1.84602517e+12  4.78e-02 1.11e+00  4.61e+05  2054s
  31   4.31223971e+12  2.49077795e+12  3.63e-02 6.65e-01  3.09e+05  2119s
  32   4.15191617e+12  2.79871599e+12  2.90e-02 4.56e-01  2.29e+05  2179s
  33   4.07755455e+12  2.88647863e+12  2.57e-02 3.96e-01  2.02e+05  2233s
  34   4.01032926e+12  2.96991727e+12  2.27e-02 3.41e-01  1.76e+05  2283s
  35   3.94313193e+12  3.05764510e+12  1.97e-02 2.83e-01  1.50e+05  2340s
  36   3.87608167e+12  3.13723615e+12  1.67e-02 2.32e-01  1.25e+05  2396s
  37   3.81796899e+12  3.21787345e+12  1.42e-02 1.81e-01  1.02e+05  2461s
  38   3.78980962e+12  3.25705828e+12  1.29e-02 1.56e-01  9.03e+04  2513s
  39   3.75667987e+12  3.29037182e+12  1.14e-02 1.34e-01  7.90e+04  2569s
  40   3.71242909e+12  3.31996165e+12  9.40e-03 1.16e-01  6.65e+04  2630s
  41   3.66974095e+12  3.34256782e+12  7.42e-03 1.02e-01  5.55e+04  2694s
  42   3.65623940e+12  3.36821440e+12  6.78e-03 8.68e-02  4.88e+04  2751s
  43   3.64525863e+12  3.38024276e+12  6.27e-03 7.95e-02  4.49e+04  2809s
  44   3.63119603e+12  3.39513317e+12  5.59e-03 7.06e-02  4.00e+04  2866s
  45   3.61438839e+12  3.40901314e+12  4.79e-03 6.24e-02  3.48e+04  2926s
  46   3.60281852e+12  3.42428042e+12  4.24e-03 5.33e-02  3.03e+04  2984s
  47   3.59157641e+12  3.43946318e+12  3.70e-03 4.45e-02  2.58e+04  3045s
  48   3.58458724e+12  3.44510352e+12  3.35e-03 4.12e-02  2.36e+04  3101s
  49   3.57957126e+12  3.45082558e+12  3.11e-03 3.78e-02  2.18e+04  3153s
  50   3.57114416e+12  3.45993508e+12  2.69e-03 3.25e-02  1.89e+04  3214s
  51   3.56576305e+12  3.46436939e+12  2.43e-03 2.99e-02  1.72e+04  3270s
  52   3.56232669e+12  3.47327457e+12  2.26e-03 2.48e-02  1.51e+04  3327s
  53   3.55353174e+12  3.48163716e+12  1.81e-03 2.01e-02  1.22e+04  3391s
  54   3.54813277e+12  3.48618477e+12  1.54e-03 1.75e-02  1.05e+04  3450s
  55   3.54470084e+12  3.48905426e+12  1.36e-03 1.58e-02  9.43e+03  3502s
  56   3.54101825e+12  3.49366044e+12  1.18e-03 1.33e-02  8.03e+03  3569s
  57   3.53865560e+12  3.49844902e+12  1.10e-03 1.06e-02  6.82e+03  3627s
  58   3.53663327e+12  3.50061831e+12  1.40e-03 9.35e-03  6.11e+03  3686s
  59   3.53312525e+12  3.50295094e+12  1.96e-03 8.06e-03  5.11e+03  3749s
  60   3.53180142e+12  3.50479518e+12  2.16e-03 7.05e-03  4.58e+03  3805s
  61   3.53104397e+12  3.50616959e+12  2.27e-03 6.29e-03  4.22e+03  3858s
  62   3.52947710e+12  3.50719985e+12  2.64e-03 5.73e-03  3.78e+03  3914s
  63   3.52732541e+12  3.50903100e+12  2.98e-03 4.73e-03  3.10e+03  3985s
  64   3.52525546e+12  3.51057961e+12  2.94e-03 3.90e-03  2.49e+03  4053s
  65   3.52400730e+12  3.51214966e+12  2.65e-03 3.07e-03  2.01e+03  4124s
  66   3.52307797e+12  3.51302935e+12  2.29e-03 2.60e-03  1.70e+03  4180s
  67   3.52261130e+12  3.51362216e+12  2.19e-03 2.29e-03  1.52e+03  4249s
  68   3.52186803e+12  3.51439225e+12  2.01e-03 1.88e-03  1.27e+03  4310s
  69   3.52132224e+12  3.51472900e+12  2.02e-03 1.70e-03  1.12e+03  4367s
  70   3.52095526e+12  3.51517755e+12  1.83e-03 1.47e-03  9.79e+02  4425s
  71   3.52032041e+12  3.51570467e+12  1.54e-03 1.19e-03  7.82e+02  4494s
  72   3.52005399e+12  3.51611659e+12  1.38e-03 9.69e-04  6.67e+02  4557s
  73   3.51973711e+12  3.51636519e+12  1.32e-03 8.36e-04  5.72e+02  4624s
  74   3.51952479e+12  3.51660649e+12  1.23e-03 7.06e-04  4.95e+02  4680s
  75   3.51941687e+12  3.51673913e+12  1.17e-03 6.36e-04  4.54e+02  4736s
  76   3.51918586e+12  3.51688308e+12  1.08e-03 5.60e-04  3.90e+02  4804s
  77   3.51899879e+12  3.51703811e+12  9.77e-04 4.77e-04  3.32e+02  4877s
  78   3.51882172e+12  3.51717607e+12  8.80e-04 4.03e-04  2.79e+02  4956s
  79   3.51871457e+12  3.51728355e+12  7.88e-04 3.45e-04  2.43e+02  5025s
  80   3.51861971e+12  3.51738053e+12  7.03e-04 2.93e-04  2.10e+02  5096s
  81   3.51853436e+12  3.51745571e+12  6.35e-04 2.53e-04  1.83e+02  5189s
  82   3.51847965e+12  3.51752387e+12  5.89e-04 2.16e-04  1.62e+02  5285s
  83   3.51834299e+12  3.51758455e+12  6.56e-04 1.83e-04  1.29e+02  5387s
  84   3.51827513e+12  3.51764334e+12  6.49e-04 1.51e-04  1.07e+02  5525s
  85   3.51820707e+12  3.51768104e+12  5.90e-04 1.31e-04  8.92e+01  5627s
  86   3.51816446e+12  3.51774169e+12  6.02e-04 9.77e-05  7.17e+01  5849s

Barrier solved model in 86 iterations and 5848.66 seconds (4367.62 work units)
Optimal objective 3.51816446e+12

DataFrames created and saved successfully.
DataFrames created and saved successfully.
total_ll_amt: 6640.0301305668745
Objective Value : 3518164460379.864
Expected Second Stage Value : 1074384725296.3899
Total Solving Time : 6061.411324501038
