seed was set to 30
Generating .tab-files...
Solver: Gurobi
No absolute emission cap...
Declaring sets...
Reading sets...
Constructing sub sets...
Declaring parameters...
Reading parameters...
Constructing parameter values...
Sets and parameters declared and read...
Declaring variables...
Objective and constraints read...
Building instance...
Building instance took [sec]: 64.70961928367615
----------------------Problem Statistics---------------------
Nodes: 35
Lines: 85

GeneratorTypes: 5
TotalGenerators: 143
StorageTypes: 2
TotalStorages: 66

InvestmentPeriod:  PeriodActive
InvestmentUntil: 2060
Scenarios: 1
TotalOperationalHoursPerScenario: 720
TotalOperationalHoursPerInvYear: 720
Seasons: 6
RegularSeasons: 4
LengthRegSeason: 168
PeakSeasons: 2
LengthPeakSeason: 24

Discount rate: 0.05
Operational discount scale: 4.54595050416236
--------------------------------------------------------------
Solving...
Set parameter TokenServer to value "license1.2e.hpc.psu.edu"
Read LP format model from file /storage/work/tzk5446/NeurMHSP/codes/EMPIRE/tmp297gzjpx.pyomo.lp
Reading time = 9.07 seconds
x1: 3936352 rows, 3150721 columns, 11985692 nonzeros
Set parameter QCPDual to value 1
Set parameter Crossover to value 0
Set parameter Method to value 2
Set parameter Threads to value 2
Set parameter BarConvTol to value 0.0001
Gurobi Optimizer version 10.0.3 build v10.0.3rc0 (linux64)

CPU model: Intel(R) Xeon(R) Gold 6248R CPU @ 3.00GHz, instruction set [SSE2|AVX|AVX2|AVX512]
Thread count: 48 physical cores, 48 logical processors, using up to 2 threads

Optimize a model with 3936352 rows, 3150721 columns and 11985692 nonzeros
Model fingerprint: 0x9584a33b
Coefficient statistics:
  Matrix range     [1e-03, 1e+00]
  Objective range  [1e-01, 4e+06]
  Bounds range     [1e+00, 1e+00]
  RHS range        [5e-01, 2e+07]
Presolve removed 635096 rows and 396504 columns (presolve time = 6s) ...
Presolve removed 636776 rows and 396504 columns
Presolve time: 8.86s
Presolved: 3299576 rows, 2754217 columns, 10594397 nonzeros
Elapsed ordering time = 8s
Elapsed ordering time = 11s
Elapsed ordering time = 15s
Elapsed ordering time = 20s
Elapsed ordering time = 25s
Elapsed ordering time = 30s
Elapsed ordering time = 35s
Elapsed ordering time = 42s
Elapsed ordering time = 45s
Elapsed ordering time = 50s
Elapsed ordering time = 55s
Elapsed ordering time = 60s
Elapsed ordering time = 65s
Elapsed ordering time = 70s
Elapsed ordering time = 76s
Elapsed ordering time = 80s
Elapsed ordering time = 85s
Elapsed ordering time = 90s
Elapsed ordering time = 95s
Elapsed ordering time = 100s
Elapsed ordering time = 109s
Elapsed ordering time = 112s
Elapsed ordering time = 115s
Elapsed ordering time = 120s
Elapsed ordering time = 125s
Elapsed ordering time = 130s
Elapsed ordering time = 135s
Elapsed ordering time = 140s
Elapsed ordering time = 145s
Elapsed ordering time = 151s
Elapsed ordering time = 155s
Elapsed ordering time = 160s
Elapsed ordering time = 165s
Elapsed ordering time = 170s
Elapsed ordering time = 175s
Ordering time: 176.64s

Barrier statistics:
 Dense cols : 2088
 AA' NZ     : 2.773e+07
 Factor NZ  : 5.956e+08 (roughly 7.0 GB of memory)
 Factor Ops : 2.496e+12 (roughly 20 seconds per iteration)
 Threads    : 2

                  Objective                Residual
Iter       Primal          Dual         Primal    Dual     Compl     Time
   0   1.46724835e+16 -2.53470255e+16  5.69e+08 2.85e+04  1.53e+13   233s
   1   1.33407368e+16 -2.53878904e+16  4.61e+08 8.56e+05  1.29e+13   275s
   2   1.27949592e+16 -2.94702639e+16  4.23e+08 1.21e+06  8.95e+12   319s
   3   1.01603958e+16 -1.38490038e+17  3.36e+08 3.32e+05  6.79e+12   365s
   4   8.25203172e+15 -2.08590386e+17  2.70e+08 1.02e+05  5.26e+12   412s
   5   1.28679047e+15 -2.82286977e+17  3.97e+07 2.17e+04  8.52e+11   460s
   6   5.39084054e+14 -2.24952819e+17  1.52e+07 3.33e+04  3.36e+11   500s
   7   3.05837650e+14 -1.30265281e+17  7.55e+06 3.23e+04  1.61e+11   551s
   8   2.19909359e+14 -9.42464583e+16  4.76e+06 1.06e+04  9.99e+10   598s
   9   1.59890273e+14 -6.82247164e+16  2.81e+06 8.68e+03  5.91e+10   646s
  10   8.99922696e+13 -2.70155692e+16  5.06e+05 1.63e+04  1.25e+10   713s
  11   7.86316816e+13 -9.49582526e+15  1.22e+05 1.48e+04  3.14e+09   831s
  12   7.47091415e+13 -3.70384126e+15  2.81e+04 1.67e+04  8.69e+08  1106s
  13   7.16383412e+13 -2.02906466e+15  1.36e+04 7.78e+03  4.35e+08  1169s
  14   6.52900131e+13 -1.21110959e+15  9.48e+03 4.30e+03  2.56e+08  1230s
  15   5.24641964e+13 -5.26679863e+14  4.03e+03 1.68e+03  1.09e+08  1308s
  16   4.66835344e+13 -4.25276323e+14  2.50e+03 1.36e+03  8.67e+07  1360s
  17   3.88944565e+13 -1.88253767e+14  1.17e+03 5.80e+02  4.08e+07  1417s
  18   3.53936152e+13 -1.08065707e+14  9.34e+02 3.33e+02  2.57e+07  1482s
  19   2.43832853e+13 -8.74389945e+13  4.27e+02 2.73e+02  1.98e+07  1537s
  20   1.68227243e+13 -4.88972622e+13  2.64e+02 1.55e+02  1.16e+07  1600s
  21   1.36962056e+13 -2.55186128e+13  1.96e+02 8.44e+01  6.91e+06  1661s
  22   1.14085677e+13 -1.61741589e+13  1.49e+02 5.70e+01  4.86e+06  1723s
  23   8.68317305e+12 -7.14765482e+12  9.58e+01 2.92e+01  2.78e+06  1789s
  24   7.08280247e+12 -3.79348442e+12  6.53e+01 1.99e+01  1.91e+06  1854s
  25   6.10773403e+12 -3.11842371e+12  4.72e+01 1.80e+01  1.62e+06  1911s
  26   5.37182144e+12 -2.48917107e+11  3.32e+01 1.00e+01  9.87e+05  1974s
  27   4.93334795e+12  1.03017255e+12  2.51e+01 6.50e+00  6.85e+05  2030s
  28   4.55024430e+12  2.05214105e+12  1.81e+01 3.69e+00  4.39e+05  2104s
  29   4.28066946e+12  2.39808459e+12  1.30e+01 2.78e+00  3.30e+05  2165s
  30   4.14376371e+12  2.68822607e+12  1.04e+01 2.03e+00  2.56e+05  2222s
  31   4.03927355e+12  2.79768023e+12  8.48e+00 1.76e+00  2.18e+05  2276s
  32   3.96690489e+12  2.91436805e+12  7.10e+00 1.46e+00  1.85e+05  2331s
  33   3.87232624e+12  3.00721869e+12  5.35e+00 1.23e+00  1.52e+05  2390s
  34   3.81684212e+12  3.10155083e+12  4.33e+00 9.99e-01  1.26e+05  2446s
  35   3.75000426e+12  3.16637072e+12  3.11e+00 8.42e-01  1.02e+05  2509s
  36   3.72582999e+12  3.20859619e+12  2.66e+00 7.40e-01  9.08e+04  2562s
  37   3.69913997e+12  3.26801704e+12  2.16e+00 5.97e-01  7.57e+04  2623s
  38   3.67660359e+12  3.28902064e+12  1.75e+00 5.45e-01  6.80e+04  2677s
  39   3.65641680e+12  3.31601899e+12  1.37e+00 4.80e-01  5.97e+04  2734s
  40   3.64072720e+12  3.34454315e+12  1.09e+00 4.12e-01  5.20e+04  2799s
  41   3.63139940e+12  3.35500411e+12  9.20e-01 3.86e-01  4.85e+04  2854s
  42   3.61236117e+12  3.37206191e+12  5.68e-01 3.46e-01  4.22e+04  2924s
  43   3.60515524e+12  3.38365258e+12  4.38e-01 3.19e-01  3.89e+04  2978s
  44   3.60011847e+12  3.40377299e+12  3.48e-01 2.71e-01  3.45e+04  3037s
  45   3.59244811e+12  3.41024155e+12  2.13e-01 2.55e-01  3.20e+04  3090s
  46   3.58600237e+12  3.42244483e+12  1.26e-01 2.26e-01  2.87e+04  3146s
  47   3.57773676e+12  3.43398182e+12  1.10e-01 1.99e-01  2.52e+04  3211s
  48   3.56941436e+12  3.44853232e+12  9.48e-02 1.64e-01  2.12e+04  3272s
  49   3.56373450e+12  3.45653781e+12  8.43e-02 1.45e-01  1.88e+04  3331s
  50   3.55892475e+12  3.46125779e+12  7.55e-02 1.34e-01  1.71e+04  3387s
  51   3.55589475e+12  3.46573090e+12  7.00e-02 1.23e-01  1.58e+04  3439s
  52   3.55188292e+12  3.47001609e+12  6.25e-02 1.13e-01  1.44e+04  3499s
  53   3.55000430e+12  3.47457818e+12  5.89e-02 1.02e-01  1.32e+04  3552s
  54   3.54612362e+12  3.47831686e+12  5.16e-02 9.37e-02  1.19e+04  3612s
  55   3.54295018e+12  3.48240661e+12  4.56e-02 8.40e-02  1.06e+04  3671s
  56   3.54101028e+12  3.48584668e+12  4.20e-02 7.60e-02  9.68e+03  3724s
  57   3.53846693e+12  3.49004876e+12  3.72e-02 6.61e-02  8.50e+03  3789s
  58   3.53674119e+12  3.49346846e+12  3.39e-02 5.80e-02  7.59e+03  3852s
  59   3.53531739e+12  3.49731860e+12  3.13e-02 4.88e-02  6.67e+03  3907s
  60   3.53313694e+12  3.49955592e+12  2.73e-02 4.35e-02  5.89e+03  3967s
  61   3.53197565e+12  3.50305948e+12  2.52e-02 3.53e-02  5.08e+03  4028s
  62   3.53121838e+12  3.50376108e+12  2.38e-02 3.36e-02  4.82e+03  4083s
  63   3.52926840e+12  3.50540570e+12  2.02e-02 2.97e-02  4.19e+03  4140s
  64   3.52754088e+12  3.50689933e+12  1.70e-02 2.62e-02  3.62e+03  4197s
  65   3.52648985e+12  3.50856624e+12  1.51e-02 2.23e-02  3.15e+03  4254s
  66   3.52536237e+12  3.50989655e+12  1.31e-02 1.93e-02  2.71e+03  4317s
  67   3.52418221e+12  3.51101895e+12  1.08e-02 1.67e-02  2.31e+03  4385s
  68   3.52299024e+12  3.51210588e+12  8.62e-03 1.41e-02  1.91e+03  4444s
  69   3.52244566e+12  3.51316400e+12  7.61e-03 1.17e-02  1.63e+03  4510s
  70   3.52191259e+12  3.51371655e+12  6.63e-03 1.04e-02  1.44e+03  4568s
  71   3.52146349e+12  3.51447767e+12  5.78e-03 8.66e-03  1.23e+03  4630s
  72   3.52127048e+12  3.51497565e+12  5.43e-03 7.50e-03  1.10e+03  4691s
  73   3.52076500e+12  3.51545428e+12  4.53e-03 6.40e-03  9.32e+02  4754s
  74   3.52050530e+12  3.51582265e+12  4.05e-03 5.54e-03  8.22e+02  4810s
  75   3.52026533e+12  3.51615440e+12  3.62e-03 4.77e-03  7.22e+02  4867s
  76   3.52000320e+12  3.51640631e+12  3.16e-03 4.18e-03  6.31e+02  4928s
  77   3.51982461e+12  3.51679033e+12  2.84e-03 3.28e-03  5.33e+02  4989s
  78   3.51951929e+12  3.51703276e+12  2.57e-03 2.71e-03  4.36e+02  5066s
  79   3.51926955e+12  3.51719843e+12  2.34e-03 2.32e-03  3.63e+02  5128s
  80   3.51915878e+12  3.51741202e+12  2.22e-03 1.83e-03  3.07e+02  5193s
  81   3.51904633e+12  3.51751888e+12  3.13e-03 1.58e-03  2.68e+02  5255s
  82   3.51901325e+12  3.51759651e+12  3.67e-03 1.40e-03  2.49e+02  5313s
  83   3.51883954e+12  3.51765143e+12  4.10e-03 1.26e-03  2.09e+02  5373s
  84   3.51874855e+12  3.51773105e+12  4.01e-03 1.07e-03  1.79e+02  5438s
  85   3.51866526e+12  3.51780136e+12  3.72e-03 9.12e-04  1.52e+02  5512s
  86   3.51855602e+12  3.51784753e+12  3.18e-03 8.04e-04  1.24e+02  5580s
  87   3.51850480e+12  3.51792057e+12  2.69e-03 6.35e-04  1.03e+02  5640s
  88   3.51845629e+12  3.51795642e+12  2.27e-03 5.50e-04  8.77e+01  5706s
  89   3.51842680e+12  3.51798111e+12  2.06e-03 4.93e-04  7.82e+01  5776s
  90   3.51838377e+12  3.51801060e+12  1.75e-03 4.24e-04  6.55e+01  5845s

Barrier solved model in 90 iterations and 5844.83 seconds (4240.76 work units)
Optimal objective 3.51838377e+12

DataFrames created and saved successfully.
DataFrames created and saved successfully.
total_ll_amt: 0.0
Objective Value : 3518383773734.703
Expected Second Stage Value : 1071987532432.862
Total Solving Time : 6070.042428255081
