seed was set to 100
Generating .tab-files...
Solver: Gurobi
No absolute emission cap...
Declaring sets...
Reading sets...
Constructing sub sets...
Declaring parameters...
Reading parameters...
Constructing parameter values...
Sets and parameters declared and read...
Declaring variables...
Objective and constraints read...
Building instance...
Building instance took [sec]: 26.135561227798462
----------------------Problem Statistics---------------------
Nodes: 35
Lines: 85

GeneratorTypes: 27
TotalGenerators: 634
StorageTypes: 2
TotalStorages: 66

InvestmentPeriod:  PeriodActive
InvestmentUntil: 2060
Scenarios: 1
TotalOperationalHoursPerScenario: 110
TotalOperationalHoursPerInvYear: 110
Seasons: 6
RegularSeasons: 4
LengthRegSeason: 24
PeakSeasons: 2
LengthPeakSeason: 7

Discount rate: 0.05
Operational discount scale: 4.54595050416236
--------------------------------------------------------------
Solving...
Set parameter TokenServer to value "license1.2e.hpc.psu.edu"
Read LP format model from file /storage/work/tzk5446/NeurMHSP/codes/EMPIRE/tmpcti77c68.pyomo.lp
Reading time = 3.17 seconds
x1: 1399216 rows, 926177 columns, 4272245 nonzeros
Set parameter QCPDual to value 1
Set parameter Crossover to value 0
Set parameter Method to value 2
Set parameter Threads to value 2
Set parameter BarConvTol to value 0.0001
Gurobi Optimizer version 10.0.3 build v10.0.3rc0 (linux64)

CPU model: Intel(R) Xeon(R) Gold 6248R CPU @ 3.00GHz, instruction set [SSE2|AVX|AVX2|AVX512]
Thread count: 48 physical cores, 48 logical processors, using up to 2 threads

Optimize a model with 1399216 rows, 926177 columns and 4272245 nonzeros
Model fingerprint: 0x4b547113
Coefficient statistics:
  Matrix range     [1e-03, 1e+00]
  Objective range  [8e-02, 8e+06]
  Bounds range     [1e+00, 1e+00]
  RHS range        [5e-01, 2e+07]
Presolve removed 574254 rows and 221290 columns
Presolve time: 2.49s
Presolved: 824962 rows, 704887 columns, 2678361 nonzeros
Elapsed ordering time = 7s
Elapsed ordering time = 11s
Elapsed ordering time = 15s
Elapsed ordering time = 20s
Elapsed ordering time = 26s
Elapsed ordering time = 30s
Ordering time: 31.32s

Barrier statistics:
 Dense cols : 280
 AA' NZ     : 6.206e+07
 Factor NZ  : 1.893e+08 (roughly 2.0 GB of memory)
 Factor Ops : 1.730e+11 (roughly 2 seconds per iteration)
 Threads    : 2

                  Objective                Residual
Iter       Primal          Dual         Primal    Dual     Compl     Time
   0   7.86018850e+16 -3.67807831e+16  8.97e+07 3.49e+05  2.07e+13    44s
   1   6.31222041e+16 -3.19450257e+16  6.82e+07 1.06e+06  1.06e+13    48s
   2   4.59077590e+16 -5.61346681e+16  4.81e+07 4.81e+05  7.49e+12    53s
   3   2.43447793e+16 -9.47363340e+16  2.50e+07 4.51e+04  3.93e+12    59s
   4   3.17871615e+15 -7.87509404e+16  3.15e+06 8.83e+02  5.26e+11    65s
   5   9.39919094e+14 -4.80991959e+16  8.46e+05 5.04e+02  1.51e+11    71s
   6   2.90343942e+14 -2.18820431e+16  1.20e+05 1.45e+02  2.93e+10    78s
   7   2.01515153e+14 -5.20128702e+15  1.87e+04 1.23e+02  5.30e+09    86s
   8   1.58753369e+14 -3.54505144e+15  5.33e+03 7.87e+01  2.84e+09    94s
   9   1.21744139e+14 -7.67071730e+14  1.27e+03 1.19e+01  6.36e+08   107s
  10   8.50743930e+13 -4.81468066e+14  5.22e+02 7.44e+00  3.85e+08   115s
  11   5.46808973e+13 -2.20952794e+14  1.52e+02 3.37e+00  1.81e+08   126s
  12   4.86274564e+13 -9.47592471e+13  1.13e+02 1.52e+00  9.38e+07   134s
  13   2.98206766e+13 -5.58071620e+13  4.89e+01 9.45e-01  5.55e+07   143s
  14   2.23910271e+13 -2.94587593e+13  3.58e+01 5.13e-01  3.36e+07   152s
  15   1.64571705e+13 -1.82317258e+13  2.48e+01 3.25e-01  2.24e+07   160s
  16   1.25273100e+13 -1.44001734e+13  1.83e+01 2.57e-01  1.74e+07   167s
  17   1.09235462e+13 -1.06153421e+13  1.58e+01 1.89e-01  1.39e+07   174s
  18   8.76431140e+12 -7.74902025e+12  1.25e+01 1.37e-01  1.06e+07   181s
  19   6.86791840e+12 -5.86922547e+12  9.67e+00 1.03e-01  8.19e+06   189s
  20   4.81754685e+12 -3.43340130e+12  6.69e+00 5.71e-02  5.30e+06   197s
  21   3.39814187e+12 -2.31912995e+12  4.71e+00 3.74e-02  3.67e+06   205s
  22   2.54317537e+12 -1.50639064e+12  3.54e+00 2.31e-02  2.60e+06   213s
  23   1.95965503e+12 -1.13580793e+12  2.76e+00 1.66e-02  1.99e+06   221s
  24   1.60024046e+12 -9.59441855e+11  2.30e+00 1.38e-02  1.64e+06   230s
  25   1.45178653e+12 -7.70953362e+11  2.11e+00 1.07e-02  1.43e+06   238s
  26   1.17074330e+12 -6.58320709e+11  1.74e+00 8.86e-03  1.17e+06   246s
  27   9.31154635e+11 -5.66898060e+11  1.42e+00 7.43e-03  9.61e+05   254s
  28   8.44994332e+11 -4.26855894e+11  1.30e+00 5.39e-03  8.16e+05   263s
  29   7.08648666e+11 -3.34807406e+11  1.10e+00 4.09e-03  6.69e+05   273s
  30   6.30325412e+11 -2.66326308e+11  9.76e-01 3.20e-03  5.75e+05   281s
  31   4.74893720e+11 -2.18525355e+11  7.41e-01 2.61e-03  4.45e+05   289s
  32   3.76107343e+11 -1.76632444e+11  5.89e-01 2.12e-03  3.55e+05   297s
  33   3.26728088e+11 -1.35563574e+11  5.11e-01 1.64e-03  2.96e+05   305s
  34   2.75068840e+11 -1.03420497e+11  4.30e-01 1.26e-03  2.43e+05   313s
  35   2.40111352e+11 -6.90341325e+10  3.75e-01 8.40e-04  1.98e+05   322s
  36   1.87360345e+11 -4.75746373e+10  2.92e-01 5.58e-04  1.51e+05   331s
  37   1.49948413e+11 -3.26557795e+10  2.34e-01 3.57e-04  1.17e+05   340s
  38   1.21416929e+11 -1.83502564e+10  1.92e-01 1.62e-04  8.96e+04   348s
  39   8.67068306e+10 -1.14335295e+10  1.38e-01 9.36e-05  6.29e+04   356s
  40   6.92540780e+10 -7.14253701e+09  1.13e-01 5.21e-05  4.90e+04   364s
  41   5.34015792e+10 -4.26602287e+09  8.80e-02 2.66e-05  3.70e+04   372s
  42   3.48831654e+10 -2.59210212e+09  5.80e-02 8.95e-06  2.40e+04   380s
  43   1.90312009e+10 -1.38580361e+09  3.15e-02 2.09e-06  1.31e+04   388s
  44   1.18347525e+10 -5.75238251e+08  1.91e-02 3.41e-07  7.96e+03   397s
  45   5.24548591e+09 -2.52680231e+08  8.04e-03 1.86e-09  3.53e+03   406s
  46   3.43195471e+09 -1.97784290e+08  5.24e-03 2.79e-09  2.33e+03   415s
  47   2.48218533e+09 -1.03815825e+08  3.76e-03 2.79e-09  1.66e+03   423s
  48   1.07504351e+09 -5.25430649e+07  1.57e-03 1.86e-09  7.23e+02   430s
  49   3.54158982e+08 -2.70206386e+07  4.54e-04 3.73e-09  2.44e+02   438s
  50   8.89230870e+07 -1.25053077e+07  1.05e-04 3.73e-09  6.50e+01   447s
  51   1.70629576e+07 -4.29429701e+06  1.80e-05 2.00e-09  1.37e+01   456s
  52   4.03285730e+06 -1.03422857e+06  2.46e-05 1.86e-09  3.25e+00   465s
  53   3.06660335e+06 -2.64473564e+05  1.38e-05 2.79e-09  2.14e+00   475s

Barrier solved model in 53 iterations and 474.59 seconds (272.66 work units)
Optimal objective 3.06660335e+06

DataFrames created and saved successfully.
DataFrames created and saved successfully.
total_ll_amt: 0.2969745429506596
Objective Value : 3066603.350447654
Expected Second Stage Value : 2149696.727020443
Total Solving Time : 570.4474444389343
