seed was set to 42
Generating .tab-files...
Solver: Gurobi
No absolute emission cap...
Declaring sets...
Reading sets...
Constructing sub sets...
Declaring parameters...
Reading parameters...
Constructing parameter values...
Sets and parameters declared and read...
Declaring variables...
Objective and constraints read...
Building instance...
Building instance took [sec]: 64.33334445953369
----------------------Problem Statistics---------------------
Nodes: 35
Lines: 85

GeneratorTypes: 5
TotalGenerators: 143
StorageTypes: 2
TotalStorages: 66

InvestmentPeriod:  PeriodActive
InvestmentUntil: 2060
Scenarios: 1
TotalOperationalHoursPerScenario: 720
TotalOperationalHoursPerInvYear: 720
Seasons: 6
RegularSeasons: 4
LengthRegSeason: 168
PeakSeasons: 2
LengthPeakSeason: 24

Discount rate: 0.05
Operational discount scale: 4.54595050416236
--------------------------------------------------------------
Solving...
Set parameter TokenServer to value "license1.2e.hpc.psu.edu"
Read LP format model from file /storage/work/tzk5446/NeurMHSP/codes/EMPIRE/tmpe4msp7x7.pyomo.lp
Reading time = 8.46 seconds
x1: 3936352 rows, 3150721 columns, 11982771 nonzeros
Set parameter QCPDual to value 1
Set parameter Crossover to value 0
Set parameter Method to value 2
Set parameter Threads to value 2
Set parameter BarConvTol to value 0.0001
Gurobi Optimizer version 10.0.3 build v10.0.3rc0 (linux64)

CPU model: Intel(R) Xeon(R) Gold 6248R CPU @ 3.00GHz, instruction set [SSE2|AVX|AVX2|AVX512]
Thread count: 48 physical cores, 48 logical processors, using up to 2 threads

Optimize a model with 3936352 rows, 3150721 columns and 11982771 nonzeros
Model fingerprint: 0x3690edec
Coefficient statistics:
  Matrix range     [1e-03, 1e+00]
  Objective range  [1e-01, 4e+06]
  Bounds range     [1e+00, 1e+00]
  RHS range        [5e-01, 2e+07]
Presolve removed 638087 rows and 399425 columns (presolve time = 6s) ...
Presolve removed 639767 rows and 399425 columns
Presolve time: 8.94s
Presolved: 3296585 rows, 2751296 columns, 10585538 nonzeros
Elapsed ordering time = 8s
Elapsed ordering time = 11s
Elapsed ordering time = 15s
Elapsed ordering time = 20s
Elapsed ordering time = 25s
Elapsed ordering time = 30s
Elapsed ordering time = 35s
Elapsed ordering time = 45s
Elapsed ordering time = 51s
Elapsed ordering time = 55s
Elapsed ordering time = 60s
Elapsed ordering time = 65s
Elapsed ordering time = 70s
Elapsed ordering time = 78s
Elapsed ordering time = 80s
Elapsed ordering time = 85s
Elapsed ordering time = 90s
Elapsed ordering time = 95s
Elapsed ordering time = 100s
Elapsed ordering time = 113s
Elapsed ordering time = 117s
Elapsed ordering time = 120s
Elapsed ordering time = 125s
Elapsed ordering time = 130s
Elapsed ordering time = 135s
Elapsed ordering time = 140s
Elapsed ordering time = 149s
Elapsed ordering time = 151s
Elapsed ordering time = 155s
Elapsed ordering time = 160s
Elapsed ordering time = 165s
Elapsed ordering time = 170s
Ordering time: 179.22s

Barrier statistics:
 Dense cols : 2085
 AA' NZ     : 2.698e+07
 Factor NZ  : 5.818e+08 (roughly 7.0 GB of memory)
 Factor Ops : 2.558e+12 (roughly 20 seconds per iteration)
 Threads    : 2

                  Objective                Residual
Iter       Primal          Dual         Primal    Dual     Compl     Time
   0   1.43254583e+16 -3.43233813e+16  5.69e+08 5.33e+04  2.08e+13   226s
   1   1.36231628e+16 -3.43600701e+16  5.09e+08 9.41e+05  1.78e+13   259s
   2   1.34541308e+16 -3.82664867e+16  4.90e+08 1.64e+06  1.26e+13   290s
   3   1.10170763e+16 -1.34101111e+17  3.70e+08 4.69e+05  7.78e+12   327s
   4   8.24573112e+15 -2.43017851e+17  2.73e+08 1.12e+05  5.52e+12   364s
   5   1.84644258e+15 -3.19946059e+17  5.88e+07 3.47e+03  1.31e+12   424s
   6   7.97701306e+14 -2.45739856e+17  2.40e+07 2.21e+00  5.34e+11   479s
   7   5.13388019e+14 -1.76854740e+17  1.46e+07 3.23e-01  3.14e+11   538s
   8   2.53464511e+14 -1.08552901e+17  5.97e+06 5.39e-02  1.29e+11   593s
   9   1.71288018e+14 -9.52632795e+16  3.25e+06 4.10e-02  7.51e+10   644s
  10   1.22115729e+14 -4.18438305e+16  1.61e+06 3.66e-03  3.33e+10   703s
  11   8.15665434e+13 -1.66987983e+16  2.15e+05 2.24e-04  6.02e+09   763s
  12   7.64429320e+13 -5.96844153e+15  4.88e+04 2.13e-04  1.52e+09   822s
  13   7.41811797e+13 -3.13646714e+15  1.74e+04 2.74e-04  6.70e+08   877s
  14   7.22841865e+13 -2.38226312e+15  1.15e+04 1.23e-04  4.88e+08   946s
  15   6.44860424e+13 -9.85887576e+14  3.58e+03 6.84e-05  1.94e+08  1011s
  16   5.41084482e+13 -3.95859347e+14  1.22e+03 6.22e-05  8.06e+07  1078s
  17   4.40370687e+13 -1.82523621e+14  5.32e+02 3.84e-05  4.02e+07  1139s
  18   3.15050392e+13 -6.45437824e+13  1.87e+02 1.90e-05  1.69e+07  1208s
  19   2.30790552e+13 -4.20797606e+13  1.27e+02 1.25e-05  1.15e+07  1270s
  20   1.89739376e+13 -2.61483812e+13  1.01e+02 8.46e-06  7.94e+06  1327s
  21   1.52334468e+13 -1.64184064e+13  7.62e+01 5.69e-06  5.57e+06  1384s
  22   1.14402748e+13 -7.58349022e+12  5.07e+01 2.80e-06  3.35e+06  1445s
  23   8.24282521e+12 -2.02864474e+12  2.92e+01 1.29e-06  1.81e+06  1530s
  24   6.57086940e+12  8.98217544e+11  1.79e+01 5.18e-07  9.97e+05  1605s
  25   5.83406359e+12  1.97164485e+12  1.32e+01 2.85e-07  6.79e+05  1658s
  26   5.21185855e+12  2.48273256e+12  9.32e+00 1.97e-07  4.80e+05  1715s
  27   4.60594493e+12  2.87098392e+12  5.45e+00 2.13e-07  3.05e+05  1776s
  28   4.32814326e+12  3.12468903e+12  3.64e+00 1.69e-07  2.11e+05  1849s
  29   4.10890345e+12  3.25603115e+12  2.13e+00 2.59e-07  1.50e+05  1912s
  30   4.00433007e+12  3.33739495e+12  1.43e+00 2.62e-07  1.17e+05  1971s
  31   3.92933764e+12  3.39157951e+12  9.49e-01 2.36e-07  9.45e+04  2027s
  32   3.88333999e+12  3.43405440e+12  6.66e-01 2.45e-07  7.89e+04  2088s
  33   3.85804343e+12  3.45843169e+12  4.99e-01 2.84e-07  7.02e+04  2139s
  34   3.81870043e+12  3.48763738e+12  2.46e-01 2.46e-07  5.82e+04  2200s
  35   3.79529935e+12  3.50926504e+12  1.26e-01 2.34e-07  5.03e+04  2253s
  36   3.77460819e+12  3.52753656e+12  1.10e-01 1.92e-07  4.34e+04  2306s
  37   3.75630160e+12  3.54661551e+12  9.63e-02 1.91e-07  3.68e+04  2363s
  38   3.73409354e+12  3.56457679e+12  7.88e-02 1.29e-07  2.98e+04  2428s
  39   3.72589197e+12  3.57391663e+12  7.21e-02 1.40e-07  2.67e+04  2478s
  40   3.71567917e+12  3.58608544e+12  6.41e-02 1.27e-07  2.28e+04  2535s
  41   3.70236484e+12  3.59550444e+12  5.36e-02 1.01e-07  1.88e+04  2598s
  42   3.69537848e+12  3.60324047e+12  4.82e-02 7.45e-08  1.62e+04  2655s
  43   3.68893990e+12  3.60724522e+12  4.28e-02 4.66e-08  1.44e+04  2706s
  44   3.68331967e+12  3.61108041e+12  3.82e-02 5.31e-08  1.27e+04  2759s
  45   3.67658056e+12  3.61624926e+12  3.25e-02 4.69e-08  1.06e+04  2818s
  46   3.67209234e+12  3.61853073e+12  2.87e-02 6.43e-08  9.41e+03  2873s
  47   3.66918793e+12  3.62134830e+12  2.61e-02 1.03e-07  8.41e+03  2925s
  48   3.66727033e+12  3.62295371e+12  2.44e-02 1.15e-07  7.79e+03  2976s
  49   3.66444582e+12  3.62472043e+12  2.19e-02 8.01e-08  6.98e+03  3031s
  50   3.66179509e+12  3.62742921e+12  1.96e-02 2.00e-07  6.04e+03  3092s
  51   3.65902905e+12  3.62919584e+12  1.71e-02 1.05e-07  5.24e+03  3149s
  52   3.65681352e+12  3.63070543e+12  1.52e-02 1.58e-07  4.59e+03  3200s
  53   3.65475720e+12  3.63169531e+12  1.33e-02 1.53e-07  4.05e+03  3253s
  54   3.65418991e+12  3.63206436e+12  1.27e-02 1.44e-07  3.89e+03  3303s
  55   3.65261559e+12  3.63325314e+12  1.13e-02 1.14e-07  3.40e+03  3356s
  56   3.65102451e+12  3.63467351e+12  9.79e-03 1.53e-07  2.87e+03  3417s
  57   3.64985702e+12  3.63556261e+12  8.71e-03 1.44e-07  2.51e+03  3476s
  58   3.64885893e+12  3.63622108e+12  7.76e-03 1.13e-07  2.22e+03  3533s
  59   3.64797495e+12  3.63707825e+12  6.91e-03 1.18e-07  1.91e+03  3592s
  60   3.64746694e+12  3.63743392e+12  6.39e-03 1.50e-07  1.76e+03  3645s
  61   3.64680323e+12  3.63778047e+12  5.72e-03 1.65e-07  1.59e+03  3698s
  62   3.64602044e+12  3.63805116e+12  4.95e-03 1.46e-07  1.40e+03  3759s
  63   3.64534409e+12  3.63839286e+12  5.44e-03 1.58e-07  1.22e+03  3814s
  64   3.64483007e+12  3.63870839e+12  5.81e-03 1.32e-07  1.08e+03  3876s
  65   3.64445820e+12  3.63902740e+12  5.94e-03 1.84e-07  9.54e+02  3929s
  66   3.64425649e+12  3.63921660e+12  5.91e-03 1.64e-07  8.85e+02  3980s
  67   3.64378804e+12  3.63946794e+12  5.67e-03 1.60e-07  7.59e+02  4043s
  68   3.64342826e+12  3.63967987e+12  5.39e-03 1.67e-07  6.59e+02  4102s
  69   3.64324971e+12  3.63980411e+12  5.19e-03 1.57e-07  6.05e+02  4153s
  70   3.64300776e+12  3.64001087e+12  4.87e-03 2.57e-07  5.27e+02  4214s
  71   3.64276849e+12  3.64019064e+12  4.43e-03 2.82e-07  4.53e+02  4269s
  72   3.64265228e+12  3.64028923e+12  4.26e-03 3.49e-07  4.15e+02  4319s
  73   3.64261998e+12  3.64030569e+12  4.20e-03 3.40e-07  4.07e+02  4372s
  74   3.64245304e+12  3.64045111e+12  3.78e-03 2.70e-07  3.52e+02  4437s
  75   3.64227797e+12  3.64052442e+12  3.51e-03 1.67e-07  3.08e+02  4489s
  76   3.64217894e+12  3.64064091e+12  3.36e-03 1.94e-07  2.70e+02  4546s
  77   3.64206893e+12  3.64073899e+12  3.18e-03 1.61e-07  2.34e+02  4599s
  78   3.64202468e+12  3.64081843e+12  3.10e-03 1.42e-07  2.12e+02  4660s
  79   3.64189506e+12  3.64090119e+12  3.00e-03 2.04e-07  1.75e+02  4721s
  80   3.64180944e+12  3.64093740e+12  3.09e-03 2.14e-07  1.53e+02  4774s
  81   3.64175670e+12  3.64099683e+12  3.18e-03 2.26e-07  1.34e+02  4833s
  82   3.64170493e+12  3.64103780e+12  3.10e-03 2.35e-07  1.17e+02  4897s
  83   3.64160554e+12  3.64108108e+12  2.94e-03 2.42e-07  9.21e+01  4974s
  84   3.64152598e+12  3.64111644e+12  3.43e-03 4.15e-07  7.20e+01  5041s

Barrier solved model in 84 iterations and 5040.72 seconds (4041.38 work units)
Optimal objective 3.64152598e+12

DataFrames created and saved successfully.
DataFrames created and saved successfully.
total_ll_amt: 0.0
Objective Value : 3641525983629.7144
Expected Second Stage Value : 1173328877309.2437
Total Solving Time : 5260.610330104828
