seed was set to 10
Generating .tab-files...
Solver: Gurobi
No absolute emission cap...
Declaring sets...
Reading sets...
Constructing sub sets...
Declaring parameters...
Reading parameters...
Constructing parameter values...
Sets and parameters declared and read...
Declaring variables...
Objective and constraints read...
Building instance...
Building instance took [sec]: 23.79048466682434
----------------------Problem Statistics---------------------
Nodes: 35
Lines: 85

GeneratorTypes: 27
TotalGenerators: 634
StorageTypes: 2
TotalStorages: 66

InvestmentPeriod:  PeriodActive
InvestmentUntil: 2060
Scenarios: 1
TotalOperationalHoursPerScenario: 110
TotalOperationalHoursPerInvYear: 110
Seasons: 6
RegularSeasons: 4
LengthRegSeason: 24
PeakSeasons: 2
LengthPeakSeason: 7

Discount rate: 0.05
Operational discount scale: 4.54595050416236
--------------------------------------------------------------
Solving...
Set parameter TokenServer to value "license1.2e.hpc.psu.edu"
Read LP format model from file /storage/work/tzk5446/NeurMHSP/codes/EMPIRE/tmpkn7t8s_c.pyomo.lp
Reading time = 3.21 seconds
x1: 1399216 rows, 926177 columns, 4272872 nonzeros
Set parameter QCPDual to value 1
Set parameter Crossover to value 0
Set parameter Method to value 2
Set parameter Threads to value 2
Set parameter BarConvTol to value 0.0001
Gurobi Optimizer version 10.0.3 build v10.0.3rc0 (linux64)

CPU model: Intel(R) Xeon(R) Gold 6248R CPU @ 3.00GHz, instruction set [SSE2|AVX|AVX2|AVX512]
Thread count: 48 physical cores, 48 logical processors, using up to 2 threads

Optimize a model with 1399216 rows, 926177 columns and 4272872 nonzeros
Model fingerprint: 0x2e96f20a
Coefficient statistics:
  Matrix range     [1e-03, 1e+00]
  Objective range  [8e-02, 8e+06]
  Bounds range     [1e+00, 1e+00]
  RHS range        [5e-01, 2e+07]
Presolve removed 574011 rows and 220714 columns
Presolve time: 2.31s
Presolved: 825205 rows, 705463 columns, 2679367 nonzeros
Elapsed ordering time = 7s
Elapsed ordering time = 10s
Elapsed ordering time = 15s
Elapsed ordering time = 20s
Elapsed ordering time = 25s
Ordering time: 29.89s

Barrier statistics:
 Dense cols : 280
 AA' NZ     : 6.207e+07
 Factor NZ  : 1.909e+08 (roughly 2.0 GB of memory)
 Factor Ops : 1.820e+11 (roughly 2 seconds per iteration)
 Threads    : 2

                  Objective                Residual
Iter       Primal          Dual         Primal    Dual     Compl     Time
   0   7.85400086e+16 -3.92169056e+16  9.50e+07 3.97e+05  2.21e+13    43s
   1   6.30690741e+16 -3.43758381e+16  7.22e+07 1.22e+06  1.16e+13    48s
   2   4.64523180e+16 -6.24273503e+16  5.15e+07 5.44e+05  8.32e+12    54s
   3   2.37795319e+16 -8.88231274e+16  2.52e+07 2.16e+05  4.12e+12    60s
   4   4.48720672e+15 -9.51539561e+16  4.58e+06 3.40e+03  7.92e+11    67s
   5   1.18286864e+15 -6.39357394e+16  1.07e+06 8.50e+03  2.06e+11    74s
   6   6.29922240e+14 -2.94299438e+16  4.77e+05 9.07e+02  8.48e+10    82s
   7   2.43569799e+14 -1.06813869e+16  4.68e+04 3.61e+02  1.25e+10    91s
   8   1.78741329e+14 -3.03193718e+15  7.23e+03 8.40e+01  2.69e+09   101s
   9   1.37245496e+14 -1.88916568e+15  2.50e+03 4.89e+01  1.48e+09   111s
  10   9.62883746e+13 -5.40925566e+14  7.24e+02 1.19e+01  4.38e+08   120s
  11   6.29554094e+13 -2.70017303e+14  2.53e+02 6.08e+00  2.21e+08   129s
  12   5.86043823e+13 -1.70343811e+14  2.10e+02 3.99e+00  1.52e+08   137s
  13   4.51053717e+13 -1.23593943e+14  1.23e+02 3.00e+00  1.11e+08   144s
  14   3.67227573e+13 -6.37844873e+13  8.15e+01 1.67e+00  6.55e+07   152s
  15   3.08868708e+13 -4.49057541e+13  6.37e+01 1.21e+00  4.93e+07   159s
  16   2.08581623e+13 -2.92747225e+13  3.63e+01 7.72e-01  3.24e+07   167s
  17   1.38793743e+13 -1.58603585e+13  2.17e+01 4.23e-01  1.92e+07   175s
  18   9.81100923e+12 -9.70600062e+12  1.47e+01 2.61e-01  1.26e+07   184s
  19   7.19204350e+12 -7.25844236e+12  1.06e+01 1.97e-01  9.30e+06   192s
  20   5.27772502e+12 -4.73245598e+12  7.66e+00 1.28e-01  6.43e+06   200s
  21   3.85492758e+12 -3.40961973e+12  5.55e+00 9.06e-02  4.67e+06   209s
  22   2.77565259e+12 -2.50078406e+12  3.98e+00 6.50e-02  3.39e+06   218s
  23   2.09624153e+12 -1.58978336e+12  3.03e+00 3.96e-02  2.37e+06   226s
  24   1.53933337e+12 -1.20728986e+12  2.25e+00 2.90e-02  1.76e+06   235s
  25   1.36137883e+12 -1.05160881e+12  2.02e+00 2.50e-02  1.55e+06   244s
  26   1.24098017e+12 -7.98159367e+11  1.85e+00 1.82e-02  1.31e+06   253s
  27   9.85005497e+11 -6.71590737e+11  1.50e+00 1.49e-02  1.06e+06   263s
  28   8.83646539e+11 -5.01974582e+11  1.36e+00 1.08e-02  8.88e+05   272s
  29   8.52390728e+11 -4.77183176e+11  1.32e+00 1.02e-02  8.52e+05   281s
  30   7.97848991e+11 -4.21958634e+11  1.23e+00 8.87e-03  7.82e+05   290s
  31   7.52017311e+11 -3.50475064e+11  1.17e+00 7.24e-03  7.07e+05   299s
  32   6.45026722e+11 -3.00978214e+11  1.00e+00 6.12e-03  6.06e+05   309s
  33   5.64267628e+11 -2.44623896e+11  8.80e-01 4.90e-03  5.19e+05   318s
  34   4.98871016e+11 -1.89895188e+11  7.78e-01 3.76e-03  4.42e+05   327s
  35   4.25671700e+11 -1.42610377e+11  6.62e-01 2.80e-03  3.64e+05   335s
  36   3.23739885e+11 -1.04944895e+11  5.08e-01 2.06e-03  2.75e+05   344s
  37   2.58699532e+11 -7.34756543e+10  4.07e-01 1.41e-03  2.13e+05   354s
  38   2.02124183e+11 -4.98508376e+10  3.20e-01 9.03e-04  1.61e+05   363s
  39   1.73974124e+11 -3.85589207e+10  2.75e-01 6.78e-04  1.36e+05   370s
  40   1.37020587e+11 -2.75909820e+10  2.17e-01 4.62e-04  1.06e+05   378s
  41   9.95312797e+10 -2.19780260e+10  1.59e-01 3.31e-04  7.79e+04   385s
  42   7.16346184e+10 -1.06415835e+10  1.15e-01 1.35e-04  5.27e+04   393s
  43   4.41247246e+10 -4.84951243e+09  7.31e-02 4.25e-05  3.14e+04   401s
  44   2.82178246e+10 -2.43544318e+09  4.65e-02 1.86e-05  1.96e+04   409s
  45   1.68249703e+10 -9.64347253e+08  2.71e-02 1.18e-06  1.14e+04   417s
  46   1.01398866e+10 -6.69993242e+08  1.61e-02 2.63e-07  6.93e+03   425s
  47   6.45695023e+09 -4.48536997e+08  1.02e-02 5.65e-08  4.43e+03   433s
  48   3.36963521e+09 -2.40652591e+08  5.25e-03 6.24e-09  2.31e+03   442s
  49   2.17738040e+09 -1.28456845e+08  3.37e-03 1.86e-09  1.48e+03   452s
  50   1.20449574e+09 -5.71238453e+07  1.83e-03 2.79e-09  8.09e+02   461s
  51   6.79295321e+08 -3.10205001e+07  1.02e-03 1.86e-09  4.55e+02   469s
  52   2.96707233e+08 -1.82356443e+07  4.30e-04 2.46e-09  2.02e+02   477s
  53   2.34729425e+07 -8.78234109e+06  2.31e-05 1.86e-09  2.07e+01   485s
  54   7.69793373e+06  3.46287053e+05  7.36e-06 2.79e-09  4.71e+00   495s
  55   3.15204079e+06  2.39389439e+06  1.61e-06 1.86e-09  4.86e-01   505s
  56   2.79174825e+06  2.69478246e+06  3.43e-07 3.73e-09  6.21e-02   517s
  57   2.76377606e+06  2.72953509e+06  1.24e-07 1.99e-09  2.19e-02   530s
  58   2.75241103e+06  2.74248287e+06  3.84e-08 1.86e-09  6.36e-03   541s
  59   2.74871540e+06  2.74615547e+06  1.37e-08 2.18e-09  1.64e-03   552s
  60   2.74726879e+06  2.74652068e+06  3.84e-09 1.86e-09  4.79e-04   561s
  61   2.74693656e+06  2.74654001e+06  1.86e-09 2.11e-09  2.54e-04   569s

Barrier solved model in 61 iterations and 569.02 seconds (326.39 work units)
Optimal objective 2.74693656e+06

DataFrames created and saved successfully.
DataFrames created and saved successfully.
total_ll_amt: 6.369201129292687e-05
Objective Value : 2746936.5573530598
Expected Second Stage Value : 2746712.5921936696
Total Solving Time : 658.2391772270203
