seed was set to 30
Generating .tab-files...
Solver: Gurobi
No absolute emission cap...
Declaring sets...
Reading sets...
Constructing sub sets...
Declaring parameters...
Reading parameters...
Constructing parameter values...
Sets and parameters declared and read...
Declaring variables...
Objective and constraints read...
Building instance...
Building instance took [sec]: 23.67712903022766
----------------------Problem Statistics---------------------
Nodes: 35
Lines: 85

GeneratorTypes: 27
TotalGenerators: 634
StorageTypes: 2
TotalStorages: 66

InvestmentPeriod:  PeriodActive
InvestmentUntil: 2060
Scenarios: 1
TotalOperationalHoursPerScenario: 110
TotalOperationalHoursPerInvYear: 110
Seasons: 6
RegularSeasons: 4
LengthRegSeason: 24
PeakSeasons: 2
LengthPeakSeason: 7

Discount rate: 0.05
Operational discount scale: 4.54595050416236
--------------------------------------------------------------
Solving...
Set parameter TokenServer to value "license1.2e.hpc.psu.edu"
Read LP format model from file /storage/work/tzk5446/NeurMHSP/codes/EMPIRE/tmp31addkde.pyomo.lp
Reading time = 3.12 seconds
x1: 1399216 rows, 926177 columns, 4272830 nonzeros
Set parameter QCPDual to value 1
Set parameter Crossover to value 0
Set parameter Method to value 2
Set parameter Threads to value 2
Set parameter BarConvTol to value 0.0001
Gurobi Optimizer version 10.0.3 build v10.0.3rc0 (linux64)

CPU model: Intel(R) Xeon(R) Gold 6248R CPU @ 3.00GHz, instruction set [SSE2|AVX|AVX2|AVX512]
Thread count: 48 physical cores, 48 logical processors, using up to 2 threads

Optimize a model with 1399216 rows, 926177 columns and 4272830 nonzeros
Model fingerprint: 0x3038d536
Coefficient statistics:
  Matrix range     [1e-03, 1e+00]
  Objective range  [8e-02, 8e+06]
  Bounds range     [1e+00, 1e+00]
  RHS range        [5e-01, 2e+07]
Presolve removed 573524 rows and 220591 columns
Presolve time: 2.12s
Presolved: 825692 rows, 705586 columns, 2680596 nonzeros
Elapsed ordering time = 6s
Elapsed ordering time = 10s
Elapsed ordering time = 15s
Elapsed ordering time = 20s
Elapsed ordering time = 25s
Ordering time: 26.98s

Barrier statistics:
 Dense cols : 280
 AA' NZ     : 6.211e+07
 Factor NZ  : 1.925e+08 (roughly 2.0 GB of memory)
 Factor Ops : 1.970e+11 (roughly 2 seconds per iteration)
 Threads    : 2

                  Objective                Residual
Iter       Primal          Dual         Primal    Dual     Compl     Time
   0   7.88784024e+16 -3.88819683e+16  9.58e+07 3.58e+05  2.19e+13    38s
   1   6.32282210e+16 -3.38778224e+16  7.27e+07 1.13e+06  1.12e+13    42s
   2   4.59117961e+16 -6.03725567e+16  5.11e+07 4.97e+05  7.91e+12    47s
   3   2.44463094e+16 -1.00145589e+17  2.67e+07 5.78e+04  4.16e+12    52s
   4   2.68269844e+15 -8.35582486e+16  2.80e+06 3.19e+03  4.74e+11    58s
   5   1.04335849e+15 -4.86983097e+16  9.90e+05 9.08e+02  1.69e+11    64s
   6   2.74397108e+14 -2.27206095e+16  1.01e+05 2.95e+02  2.74e+10    70s
   7   1.99670444e+14 -5.46069771e+15  1.63e+04 8.72e+01  5.16e+09    78s
   8   1.68645014e+14 -3.66756956e+15  6.59e+03 4.48e+01  2.97e+09    86s
   9   1.24710529e+14 -1.15264722e+15  1.38e+03 1.14e+01  8.89e+08    98s
  10   8.57166367e+13 -3.19427543e+14  4.35e+02 2.83e+00  2.72e+08   107s
  11   5.17912044e+13 -1.31487338e+14  1.12e+02 1.22e+00  1.20e+08   117s
  12   3.63895947e+13 -4.73970095e+13  7.26e+01 4.69e-01  5.45e+07   126s
  13   2.63199156e+13 -2.40041650e+13  4.80e+01 2.33e-01  3.26e+07   135s
  14   2.01114984e+13 -1.57338152e+13  3.57e+01 1.59e-01  2.32e+07   143s
  15   1.53308733e+13 -1.06569465e+13  2.65e+01 1.09e-01  1.68e+07   150s
  16   1.17614413e+13 -7.63450559e+12  2.01e+01 7.69e-02  1.25e+07   157s
  17   9.75350852e+12 -6.99264317e+12  1.66e+01 7.00e-02  1.08e+07   163s
  18   7.12872034e+12 -4.58011718e+12  1.20e+01 4.45e-02  7.53e+06   170s
  19   4.83889013e+12 -3.01730621e+12  8.12e+00 2.85e-02  5.05e+06   177s
  20   3.38635581e+12 -1.95366092e+12  5.71e+00 1.76e-02  3.43e+06   184s
  21   2.33478524e+12 -1.40655541e+12  3.96e+00 1.20e-02  2.40e+06   192s
  22   2.14535701e+12 -1.20393786e+12  3.66e+00 9.97e-03  2.15e+06   199s
  23   2.03347163e+12 -1.10246210e+12  3.47e+00 8.97e-03  2.01e+06   205s
  24   1.79674195e+12 -9.60564306e+11  3.09e+00 7.58e-03  1.77e+06   212s
  25   1.58597407e+12 -8.80562092e+11  2.74e+00 6.87e-03  1.58e+06   218s
  26   1.50028137e+12 -7.26486358e+11  2.60e+00 5.51e-03  1.43e+06   226s
  27   1.22404545e+12 -5.85318282e+11  2.20e+00 4.28e-03  1.16e+06   234s
  28   9.54998108e+11 -4.41627465e+11  1.75e+00 3.06e-03  8.95e+05   244s
  29   7.70981963e+11 -3.27116221e+11  1.43e+00 2.18e-03  7.04e+05   252s
  30   6.76002753e+11 -2.72126282e+11  1.25e+00 1.79e-03  6.08e+05   260s
  31   5.59235431e+11 -2.10685969e+11  1.04e+00 1.37e-03  4.93e+05   267s
  32   4.21939125e+11 -1.78356557e+11  7.93e-01 1.16e-03  3.85e+05   274s
  33   3.50476206e+11 -1.17906795e+11  6.61e-01 7.79e-04  3.00e+05   282s
  34   2.89786898e+11 -8.28421844e+10  5.44e-01 5.52e-04  2.39e+05   290s
  35   2.27015373e+11 -5.96959723e+10  4.33e-01 3.90e-04  1.84e+05   298s
  36   1.57917689e+11 -4.00547424e+10  3.01e-01 2.48e-04  1.27e+05   306s
  37   1.15933007e+11 -2.23907563e+10  2.21e-01 1.21e-04  8.86e+04   313s
  38   8.91411740e+10 -1.37752137e+10  1.73e-01 6.66e-05  6.59e+04   321s
  39   6.37512937e+10 -9.73382997e+09  1.23e-01 4.42e-05  4.71e+04   328s
  40   4.49668321e+10 -4.99073712e+09  8.76e-02 1.46e-05  3.20e+04   336s
  41   2.55138732e+10 -1.85514569e+09  4.92e-02 4.14e-06  1.75e+04   346s
  42   1.13260209e+10 -8.33023605e+08  2.16e-02 5.64e-07  7.79e+03   355s
  43   6.25819325e+09 -4.05291795e+08  1.18e-02 7.48e-08  4.27e+03   364s
  44   4.04833503e+09 -2.05071691e+08  7.57e-03 1.11e-08  2.72e+03   371s
  45   2.15381723e+09 -1.12379241e+08  3.97e-03 2.31e-09  1.45e+03   379s
  46   1.25350708e+09 -6.01600345e+07  2.26e-03 1.86e-09  8.42e+02   385s
  47   1.00020745e+09 -3.32518232e+07  1.79e-03 1.86e-09  6.62e+02   392s
  48   4.52590727e+08 -1.49750932e+07  8.01e-04 1.86e-09  3.00e+02   398s
  49   2.78430077e+08 -6.92353689e+06  4.85e-04 1.86e-09  1.83e+02   405s
  50   6.00335060e+07 -8.50855383e+06  8.87e-05 1.86e-09  4.39e+01   412s
  51   9.05066273e+06 -1.43750069e+06  4.55e-05 1.86e-09  6.72e+00   420s
  52   3.37833099e+06 -9.44935562e+04  1.38e-05 1.86e-09  2.22e+00   430s
  53   2.30826321e+06  5.75307214e+05  7.07e-06 1.86e-09  1.11e+00   440s
  54   1.30111913e+06  1.06403709e+06  2.22e-06 2.31e-09  1.52e-01   450s
  55   1.17801580e+06  1.15671873e+06  1.09e-07 2.52e-09  1.36e-02   461s
  56   1.16910478e+06  1.16808235e+06  1.42e-08 4.46e-09  6.55e-04   471s
  57   1.16869351e+06  1.16865159e+06  1.43e-09 2.79e-09  2.69e-05   480s

Barrier solved model in 57 iterations and 480.11 seconds (323.08 work units)
Optimal objective 1.16869351e+06

DataFrames created and saved successfully.
DataFrames created and saved successfully.
total_ll_amt: 2.9707156037316986e-06
Objective Value : 1168693.507313885
Expected Second Stage Value : 1168682.1824705212
Total Solving Time : 565.2622883319855
