seed was set to 100
Generating .tab-files...
Solver: Gurobi
No absolute emission cap...
Declaring sets...
Reading sets...
Constructing sub sets...
Declaring parameters...
Reading parameters...
Constructing parameter values...
Sets and parameters declared and read...
Declaring variables...
Objective and constraints read...
Building instance...
Building instance took [sec]: 27.292864561080933
----------------------Problem Statistics---------------------
Nodes: 35
Lines: 85

GeneratorTypes: 27
TotalGenerators: 634
StorageTypes: 2
TotalStorages: 66

InvestmentPeriod:  PeriodActive
InvestmentUntil: 2060
Scenarios: 1
TotalOperationalHoursPerScenario: 110
TotalOperationalHoursPerInvYear: 110
Seasons: 6
RegularSeasons: 4
LengthRegSeason: 24
PeakSeasons: 2
LengthPeakSeason: 7

Discount rate: 0.05
Operational discount scale: 4.54595050416236
--------------------------------------------------------------
Solving...
Set parameter TokenServer to value "license1.2e.hpc.psu.edu"
Read LP format model from file /storage/work/tzk5446/NeurMHSP/codes/EMPIRE/tmp1ij15ve8.pyomo.lp
Reading time = 3.36 seconds
x1: 1430016 rows, 926177 columns, 4303045 nonzeros
Set parameter QCPDual to value 1
Set parameter Crossover to value 0
Set parameter Method to value 2
Set parameter Threads to value 2
Set parameter BarConvTol to value 0.0001
Gurobi Optimizer version 10.0.3 build v10.0.3rc0 (linux64)

CPU model: Intel(R) Xeon(R) Gold 6248R CPU @ 3.00GHz, instruction set [SSE2|AVX|AVX2|AVX512]
Thread count: 48 physical cores, 48 logical processors, using up to 2 threads

Optimize a model with 1430016 rows, 926177 columns and 4303045 nonzeros
Model fingerprint: 0x79c14d5a
Coefficient statistics:
  Matrix range     [1e-03, 1e+00]
  Objective range  [8e-02, 8e+06]
  Bounds range     [1e+00, 1e+00]
  RHS range        [5e-01, 2e+07]
Presolve removed 605054 rows and 252090 columns
Presolve time: 2.53s
Presolved: 824962 rows, 674087 columns, 2647561 nonzeros
Elapsed ordering time = 7s
Elapsed ordering time = 10s
Elapsed ordering time = 15s
Elapsed ordering time = 20s
Elapsed ordering time = 25s
Elapsed ordering time = 30s
Ordering time: 32.79s

Barrier statistics:
 Dense cols : 280
 AA' NZ     : 6.206e+07
 Factor NZ  : 1.893e+08 (roughly 2.0 GB of memory)
 Factor Ops : 1.730e+11 (roughly 2 seconds per iteration)
 Threads    : 2

                  Objective                Residual
Iter       Primal          Dual         Primal    Dual     Compl     Time
   0   2.12369367e+16 -2.82373872e+16  8.66e+07 1.48e+05  1.60e+13    46s
   1   1.88370553e+16 -2.44503151e+16  6.59e+07 7.92e+05  7.98e+12    52s
   2   1.32255745e+16 -4.25502228e+16  4.62e+07 3.55e+05  5.61e+12    58s
   3   6.72474954e+15 -7.15012119e+16  2.34e+07 3.41e+04  2.88e+12    64s
   4   9.41373837e+14 -5.90006069e+16  3.00e+06 6.73e+02  3.93e+11    72s
   5   2.74396698e+14 -3.43237489e+16  6.48e+05 5.24e+02  9.40e+10    79s
   6   1.37402080e+14 -1.48805243e+16  1.64e+05 1.26e+02  2.55e+10    87s
   7   9.87949762e+13 -4.68631679e+15  2.75e+04 5.54e+01  5.36e+09    97s
   8   8.74169183e+13 -1.48806765e+15  4.57e+03 9.84e+00  1.32e+09   109s
   9   7.80746260e+13 -8.43589864e+14  1.61e+03 5.25e+00  6.80e+08   120s
  10   5.73000526e+13 -3.60172862e+14  4.10e+02 2.13e+00  2.86e+08   131s
  11   4.43597336e+13 -1.14570510e+14  1.28e+02 6.74e-01  1.06e+08   142s
  12   3.27186644e+13 -4.81470573e+13  7.46e+01 3.08e-01  5.38e+07   153s
  13   2.37861960e+13 -3.33079860e+13  4.99e+01 2.14e-01  3.78e+07   162s
  14   1.95035340e+13 -2.04352268e+13  3.94e+01 1.33e-01  2.64e+07   171s
  15   1.61004683e+13 -1.75820443e+13  3.18e+01 1.15e-01  2.22e+07   179s
  16   1.29704921e+13 -1.27014451e+13  2.50e+01 8.29e-02  1.69e+07   187s
  17   1.03703386e+13 -9.17202331e+12  1.97e+01 5.95e-02  1.29e+07   196s
  18   7.21761500e+12 -6.33469108e+12  1.34e+01 4.11e-02  8.91e+06   205s
  19   6.01163198e+12 -4.13050122e+12  1.11e+01 2.63e-02  6.66e+06   215s
  20   4.43289077e+12 -3.13732201e+12  8.29e+00 1.96e-02  4.97e+06   224s
  21   3.81785352e+12 -1.91059097e+12  7.18e+00 1.11e-02  3.76e+06   234s
  22   2.39637695e+12 -1.26799056e+12  4.54e+00 6.86e-03  2.40e+06   245s
  23   2.07379111e+12 -1.00361179e+12  3.96e+00 5.13e-03  2.02e+06   256s
  24   1.78765013e+12 -7.70118015e+11  3.45e+00 3.69e-03  1.68e+06   265s
  25   1.59654014e+12 -6.10307909e+11  3.14e+00 2.80e-03  1.44e+06   274s
  26   1.41036497e+12 -5.29720322e+11  2.83e+00 2.36e-03  1.27e+06   284s
  27   1.25169726e+12 -4.59626345e+11  2.54e+00 1.97e-03  1.12e+06   293s
  28   1.10900315e+12 -3.83424084e+11  2.27e+00 1.57e-03  9.77e+05   303s
  29   9.60645380e+11 -3.09739243e+11  2.00e+00 1.22e-03  8.31e+05   314s
  30   8.30060581e+11 -2.58339870e+11  1.74e+00 9.79e-04  7.12e+05   324s
  31   7.53490918e+11 -2.08662321e+11  1.59e+00 7.65e-04  6.30e+05   333s
  32   6.35207050e+11 -1.55726322e+11  1.34e+00 5.48e-04  5.18e+05   343s
  33   4.77157139e+11 -1.23259306e+11  1.02e+00 4.25e-04  3.93e+05   352s
  34   3.92742608e+11 -1.00557118e+11  8.44e-01 3.43e-04  3.23e+05   362s
  35   3.17776413e+11 -6.18956562e+10  6.91e-01 2.07e-04  2.48e+05   372s
  36   2.29536884e+11 -4.08123081e+10  5.09e-01 1.22e-04  1.77e+05   383s
  37   1.99614957e+11 -2.48961822e+10  4.47e-01 6.34e-05  1.47e+05   394s
  38   1.50071747e+11 -1.64875028e+10  3.38e-01 3.50e-05  1.09e+05   403s
  39   1.17587993e+11 -1.14769920e+10  2.68e-01 2.02e-05  8.44e+04   413s
  40   9.73806555e+10 -7.06328519e+09  2.22e-01 1.02e-05  6.83e+04   422s
  41   6.55692373e+10 -3.09726457e+09  1.49e-01 2.00e-06  4.49e+04   432s
  42   3.74337357e+10 -1.73291736e+09  8.49e-02 3.73e-09  2.56e+04   442s
  43   1.84096594e+10 -7.73782573e+08  4.08e-02 3.73e-09  1.25e+04   453s
  44   9.24218629e+09 -5.29061668e+08  1.99e-02 2.13e-09  6.39e+03   462s
  45   5.49462689e+09 -2.32736943e+08  1.17e-02 3.73e-09  3.75e+03   473s
  46   3.87103650e+09 -1.20988408e+08  8.17e-03 1.86e-09  2.61e+03   482s
  47   2.88448843e+09 -8.01023134e+07  5.99e-03 1.86e-09  1.94e+03   492s
  48   1.41840439e+09 -9.75267130e+07  2.83e-03 2.79e-09  9.92e+02   503s
  49   5.68862550e+08 -4.06887686e+07  1.04e-03 3.73e-09  3.99e+02   513s
  50   1.59785816e+08 -1.91465359e+07  2.82e-04 3.16e-09  1.17e+02   524s
  51   1.65232848e+07 -5.54342537e+06  2.10e-05 1.86e-09  1.44e+01   534s
  52   1.14524774e+07 -2.72202960e+06  1.36e-05 3.73e-09  9.27e+00   544s

Barrier solved model in 52 iterations and 543.81 seconds (266.65 work units)
Optimal objective 1.14524774e+07

DataFrames created and saved successfully.
DataFrames created and saved successfully.
total_ll_amt: 0.0
Objective Value : 11452477.358300477
Expected Second Stage Value : 3940719.2155732308
Total Solving Time : 644.0969469547272
