Starting job with n=50, k_ratio=0.75...
Using device: cpu
Processing n=50, k_ratio=0.75...
num_workers: 48
Set parameter TokenServer to value "license1.2e.hpc.psu.edu"
Set parameter TokenServer to value "license1.2e.hpc.psu.edu"
Set parameter TokenServer to value "license1.2e.hpc.psu.edu"
Set parameter TokenServer to value "license1.2e.hpc.psu.edu"
Set parameter TokenServer to value "license1.2e.hpc.psu.edu"
Set parameter TokenServer to value "license1.2e.hpc.psu.edu"
Set parameter TokenServer to value "license1.2e.hpc.psu.edu"
Set parameter TokenServer to value "license1.2e.hpc.psu.edu"
Set parameter TokenServer to value "license1.2e.hpc.psu.edu"
Set parameter TokenServer to value "license1.2e.hpc.psu.edu"
Set parameter TokenServer to value "license1.2e.hpc.psu.edu"
Set parameter TokenServer to value "license1.2e.hpc.psu.edu"
Set parameter TokenServer to value "license1.2e.hpc.psu.edu"
Set parameter TokenServer to value "license1.2e.hpc.psu.edu"
Set parameter TokenServer to value "license1.2e.hpc.psu.edu"
Set parameter TokenServer to value "license1.2e.hpc.psu.edu"
Set parameter TokenServer to value "license1.2e.hpc.psu.edu"
Set parameter TokenServer to value "license1.2e.hpc.psu.edu"
Set parameter TokenServer to value "license1.2e.hpc.psu.edu"
Set parameter TokenServer to value "license1.2e.hpc.psu.edu"
Set parameter TokenServer to value "license1.2e.hpc.psu.edu"
Set parameter TokenServer to value "license1.2e.hpc.psu.edu"
Set parameter TokenServer to value "license1.2e.hpc.psu.edu"
Set parameter TokenServer to value "license1.2e.hpc.psu.edu"
Set parameter TokenServer to value "license1.2e.hpc.psu.edu"
Set parameter TokenServer to value "license1.2e.hpc.psu.edu"
Set parameter TokenServer to value "license1.2e.hpc.psu.edu"
Set parameter TokenServer to value "license1.2e.hpc.psu.edu"
Set parameter TokenServer to value "license1.2e.hpc.psu.edu"
Set parameter TokenServer to value "license1.2e.hpc.psu.edu"
Set parameter TokenServer to value "license1.2e.hpc.psu.edu"
Set parameter TokenServer to value "license1.2e.hpc.psu.edu"
Set parameter TokenServer to value "license1.2e.hpc.psu.edu"
Set parameter TokenServer to value "license1.2e.hpc.psu.edu"
Set parameter TokenServer to value "license1.2e.hpc.psu.edu"
Set parameter TokenServer to value "license1.2e.hpc.psu.edu"
Set parameter TokenServer to value "license1.2e.hpc.psu.edu"
Set parameter TokenServer to value "license1.2e.hpc.psu.edu"
Set parameter TokenServer to value "license1.2e.hpc.psu.edu"
Set parameter TokenServer to value "license1.2e.hpc.psu.edu"
Set parameter TokenServer to value "license1.2e.hpc.psu.edu"
Set parameter TokenServer to value "license1.2e.hpc.psu.edu"
Set parameter TokenServer to value "license1.2e.hpc.psu.edu"
Set parameter TokenServer to value "license1.2e.hpc.psu.edu"
Set parameter TokenServer to value "license1.2e.hpc.psu.edu"
Set parameter TokenServer to value "license1.2e.hpc.psu.edu"
Set parameter TokenServer to value "license1.2e.hpc.psu.edu"
Set parameter TokenServer to value "license1.2e.hpc.psu.edu"
Training model for n=50, k_ratio=0.75...
Epoch 10/1000, Loss: 1095.9673, Validation MAE: 27.1674
Epoch 20/1000, Loss: 1043.7368, Validation MAE: 22.7560
Epoch 30/1000, Loss: 1124.9619, Validation MAE: 30.8991
Epoch 40/1000, Loss: 1089.6366, Validation MAE: 25.1150
Epoch 50/1000, Loss: 1045.8699, Validation MAE: 29.5117
Epoch 60/1000, Loss: 1705.7381, Validation MAE: 30.5187
Epoch 70/1000, Loss: 1089.9165, Validation MAE: 25.6838
Epoch 80/1000, Loss: 1084.8462, Validation MAE: 26.2603
Epoch 90/1000, Loss: 1051.6470, Validation MAE: 23.4045
Epoch 100/1000, Loss: 1018.1016, Validation MAE: 25.1430
Epoch 110/1000, Loss: 1044.9885, Validation MAE: 24.5687
Epoch 120/1000, Loss: 1065.5573, Validation MAE: 23.6766
Epoch 130/1000, Loss: 1037.7862, Validation MAE: 22.3805
Epoch 140/1000, Loss: 1024.2655, Validation MAE: 22.4181
Epoch 150/1000, Loss: 1026.2953, Validation MAE: 33.4421
Epoch 160/1000, Loss: 1029.5204, Validation MAE: 23.4969
Epoch 170/1000, Loss: 1020.3527, Validation MAE: 24.6999
Epoch 180/1000, Loss: 1008.4458, Validation MAE: 31.3303
Epoch 190/1000, Loss: 1016.6940, Validation MAE: 23.1559
Epoch 200/1000, Loss: 1022.0148, Validation MAE: 28.6617
Epoch 210/1000, Loss: 1045.3638, Validation MAE: 29.4612
Epoch 220/1000, Loss: 1029.0255, Validation MAE: 23.1785
Epoch 230/1000, Loss: 1005.1656, Validation MAE: 22.8796
Epoch 240/1000, Loss: 1019.6612, Validation MAE: 25.7885
Epoch 250/1000, Loss: 1021.8388, Validation MAE: 22.9972
Epoch 260/1000, Loss: 1039.1986, Validation MAE: 22.5214
Epoch 270/1000, Loss: 1035.0334, Validation MAE: 22.5280
Epoch 280/1000, Loss: 1032.2382, Validation MAE: 22.6914
Epoch 290/1000, Loss: 1058.9071, Validation MAE: 22.2058
Epoch 300/1000, Loss: 1022.2174, Validation MAE: 25.0806
Epoch 310/1000, Loss: 1037.5582, Validation MAE: 27.6604
Epoch 320/1000, Loss: 1037.0089, Validation MAE: 22.6674
Epoch 330/1000, Loss: 1018.3112, Validation MAE: 23.1204
Epoch 340/1000, Loss: 1028.4048, Validation MAE: 24.2294
Epoch 350/1000, Loss: 1010.7047, Validation MAE: 22.9182
Epoch 360/1000, Loss: 1030.9130, Validation MAE: 23.0548
Epoch 370/1000, Loss: 995.8749, Validation MAE: 32.7763
Epoch 380/1000, Loss: 1029.8175, Validation MAE: 27.3134
Epoch 390/1000, Loss: 1025.0638, Validation MAE: 26.6155
Early stopping due to no improvement in validation MAE!
Model trained for n=50, k_ratio=0.75.
================ Diagnostic Run torch.onnx.export version 2.0.1 ================
verbose: False, log level: Level.ERROR
======================= 0 NONE 0 NOTE 0 WARNING 0 ERROR ========================

Model saved to models/model_n50_k0.75.onnx

Model Performance Metrics:
R² Score: 0.9745
RMSE: 29.0100
MAE: 22.3650
Finished processing n=50, k_ratio=0.75. Plot saved.
Job completed for n=50, k_ratio=0.75.
