Starting job with n=100, k_ratio=0.75...
Using device: cpu
Processing n=100, k_ratio=0.75...
num_workers: 48
Set parameter TokenServer to value "license1.2e.hpc.psu.edu"
Set parameter TokenServer to value "license1.2e.hpc.psu.edu"
Set parameter TokenServer to value "license1.2e.hpc.psu.edu"
Set parameter TokenServer to value "license1.2e.hpc.psu.edu"
Set parameter TokenServer to value "license1.2e.hpc.psu.edu"
Set parameter TokenServer to value "license1.2e.hpc.psu.edu"
Set parameter TokenServer to value "license1.2e.hpc.psu.edu"
Set parameter TokenServer to value "license1.2e.hpc.psu.edu"
Set parameter TokenServer to value "license1.2e.hpc.psu.edu"
Set parameter TokenServer to value "license1.2e.hpc.psu.edu"
Set parameter TokenServer to value "license1.2e.hpc.psu.edu"
Set parameter TokenServer to value "license1.2e.hpc.psu.edu"
Set parameter TokenServer to value "license1.2e.hpc.psu.edu"
Set parameter TokenServer to value "license1.2e.hpc.psu.edu"
Set parameter TokenServer to value "license1.2e.hpc.psu.edu"
Set parameter TokenServer to value "license1.2e.hpc.psu.edu"
Set parameter TokenServer to value "license1.2e.hpc.psu.edu"
Set parameter TokenServer to value "license1.2e.hpc.psu.edu"
Set parameter TokenServer to value "license1.2e.hpc.psu.edu"
Set parameter TokenServer to value "license1.2e.hpc.psu.edu"
Set parameter TokenServer to value "license1.2e.hpc.psu.edu"
Set parameter TokenServer to value "license1.2e.hpc.psu.edu"
Set parameter TokenServer to value "license1.2e.hpc.psu.edu"
Set parameter TokenServer to value "license1.2e.hpc.psu.edu"
Set parameter TokenServer to value "license1.2e.hpc.psu.edu"
Set parameter TokenServer to value "license1.2e.hpc.psu.edu"
Set parameter TokenServer to value "license1.2e.hpc.psu.edu"
Set parameter TokenServer to value "license1.2e.hpc.psu.edu"
Set parameter TokenServer to value "license1.2e.hpc.psu.edu"
Set parameter TokenServer to value "license1.2e.hpc.psu.edu"
Set parameter TokenServer to value "license1.2e.hpc.psu.edu"
Set parameter TokenServer to value "license1.2e.hpc.psu.edu"
Set parameter TokenServer to value "license1.2e.hpc.psu.edu"
Set parameter TokenServer to value "license1.2e.hpc.psu.edu"
Set parameter TokenServer to value "license1.2e.hpc.psu.edu"
Set parameter TokenServer to value "license1.2e.hpc.psu.edu"
Set parameter TokenServer to value "license1.2e.hpc.psu.edu"
Set parameter TokenServer to value "license1.2e.hpc.psu.edu"
Set parameter TokenServer to value "license1.2e.hpc.psu.edu"
Set parameter TokenServer to value "license1.2e.hpc.psu.edu"
Set parameter TokenServer to value "license1.2e.hpc.psu.edu"
Set parameter TokenServer to value "license1.2e.hpc.psu.edu"
Set parameter TokenServer to value "license1.2e.hpc.psu.edu"
Set parameter TokenServer to value "license1.2e.hpc.psu.edu"
Set parameter TokenServer to value "license1.2e.hpc.psu.edu"
Set parameter TokenServer to value "license1.2e.hpc.psu.edu"
Set parameter TokenServer to value "license1.2e.hpc.psu.edu"
Set parameter TokenServer to value "license1.2e.hpc.psu.edu"
Training model for n=100, k_ratio=0.75...
Epoch 10/1000, Loss: 2602.6025, Validation MAE: 36.5665
Epoch 20/1000, Loss: 2512.7453, Validation MAE: 38.9106
Epoch 30/1000, Loss: 2542.9607, Validation MAE: 49.2471
Epoch 40/1000, Loss: 2529.0432, Validation MAE: 36.0222
Epoch 50/1000, Loss: 2700.6677, Validation MAE: 37.2042
Epoch 60/1000, Loss: 2531.4054, Validation MAE: 46.6118
Epoch 70/1000, Loss: 2554.9579, Validation MAE: 53.7113
Epoch 80/1000, Loss: 2583.0331, Validation MAE: 36.3729
Epoch 90/1000, Loss: 2515.4958, Validation MAE: 43.6892
Epoch 100/1000, Loss: 2509.0471, Validation MAE: 36.5870
Epoch 110/1000, Loss: 2541.0154, Validation MAE: 48.6495
Epoch 120/1000, Loss: 2519.3688, Validation MAE: 38.3619
Epoch 130/1000, Loss: 2593.6856, Validation MAE: 35.2295
Epoch 140/1000, Loss: 2475.7402, Validation MAE: 37.1390
Epoch 150/1000, Loss: 2579.2708, Validation MAE: 35.2534
Epoch 160/1000, Loss: 2540.6816, Validation MAE: 36.6981
Epoch 170/1000, Loss: 2500.4760, Validation MAE: 48.4078
Epoch 180/1000, Loss: 2531.8846, Validation MAE: 37.0391
Epoch 190/1000, Loss: 2563.7469, Validation MAE: 67.0535
Epoch 200/1000, Loss: 2543.2447, Validation MAE: 54.2788
Epoch 210/1000, Loss: 2587.4084, Validation MAE: 40.1526
Epoch 220/1000, Loss: 2606.3666, Validation MAE: 37.7696
Epoch 230/1000, Loss: 2553.8810, Validation MAE: 35.1929
Epoch 240/1000, Loss: 2488.4558, Validation MAE: 45.3910
Epoch 250/1000, Loss: 2529.3184, Validation MAE: 35.6811
Epoch 260/1000, Loss: 2543.6531, Validation MAE: 42.0151
Epoch 270/1000, Loss: 2532.4152, Validation MAE: 52.5906
Epoch 280/1000, Loss: 2505.7188, Validation MAE: 35.6506
Epoch 290/1000, Loss: 2520.2884, Validation MAE: 37.6257
Epoch 300/1000, Loss: 2557.6249, Validation MAE: 37.2394
Epoch 310/1000, Loss: 2514.4996, Validation MAE: 35.3237
Epoch 320/1000, Loss: 2520.7181, Validation MAE: 35.8950
Epoch 330/1000, Loss: 2548.6138, Validation MAE: 35.5601
Epoch 340/1000, Loss: 2610.4122, Validation MAE: 44.5929
Epoch 350/1000, Loss: 2533.3809, Validation MAE: 36.9102
Epoch 360/1000, Loss: 2582.9561, Validation MAE: 40.2122
Epoch 370/1000, Loss: 2479.0143, Validation MAE: 44.6364
Epoch 380/1000, Loss: 2591.4403, Validation MAE: 39.2610
Epoch 390/1000, Loss: 2540.0035, Validation MAE: 35.8282
Epoch 400/1000, Loss: 2470.8088, Validation MAE: 36.8355
Epoch 410/1000, Loss: 2569.6878, Validation MAE: 36.6989
Epoch 420/1000, Loss: 2591.0085, Validation MAE: 41.1630
Epoch 430/1000, Loss: 2587.0851, Validation MAE: 39.7079
Early stopping due to no improvement in validation MAE!
Model trained for n=100, k_ratio=0.75.
================ Diagnostic Run torch.onnx.export version 2.0.1 ================
verbose: False, log level: Level.ERROR
======================= 0 NONE 0 NOTE 0 WARNING 0 ERROR ========================

Model saved to models/model_n100_k0.75.onnx

Model Performance Metrics:
R² Score: 0.9802
RMSE: 46.6213
MAE: 36.1766
Finished processing n=100, k_ratio=0.75. Plot saved.
Job completed for n=100, k_ratio=0.75.
