Starting job with n=100, k_ratio=0.5...
Using device: cpu
Processing n=100, k_ratio=0.50...
num_workers: 48
Set parameter TokenServer to value "license1.2e.hpc.psu.edu"
Set parameter TokenServer to value "license1.2e.hpc.psu.edu"
Set parameter TokenServer to value "license1.2e.hpc.psu.edu"
Set parameter TokenServer to value "license1.2e.hpc.psu.edu"
Set parameter TokenServer to value "license1.2e.hpc.psu.edu"
Set parameter TokenServer to value "license1.2e.hpc.psu.edu"
Set parameter TokenServer to value "license1.2e.hpc.psu.edu"
Set parameter TokenServer to value "license1.2e.hpc.psu.edu"
Set parameter TokenServer to value "license1.2e.hpc.psu.edu"
Set parameter TokenServer to value "license1.2e.hpc.psu.edu"
Set parameter TokenServer to value "license1.2e.hpc.psu.edu"
Set parameter TokenServer to value "license1.2e.hpc.psu.edu"
Set parameter TokenServer to value "license1.2e.hpc.psu.edu"
Set parameter TokenServer to value "license1.2e.hpc.psu.edu"
Set parameter TokenServer to value "license1.2e.hpc.psu.edu"
Set parameter TokenServer to value "license1.2e.hpc.psu.edu"
Set parameter TokenServer to value "license1.2e.hpc.psu.edu"
Set parameter TokenServer to value "license1.2e.hpc.psu.edu"
Set parameter TokenServer to value "license1.2e.hpc.psu.edu"
Set parameter TokenServer to value "license1.2e.hpc.psu.edu"
Set parameter TokenServer to value "license1.2e.hpc.psu.edu"
Set parameter TokenServer to value "license1.2e.hpc.psu.edu"
Set parameter TokenServer to value "license1.2e.hpc.psu.edu"
Set parameter TokenServer to value "license1.2e.hpc.psu.edu"
Set parameter TokenServer to value "license1.2e.hpc.psu.edu"
Set parameter TokenServer to value "license1.2e.hpc.psu.edu"
Set parameter TokenServer to value "license1.2e.hpc.psu.edu"
Set parameter TokenServer to value "license1.2e.hpc.psu.edu"
Set parameter TokenServer to value "license1.2e.hpc.psu.edu"
Set parameter TokenServer to value "license1.2e.hpc.psu.edu"
Set parameter TokenServer to value "license1.2e.hpc.psu.edu"
Set parameter TokenServer to value "license1.2e.hpc.psu.edu"
Set parameter TokenServer to value "license1.2e.hpc.psu.edu"
Set parameter TokenServer to value "license1.2e.hpc.psu.edu"
Set parameter TokenServer to value "license1.2e.hpc.psu.edu"
Set parameter TokenServer to value "license1.2e.hpc.psu.edu"
Set parameter TokenServer to value "license1.2e.hpc.psu.edu"
Set parameter TokenServer to value "license1.2e.hpc.psu.edu"
Set parameter TokenServer to value "license1.2e.hpc.psu.edu"
Set parameter TokenServer to value "license1.2e.hpc.psu.edu"
Set parameter TokenServer to value "license1.2e.hpc.psu.edu"
Set parameter TokenServer to value "license1.2e.hpc.psu.edu"
Set parameter TokenServer to value "license1.2e.hpc.psu.edu"
Set parameter TokenServer to value "license1.2e.hpc.psu.edu"
Set parameter TokenServer to value "license1.2e.hpc.psu.edu"
Set parameter TokenServer to value "license1.2e.hpc.psu.edu"
Set parameter TokenServer to value "license1.2e.hpc.psu.edu"
Set parameter TokenServer to value "license1.2e.hpc.psu.edu"
Training model for n=100, k_ratio=0.50...
Epoch 10/1000, Loss: 2137.6805, Validation MAE: 31.1147
Epoch 20/1000, Loss: 1960.1270, Validation MAE: 33.9704
Epoch 30/1000, Loss: 1911.8745, Validation MAE: 28.7198
Epoch 40/1000, Loss: 1859.3299, Validation MAE: 27.7665
Epoch 50/1000, Loss: 1976.7275, Validation MAE: 28.6602
Epoch 60/1000, Loss: 1883.7873, Validation MAE: 45.8354
Epoch 70/1000, Loss: 1854.8469, Validation MAE: 32.1265
Epoch 80/1000, Loss: 2103.5576, Validation MAE: 43.7609
Epoch 90/1000, Loss: 2105.8175, Validation MAE: 45.3158
Epoch 100/1000, Loss: 2063.5537, Validation MAE: 29.2149
Epoch 110/1000, Loss: 2060.6354, Validation MAE: 38.5928
Epoch 120/1000, Loss: 1955.7733, Validation MAE: 29.6286
Epoch 130/1000, Loss: 2068.4330, Validation MAE: 29.8301
Epoch 140/1000, Loss: 1994.7803, Validation MAE: 29.2053
Epoch 150/1000, Loss: 2047.9162, Validation MAE: 29.3987
Epoch 160/1000, Loss: 1986.1754, Validation MAE: 40.9796
Epoch 170/1000, Loss: 2147.2041, Validation MAE: 31.4598
Epoch 180/1000, Loss: 2134.6102, Validation MAE: 32.6480
Epoch 190/1000, Loss: 2003.9662, Validation MAE: 59.7245
Epoch 200/1000, Loss: 2053.4951, Validation MAE: 30.1715
Epoch 210/1000, Loss: 2047.8360, Validation MAE: 31.4541
Epoch 220/1000, Loss: 2021.8280, Validation MAE: 29.4174
Epoch 230/1000, Loss: 2010.5579, Validation MAE: 30.6318
Epoch 240/1000, Loss: 1957.5182, Validation MAE: 30.3900
Epoch 250/1000, Loss: 2099.8274, Validation MAE: 34.2729
Epoch 260/1000, Loss: 2048.6047, Validation MAE: 37.7300
Early stopping due to no improvement in validation MAE!
Model trained for n=100, k_ratio=0.50.
================ Diagnostic Run torch.onnx.export version 2.0.1 ================
verbose: False, log level: Level.ERROR
======================= 0 NONE 0 NOTE 0 WARNING 0 ERROR ========================

Model saved to models/model_n100_k0.50.onnx

Model Performance Metrics:
R² Score: 0.9698
RMSE: 54.1184
MAE: 45.1554
Finished processing n=100, k_ratio=0.50. Plot saved.
Job completed for n=100, k_ratio=0.5.
