Starting job with n=300, k_ratio=0.5...
Using device: cpu
Processing n=300, k_ratio=0.50...
num_workers: 28
Set parameter TokenServer to value "license1.2e.hpc.psu.edu"
Set parameter TokenServer to value "license1.2e.hpc.psu.edu"
Set parameter TokenServer to value "license1.2e.hpc.psu.edu"
Set parameter TokenServer to value "license1.2e.hpc.psu.edu"
Set parameter TokenServer to value "license1.2e.hpc.psu.edu"
Set parameter TokenServer to value "license1.2e.hpc.psu.edu"
Set parameter TokenServer to value "license1.2e.hpc.psu.edu"
Set parameter TokenServer to value "license1.2e.hpc.psu.edu"
Set parameter TokenServer to value "license1.2e.hpc.psu.edu"
Set parameter TokenServer to value "license1.2e.hpc.psu.edu"
Set parameter TokenServer to value "license1.2e.hpc.psu.edu"
Set parameter TokenServer to value "license1.2e.hpc.psu.edu"
Set parameter TokenServer to value "license1.2e.hpc.psu.edu"
Set parameter TokenServer to value "license1.2e.hpc.psu.edu"
Set parameter TokenServer to value "license1.2e.hpc.psu.edu"
Set parameter TokenServer to value "license1.2e.hpc.psu.edu"
Set parameter TokenServer to value "license1.2e.hpc.psu.edu"
Set parameter TokenServer to value "license1.2e.hpc.psu.edu"
Set parameter TokenServer to value "license1.2e.hpc.psu.edu"
Set parameter TokenServer to value "license1.2e.hpc.psu.edu"
Set parameter TokenServer to value "license1.2e.hpc.psu.edu"
Set parameter TokenServer to value "license1.2e.hpc.psu.edu"
Set parameter TokenServer to value "license1.2e.hpc.psu.edu"
Set parameter TokenServer to value "license1.2e.hpc.psu.edu"
Set parameter TokenServer to value "license1.2e.hpc.psu.edu"
Set parameter TokenServer to value "license1.2e.hpc.psu.edu"
Set parameter TokenServer to value "license1.2e.hpc.psu.edu"
Set parameter TokenServer to value "license1.2e.hpc.psu.edu"
Training model for n=300, k_ratio=0.50...
Epoch 10/1000, Loss: 763706.1380, Validation MAE: 182.3198
Epoch 20/1000, Loss: 53587.7489, Validation MAE: 192.8347
Epoch 30/1000, Loss: 53734.9899, Validation MAE: 184.4847
Epoch 40/1000, Loss: 54326.4488, Validation MAE: 197.2359
Epoch 50/1000, Loss: 53766.4523, Validation MAE: 183.9220
Epoch 60/1000, Loss: 54220.0052, Validation MAE: 183.9312
Epoch 70/1000, Loss: 53879.1827, Validation MAE: 182.9026
Epoch 80/1000, Loss: 53471.3868, Validation MAE: 183.3392
Epoch 90/1000, Loss: 54111.0803, Validation MAE: 192.8483
Epoch 100/1000, Loss: 54151.1105, Validation MAE: 185.7236
Epoch 110/1000, Loss: 53450.4001, Validation MAE: 190.0241
Epoch 120/1000, Loss: 53974.6748, Validation MAE: 182.9514
Epoch 130/1000, Loss: 53656.4045, Validation MAE: 188.7788
Epoch 140/1000, Loss: 53637.0229, Validation MAE: 185.4385
Epoch 150/1000, Loss: 54042.8445, Validation MAE: 182.6297
Epoch 160/1000, Loss: 53555.1959, Validation MAE: 182.3597
Epoch 170/1000, Loss: 54031.8505, Validation MAE: 189.4586
Epoch 180/1000, Loss: 53752.0372, Validation MAE: 182.1193
Epoch 190/1000, Loss: 54169.3935, Validation MAE: 186.3445
Epoch 200/1000, Loss: 53792.4217, Validation MAE: 185.8538
Early stopping due to no improvement in validation MAE!
Model trained for n=300, k_ratio=0.50.
================ Diagnostic Run torch.onnx.export version 2.0.1 ================
verbose: False, log level: Level.ERROR
======================= 0 NONE 0 NOTE 0 WARNING 0 ERROR ========================

Model saved to models/model_n300_k0.50.onnx

Model Performance Metrics:
R² Score: 0.9173
RMSE: 227.2270
MAE: 182.8777
Finished processing n=300, k_ratio=0.50. Plot saved.
Job completed for n=300, k_ratio=0.5.
