Starting job with n=300, k_ratio=0.25...
Using device: cpu
Processing n=300, k_ratio=0.25...
num_workers: 28
Set parameter TokenServer to value "license1.2e.hpc.psu.edu"
Set parameter TokenServer to value "license1.2e.hpc.psu.edu"
Set parameter TokenServer to value "license1.2e.hpc.psu.edu"
Set parameter TokenServer to value "license1.2e.hpc.psu.edu"
Set parameter TokenServer to value "license1.2e.hpc.psu.edu"
Set parameter TokenServer to value "license1.2e.hpc.psu.edu"
Set parameter TokenServer to value "license1.2e.hpc.psu.edu"
Set parameter TokenServer to value "license1.2e.hpc.psu.edu"
Set parameter TokenServer to value "license1.2e.hpc.psu.edu"
Set parameter TokenServer to value "license1.2e.hpc.psu.edu"
Set parameter TokenServer to value "license1.2e.hpc.psu.edu"
Set parameter TokenServer to value "license1.2e.hpc.psu.edu"
Set parameter TokenServer to value "license1.2e.hpc.psu.edu"
Set parameter TokenServer to value "license1.2e.hpc.psu.edu"
Set parameter TokenServer to value "license1.2e.hpc.psu.edu"
Set parameter TokenServer to value "license1.2e.hpc.psu.edu"
Set parameter TokenServer to value "license1.2e.hpc.psu.edu"
Set parameter TokenServer to value "license1.2e.hpc.psu.edu"
Set parameter TokenServer to value "license1.2e.hpc.psu.edu"
Set parameter TokenServer to value "license1.2e.hpc.psu.edu"
Set parameter TokenServer to value "license1.2e.hpc.psu.edu"
Set parameter TokenServer to value "license1.2e.hpc.psu.edu"
Set parameter TokenServer to value "license1.2e.hpc.psu.edu"
Set parameter TokenServer to value "license1.2e.hpc.psu.edu"
Set parameter TokenServer to value "license1.2e.hpc.psu.edu"
Set parameter TokenServer to value "license1.2e.hpc.psu.edu"
Set parameter TokenServer to value "license1.2e.hpc.psu.edu"
Set parameter TokenServer to value "license1.2e.hpc.psu.edu"
Training model for n=300, k_ratio=0.25...
Epoch 10/1000, Loss: 18135.3204, Validation MAE: 78.4967
Epoch 20/1000, Loss: 44450.2524, Validation MAE: 165.1636
Epoch 30/1000, Loss: 45088.2211, Validation MAE: 167.8950
Epoch 40/1000, Loss: 44811.7117, Validation MAE: 171.9443
Epoch 50/1000, Loss: 45330.5830, Validation MAE: 165.6954
Epoch 60/1000, Loss: 44978.8664, Validation MAE: 165.1521
Epoch 70/1000, Loss: 45047.3762, Validation MAE: 175.5279
Epoch 80/1000, Loss: 45116.0086, Validation MAE: 183.5265
Epoch 90/1000, Loss: 44695.7362, Validation MAE: 170.4415
Epoch 100/1000, Loss: 44767.2506, Validation MAE: 165.5629
Epoch 110/1000, Loss: 44727.3166, Validation MAE: 172.6729
Epoch 120/1000, Loss: 44428.5222, Validation MAE: 172.1695
Epoch 130/1000, Loss: 44444.5501, Validation MAE: 170.8313
Epoch 140/1000, Loss: 45301.2985, Validation MAE: 165.9118
Epoch 150/1000, Loss: 44757.4661, Validation MAE: 178.8729
Epoch 160/1000, Loss: 45299.6619, Validation MAE: 173.8654
Epoch 170/1000, Loss: 45006.0209, Validation MAE: 165.5320
Epoch 180/1000, Loss: 44779.0312, Validation MAE: 167.7012
Epoch 190/1000, Loss: 45210.9317, Validation MAE: 170.3771
Epoch 200/1000, Loss: 45207.2923, Validation MAE: 167.0625
Early stopping due to no improvement in validation MAE!
Model trained for n=300, k_ratio=0.25.
================ Diagnostic Run torch.onnx.export version 2.0.1 ================
verbose: False, log level: Level.ERROR
======================= 0 NONE 0 NOTE 0 WARNING 0 ERROR ========================

Model saved to models/model_n300_k0.25.onnx

Model Performance Metrics:
R² Score: 0.8591
RMSE: 204.9278
MAE: 163.5052
Finished processing n=300, k_ratio=0.25. Plot saved.
Job completed for n=300, k_ratio=0.25.
