Starting job with n=100, k_ratio=0.25...
Using device: cpu
Processing n=100, k_ratio=0.25...
num_workers: 48
Set parameter TokenServer to value "license1.2e.hpc.psu.edu"
Set parameter TokenServer to value "license1.2e.hpc.psu.edu"
Set parameter TokenServer to value "license1.2e.hpc.psu.edu"
Set parameter TokenServer to value "license1.2e.hpc.psu.edu"
Set parameter TokenServer to value "license1.2e.hpc.psu.edu"
Set parameter TokenServer to value "license1.2e.hpc.psu.edu"
Set parameter TokenServer to value "license1.2e.hpc.psu.edu"
Set parameter TokenServer to value "license1.2e.hpc.psu.edu"
Set parameter TokenServer to value "license1.2e.hpc.psu.edu"
Set parameter TokenServer to value "license1.2e.hpc.psu.edu"
Set parameter TokenServer to value "license1.2e.hpc.psu.edu"
Set parameter TokenServer to value "license1.2e.hpc.psu.edu"
Set parameter TokenServer to value "license1.2e.hpc.psu.edu"
Set parameter TokenServer to value "license1.2e.hpc.psu.edu"
Set parameter TokenServer to value "license1.2e.hpc.psu.edu"
Set parameter TokenServer to value "license1.2e.hpc.psu.edu"
Set parameter TokenServer to value "license1.2e.hpc.psu.edu"
Set parameter TokenServer to value "license1.2e.hpc.psu.edu"
Set parameter TokenServer to value "license1.2e.hpc.psu.edu"
Set parameter TokenServer to value "license1.2e.hpc.psu.edu"
Set parameter TokenServer to value "license1.2e.hpc.psu.edu"
Set parameter TokenServer to value "license1.2e.hpc.psu.edu"
Set parameter TokenServer to value "license1.2e.hpc.psu.edu"
Set parameter TokenServer to value "license1.2e.hpc.psu.edu"
Set parameter TokenServer to value "license1.2e.hpc.psu.edu"
Set parameter TokenServer to value "license1.2e.hpc.psu.edu"
Set parameter TokenServer to value "license1.2e.hpc.psu.edu"
Set parameter TokenServer to value "license1.2e.hpc.psu.edu"
Set parameter TokenServer to value "license1.2e.hpc.psu.edu"
Set parameter TokenServer to value "license1.2e.hpc.psu.edu"
Set parameter TokenServer to value "license1.2e.hpc.psu.edu"
Set parameter TokenServer to value "license1.2e.hpc.psu.edu"
Set parameter TokenServer to value "license1.2e.hpc.psu.edu"
Set parameter TokenServer to value "license1.2e.hpc.psu.edu"
Set parameter TokenServer to value "license1.2e.hpc.psu.edu"
Set parameter TokenServer to value "license1.2e.hpc.psu.edu"
Set parameter TokenServer to value "license1.2e.hpc.psu.edu"
Set parameter TokenServer to value "license1.2e.hpc.psu.edu"
Set parameter TokenServer to value "license1.2e.hpc.psu.edu"
Set parameter TokenServer to value "license1.2e.hpc.psu.edu"
Set parameter TokenServer to value "license1.2e.hpc.psu.edu"
Set parameter TokenServer to value "license1.2e.hpc.psu.edu"
Set parameter TokenServer to value "license1.2e.hpc.psu.edu"
Set parameter TokenServer to value "license1.2e.hpc.psu.edu"
Set parameter TokenServer to value "license1.2e.hpc.psu.edu"
Set parameter TokenServer to value "license1.2e.hpc.psu.edu"
Set parameter TokenServer to value "license1.2e.hpc.psu.edu"
Set parameter TokenServer to value "license1.2e.hpc.psu.edu"
Training model for n=100, k_ratio=0.25...
Epoch 10/1000, Loss: 1633.0392, Validation MAE: 48.7593
Epoch 20/1000, Loss: 1421.8044, Validation MAE: 23.4673
Epoch 30/1000, Loss: 15390.6465, Validation MAE: 98.0444
Epoch 40/1000, Loss: 15535.0635, Validation MAE: 98.3437
Epoch 50/1000, Loss: 15586.9639, Validation MAE: 99.2965
Epoch 60/1000, Loss: 15537.6904, Validation MAE: 99.2938
Epoch 70/1000, Loss: 15610.7342, Validation MAE: 101.0573
Epoch 80/1000, Loss: 15510.0669, Validation MAE: 99.4892
Epoch 90/1000, Loss: 15501.6072, Validation MAE: 99.0588
Epoch 100/1000, Loss: 15520.7069, Validation MAE: 102.4766
Epoch 110/1000, Loss: 15541.9597, Validation MAE: 98.4157
Epoch 120/1000, Loss: 15623.7044, Validation MAE: 99.0354
Epoch 130/1000, Loss: 15514.0467, Validation MAE: 101.0263
Epoch 140/1000, Loss: 15559.9832, Validation MAE: 98.4198
Epoch 150/1000, Loss: 15597.0265, Validation MAE: 98.3986
Epoch 160/1000, Loss: 15475.0244, Validation MAE: 100.7545
Epoch 170/1000, Loss: 15516.5140, Validation MAE: 99.7751
Epoch 180/1000, Loss: 15564.3152, Validation MAE: 99.6833
Epoch 190/1000, Loss: 15492.1191, Validation MAE: 98.4307
Epoch 200/1000, Loss: 15559.9673, Validation MAE: 98.8738
Epoch 210/1000, Loss: 15559.6208, Validation MAE: 98.4929
Early stopping due to no improvement in validation MAE!
Model trained for n=100, k_ratio=0.25.
================ Diagnostic Run torch.onnx.export version 2.0.1 ================
verbose: False, log level: Level.ERROR
======================= 0 NONE 0 NOTE 0 WARNING 0 ERROR ========================

Model saved to models/model_n100_k0.25.onnx

Model Performance Metrics:
R² Score: 0.7546
RMSE: 122.9928
MAE: 98.2221
Finished processing n=100, k_ratio=0.25. Plot saved.
Job completed for n=100, k_ratio=0.25.
