Starting job with n=200, k_ratio=0.25...
Using device: cpu
Processing n=200, k_ratio=0.25...
num_workers: 48
Set parameter TokenServer to value "license1.2e.hpc.psu.edu"
Set parameter TokenServer to value "license1.2e.hpc.psu.edu"
Set parameter TokenServer to value "license1.2e.hpc.psu.edu"
Set parameter TokenServer to value "license1.2e.hpc.psu.edu"
Set parameter TokenServer to value "license1.2e.hpc.psu.edu"
Set parameter TokenServer to value "license1.2e.hpc.psu.edu"
Set parameter TokenServer to value "license1.2e.hpc.psu.edu"
Set parameter TokenServer to value "license1.2e.hpc.psu.edu"
Set parameter TokenServer to value "license1.2e.hpc.psu.edu"
Set parameter TokenServer to value "license1.2e.hpc.psu.edu"
Set parameter TokenServer to value "license1.2e.hpc.psu.edu"
Set parameter TokenServer to value "license1.2e.hpc.psu.edu"
Set parameter TokenServer to value "license1.2e.hpc.psu.edu"
Set parameter TokenServer to value "license1.2e.hpc.psu.edu"
Set parameter TokenServer to value "license1.2e.hpc.psu.edu"
Set parameter TokenServer to value "license1.2e.hpc.psu.edu"
Set parameter TokenServer to value "license1.2e.hpc.psu.edu"
Set parameter TokenServer to value "license1.2e.hpc.psu.edu"
Set parameter TokenServer to value "license1.2e.hpc.psu.edu"
Set parameter TokenServer to value "license1.2e.hpc.psu.edu"
Set parameter TokenServer to value "license1.2e.hpc.psu.edu"
Set parameter TokenServer to value "license1.2e.hpc.psu.edu"
Set parameter TokenServer to value "license1.2e.hpc.psu.edu"
Set parameter TokenServer to value "license1.2e.hpc.psu.edu"
Set parameter TokenServer to value "license1.2e.hpc.psu.edu"
Set parameter TokenServer to value "license1.2e.hpc.psu.edu"
Set parameter TokenServer to value "license1.2e.hpc.psu.edu"
Set parameter TokenServer to value "license1.2e.hpc.psu.edu"
Set parameter TokenServer to value "license1.2e.hpc.psu.edu"
Set parameter TokenServer to value "license1.2e.hpc.psu.edu"
Set parameter TokenServer to value "license1.2e.hpc.psu.edu"
Set parameter TokenServer to value "license1.2e.hpc.psu.edu"
Set parameter TokenServer to value "license1.2e.hpc.psu.edu"
Set parameter TokenServer to value "license1.2e.hpc.psu.edu"
Set parameter TokenServer to value "license1.2e.hpc.psu.edu"
Set parameter TokenServer to value "license1.2e.hpc.psu.edu"
Set parameter TokenServer to value "license1.2e.hpc.psu.edu"
Set parameter TokenServer to value "license1.2e.hpc.psu.edu"
Set parameter TokenServer to value "license1.2e.hpc.psu.edu"
Set parameter TokenServer to value "license1.2e.hpc.psu.edu"
Set parameter TokenServer to value "license1.2e.hpc.psu.edu"
Set parameter TokenServer to value "license1.2e.hpc.psu.edu"
Set parameter TokenServer to value "license1.2e.hpc.psu.edu"
Set parameter TokenServer to value "license1.2e.hpc.psu.edu"
Set parameter TokenServer to value "license1.2e.hpc.psu.edu"
Set parameter TokenServer to value "license1.2e.hpc.psu.edu"
Set parameter TokenServer to value "license1.2e.hpc.psu.edu"
Set parameter TokenServer to value "license1.2e.hpc.psu.edu"
Training model for n=200, k_ratio=0.25...
Epoch 10/1000, Loss: 4708.4067, Validation MAE: 80.7291
Epoch 20/1000, Loss: 3512.5630, Validation MAE: 59.6943
Epoch 30/1000, Loss: 3341.3432, Validation MAE: 36.2350
Epoch 40/1000, Loss: 3417.5550, Validation MAE: 58.7744
Epoch 50/1000, Loss: 3630.7576, Validation MAE: 56.6509
Epoch 60/1000, Loss: 3354.8671, Validation MAE: 47.2331
Epoch 70/1000, Loss: 23211.0438, Validation MAE: 123.5697
Epoch 80/1000, Loss: 30525.9930, Validation MAE: 140.6982
Epoch 90/1000, Loss: 31176.0098, Validation MAE: 153.5514
Epoch 100/1000, Loss: 30925.9056, Validation MAE: 141.7218
Epoch 110/1000, Loss: 30866.5650, Validation MAE: 138.7124
Epoch 120/1000, Loss: 30857.8108, Validation MAE: 138.4811
Epoch 130/1000, Loss: 31163.1176, Validation MAE: 138.7698
Epoch 140/1000, Loss: 30979.9715, Validation MAE: 138.4708
Epoch 150/1000, Loss: 30989.3863, Validation MAE: 138.7187
Epoch 160/1000, Loss: 31002.6839, Validation MAE: 139.7177
Epoch 170/1000, Loss: 30933.1918, Validation MAE: 138.4702
Epoch 180/1000, Loss: 31007.2371, Validation MAE: 138.9578
Epoch 190/1000, Loss: 31076.9001, Validation MAE: 141.3843
Epoch 200/1000, Loss: 30998.6090, Validation MAE: 139.3537
Epoch 210/1000, Loss: 31041.0226, Validation MAE: 138.9838
Epoch 220/1000, Loss: 31236.2609, Validation MAE: 140.2491
Epoch 230/1000, Loss: 31051.4267, Validation MAE: 140.9227
Epoch 240/1000, Loss: 30947.7286, Validation MAE: 177.8944
Epoch 250/1000, Loss: 31088.7437, Validation MAE: 148.7577
Early stopping due to no improvement in validation MAE!
Model trained for n=200, k_ratio=0.25.
================ Diagnostic Run torch.onnx.export version 2.0.1 ================
verbose: False, log level: Level.ERROR
======================= 0 NONE 0 NOTE 0 WARNING 0 ERROR ========================

Model saved to models/model_n200_k0.25.onnx

Model Performance Metrics:
R² Score: 0.8024
RMSE: 172.9866
MAE: 137.7285
Finished processing n=200, k_ratio=0.25. Plot saved.
Job completed for n=200, k_ratio=0.25.
