Starting job with n=300, k_ratio=0.25...
Using device: cpu
Processing n=300, k_ratio=0.25...
num_workers: 48
Set parameter TokenServer to value "license1.2e.hpc.psu.edu"
Set parameter TokenServer to value "license1.2e.hpc.psu.edu"
Set parameter TokenServer to value "license1.2e.hpc.psu.edu"
Set parameter TokenServer to value "license1.2e.hpc.psu.edu"
Set parameter TokenServer to value "license1.2e.hpc.psu.edu"
Set parameter TokenServer to value "license1.2e.hpc.psu.edu"
Set parameter TokenServer to value "license1.2e.hpc.psu.edu"
Set parameter TokenServer to value "license1.2e.hpc.psu.edu"
Set parameter TokenServer to value "license1.2e.hpc.psu.edu"
Set parameter TokenServer to value "license1.2e.hpc.psu.edu"
Set parameter TokenServer to value "license1.2e.hpc.psu.edu"
Set parameter TokenServer to value "license1.2e.hpc.psu.edu"
Set parameter TokenServer to value "license1.2e.hpc.psu.edu"
Set parameter TokenServer to value "license1.2e.hpc.psu.edu"
Set parameter TokenServer to value "license1.2e.hpc.psu.edu"
Set parameter TokenServer to value "license1.2e.hpc.psu.edu"
Set parameter TokenServer to value "license1.2e.hpc.psu.edu"
Set parameter TokenServer to value "license1.2e.hpc.psu.edu"
Set parameter TokenServer to value "license1.2e.hpc.psu.edu"
Set parameter TokenServer to value "license1.2e.hpc.psu.edu"
Set parameter TokenServer to value "license1.2e.hpc.psu.edu"
Set parameter TokenServer to value "license1.2e.hpc.psu.edu"
Set parameter TokenServer to value "license1.2e.hpc.psu.edu"
Set parameter TokenServer to value "license1.2e.hpc.psu.edu"
Set parameter TokenServer to value "license1.2e.hpc.psu.edu"
Set parameter TokenServer to value "license1.2e.hpc.psu.edu"
Set parameter TokenServer to value "license1.2e.hpc.psu.edu"
Set parameter TokenServer to value "license1.2e.hpc.psu.edu"
Set parameter TokenServer to value "license1.2e.hpc.psu.edu"
Set parameter TokenServer to value "license1.2e.hpc.psu.edu"
Set parameter TokenServer to value "license1.2e.hpc.psu.edu"
Set parameter TokenServer to value "license1.2e.hpc.psu.edu"
Set parameter TokenServer to value "license1.2e.hpc.psu.edu"
Set parameter TokenServer to value "license1.2e.hpc.psu.edu"
Set parameter TokenServer to value "license1.2e.hpc.psu.edu"
Set parameter TokenServer to value "license1.2e.hpc.psu.edu"
Set parameter TokenServer to value "license1.2e.hpc.psu.edu"
Set parameter TokenServer to value "license1.2e.hpc.psu.edu"
Set parameter TokenServer to value "license1.2e.hpc.psu.edu"
Set parameter TokenServer to value "license1.2e.hpc.psu.edu"
Set parameter TokenServer to value "license1.2e.hpc.psu.edu"
Set parameter TokenServer to value "license1.2e.hpc.psu.edu"
Set parameter TokenServer to value "license1.2e.hpc.psu.edu"
Set parameter TokenServer to value "license1.2e.hpc.psu.edu"
Set parameter TokenServer to value "license1.2e.hpc.psu.edu"
Set parameter TokenServer to value "license1.2e.hpc.psu.edu"
Set parameter TokenServer to value "license1.2e.hpc.psu.edu"
Set parameter TokenServer to value "license1.2e.hpc.psu.edu"
Job completed for n=300, k_ratio=0.25.
