Starting job with n=200, k_ratio=0.5...
Using device: cpu
Processing n=200, k_ratio=0.50...
num_workers: 48
Set parameter TokenServer to value "license1.2e.hpc.psu.edu"
Set parameter TokenServer to value "license1.2e.hpc.psu.edu"
Set parameter TokenServer to value "license1.2e.hpc.psu.edu"
Set parameter TokenServer to value "license1.2e.hpc.psu.edu"
Set parameter TokenServer to value "license1.2e.hpc.psu.edu"
Set parameter TokenServer to value "license1.2e.hpc.psu.edu"
Set parameter TokenServer to value "license1.2e.hpc.psu.edu"
Set parameter TokenServer to value "license1.2e.hpc.psu.edu"
Set parameter TokenServer to value "license1.2e.hpc.psu.edu"
Set parameter TokenServer to value "license1.2e.hpc.psu.edu"
Set parameter TokenServer to value "license1.2e.hpc.psu.edu"
Set parameter TokenServer to value "license1.2e.hpc.psu.edu"
Set parameter TokenServer to value "license1.2e.hpc.psu.edu"
Set parameter TokenServer to value "license1.2e.hpc.psu.edu"
Set parameter TokenServer to value "license1.2e.hpc.psu.edu"
Set parameter TokenServer to value "license1.2e.hpc.psu.edu"
Set parameter TokenServer to value "license1.2e.hpc.psu.edu"
Set parameter TokenServer to value "license1.2e.hpc.psu.edu"
Set parameter TokenServer to value "license1.2e.hpc.psu.edu"
Set parameter TokenServer to value "license1.2e.hpc.psu.edu"
Set parameter TokenServer to value "license1.2e.hpc.psu.edu"
Set parameter TokenServer to value "license1.2e.hpc.psu.edu"
Set parameter TokenServer to value "license1.2e.hpc.psu.edu"
Set parameter TokenServer to value "license1.2e.hpc.psu.edu"
Set parameter TokenServer to value "license1.2e.hpc.psu.edu"
Set parameter TokenServer to value "license1.2e.hpc.psu.edu"
Set parameter TokenServer to value "license1.2e.hpc.psu.edu"
Set parameter TokenServer to value "license1.2e.hpc.psu.edu"
Set parameter TokenServer to value "license1.2e.hpc.psu.edu"
Set parameter TokenServer to value "license1.2e.hpc.psu.edu"
Set parameter TokenServer to value "license1.2e.hpc.psu.edu"
Set parameter TokenServer to value "license1.2e.hpc.psu.edu"
Set parameter TokenServer to value "license1.2e.hpc.psu.edu"
Set parameter TokenServer to value "license1.2e.hpc.psu.edu"
Set parameter TokenServer to value "license1.2e.hpc.psu.edu"
Set parameter TokenServer to value "license1.2e.hpc.psu.edu"
Set parameter TokenServer to value "license1.2e.hpc.psu.edu"
Set parameter TokenServer to value "license1.2e.hpc.psu.edu"
Set parameter TokenServer to value "license1.2e.hpc.psu.edu"
Set parameter TokenServer to value "license1.2e.hpc.psu.edu"
Set parameter TokenServer to value "license1.2e.hpc.psu.edu"
Set parameter TokenServer to value "license1.2e.hpc.psu.edu"
Set parameter TokenServer to value "license1.2e.hpc.psu.edu"
Set parameter TokenServer to value "license1.2e.hpc.psu.edu"
Set parameter TokenServer to value "license1.2e.hpc.psu.edu"
Set parameter TokenServer to value "license1.2e.hpc.psu.edu"
Set parameter TokenServer to value "license1.2e.hpc.psu.edu"
Set parameter TokenServer to value "license1.2e.hpc.psu.edu"
Training model for n=200, k_ratio=0.50...
Epoch 10/1000, Loss: 6094.3315, Validation MAE: 134.6895
Epoch 20/1000, Loss: 5414.1924, Validation MAE: 60.9622
Epoch 30/1000, Loss: 5211.1687, Validation MAE: 45.1402
Epoch 40/1000, Loss: 5006.6707, Validation MAE: 104.7050
Epoch 50/1000, Loss: 5085.9046, Validation MAE: 86.3429
Epoch 60/1000, Loss: 6253.3496, Validation MAE: 67.6708
Epoch 70/1000, Loss: 5455.4425, Validation MAE: 50.1646
Epoch 80/1000, Loss: 5111.1342, Validation MAE: 63.1324
Epoch 90/1000, Loss: 4901.8123, Validation MAE: 59.1485
Epoch 100/1000, Loss: 4997.6234, Validation MAE: 136.6243
Epoch 110/1000, Loss: 4977.2721, Validation MAE: 79.1525
Epoch 120/1000, Loss: 4741.8886, Validation MAE: 50.4487
Epoch 130/1000, Loss: 4907.5354, Validation MAE: 51.0451
Epoch 140/1000, Loss: 4707.5740, Validation MAE: 54.4045
Epoch 150/1000, Loss: 4824.2973, Validation MAE: 83.5970
Epoch 160/1000, Loss: 4836.3135, Validation MAE: 79.8632
Epoch 170/1000, Loss: 5023.9927, Validation MAE: 57.6761
Epoch 180/1000, Loss: 4929.9260, Validation MAE: 44.5031
Epoch 190/1000, Loss: 4738.8587, Validation MAE: 47.5664
Epoch 200/1000, Loss: 5002.7013, Validation MAE: 57.8405
Epoch 210/1000, Loss: 4817.0577, Validation MAE: 43.7522
Epoch 220/1000, Loss: 5107.6950, Validation MAE: 46.1510
Early stopping due to no improvement in validation MAE!
Model trained for n=200, k_ratio=0.50.
================ Diagnostic Run torch.onnx.export version 2.0.1 ================
verbose: False, log level: Level.ERROR
======================= 0 NONE 0 NOTE 0 WARNING 0 ERROR ========================

Model saved to models/model_n200_k0.50.onnx

Model Performance Metrics:
R² Score: 0.9892
RMSE: 57.0898
MAE: 45.1298
Finished processing n=200, k_ratio=0.50. Plot saved.
Job completed for n=200, k_ratio=0.5.
