++++++++
+EMPIRE+
++++++++
LOADCHANGEMODULE: False
Solver: Gurobi
Scenario Generation: True
++++++++
ID: reduced_reg48_peak7_sce10_randomSGR_202407231023
++++++++
Generating random scenarios...
Generating .tab-files...
Solver: Gurobi
No absolute emission cap...
Declaring sets...
Reading sets...
Constructing sub sets...
Declaring parameters...
Reading parameters...
Constructing parameter values...
Sets and parameters declared and read...
Declaring variables...
Objective and constraints read...
Building instance...
WARNING: Element ('Germany', 'Denmark', 'HVAC_OverheadLine') already exists in
Set TransmissionTypeOfDirectionalLink; no action taken
WARNING: Element ('Germany', 'France', 'HVAC_OverheadLine') already exists in
Set TransmissionTypeOfDirectionalLink; no action taken
Building instance took [sec]:
40.34737515449524
----------------------Problem Statistics---------------------
Nodes: 3
Lines: 2

GeneratorTypes: 27
TotalGenerators: 65
StorageTypes: 2
TotalStorages: 5

InvestmentPeriod:  PeriodActive
InvestmentUntil: 2060
Scenarios: 10
TotalOperationalHoursPerScenario: 206
TotalOperationalHoursPerInvYear: 2060
Total size of random scenarios: 1170080
Seasons: 6
RegularSeasons: 4
LengthRegSeason: 48
PeakSeasons: 2
LengthPeakSeason: 7

Discount rate: 0.05
Operational discount scale: 4.54595050416236
--------------------------------------------------------------
Solving...
Set parameter TokenServer to value "license1.2e.hpc.psu.edu"
Read LP format model from file /storage/work/tzk5446/NeurMHSP/codes/EMPIRE/tmp1z7y_m5r.pyomo.lp
Reading time = 4.97 seconds
x1: 2321232 rows, 1434993 columns, 6915717 nonzeros
Set parameter QCPDual to value 1
Set parameter Crossover to value 0
Set parameter Method to value 2
Set parameter Threads to value 2
Set parameter BarConvTol to value 0.0001
Gurobi Optimizer version 10.0.3 build v10.0.3rc0 (linux64)

CPU model: Intel(R) Xeon(R) Gold 6248R CPU @ 3.00GHz, instruction set [SSE2|AVX|AVX2|AVX512]
Thread count: 48 physical cores, 48 logical processors, using up to 2 threads

Optimize a model with 2321232 rows, 1434993 columns and 6915717 nonzeros
Model fingerprint: 0x340d1ac0
Coefficient statistics:
  Matrix range     [1e-03, 1e+00]
  Objective range  [8e-03, 8e+06]
  Bounds range     [1e+00, 1e+00]
  RHS range        [7e+00, 2e+07]
Presolve removed 955440 rows and 340973 columns
Presolve time: 3.55s
Presolved: 1365792 rows, 1094020 columns, 4228905 nonzeros
Ordering time: 0.53s

Barrier statistics:
 Dense cols : 344
 AA' NZ     : 4.374e+06
 Factor NZ  : 1.914e+07 (roughly 1.2 GB of memory)
 Factor Ops : 5.008e+08 (less than 1 second per iteration)
 Threads    : 2

                  Objective                Residual
Iter       Primal          Dual         Primal    Dual     Compl     Time
   0   3.99253913e+15 -1.45323693e+15  3.89e+07 2.47e+04  1.27e+12     6s
   1   3.32416149e+15 -1.18444607e+16  3.13e+07 2.67e+05  6.81e+11     7s
   2   2.90843583e+15 -1.42727101e+16  2.69e+07 1.55e+05  5.12e+11     8s
   3   2.30677251e+15 -2.19299477e+16  2.07e+07 7.01e+04  3.87e+11     9s
   4   2.08542745e+15 -2.36704923e+16  1.86e+07 2.95e+04  3.23e+11    10s
   5   1.93281006e+15 -2.38980568e+16  1.71e+07 2.43e+04  2.96e+11    11s
   6   1.30381783e+15 -2.57583921e+16  1.12e+07 8.50e+03  1.95e+11    11s
   7   4.59642096e+14 -2.29314285e+16  3.36e+06 2.56e+03  6.22e+10    13s
   8   2.70613955e+14 -1.48346398e+16  1.57e+06 5.23e+02  2.82e+10    14s
   9   1.71910851e+14 -1.04676421e+16  5.50e+05 1.60e+02  1.14e+10    14s
  10   1.35847658e+14 -6.03242478e+15  1.91e+05 3.87e+01  4.66e+09    15s
  11   1.06398489e+14 -2.34443896e+15  8.63e+04 7.99e-05  1.75e+09    16s
  12   5.82099749e+13 -6.18134626e+14  2.29e+04 1.03e-04  4.16e+08    17s
  13   3.47357850e+13 -4.06228200e+14  1.00e+04 7.23e-05  2.29e+08    17s
  14   2.43131925e+13 -2.68068691e+14  4.92e+03 5.95e-05  1.37e+08    18s
  15   1.90152468e+13 -1.34631811e+14  2.83e+03 5.57e-05  6.92e+07    19s
  16   1.62037702e+13 -1.10386341e+14  1.83e+03 4.96e-05  5.50e+07    20s
  17   1.57199785e+13 -6.68003540e+13  1.68e+03 3.14e-05  3.59e+07    21s
  18   1.46461722e+13 -3.69129518e+13  1.39e+03 3.61e-05  2.24e+07    22s
  19   1.17906952e+13 -3.08387874e+13  7.44e+02 3.14e-05  1.78e+07    23s
  20   1.07844410e+13 -2.32196351e+13  6.00e+02 4.17e-05  1.41e+07    24s
  21   1.00785287e+13 -9.17525973e+12  4.93e+02 3.62e-05  7.99e+06    25s
  22   8.79297656e+12 -3.65349822e+12  3.30e+02 5.06e-05  5.11e+06    27s
  23   8.16729100e+12 -5.23608383e+11  2.67e+02 4.28e-05  3.56e+06    28s
  24   7.56625811e+12  1.68011940e+12  2.09e+02 5.44e-06  2.41e+06    29s
  25   7.09726692e+12  3.28424219e+12  1.63e+02 1.52e-05  1.56e+06    31s
  26   6.88725332e+12  3.85648661e+12  1.43e+02 1.89e-05  1.23e+06    32s
  27   6.60809486e+12  4.29136658e+12  1.18e+02 2.50e-05  9.41e+05    33s
  28   6.34727977e+12  4.57094764e+12  9.38e+01 6.15e-05  7.20e+05    35s
  29   6.11406164e+12  4.76835202e+12  7.19e+01 4.72e-05  5.43e+05    36s
  30   5.98173052e+12  4.91451303e+12  5.96e+01 3.87e-05  4.30e+05    37s
  31   5.87945426e+12  4.97075512e+12  4.94e+01 3.27e-05  3.65e+05    39s
  32   5.76100657e+12  5.02235656e+12  3.87e+01 2.24e-05  2.96e+05    40s
  33   5.66534267e+12  5.08690271e+12  2.96e+01 1.34e-05  2.32e+05    41s
  34   5.61389627e+12  5.11565643e+12  2.60e+01 1.19e-05  1.99e+05    43s
  35   5.56720008e+12  5.15761064e+12  2.29e+01 1.15e-05  1.64e+05    44s
  36   5.50748565e+12  5.17947703e+12  1.83e+01 9.42e-06  1.31e+05    45s
  37   5.47791348e+12  5.20447798e+12  1.59e+01 8.27e-06  1.09e+05    47s
  38   5.45950130e+12  5.22414086e+12  1.45e+01 6.11e-06  9.37e+04    48s
  39   5.44015304e+12  5.23142672e+12  1.33e+01 4.83e-06  8.30e+04    49s
  40   5.42260040e+12  5.24551559e+12  1.18e+01 4.66e-06  7.04e+04    51s
  41   5.41154092e+12  5.24934008e+12  1.08e+01 4.24e-06  6.44e+04    52s
  42   5.39735756e+12  5.25705537e+12  9.49e+00 3.23e-06  5.57e+04    53s
  43   5.38075931e+12  5.26591649e+12  8.08e+00 2.17e-06  4.55e+04    54s
  44   5.36437348e+12  5.27108184e+12  6.58e+00 1.58e-06  3.70e+04    56s
  45   5.35536350e+12  5.27776438e+12  5.80e+00 1.45e-06  3.07e+04    57s
  46   5.34402720e+12  5.28171506e+12  4.80e+00 9.93e-07  2.47e+04    58s
  47   5.33687010e+12  5.28342197e+12  4.16e+00 8.55e-07  2.11e+04    60s
  48   5.32937836e+12  5.28614907e+12  3.46e+00 7.88e-07  1.71e+04    61s
  49   5.32571102e+12  5.28756283e+12  3.09e+00 7.04e-07  1.51e+04    62s
  50   5.32150072e+12  5.28922070e+12  2.68e+00 5.27e-07  1.28e+04    64s
  51   5.31841526e+12  5.29044129e+12  2.36e+00 4.56e-07  1.11e+04    65s
  52   5.31475200e+12  5.29158387e+12  2.01e+00 3.82e-07  9.16e+03    67s
  53   5.31104717e+12  5.29281682e+12  1.65e+00 3.15e-07  7.20e+03    68s
  54   5.30789437e+12  5.29368601e+12  1.27e+00 2.37e-07  5.61e+03    69s
  55   5.30566348e+12  5.29422931e+12  1.04e+00 2.24e-07  4.52e+03    71s
  56   5.30361787e+12  5.29499800e+12  7.82e-01 1.71e-07  3.40e+03    72s
  57   5.30234510e+12  5.29546905e+12  6.33e-01 2.72e-07  2.72e+03    73s
  58   5.30178472e+12  5.29595770e+12  5.70e-01 3.71e-07  2.30e+03    75s
  59   5.30071268e+12  5.29622823e+12  4.42e-01 5.26e-07  1.77e+03    76s
  60   5.30046802e+12  5.29641107e+12  4.09e-01 3.89e-07  1.60e+03    77s
  61   5.30006530e+12  5.29674740e+12  3.57e-01 6.65e-07  1.31e+03    78s
  62   5.29960978e+12  5.29696753e+12  3.00e-01 8.36e-07  1.04e+03    80s
  63   5.29917917e+12  5.29705127e+12  2.45e-01 7.31e-07  8.40e+02    81s
  64   5.29908427e+12  5.29711866e+12  2.31e-01 5.89e-07  7.76e+02    82s
  65   5.29854200e+12  5.29719585e+12  1.57e-01 5.39e-07  5.31e+02    84s
  66   5.29844102e+12  5.29725859e+12  1.44e-01 3.37e-07  4.67e+02    85s
  67   5.29833491e+12  5.29730240e+12  1.29e-01 6.02e-07  4.08e+02    87s
  68   5.29823571e+12  5.29733070e+12  1.17e-01 1.09e-06  3.57e+02    88s
  69   5.29805937e+12  5.29735632e+12  9.45e-02 1.62e-06  2.78e+02    89s
  70   5.29793123e+12  5.29737240e+12  7.62e-02 1.50e-06  2.21e+02    91s

Barrier solved model in 70 iterations and 90.79 seconds (65.49 work units)
Optimal objective 5.29793123e+12

Length of gen_inv_cap: 520
Length of transmision_inv_cap: 16
Length of stor_pw_inv_cap: 40
Length of stor_en_inv_cap: 40
DataFrame created successfully:
Length of input_vector: 616
expected_second_stage_value 2651148772111.3813
Writing results to .csv...
EMPIRE Implementation took [sec]:
372.42661237716675
