2024-07-22 18:00:45.257453: I tensorflow/core/util/port.cc:113] oneDNN custom operations are on. You may see slightly different numerical results due to floating-point round-off errors from different computation orders. To turn them off, set the environment variable `TF_ENABLE_ONEDNN_OPTS=0`.
2024-07-22 18:00:45.258007: I external/local_tsl/tsl/cuda/cudart_stub.cc:32] Could not find cuda drivers on your machine, GPU will not be used.
2024-07-22 18:00:45.261247: I external/local_tsl/tsl/cuda/cudart_stub.cc:32] Could not find cuda drivers on your machine, GPU will not be used.
2024-07-22 18:00:45.300894: I tensorflow/core/platform/cpu_feature_guard.cc:210] This TensorFlow binary is optimized to use available CPU instructions in performance-critical operations.
To enable the following instructions: AVX2 AVX512F AVX512_VNNI FMA, in other operations, rebuild TensorFlow with the appropriate compiler flags.
2024-07-22 18:00:46.681672: W tensorflow/compiler/tf2tensorrt/utils/py_utils.cc:38] TF-TRT Warning: Could not find TensorRT
Traceback (most recent call last):
  File "/storage/home/tzk5446/.conda/envs/neurmhsp/lib/python3.11/site-packages/pyomo/core/base/param.py", line 808, in construct
    self._setitem_when_not_present(self._validate_index(key), val)
                                   ^^^^^^^^^^^^^^^^^^^^^^^^^
  File "/storage/home/tzk5446/.conda/envs/neurmhsp/lib/python3.11/site-packages/pyomo/core/base/indexed_component.py", line 874, in _validate_index
    raise KeyError(
KeyError: "Index '('Germany', 'Windoffshore', 1, 'scenario1', 1)' is not valid for indexed component 'genCapAvailStochRaw'"

During handling of the above exception, another exception occurred:

Traceback (most recent call last):
  File "/storage/work/tzk5446/NeurMHSP/codes/EMPIRE/reduced_run.py", line 123, in <module>
    run_empire(name = name, 
    ^^^^^^^^^^^^^^^^^^^^^^^
  File "/storage/work/tzk5446/NeurMHSP/codes/EMPIRE/NEUREMPIRE.py", line 824, in run_empire
    instance = model.create_instance(data) #, report_timing=True)
               ^^^^^^^^^^^^^^^^^^^^^^^^^^^
  File "/storage/home/tzk5446/.conda/envs/neurmhsp/lib/python3.11/site-packages/pyomo/core/base/PyomoModel.py", line 734, in create_instance
    instance.load(data, namespaces=_namespaces, profile_memory=profile_memory)
  File "/storage/home/tzk5446/.conda/envs/neurmhsp/lib/python3.11/site-packages/pyomo/core/base/PyomoModel.py", line 771, in load
    self._load_model_data(dp, namespaces, profile_memory=profile_memory)
  File "/storage/home/tzk5446/.conda/envs/neurmhsp/lib/python3.11/site-packages/pyomo/core/base/PyomoModel.py", line 823, in _load_model_data
    self._initialize_component(
  File "/storage/home/tzk5446/.conda/envs/neurmhsp/lib/python3.11/site-packages/pyomo/core/base/PyomoModel.py", line 871, in _initialize_component
    declaration.construct(data)
  File "/storage/home/tzk5446/.conda/envs/neurmhsp/lib/python3.11/site-packages/pyomo/core/base/param.py", line 811, in construct
    raise RuntimeError(
RuntimeError: Failed to set value for param=genCapAvailStochRaw, index=('Germany', 'Windoffshore', 1, 'scenario1', 1), value=0.2219.
	source error message="Index '('Germany', 'Windoffshore', 1, 'scenario1', 1)' is not valid for indexed component 'genCapAvailStochRaw'"
