Generating .tab-files...
Solver: Gurobi
No absolute emission cap...
Declaring sets...
Reading sets...
Constructing sub sets...
Declaring parameters...
Reading parameters...
Constructing parameter values...
Sets and parameters declared and read...
Declaring variables...
Objective and constraints read...
Building instance...
Building instance took [sec]: 3.91491436958313
----------------------Problem Statistics---------------------
Nodes: 3
Lines: 2

GeneratorTypes: 27
TotalGenerators: 65
StorageTypes: 2
TotalStorages: 5

InvestmentPeriod:  PeriodActive
InvestmentUntil: 2060
Scenarios: 1
TotalOperationalHoursPerScenario: 206
TotalOperationalHoursPerInvYear: 206
Seasons: 6
RegularSeasons: 4
LengthRegSeason: 48
PeakSeasons: 2
LengthPeakSeason: 7

Discount rate: 0.05
Operational discount scale: 4.54595050416236
--------------------------------------------------------------
Solving...
Set parameter TokenServer to value "license1.2e.hpc.psu.edu"
Read LP format model from file /storage/work/tzk5446/NeurMHSP/codes/EMPIRE/tmp5h0fu2ol.pyomo.lp
Reading time = 0.47 seconds
x1: 233664 rows, 144609 columns, 696158 nonzeros
Set parameter QCPDual to value 1
Set parameter Crossover to value 0
Set parameter Method to value 2
Set parameter Threads to value 2
Set parameter BarConvTol to value 0.0001
Gurobi Optimizer version 10.0.3 build v10.0.3rc0 (linux64)

CPU model: Intel(R) Xeon(R) Gold 6248R CPU @ 3.00GHz, instruction set [SSE2|AVX|AVX2|AVX512]
Thread count: 48 physical cores, 48 logical processors, using up to 2 threads

Optimize a model with 233664 rows, 144609 columns and 696158 nonzeros
Model fingerprint: 0x063d39e7
Coefficient statistics:
  Matrix range     [1e-03, 1e+00]
  Objective range  [8e-02, 8e+06]
  Bounds range     [1e+00, 1e+00]
  RHS range        [7e+00, 2e+07]
Presolve removed 96941 rows and 34866 columns
Presolve time: 0.29s
Presolved: 136723 rows, 109743 columns, 423898 nonzeros
Ordering time: 0.11s

Barrier statistics:
 Dense cols : 318
 AA' NZ     : 5.715e+05
 Factor NZ  : 2.521e+06 (roughly 120 MB of memory)
 Factor Ops : 1.664e+08 (less than 1 second per iteration)
 Threads    : 2

                  Objective                Residual
Iter       Primal          Dual         Primal    Dual     Compl     Time
   0   3.43682195e+15 -2.65279502e+15  3.81e+07 2.18e+05  4.19e+12     1s
   1   2.66376145e+15 -5.84929646e+15  2.87e+07 8.08e+05  2.12e+12     1s
   2   1.99248912e+15 -9.67938448e+15  2.07e+07 2.91e+05  1.52e+12     1s
   3   1.41305084e+15 -1.16428707e+16  1.43e+07 6.37e+04  1.02e+12     1s
   4   3.11553762e+14 -1.02923387e+16  2.38e+06 1.57e+04  1.97e+11     1s
   5   1.64428410e+14 -6.57563262e+15  8.06e+05 4.69e+03  7.27e+10     2s
   6   1.14888615e+14 -2.77310993e+15  2.77e+05 7.87e+02  2.49e+10     2s
   7   6.27499904e+13 -6.84196280e+14  4.87e+04 1.15e+02  4.78e+09     2s
   8   2.78146447e+13 -3.23376977e+14  1.23e+04 2.03e+01  1.73e+09     2s
   9   1.84794939e+13 -1.53421379e+14  3.91e+03 4.64e-06  7.52e+08     2s
  10   1.44517335e+13 -9.23712345e+13  1.61e+03 3.16e-06  4.45e+08     2s
  11   1.29559050e+13 -6.08604201e+13  1.12e+03 7.07e-06  3.04e+08     3s
  12   1.23754984e+13 -4.72656752e+13  9.29e+02 7.87e-06  2.45e+08     3s
  13   1.11621443e+13 -2.35191877e+13  5.67e+02 1.17e-05  1.41e+08     3s
  14   9.95333267e+12 -1.51119367e+13  3.19e+02 1.16e-05  1.01e+08     3s
  15   9.68687165e+12 -1.03124485e+13  2.89e+02 6.80e-06  8.03e+07     3s
  16   9.04214721e+12 -8.64711010e+12  2.16e+02 6.12e-06  7.08e+07     3s
  17   8.39297879e+12 -4.61949858e+12  1.66e+02 5.97e-06  5.20e+07     3s
  18   7.74064948e+12 -4.04442669e+12  1.16e+02 6.74e-06  4.70e+07     4s
  19   7.02175589e+12  3.10476306e+11  6.26e+01 5.64e-06  2.67e+07     4s
  20   6.60249253e+12  8.57532993e+11  3.62e+01 6.21e-06  2.28e+07     4s
  21   6.15211285e+12  2.87521077e+12  2.29e+01 1.82e-06  1.30e+07     4s
  22   5.97369636e+12  3.89482143e+12  1.80e+01 1.97e-06  8.23e+06     4s
  23   5.80079681e+12  4.34503838e+12  1.36e+01 5.11e-06  5.76e+06     5s
  24   5.63058024e+12  4.71448830e+12  9.54e+00 1.04e-06  3.62e+06     5s
  25   5.53349470e+12  4.82513353e+12  7.31e+00 8.79e-07  2.80e+06     5s
  26   5.52025073e+12  4.87957345e+12  7.00e+00 7.08e-07  2.53e+06     5s
  27   5.47384514e+12  4.97376848e+12  5.94e+00 3.32e-07  1.97e+06     5s
  28   5.41302816e+12  5.03467601e+12  4.57e+00 2.16e-07  1.49e+06     6s
  29   5.37426944e+12  5.05169206e+12  3.73e+00 1.79e-07  1.27e+06     6s
  30   5.32229264e+12  5.09380238e+12  2.54e+00 1.43e-07  9.01e+05     6s
  31   5.30430213e+12  5.10372343e+12  2.15e+00 1.43e-07  7.90e+05     6s
  32   5.28338555e+12  5.14041506e+12  1.68e+00 1.01e-07  5.63e+05     6s
  33   5.26377384e+12  5.15116326e+12  1.26e+00 1.02e-07  4.44e+05     7s
  34   5.25616804e+12  5.16083316e+12  1.09e+00 9.59e-08  3.76e+05     7s
  35   5.24028410e+12  5.16906503e+12  7.33e-01 8.38e-08  2.81e+05     7s
  36   5.23174580e+12  5.18391623e+12  5.45e-01 6.24e-08  1.88e+05     7s
  37   5.23074648e+12  5.18544400e+12  5.24e-01 6.10e-08  1.78e+05     7s
  38   5.22235381e+12  5.19017227e+12  3.44e-01 8.23e-08  1.27e+05     8s
  39   5.21838035e+12  5.19412283e+12  2.60e-01 7.09e-08  9.55e+04     8s
  40   5.21434122e+12  5.19702108e+12  1.75e-01 6.81e-08  6.82e+04     8s
  41   5.21183443e+12  5.20004959e+12  1.24e-01 1.11e-07  4.64e+04     8s
  42   5.20980879e+12  5.20249293e+12  8.22e-02 9.92e-08  2.88e+04     8s
  43   5.20808194e+12  5.20356556e+12  4.89e-02 1.45e-07  1.78e+04     9s
  44   5.20761026e+12  5.20404384e+12  3.99e-02 8.32e-08  1.40e+04     9s
  45   5.20720039e+12  5.20418254e+12  3.22e-02 8.11e-08  1.19e+04     9s
  46   5.20668965e+12  5.20458186e+12  2.24e-02 9.16e-08  8.30e+03     9s
  47   5.20625939e+12  5.20501368e+12  1.44e-02 1.57e-07  4.90e+03     9s
  48   5.20579555e+12  5.20531322e+12  6.08e-03 5.82e-07  1.90e+03     9s
  49   5.20558845e+12  5.20536820e+12  2.38e-03 1.32e-07  8.67e+02    10s
  50   5.20550703e+12  5.20539786e+12  1.02e-03 1.16e-07  4.30e+02    10s
  51   5.20550220e+12  5.20540705e+12  9.46e-04 1.76e-07  3.75e+02    10s

Barrier solved model in 51 iterations and 9.81 seconds (4.39 work units)
Optimal objective 5.20550220e+12

DataFrames created and saved successfully.
Objective Value : 5205502200418.519
Expected Second Stage Value : 2593712906628.343

Training Model
Linear Regression - MSE: 917044015197583931604992.0000, MAE: 586573760230.9349, R²: 0.3636
Decision Tree - MSE: 240330727477087003738112.0000, MAE: 294495514247.4047, R²: 0.8332
Set parameter TokenServer to value "license1.2e.hpc.psu.edu"
Set parameter NonConvex to value 2
Set parameter TimeLimit to value 100
Gurobi Optimizer version 11.0.3 build v11.0.3rc0 (linux64 - "Red Hat Enterprise Linux 8.10 (Ootpa)")

CPU model: Intel(R) Xeon(R) Gold 6248R CPU @ 3.00GHz, instruction set [SSE2|AVX|AVX2|AVX512]
Thread count: 48 physical cores, 48 logical processors, using up to 32 threads

Optimize a model with 2432 rows, 3256 columns and 10636 nonzeros
Model fingerprint: 0xf926227c
Model has 4384 general constraints
Variable types: 1336 continuous, 1920 integer (1920 binary)
Coefficient statistics:
  Matrix range     [5e-01, 6e+05]
  Objective range  [1e+00, 8e+06]
  Bounds range     [1e+00, 1e+00]
  RHS range        [1e+00, 2e+07]
  GenCon rhs range [2e-02, 3e+12]
  GenCon coe range [1e+00, 1e+00]
Warning: Model contains large rhs on indicator constraints
         Consider reformulating model or setting NumericFocus parameter
         to avoid numerical issues.
Presolve removed 2193 rows and 2947 columns
Presolve time: 0.05s
Presolved: 239 rows, 309 columns, 1701 nonzeros
Presolved model has 186 SOS constraint(s)
Variable types: 231 continuous, 78 integer (78 binary)

Root relaxation: objective 1.545551e+12, 15 iterations, 0.00 seconds (0.00 work units)

    Nodes    |    Current Node    |     Objective Bounds      |     Work
 Expl Unexpl |  Obj  Depth IntInf | Incumbent    BestBd   Gap | It/Node Time

     0     0 1.5456e+12    0    2          - 1.5456e+12      -     -    0s
     0     0 1.5456e+12    0    2          - 1.5456e+12      -     -    0s
     0     2 1.5456e+12    0    2          - 1.5456e+12      -     -    1s
*    6     6               2    3.587341e+12 1.5456e+12  56.9%   2.0    1s
*   11     8               3    3.209821e+12 1.5456e+12  51.8%   3.8    1s
*   19    10               4    2.938283e+12 1.5456e+12  47.4%   5.6    1s
*   28    12               5    2.938283e+12 1.5456e+12  47.4%   6.2    1s
*   29    12               5    2.888646e+12 1.5456e+12  46.5%   6.0    1s
*   38    14               6    2.666744e+12 1.5456e+12  42.0%   5.9    1s
*   67    18               8    2.617108e+12 1.5456e+12  40.9%   5.3    1s
*   68    18               8    2.617108e+12 1.5456e+12  40.9%   5.3    1s
*   84    20               9    2.412276e+12 1.5456e+12  35.9%   4.9    1s
*   86    20               9    2.412276e+12 1.5456e+12  35.9%   4.8    1s
*  102    20              10    2.396220e+12 1.5456e+12  35.5%   4.5    1s
*  105    20              10    2.346584e+12 1.5456e+12  34.1%   4.4    1s
*  121    18              11    2.125697e+12 1.5456e+12  27.3%   4.6    1s
*  234    33              18    2.096307e+12 1.5456e+12  26.3%   5.0    1s
*  314    37              22    2.060673e+12 1.5456e+12  25.0%   5.3    1s
*  358    33              23    2.034807e+12 1.5456e+12  24.0%   5.4    2s
*  419    33              26    2.026332e+12 1.5456e+12  23.7%   5.4    2s
*  460    37              28    2.017857e+12 1.5456e+12  23.4%   5.2    2s

Explored 1338 nodes (6217 simplex iterations) in 2.66 seconds (0.07 work units)
Thread count was 32 (of 48 available processors)

Solution count 10: 2.01786e+12 2.02633e+12 2.03481e+12 ... 2.41228e+12

Optimal solution found (tolerance 1.00e-04)
Best objective 2.017856810978e+12, best bound 2.017856810978e+12, gap 0.0000%
x1 = 0.0
x2 = 0.0
x3 = 0.0
x4 = 0.0
x5 = 0.0
x6 = 0.0
x7 = 0.0
x8 = 0.0
x9 = 0.0
x10 = 0.0
x11 = 0.0
x12 = 0.0
x13 = 0.0
x14 = 0.0
x15 = 0.0
x16 = 0.0
x17 = 1870.0
x18 = 1335.7142857142858
x19 = 1068.5714285714287
x20 = 801.4285714285714
x21 = 534.2857142857143
x22 = 267.14285714285717
x23 = 0.0
x24 = 0.0
x25 = 0.0
x26 = 0.0
x27 = 0.0
x28 = 0.0
x29 = 0.0
x30 = 0.0
x31 = 0.0
x32 = 0.0
x33 = 0.0
x34 = 0.0
x35 = 0.0
x36 = 0.0
x37 = 0.0
x38 = 0.0
x39 = 0.0
x40 = 0.0
x41 = 3165.0
x42 = 1947.6923076923078
x43 = 1308.605769230769
x44 = 912.9807692307692
x45 = 633.0
x46 = 158.25
x47 = 0.0
x48 = 0.0
x49 = 0.0
x50 = 0.0
x51 = 0.0
x52 = 0.0
x53 = 0.0
x54 = 0.0
x55 = 0.0
x56 = 0.0
x57 = 0.0
x58 = 0.0
x59 = 0.0
x60 = 0.0
x61 = 0.0
x62 = 0.0
x63 = 0.0
x64 = 0.0
x65 = 0.0
x66 = 0.0
x67 = 0.0
x68 = 0.0
x69 = 0.0
x70 = 0.0
x71 = 0.0
x72 = 0.0
x73 = 1621.0
x74 = 1106.6442307692307
x75 = 685.8076923076923
x76 = 155.8653846153846
x77 = 129.67999999999992
x78 = 0.0
x79 = 0.0
x80 = 0.0
x81 = 7.0
x82 = 7.0
x83 = 7.0
x84 = 7.0
x85 = 7.0
x86 = 7.0
x87 = 7.0
x88 = 7.0
x89 = 997.0
x90 = 553.8888888888889
x91 = 332.3333333333333
x92 = 240.0185185185187
x93 = 149.55
x94 = 49.85
x95 = 0.0
x96 = 0.0
x97 = 1536.0
x98 = 1536.0
x99 = 1536.0
x100 = 1536.0
x101 = 1536.0
x102 = 768.0
x103 = 2374.0
x104 = 2374.0
x105 = 384.0
x106 = 384.0
x107 = 384.0
x108 = 384.0
x109 = 384.0
x110 = 384.0
x111 = 384.0
x112 = 384.0
x113 = 2305.0
x114 = 2305.0
x115 = 2305.0
x116 = 2305.0
x117 = 2305.0
x118 = 0.0
x119 = 0.0
x120 = 0.0
x121 = 4644.0
x122 = 4644.0
x123 = 4644.0
x124 = 4644.0
x125 = 4644.0
x126 = 2322.0
x127 = 0.0
x128 = 0.0
x129 = 0.0
x130 = 0.0
x131 = 0.0
x132 = 0.0
x133 = 0.0
x134 = 0.0
x135 = 0.0
x136 = 0.0
x137 = 0.0
x138 = 0.0
x139 = 0.0
x140 = 0.0
x141 = 0.0
x142 = 0.0
x143 = 0.0
x144 = 0.0
x145 = 0.0
x146 = 0.0
x147 = 0.0
x148 = 0.0
x149 = 0.0
x150 = 0.0
x151 = 0.0
x152 = 0.0
x153 = 2907.0
x154 = 2076.4285714285716
x155 = 1661.142857142857
x156 = 1245.857142857143
x157 = 830.5714285714286
x158 = 415.2857142857143
x159 = 0.0
x160 = 0.0
x161 = 0.0
x162 = 0.0
x163 = 0.0
x164 = 0.0
x165 = 0.0
x166 = 0.0
x167 = 0.0
x168 = 0.0
x169 = 0.0
x170 = 0.0
x171 = 0.0
x172 = 0.0
x173 = 0.0
x174 = 0.0
x175 = 0.0
x176 = 0.0
x177 = 0.0
x178 = 0.0
x179 = 0.0
x180 = 0.0
x181 = 0.0
x182 = 0.0
x183 = 0.0
x184 = 0.0
x185 = 1817.0
x186 = 1118.1538461538462
x187 = 751.2596153846154
x188 = 524.1346153846154
x189 = 363.4
x190 = 90.85
x191 = 0.0
x192 = 0.0
x193 = 0.0
x194 = 0.0
x195 = 0.0
x196 = 0.0
x197 = 0.0
x198 = 0.0
x199 = 0.0
x200 = 0.0
x201 = 0.0
x202 = 0.0
x203 = 0.0
x204 = 0.0
x205 = 0.0
x206 = 0.0
x207 = 0.0
x208 = 0.0
x209 = 0.0
x210 = 0.0
x211 = 0.0
x212 = 0.0
x213 = 0.0
x214 = 0.0
x215 = 0.0
x216 = 0.0
x217 = 0.0
x218 = 0.0
x219 = 0.0
x220 = 0.0
x221 = 0.0
x222 = 0.0
x223 = 0.0
x224 = 0.0
x225 = 11379.0
x226 = 7768.355769230769
x227 = 4814.192307692307
x228 = 1094.1346153846152
x229 = 910.3199999999996
x230 = 0.0
x231 = 0.0
x232 = 0.0
x233 = 0.0
x234 = 0.0
x235 = 0.0
x236 = 0.0
x237 = 0.0
x238 = 0.0
x239 = 0.0
x240 = 0.0
x241 = 8785.0
x242 = 8785.0
x243 = 8785.0
x244 = 8785.0
x245 = 8785.0
x246 = 8785.0
x247 = 8785.0
x248 = 8785.0
x249 = 11030.0
x250 = 11030.0
x251 = 11030.0
x252 = 11030.0
x253 = 11030.0
x254 = 11030.0
x255 = 11030.0
x256 = 11030.0
x257 = 61370.0
x258 = 43835.71428571428
x259 = 35068.57142857143
x260 = 26301.428571428572
x261 = 17534.285714285714
x262 = 8767.142857142857
x263 = 0.0
x264 = 0.0
x265 = 2755.0
x266 = 1530.5555555555557
x267 = 918.3333333333334
x268 = 663.2407407407412
x269 = 413.25
x270 = 137.75
x271 = 0.0
x272 = 0.0
x273 = 13861.0
x274 = 13861.0
x275 = 13861.0
x276 = 13861.0
x277 = 13861.0
x278 = 6930.5
x279 = 1.5178673267364502
x280 = 1.5178673267364502
x281 = 883.0
x282 = 883.0
x283 = 883.0
x284 = 883.0
x285 = 883.0
x286 = 883.0
x287 = 883.0
x288 = 883.0
x289 = 243.0
x290 = 243.0
x291 = 243.0
x292 = 243.0
x293 = 243.0
x294 = 243.0
x295 = 243.0
x296 = 243.0
x297 = 0.0
x298 = 0.0
x299 = 0.0
x300 = 0.0
x301 = 0.0
x302 = 0.0
x303 = 0.0
x304 = 0.0
x305 = 17178.0
x306 = 17178.0
x307 = 17178.0
x308 = 17178.0
x309 = 17178.0
x310 = 8589.0
x311 = 0.0
x312 = 0.0
x313 = 0.0
x314 = 0.0
x315 = 0.0
x316 = 0.0
x317 = 0.0
x318 = 0.0
x319 = 0.0
x320 = 0.0
x321 = 0.0
x322 = 0.0
x323 = 0.0
x324 = 0.0
x325 = 0.0
x326 = 0.0
x327 = 0.0
x328 = 0.0
x329 = 0.0
x330 = 0.0
x331 = 0.0
x332 = 0.0
x333 = 0.0
x334 = 0.0
x335 = 0.0
x336 = 0.0
x337 = 10222.0
x338 = 7301.428571428572
x339 = 5841.142857142857
x340 = 4380.857142857143
x341 = 2920.5714285714284
x342 = 1460.2857142857142
x343 = 0.0
x344 = 0.0
x345 = 0.0
x346 = 0.0
x347 = 0.0
x348 = 0.0
x349 = 0.0
x350 = 0.0
x351 = 0.0
x352 = 0.0
x353 = 0.0
x354 = 0.0
x355 = 0.0
x356 = 0.0
x357 = 0.0
x358 = 0.0
x359 = 0.0
x360 = 0.0
x361 = 0.0
x362 = 0.0
x363 = 0.0
x364 = 0.0
x365 = 0.0
x366 = 0.0
x367 = 0.0
x368 = 0.0
x369 = 18830.0
x370 = 11587.692307692309
x371 = 7785.480769230769
x372 = 5431.730769230769
x373 = 3766.0
x374 = 941.5
x375 = 0.0
x376 = 0.0
x377 = 0.0
x378 = 0.0
x379 = 0.0
x380 = 0.0
x381 = 0.0
x382 = 0.0
x383 = 0.0
x384 = 0.0
x385 = 0.0
x386 = 0.0
x387 = 0.0
x388 = 0.0
x389 = 0.0
x390 = 0.0
x391 = 0.0
x392 = 0.0
x393 = 0.0
x394 = 0.0
x395 = 0.0
x396 = 0.0
x397 = 0.0
x398 = 0.0
x399 = 0.0
x400 = 0.0
x401 = 0.0
x402 = 0.0
x403 = 0.0
x404 = 0.0
x405 = 0.0
x406 = 0.0
x407 = 0.0
x408 = 0.0
x409 = 30553.0
x410 = 20858.298076923074
x411 = 12926.269230769229
x412 = 2937.7884615384614
x413 = 2444.239999999999
x414 = 0.0
x415 = 0.0
x416 = 0.0
x417 = 58.0
x418 = 58.0
x419 = 58.0
x420 = 58.0
x421 = 58.0
x422 = 58.0
x423 = 58.0
x424 = 58.0
x425 = 1397.0
x426 = 1397.0
x427 = 1397.0
x428 = 1397.0
x429 = 1397.0
x430 = 1397.0
x431 = 1397.0
x432 = 1397.0
x433 = 3718.0
x434 = 3718.0
x435 = 3718.0
x436 = 3718.0
x437 = 3718.0
x438 = 3718.0
x439 = 3718.0
x440 = 3718.0
x441 = 19106.0
x442 = 11757.538461538463
x443 = 7899.596153846153
x444 = 5511.346153846153
x445 = 3821.2
x446 = 955.3
x447 = 0.0
x448 = 0.0
x449 = 0.0
x450 = 0.0
x451 = 0.0
x452 = 0.0
x453 = 0.0
x454 = 0.0
x455 = 0.0
x456 = 0.0
x457 = 0.0
x458 = 0.0
x459 = 0.0
x460 = 0.0
x461 = 0.0
x462 = 0.0
x463 = 0.0
x464 = 0.0
x465 = 0.0
x466 = 0.0
x467 = 0.0
x468 = 0.0
x469 = 0.0
x470 = 0.0
x471 = 0.0
x472 = 0.0
x473 = 4056.0
x474 = 2897.1428571428573
x475 = 2317.714285714286
x476 = 1738.2857142857142
x477 = 1158.857142857143
x478 = 579.4285714285714
x479 = 0.0
x480 = 0.0
x481 = 3966.0
x482 = 2203.3333333333335
x483 = 1322.0
x484 = 954.7777777777778
x485 = 594.9
x486 = 198.3
x487 = 0.0
x488 = 0.0
x489 = 56309.0
x490 = 56309.0
x491 = 56309.0
x492 = 56309.0
x493 = 56309.0
x494 = 28154.5
x495 = 0.8704593181610107
x496 = 0.8704593181610107
x497 = 1599.0
x498 = 1599.0
x499 = 1599.0
x500 = 1599.0
x501 = 1599.0
x502 = 1599.0
x503 = 1599.0
x504 = 1599.0
x505 = 2260.2599999999998
x506 = 2260.2599999999998
x507 = 2260.2599999999998
x508 = 2260.2599999999998
x509 = 2260.2599999999998
x510 = 0.0
x511 = 0.0
x512 = 0.0
x513 = 55630.0
x514 = 55630.0
x515 = 55630.0
x516 = 55630.0
x517 = 55630.0
x518 = 27815.0
x519 = 0.1479316707700491
x520 = 0.1479316707700491
x521 = 0.0
x522 = 0.0
x523 = 0.0
x524 = 0.0
x525 = 0.0
x526 = 0.0
x527 = 0.0
x528 = 0.0
x529 = 0.0
x530 = 0.0
x531 = 0.0
x532 = 0.0
x533 = 0.0
x534 = 0.0
x535 = 0.0
x536 = 0.0
x537 = 0.0
x538 = 0.0
x539 = 0.0
x540 = 0.0
x541 = 0.0
x542 = 0.0
x543 = 0.0
x544 = 0.0
x545 = 0.0
x546 = 0.0
x547 = 0.0
x548 = 0.0
x549 = 0.0
x550 = 0.0
x551 = 0.0
x552 = 0.0
x553 = 0.0
x554 = 0.0
x555 = 0.0
x556 = 0.0
x557 = 0.0
x558 = 0.0
x559 = 0.0
x560 = 0.0
x561 = 0.0
x562 = 0.0
x563 = 0.0
x564 = 0.0
x565 = 0.0
x566 = 0.0
x567 = 0.0
x568 = 0.0
x569 = 0.0
x570 = 0.0
x571 = 0.0
x572 = 0.0
x573 = 0.0
x574 = 0.0
x575 = 0.0
x576 = 0.0
x577 = 0.0
x578 = 0.0
x579 = 0.0
x580 = 0.0
x581 = 0.0
x582 = 0.0
x583 = 0.0
x584 = 0.0
x585 = 0.0
x586 = 0.0
x587 = 0.0
x588 = 0.0
x589 = 0.0
x590 = 0.0
x591 = 0.0
x592 = 0.0
x593 = 0.0
x594 = 0.0
x595 = 0.0
x596 = 0.0
x597 = 0.0
x598 = 0.0
x599 = 0.0
x600 = 0.0
x601 = 0.0
x602 = 0.0
x603 = 0.0
x604 = 0.0
x605 = 0.0
x606 = 0.0
x607 = 0.0
x608 = 0.0
x609 = 0.0
x610 = 0.0
x611 = 0.0
x612 = 0.0
x613 = 0.0
x614 = 0.0
x615 = 0.0
x616 = 0.0
x617 = 0.0
x618 = 0.0
x619 = 0.0
x620 = 0.0
x621 = 0.0
x622 = 0.0
x623 = 2374.0
x624 = 0.0
x625 = 0.0
x626 = 0.0
x627 = 0.0
x628 = 0.0
x629 = 0.0
x630 = 0.0
x631 = 0.0
x632 = 0.0
x633 = 0.0
x634 = 0.0
x635 = 0.0
x636 = 0.0
x637 = 0.0
x638 = 0.0
x639 = 0.0
x640 = 0.0
x641 = 0.0
x642 = 0.0
x643 = 0.0
x644 = 0.0
x645 = 0.0
x646 = 0.0
x647 = 0.0
x648 = 0.0
x649 = 0.0
x650 = 0.0
x651 = 0.0
x652 = 0.0
x653 = 0.0
x654 = 0.0
x655 = 0.0
x656 = 0.0
x657 = 0.0
x658 = 0.0
x659 = 0.0
x660 = 0.0
x661 = 0.0
x662 = 0.0
x663 = 0.0
x664 = 0.0
x665 = 0.0
x666 = 0.0
x667 = 0.0
x668 = 0.0
x669 = 0.0
x670 = 0.0
x671 = 0.0
x672 = 0.0
x673 = 0.0
x674 = 0.0
x675 = 0.0
x676 = 0.0
x677 = 0.0
x678 = 0.0
x679 = 0.0
x680 = 0.0
x681 = 0.0
x682 = 0.0
x683 = 0.0
x684 = 0.0
x685 = 0.0
x686 = 0.0
x687 = 0.0
x688 = 0.0
x689 = 0.0
x690 = 0.0
x691 = 0.0
x692 = 0.0
x693 = 0.0
x694 = 0.0
x695 = 0.0
x696 = 0.0
x697 = 0.0
x698 = 0.0
x699 = 0.0
x700 = 0.0
x701 = 0.0
x702 = 0.0
x703 = 0.0
x704 = 0.0
x705 = 0.0
x706 = 0.0
x707 = 0.0
x708 = 0.0
x709 = 0.0
x710 = 0.0
x711 = 0.0
x712 = 0.0
x713 = 0.0
x714 = 0.0
x715 = 0.0
x716 = 0.0
x717 = 0.0
x718 = 0.0
x719 = 0.0
x720 = 0.0
x721 = 0.0
x722 = 0.0
x723 = 0.0
x724 = 0.0
x725 = 0.0
x726 = 0.0
x727 = 0.0
x728 = 0.0
x729 = 0.0
x730 = 0.0
x731 = 0.0
x732 = 0.0
x733 = 0.0
x734 = 0.0
x735 = 0.0
x736 = 0.0
x737 = 0.0
x738 = 0.0
x739 = 0.0
x740 = 0.0
x741 = 0.0
x742 = 0.0
x743 = 0.0
x744 = 0.0
x745 = 0.0
x746 = 0.0
x747 = 0.0
x748 = 0.0
x749 = 0.0
x750 = 0.0
x751 = 0.0
x752 = 0.0
x753 = 0.0
x754 = 0.0
x755 = 0.0
x756 = 0.0
x757 = 0.0
x758 = 0.0
x759 = 0.0
x760 = 0.0
x761 = 0.0
x762 = 0.0
x763 = 0.0
x764 = 0.0
x765 = 0.0
x766 = 0.0
x767 = 0.0
x768 = 0.0
x769 = 0.0
x770 = 0.0
x771 = 0.0
x772 = 0.0
x773 = 0.0
x774 = 0.0
x775 = 0.0
x776 = 0.0
x777 = 0.0
x778 = 0.0
x779 = 0.0
x780 = 0.0
x781 = 0.0
x782 = 0.0
x783 = 0.0
x784 = 0.0
x785 = 0.0
x786 = 0.0
x787 = 0.0
x788 = 0.0
x789 = 0.0
x790 = 0.0
x791 = 0.0
x792 = 0.0
x793 = 0.0
x794 = 0.0
x795 = 0.0
x796 = 0.0
x797 = 0.0
x798 = 0.0
x799 = 1.5178673267364502
x800 = 0.0
x801 = 0.0
x802 = 0.0
x803 = 0.0
x804 = 0.0
x805 = 0.0
x806 = 0.0
x807 = 0.0
x808 = 0.0
x809 = 0.0
x810 = 0.0
x811 = 0.0
x812 = 0.0
x813 = 0.0
x814 = 0.0
x815 = 0.0
x816 = 0.0
x817 = 0.0
x818 = 0.0
x819 = 0.0
x820 = 0.0
x821 = 0.0
x822 = 0.0
x823 = 0.0
x824 = 0.0
x825 = 0.0
x826 = 0.0
x827 = 0.0
x828 = 0.0
x829 = 0.0
x830 = 0.0
x831 = 0.0
x832 = 0.0
x833 = 0.0
x834 = 0.0
x835 = 0.0
x836 = 0.0
x837 = 0.0
x838 = 0.0
x839 = 0.0
x840 = 0.0
x841 = 0.0
x842 = 0.0
x843 = 0.0
x844 = 0.0
x845 = 0.0
x846 = 0.0
x847 = 0.0
x848 = 0.0
x849 = 0.0
x850 = 0.0
x851 = 0.0
x852 = 0.0
x853 = 0.0
x854 = 0.0
x855 = 0.0
x856 = 0.0
x857 = 0.0
x858 = 0.0
x859 = 0.0
x860 = 0.0
x861 = 0.0
x862 = 0.0
x863 = 0.0
x864 = 0.0
x865 = 0.0
x866 = 0.0
x867 = 0.0
x868 = 0.0
x869 = 0.0
x870 = 0.0
x871 = 0.0
x872 = 0.0
x873 = 0.0
x874 = 0.0
x875 = 0.0
x876 = 0.0
x877 = 0.0
x878 = 0.0
x879 = 0.0
x880 = 0.0
x881 = 0.0
x882 = 0.0
x883 = 0.0
x884 = 0.0
x885 = 0.0
x886 = 0.0
x887 = 0.0
x888 = 0.0
x889 = 0.0
x890 = 0.0
x891 = 0.0
x892 = 0.0
x893 = 0.0
x894 = 0.0
x895 = 0.0
x896 = 0.0
x897 = 0.0
x898 = 0.0
x899 = 0.0
x900 = 0.0
x901 = 0.0
x902 = 0.0
x903 = 0.0
x904 = 0.0
x905 = 0.0
x906 = 0.0
x907 = 0.0
x908 = 0.0
x909 = 0.0
x910 = 0.0
x911 = 0.0
x912 = 0.0
x913 = 0.0
x914 = 0.0
x915 = 0.0
x916 = 0.0
x917 = 0.0
x918 = 0.0
x919 = 0.0
x920 = 0.0
x921 = 0.0
x922 = 0.0
x923 = 0.0
x924 = 0.0
x925 = 0.0
x926 = 0.0
x927 = 0.0
x928 = 0.0
x929 = 0.0
x930 = 0.0
x931 = 0.0
x932 = 0.0
x933 = 0.0
x934 = 0.0
x935 = 0.0
x936 = 0.0
x937 = 0.0
x938 = 0.0
x939 = 0.0
x940 = 0.0
x941 = 0.0
x942 = 0.0
x943 = 0.0
x944 = 0.0
x945 = 0.0
x946 = 0.0
x947 = 0.0
x948 = 0.0
x949 = 0.0
x950 = 0.0
x951 = 0.0
x952 = 0.0
x953 = 0.0
x954 = 0.0
x955 = 0.0
x956 = 0.0
x957 = 0.0
x958 = 0.0
x959 = 0.0
x960 = 0.0
x961 = 0.0
x962 = 0.0
x963 = 0.0
x964 = 0.0
x965 = 0.0
x966 = 0.0
x967 = 0.0
x968 = 0.0
x969 = 0.0
x970 = 0.0
x971 = 0.0
x972 = 0.0
x973 = 0.0
x974 = 0.0
x975 = 0.0
x976 = 0.0
x977 = 0.0
x978 = 0.0
x979 = 0.0
x980 = 0.0
x981 = 0.0
x982 = 0.0
x983 = 0.0
x984 = 0.0
x985 = 0.0
x986 = 0.0
x987 = 0.0
x988 = 0.0
x989 = 0.0
x990 = 0.0
x991 = 0.0
x992 = 0.0
x993 = 0.0
x994 = 0.0
x995 = 0.0
x996 = 0.0
x997 = 0.0
x998 = 0.0
x999 = 0.0
x1000 = 0.0
x1001 = 0.0
x1002 = 0.0
x1003 = 0.0
x1004 = 0.0
x1005 = 0.0
x1006 = 0.0
x1007 = 0.0
x1008 = 0.0
x1009 = 0.0
x1010 = 0.0
x1011 = 0.0
x1012 = 0.0
x1013 = 0.0
x1014 = 0.0
x1015 = 0.8704593181610107
x1016 = 0.0
x1017 = 0.0
x1018 = 0.0
x1019 = 0.0
x1020 = 0.0
x1021 = 0.0
x1022 = 0.0
x1023 = 0.0
x1024 = 0.0
x1025 = 0.0
x1026 = 0.0
x1027 = 0.0
x1028 = 0.0
x1029 = 0.0
x1030 = 0.0
x1031 = 0.0
x1032 = 0.0
x1033 = 0.0
x1034 = 0.0
x1035 = 0.0
x1036 = 0.0
x1037 = 0.0
x1038 = 0.0
x1039 = 0.1479316707700491
x1040 = 0.0
x1041 = 0.0
x1042 = 0.0
x1043 = 0.0
x1044 = 0.0
x1045 = 0.0
x1046 = 0.0
x1047 = 0.0
x1048 = 0.0
x1049 = 184296.0
x1050 = 184296.0
x1051 = 184296.0
x1052 = 184296.0
x1053 = 184296.0
x1054 = 184296.0
x1055 = 184296.0
x1056 = 184296.0
x1057 = 0.0
x1058 = 0.0
x1059 = 0.0
x1060 = 0.0
x1061 = 0.0
x1062 = 0.0
x1063 = 0.0
x1064 = 0.0
x1065 = 38626.0
x1066 = 38626.0
x1067 = 38626.0
x1068 = 38626.0
x1069 = 38626.0
x1070 = 38626.0
x1071 = 38626.0
x1072 = 38626.0
x1073 = 0.0
x1074 = 0.0
x1075 = 0.0
x1076 = 0.0
x1077 = 0.0
x1078 = 0.0
x1079 = 0.0
x1080 = 0.0
x1081 = 0.0
x1082 = 0.0
x1083 = 0.0
x1084 = 0.0
x1085 = 0.0
x1086 = 0.0
x1087 = 0.0
x1088 = 0.0
x1089 = 0.0
x1090 = 0.0
x1091 = 0.0
x1092 = 0.0
x1093 = 0.0
x1094 = 0.0
x1095 = 0.0
x1096 = 0.0
x1097 = 0.0
x1098 = 0.0
x1099 = 0.0
x1100 = 0.0
x1101 = 0.0
x1102 = 0.0
x1103 = 0.0
x1104 = 0.0
x1105 = 0.0
x1106 = 0.0
x1107 = 0.0
x1108 = 0.0
x1109 = 0.0
x1110 = 0.0
x1111 = 0.0
x1112 = 0.0
x1113 = 0.0
x1114 = 0.0
x1115 = 0.0
x1116 = 0.0
x1117 = 0.0
x1118 = 0.0
x1119 = 0.0
x1120 = 0.0
x1121 = 0.0
x1122 = 0.0
x1123 = 0.0
x1124 = 0.0
x1125 = 0.0
x1126 = 0.0
x1127 = 0.0
x1128 = 0.0
x1129 = 5049.0
x1130 = 5049.0
x1131 = 5049.0
x1132 = 5049.0
x1133 = 5049.0
x1134 = 5049.0
x1135 = 5049.0
x1136 = 5049.0
x1137 = 0.0
x1138 = 0.0
x1139 = 0.0
x1140 = 0.0
x1141 = 0.0
x1142 = 0.0
x1143 = 0.0
x1144 = 0.0
x1145 = 9280.0
x1146 = 9280.0
x1147 = 9280.0
x1148 = 9280.0
x1149 = 9280.0
x1150 = 9280.0
x1151 = 9280.0
x1152 = 9280.0
x1153 = 0.0
x1154 = 0.0
x1155 = 0.0
x1156 = 0.0
x1157 = 0.0
x1158 = 0.0
x1159 = 0.0
x1160 = 0.0
x1161 = 0.0
x1162 = 0.0
x1163 = 0.0
x1164 = 0.0
x1165 = 0.0
x1166 = 0.0
x1167 = 0.0
x1168 = 0.0
x1169 = 0.0
x1170 = 0.0
x1171 = 0.0
x1172 = 0.0
x1173 = 0.0
x1174 = 0.0
x1175 = 0.0
x1176 = 0.0
x1177 = 0.0
x1178 = 0.0
x1179 = 0.0
x1180 = 0.0
x1181 = 0.0
x1182 = 0.0
x1183 = 0.0
x1184 = 0.0
x1185 = 0.0
x1186 = 0.0
x1187 = 0.0
x1188 = 0.0
x1189 = 0.0
x1190 = 0.0
x1191 = 0.0
x1192 = 0.0
x1193 = 0.0
x1194 = 0.0
x1195 = 0.0
x1196 = 0.0
x1197 = 0.0
x1198 = 0.0
x1199 = 0.0
x1200 = 0.0
x1201 = 0.0
x1202 = 0.0
x1203 = 0.0
x1204 = 0.0
x1205 = 0.0
x1206 = 0.0
x1207 = 0.0
x1208 = 0.0
x1209 = 0.0
x1210 = 0.0
x1211 = 0.0
x1212 = 0.0
x1213 = 0.0
x1214 = 0.0
x1215 = 0.0
x1216 = 0.0
x1217 = 2765.0
x1218 = 2765.0
x1219 = 2765.0
x1220 = 2765.0
x1221 = 2765.0
x1222 = 2765.0
x1223 = 2765.0
x1224 = 2765.0
x1225 = 2300.0
x1226 = 2300.0
x1227 = 2300.0
x1228 = 2300.0
x1229 = 2300.0
x1230 = 2300.0
x1231 = 2300.0
x1232 = 2300.0
y_approx_1 = 257561012178.60504
y_approx_2 = 257561012178.60504
y_approx_3 = 257561012178.60504
y_approx_4 = 257561012178.60504
y_approx_5 = 257561012178.60504
y_approx_6 = 257561012178.60504
y_approx_7 = 236153049184.9291
y_approx_8 = 236153049184.9291
Period 1: 257561012178.6050
Period 2: 257561012178.6050
Period 3: 257561012178.6050
Period 4: 257561012178.6050
Period 5: 257561012178.6050
Period 6: 257561012178.6050
Period 7: 236153049184.9291
Period 8: 236153049184.9291
