2024-06-26 14:21:19.974807: I external/local_tsl/tsl/cuda/cudart_stub.cc:32] Could not find cuda drivers on your machine, GPU will not be used.
2024-06-26 14:21:20.515478: I external/local_tsl/tsl/cuda/cudart_stub.cc:32] Could not find cuda drivers on your machine, GPU will not be used.
2024-06-26 14:21:22.530635: I tensorflow/core/platform/cpu_feature_guard.cc:210] This TensorFlow binary is optimized to use available CPU instructions in performance-critical operations.
To enable the following instructions: AVX2 FMA, in other operations, rebuild TensorFlow with the appropriate compiler flags.
2024-06-26 14:21:28.593578: W tensorflow/compiler/tf2tensorrt/utils/py_utils.cc:38] TF-TRT Warning: Could not find TensorRT
Traceback (most recent call last):
  File "/storage/work/tzk5446/NeurMHSP/codes/EMPIRE/run.py", line 138, in <module>
    run_empire(name = name, 
    ^^^^^^^^^^^^^^^^^^^^^^^
  File "/storage/work/tzk5446/NeurMHSP/codes/EMPIRE/NEUREMPIRE.py", line 895, in run_empire
    input_vector, expected_second_stage_value = get_results(instance)
                                                ^^^^^^^^^^^^^^^^^^^^^
  File "/storage/work/tzk5446/NeurMHSP/codes/EMPIRE/NEUREMPIRE.py", line 1292, in get_results
    expected_second_stage_value = compute_expected_second_stage_value(instance)
                                  ^^^^^^^^^^^^^^^^^^^^^^^^^^^^^^^^^^^^^^^^^^^^^
  File "/storage/work/tzk5446/NeurMHSP/codes/EMPIRE/NEUREMPIRE.py", line 1308, in compute_expected_second_stage_value
    total_operational_cost = sum(instance.discount_multiplier[i] * instance.operationalcost[i].value for i in instance.PeriodActive)
                             ^^^^^^^^^^^^^^^^^^^^^^^^^^^^^^^^^^^^^^^^^^^^^^^^^^^^^^^^^^^^^^^^^^^^^^^^^^^^^^^^^^^^^^^^^^^^^^^^^^^^^^^
  File "/storage/work/tzk5446/NeurMHSP/codes/EMPIRE/NEUREMPIRE.py", line 1308, in <genexpr>
    total_operational_cost = sum(instance.discount_multiplier[i] * instance.operationalcost[i].value for i in instance.PeriodActive)
                                                                   ^^^^^^^^^^^^^^^^^^^^^^^^^^^^^^^^^
AttributeError: '_GeneralExpressionData' object has no attribute 'value'
