++++++++
+EMPIRE+
++++++++
LOADCHANGEMODULE: False
Solver: Gurobi
Scenario Generation: True
++++++++
ID: europe_v51_reg168_peak24_sce5_randomSGR_202406281553
++++++++
Generating random scenarios...
Generating .tab-files...
Solver: Gurobi
Absolute emission cap in each scenario...
Declaring sets...
Reading sets...
Constructing sub sets...
Declaring parameters...
Reading parameters...
Constructing parameter values...
Sets and parameters declared and read...
Declaring variables...
Objective and constraints read...
Building instance...
Building instance took [sec]:
1432.4124021530151
Number of parameters in instance: 70
Number of scenarios in instance: 5
----------------------Problem Statistics---------------------
Nodes: 49
Lines: 190

GeneratorTypes: 28
TotalGenerators: 696
StorageTypes: 2
TotalStorages: 66

InvestmentUntil: 2060
Scenarios: 5
TotalOperationalHoursPerScenario: 720
TotalOperationalHoursPerInvYear: 3600
Seasons: 6
RegularSeasons: 4
LengthRegSeason: 168
PeakSeasons: 2
LengthPeakSeason: 24

Discount rate: 0.05
Operational discount scale: 4.54595050416236
--------------------------------------------------------------
Solving...
Set parameter TokenServer to value "license1.2e.hpc.psu.edu"
Read LP format model from file /storage/work/tzk5446/NeurMHSP/codes/EMPIRE/tmpbrut5klo.pyomo.lp
Reading time = 190.04 seconds
x1: 54450152 rows, 38118689 columns, 184536141 nonzeros
Set parameter QCPDual to value 1
Set parameter Crossover to value 0
Set parameter Method to value 2
Gurobi Optimizer version 10.0.3 build v10.0.3rc0 (linux64)

CPU model: Intel(R) Xeon(R) CPU E5-2680 v4 @ 2.40GHz, instruction set [SSE2|AVX|AVX2]
Thread count: 28 physical cores, 28 logical processors, using up to 28 threads

Optimize a model with 54450152 rows, 38118689 columns and 184536141 nonzeros
Model fingerprint: 0xae504a9c
Coefficient statistics:
  Matrix range     [3e-08, 3e+00]
  Objective range  [2e-02, 8e+06]
  Bounds range     [1e+00, 1e+00]
  RHS range        [1e+00, 8e+07]
Presolve removed 6416 rows and 0 columns (presolve time = 23s) ...
Presolve removed 4291864 rows and 681567 columns (presolve time = 27s) ...
Presolve removed 24065158 rows and 7450883 columns (presolve time = 33s) ...
Presolve removed 24151198 rows and 12210083 columns (presolve time = 36s) ...
Presolve removed 24190270 rows and 12210083 columns (presolve time = 48s) ...
Presolve removed 24190270 rows and 12210083 columns (presolve time = 52s) ...
Presolve removed 24190270 rows and 12210083 columns (presolve time = 55s) ...
Presolve removed 24190270 rows and 12210083 columns (presolve time = 62s) ...
Presolve removed 24190270 rows and 12210083 columns (presolve time = 65s) ...
Presolve removed 24190406 rows and 12210083 columns (presolve time = 81s) ...
Presolve removed 24200323 rows and 12220000 columns (presolve time = 90s) ...
Presolve removed 24206631 rows and 12226308 columns (presolve time = 93s) ...
Presolve removed 24206631 rows and 12226308 columns (presolve time = 104s) ...
Presolve removed 24206631 rows and 12226308 columns (presolve time = 110s) ...
Presolve removed 24206631 rows and 12226308 columns (presolve time = 125s) ...
Presolve removed 24206631 rows and 12226308 columns (presolve time = 146s) ...
Presolve removed 24206631 rows and 12226308 columns (presolve time = 163s) ...
Presolve removed 24206631 rows and 12226308 columns (presolve time = 165s) ...
Presolve removed 24215064 rows and 12226308 columns (presolve time = 175s) ...
Presolve removed 24215064 rows and 12226308 columns (presolve time = 181s) ...
Presolve removed 24215064 rows and 12226308 columns (presolve time = 186s) ...
Presolve removed 24215064 rows and 12226308 columns (presolve time = 190s) ...
Presolve removed 24215064 rows and 12226308 columns (presolve time = 201s) ...
Presolve removed 24215064 rows and 12226308 columns (presolve time = 216s) ...
Presolve removed 24215064 rows and 12226308 columns
Presolve time: 219.89s
Presolved: 30235088 rows, 25892381 columns, 105774108 nonzeros
Elapsed ordering time = 5s
Elapsed ordering time = 10s
Elapsed ordering time = 15s
Elapsed ordering time = 20s
Elapsed ordering time = 25s
Elapsed ordering time = 66s
Elapsed ordering time = 70s
Elapsed ordering time = 75s
Elapsed ordering time = 80s
Elapsed ordering time = 85s
Elapsed ordering time = 90s
Elapsed ordering time = 95s
Elapsed ordering time = 100s
Elapsed ordering time = 105s
Elapsed ordering time = 110s
Elapsed ordering time = 115s
Elapsed ordering time = 120s
Elapsed ordering time = 125s
Elapsed ordering time = 130s
Elapsed ordering time = 135s
Elapsed ordering time = 140s
Elapsed ordering time = 145s
Ordering time: 149.87s

Barrier statistics:
 Dense cols : 4276
 AA' NZ     : 1.090e+08
 Factor NZ  : 9.733e+08 (roughly 30.0 GB of memory)
 Factor Ops : 5.753e+11 (roughly 6 seconds per iteration)
 Threads    : 28

                  Objective                Residual
Iter       Primal          Dual         Primal    Dual     Compl     Time
   0   3.89845963e+18 -1.09237021e+17  4.22e+12 1.27e+05  1.11e+14   475s
   1   3.24050702e+18 -2.03875236e+17  3.42e+12 1.46e+06  7.44e+13   510s
   2   2.88025823e+18 -4.40628848e+17  2.97e+12 1.11e+06  6.17e+13   552s
   3   2.55532138e+18 -1.81235337e+18  2.57e+12 4.93e+06  5.29e+13   603s
   4   2.34730077e+18 -4.09534663e+18  2.34e+12 7.29e+06  4.47e+13   643s
   5   1.94591159e+18 -5.97723050e+18  1.90e+12 1.64e+07  3.55e+13   693s
   6   1.84644510e+18 -4.43965919e+18  1.79e+12 1.60e+07  3.30e+13   742s
   7   1.65561964e+18 -3.70246114e+18  1.56e+12 1.28e+07  2.88e+13   792s
   8   1.57676508e+18 -3.47779448e+18  1.47e+12 1.20e+07  2.71e+13   851s
   9   1.55853408e+18 -3.41631414e+18  1.45e+12 1.11e+07  2.67e+13   900s
  10   1.37199629e+18 -3.30544016e+18  1.25e+12 1.29e+07  2.32e+13   957s
  11   1.29321033e+18 -3.16629219e+18  1.17e+12 1.90e+07  2.16e+13  1014s
  12   1.26417019e+18 -3.14555558e+18  1.14e+12 1.48e+07  2.11e+13  1063s
  13   1.16979973e+18 -3.05817820e+18  1.05e+12 2.12e+07  1.93e+13  1121s
  14   1.03897471e+18 -3.03659017e+18  9.18e+11 1.91e+07  1.69e+13  1177s
  15   1.00726680e+18 -3.02744789e+18  8.88e+11 1.80e+07  1.64e+13  1233s
  16   9.52500047e+17 -3.02578326e+18  8.36e+11 1.64e+07  1.54e+13  1271s
  17   7.94655836e+17 -3.01892400e+18  6.89e+11 1.55e+07  1.27e+13  1326s
  18   7.20004584e+17 -3.15699796e+18  6.22e+11 7.88e+06  1.19e+13  1382s
  19   1.57057373e+17 -3.13292004e+18  1.32e+11 8.60e+05  2.63e+12  1437s
  20   3.40625357e+16 -2.63625954e+18  2.78e+10 2.44e-01  5.73e+11  1484s
  21   3.06922378e+16 -2.37383134e+18  2.49e+10 1.04e-01  5.01e+11  1530s
  22   2.45811295e+16 -1.88919992e+18  1.97e+10 3.69e-02  3.78e+11  1566s
  23   1.31125453e+16 -1.65495977e+18  9.69e+09 2.88e-02  1.94e+11  1594s
  24   1.14278879e+16 -1.27843658e+18  8.21e+09 2.14e-01  1.55e+11  1623s
  25   9.15437969e+15 -1.09962457e+18  6.18e+09 1.43e-01  1.17e+11  1651s
  26   8.53258902e+15 -1.05977172e+18  5.64e+09 1.05e-01  1.07e+11  1679s
  27   7.18953676e+15 -7.00499514e+17  4.46e+09 1.61e-01  7.73e+10  1707s
  28   6.47238385e+15 -6.67591914e+17  3.81e+09 1.45e-01  6.67e+10  1734s
  29   5.58462539e+15 -6.23492101e+17  3.00e+09 1.29e-01  5.39e+10  1763s
  30   5.47650529e+15 -6.13373492e+17  2.91e+09 1.26e-01  5.22e+10  1791s
  31   5.18414306e+15 -5.52819610e+17  2.64e+09 6.32e-02  4.67e+10  1819s
  32   5.02800667e+15 -5.30886660e+17  2.50e+09 5.81e-02  4.41e+10  1847s
  33   4.77745184e+15 -5.12196620e+17  2.27e+09 6.50e-02  4.04e+10  1875s
  34   4.50051263e+15 -4.93680529e+17  2.03e+09 6.26e-02  3.64e+10  1903s
  35   4.23867457e+15 -4.69011017e+17  1.79e+09 9.76e-02  3.26e+10  1932s
  36   4.19942899e+15 -4.47435886e+17  1.76e+09 6.12e-02  3.15e+10  1960s
  37   4.02743145e+15 -4.08448527e+17  1.61e+09 5.50e-02  2.84e+10  1989s
  38   3.93294969e+15 -4.05612962e+17  1.52e+09 4.80e-02  2.72e+10  2017s
  39   3.64613822e+15 -3.47564341e+17  1.28e+09 2.44e-01  2.25e+10  2045s
  40   3.57508760e+15 -3.31945918e+17  1.22e+09 1.87e-01  2.13e+10  2073s
  41   3.54307437e+15 -3.13033281e+17  1.19e+09 2.46e-01  2.05e+10  2102s
  42   3.45641208e+15 -3.06086742e+17  1.12e+09 2.15e-01  1.94e+10  2130s
  43   3.35948921e+15 -2.72733868e+17  1.04e+09 2.38e-01  1.74e+10  2166s
  44   3.27161782e+15 -2.66260451e+17  9.74e+08 2.50e-01  1.64e+10  2202s
  45   3.17088622e+15 -2.38959168e+17  8.95e+08 2.15e-01  1.47e+10  2258s
  46   3.03921340e+15 -1.96824773e+17  8.00e+08 2.14e-01  1.24e+10  2314s
  47   2.78558127e+15 -1.88446759e+17  6.36e+08 2.06e-01  1.04e+10  2371s
  48   2.54089422e+15 -1.50778625e+17  4.91e+08 3.52e-01  7.83e+09  2427s
  49   2.39771005e+15 -1.36044154e+17  4.23e+08 2.91e-01  6.74e+09  2483s
  50   2.32266916e+15 -1.26082962e+17  3.92e+08 3.20e-01  6.15e+09  2539s
  51   2.22561785e+15 -1.21001683e+17  3.57e+08 3.06e-01  5.67e+09  2594s
  52   2.07893525e+15 -9.94588673e+16  3.05e+08 2.82e-01  4.60e+09  2650s
  53   2.01341128e+15 -8.87868013e+16  2.85e+08 2.60e-01  4.11e+09  2706s
  54   1.89739717e+15 -8.32419350e+16  2.55e+08 2.32e-01  3.71e+09  2744s
  55   1.66702668e+15 -6.82261935e+16  1.92e+08 2.19e-01  2.78e+09  2800s
  56   1.44276277e+15 -6.02985191e+16  1.54e+08 2.01e-01  2.27e+09  2847s
  57   1.32828025e+15 -5.14798579e+16  1.33e+08 1.61e-01  1.88e+09  2904s
  58   1.30393201e+15 -5.01809229e+16  1.29e+08 1.55e-01  1.82e+09  2952s
  59   1.23673445e+15 -4.40971065e+16  1.18e+08 1.29e-01  1.58e+09  3008s
  60   1.13296185e+15 -3.85960602e+16  1.03e+08 9.79e-02  1.34e+09  3064s
  61   9.95002496e+14 -3.41367192e+16  8.44e+07 7.85e-02  1.12e+09  3119s
  62   9.64170423e+14 -3.36065554e+16  8.04e+07 7.64e-02  1.08e+09  3156s
  63   9.19532357e+14 -3.32882191e+16  7.47e+07 7.53e-02  1.04e+09  3194s
  64   8.58791927e+14 -2.93540718e+16  6.74e+07 6.92e-02  9.04e+08  3241s
  65   8.29453672e+14 -2.53050146e+16  6.39e+07 5.96e-02  7.89e+08  3279s
  66   7.35831616e+14 -2.17459791e+16  5.33e+07 5.05e-02  6.50e+08  3336s
  67   6.16278139e+14 -1.51255632e+16  4.08e+07 4.24e-02  4.43e+08  3392s
  68   5.70709565e+14 -1.35956309e+16  3.64e+07 4.72e-02  3.89e+08  3448s
  69   4.09160951e+14 -1.09757949e+16  2.13e+07 5.38e-02  2.72e+08  3504s
  70   3.44708817e+14 -7.47696450e+15  1.58e+07 5.24e-02  1.81e+08  3559s
  71   2.66728732e+14 -5.58738677e+15  9.65e+06 5.08e-02  1.26e+08  3614s
  72   2.29237060e+14 -4.36886984e+15  7.02e+06 4.26e-02  9.52e+07  3669s
  73   2.00955587e+14 -3.41010125e+15  5.26e+06 4.02e-02  7.29e+07  3714s
  74   1.71427219e+14 -2.61033543e+15  3.73e+06 3.87e-02  5.47e+07  3759s
  75   1.36688878e+14 -1.58547800e+15  2.14e+06 3.93e-02  3.27e+07  3805s
  76   1.22474099e+14 -9.63212449e+14  1.63e+06 3.06e-02  2.05e+07  3851s
  77   1.00727745e+14 -7.57688231e+14  1.14e+06 2.76e-02  1.60e+07  3887s
  78   8.96087407e+13 -5.16043617e+14  8.99e+05 2.02e-02  1.12e+07  3915s
  79   7.58760809e+13 -3.84860438e+14  6.68e+05 1.58e-02  8.45e+06  3943s
  80   7.09950758e+13 -3.44233444e+14  6.05e+05 1.45e-02  7.60e+06  3971s
  81   6.74280345e+13 -2.40584071e+14  5.62e+05 1.12e-02  5.63e+06  4000s
  82   6.22958550e+13 -1.97958849e+14  4.99e+05 9.55e-03  4.75e+06  4028s
  83   5.63446809e+13 -1.59344590e+14  4.35e+05 8.14e-03  3.93e+06  4056s
  84   5.36721187e+13 -1.40104302e+14  4.08e+05 7.30e-03  3.52e+06  4084s
  85   4.38512935e+13 -1.00605725e+14  3.10e+05 5.55e-03  2.61e+06  4112s
  86   3.81831986e+13 -8.89546837e+13  2.57e+05 4.88e-03  2.29e+06  4140s
  87   3.50677835e+13 -7.14099327e+13  2.29e+05 3.92e-03  1.91e+06  4167s
  88   3.15553196e+13 -5.42912298e+13  1.98e+05 3.04e-03  1.54e+06  4196s
  89   2.96987872e+13 -4.62376832e+13  1.82e+05 2.65e-03  1.36e+06  4224s
  90   2.78322700e+13 -4.23399813e+13  1.67e+05 2.44e-03  1.26e+06  4252s
  91   2.53639958e+13 -4.01956781e+13  1.47e+05 2.33e-03  1.17e+06  4279s
  92   2.44986851e+13 -3.03017061e+13  1.40e+05 1.80e-03  9.78e+05  4307s
  93   2.27537000e+13 -2.49887011e+13  1.26e+05 1.52e-03  8.51e+05  4336s
  94   2.21145624e+13 -2.13976411e+13  1.21e+05 1.34e-03  7.75e+05  4364s
  95   2.01326411e+13 -1.76827462e+13  1.06e+05 1.14e-03  6.73e+05  4392s
  96   1.88000584e+13 -1.61586799e+13  9.66e+04 1.05e-03  6.21e+05  4421s
  97   1.76663803e+13 -1.35267011e+13  8.83e+04 9.11e-04  5.54e+05  4449s
  98   1.72383902e+13 -1.26946629e+13  8.52e+04 8.70e-04  5.31e+05  4477s
  99   1.56438300e+13 -1.05764475e+13  7.37e+04 7.59e-04  4.65e+05  4505s
 100   1.49088383e+13 -9.32652369e+12  6.85e+04 6.94e-04  4.29e+05  4533s
 101   1.37844451e+13 -7.65667375e+12  6.05e+04 6.07e-04  3.79e+05  4562s
 102   1.29333286e+13 -6.35992134e+12  5.45e+04 5.40e-04  3.41e+05  4590s
 103   1.26351998e+13 -6.16380730e+12  5.24e+04 5.30e-04  3.32e+05  4618s
 104   1.21668499e+13 -5.36321940e+12  4.92e+04 4.91e-04  3.10e+05  4646s
 105   1.19059883e+13 -5.02634469e+12  4.74e+04 4.75e-04  2.99e+05  4674s
 106   1.16174250e+13 -4.58759575e+12  4.54e+04 4.53e-04  2.86e+05  4701s
 107   1.13373574e+13 -4.15732472e+12  4.36e+04 4.32e-04  2.74e+05  4729s
 108   1.10781246e+13 -3.61186564e+12  4.18e+04 4.06e-04  2.59e+05  4758s
 109   1.08525766e+13 -3.10874075e+12  4.03e+04 3.81e-04  2.46e+05  4785s
 110   1.07629149e+13 -2.93953969e+12  3.97e+04 3.73e-04  2.42e+05  4813s
 111   1.03912247e+13 -2.36945850e+12  3.72e+04 3.44e-04  2.25e+05  4841s
 112   1.02562177e+13 -2.17058572e+12  3.63e+04 3.34e-04  2.19e+05  4869s
 113   9.78079659e+12 -1.90155018e+12  3.31e+04 3.19e-04  2.06e+05  4897s
 114   9.25864980e+12 -1.46002620e+12  2.94e+04 2.97e-04  1.89e+05  4926s
 115   9.06603230e+12 -1.18588860e+12  2.82e+04 2.83e-04  1.81e+05  4955s
 116   8.77132654e+12 -6.70423708e+11  2.62e+04 2.59e-04  1.66e+05  4982s
 117   8.54304281e+12  1.05303147e+11  2.47e+04 2.20e-04  1.48e+05  5019s
 118   8.33333196e+12  5.37896453e+11  2.34e+04 2.00e-04  1.37e+05  5065s
 119   8.15266764e+12  7.84761947e+11  2.22e+04 1.88e-04  1.30e+05  5109s
 120   7.93081853e+12  1.12157765e+12  2.07e+04 1.72e-04  1.20e+05  5155s
 121   7.76166875e+12  1.31977856e+12  1.97e+04 1.62e-04  1.13e+05  5200s
 122   7.52517130e+12  1.58378603e+12  1.82e+04 1.50e-04  1.04e+05  5245s
 123   7.35684841e+12  1.89023730e+12  1.71e+04 1.35e-04  9.61e+04  5290s
 124   7.19564711e+12  2.09994097e+12  1.61e+04 1.25e-04  8.95e+04  5336s
 125   7.00185187e+12  2.31362994e+12  1.48e+04 1.15e-04  8.24e+04  5381s
 126   6.83848090e+12  2.52277027e+12  1.38e+04 1.05e-04  7.58e+04  5427s
 127   6.75318246e+12  2.57458122e+12  1.32e+04 1.02e-04  7.34e+04  5465s
 128   6.61178720e+12  2.69014131e+12  1.23e+04 9.68e-05  6.89e+04  5510s
 129   6.48672322e+12  2.86043102e+12  1.15e+04 8.87e-05  6.37e+04  5556s
 130   6.38986927e+12  2.99753931e+12  1.09e+04 8.22e-05  5.96e+04  5601s
 131   6.35108262e+12  3.10070578e+12  1.07e+04 7.72e-05  5.71e+04  5646s
 132   6.20756619e+12  3.24496765e+12  9.76e+03 7.03e-05  5.20e+04  5691s
 133   6.11058151e+12  3.33447236e+12  9.14e+03 6.60e-05  4.87e+04  5736s
 134   6.04547006e+12  3.44097880e+12  8.72e+03 6.09e-05  4.57e+04  5782s
 135   5.97037595e+12  3.49953082e+12  8.24e+03 5.80e-05  4.34e+04  5827s
 136   5.87842658e+12  3.59299234e+12  7.65e+03 5.35e-05  4.01e+04  5872s
 137   5.81723340e+12  3.64365423e+12  7.26e+03 5.10e-05  3.81e+04  5918s
 138   5.76701912e+12  3.67707828e+12  6.93e+03 4.93e-05  3.67e+04  5964s
 139   5.73003184e+12  3.70005152e+12  6.69e+03 4.82e-05  3.56e+04  6010s
 140   5.69284037e+12  3.73753527e+12  6.45e+03 4.63e-05  3.43e+04  6056s
 141   5.58657169e+12  3.82850271e+12  5.77e+03 4.20e-05  3.08e+04  6102s
 142   5.55819914e+12  3.88186497e+12  5.57e+03 3.94e-05  2.94e+04  6147s
 143   5.46571671e+12  3.91932777e+12  4.98e+03 3.76e-05  2.71e+04  6193s
 144   5.40788275e+12  4.01703583e+12  4.61e+03 3.29e-05  2.44e+04  6238s
 145   5.33598249e+12  4.07019331e+12  4.14e+03 3.03e-05  2.22e+04  6283s
 146   5.29836437e+12  4.12993654e+12  3.89e+03 2.75e-05  2.05e+04  6329s
 147   5.26081435e+12  4.17408954e+12  3.65e+03 2.54e-05  1.91e+04  6375s
 148   5.21112157e+12  4.21217310e+12  3.32e+03 2.36e-05  1.75e+04  6420s
 149   5.18025293e+12  4.25687696e+12  3.12e+03 2.15e-05  1.62e+04  6466s
 150   5.15910342e+12  4.28825805e+12  2.98e+03 2.00e-05  1.53e+04  6511s
 151   5.13192061e+12  4.30956595e+12  2.80e+03 1.90e-05  1.44e+04  6556s
 152   5.10556594e+12  4.33404837e+12  2.63e+03 1.79e-05  1.35e+04  6602s
 153   5.08231164e+12  4.36283066e+12  2.48e+03 1.65e-05  1.26e+04  6647s
 154   5.06607481e+12  4.37853831e+12  2.37e+03 1.58e-05  1.21e+04  6692s
 155   5.04951432e+12  4.40466235e+12  2.26e+03 1.46e-05  1.13e+04  6737s
 156   5.02826897e+12  4.41955304e+12  2.12e+03 1.39e-05  1.07e+04  6782s
 157   5.01344209e+12  4.44413100e+12  2.02e+03 1.27e-05  9.98e+03  6827s
 158   4.99705230e+12  4.45788506e+12  1.91e+03 1.20e-05  9.45e+03  6873s
 159   4.98070044e+12  4.47028844e+12  1.80e+03 1.15e-05  8.95e+03  6919s
 160   4.96989506e+12  4.48731786e+12  1.73e+03 1.07e-05  8.46e+03  6965s
 161   4.95600567e+12  4.50377435e+12  1.64e+03 9.88e-06  7.93e+03  7011s
 162   4.94119720e+12  4.50970617e+12  1.54e+03 9.60e-06  7.56e+03  7057s
 163   4.93324999e+12  4.52043330e+12  1.49e+03 9.09e-06  7.23e+03  7103s
 164   4.92439248e+12  4.53015516e+12  1.43e+03 8.63e-06  6.91e+03  7148s
 165   4.91499753e+12  4.53681743e+12  1.37e+03 8.32e-06  6.63e+03  7193s
 166   4.90712903e+12  4.54679003e+12  1.31e+03 7.85e-06  6.31e+03  7238s
 167   4.89489715e+12  4.55575553e+12  1.23e+03 7.43e-06  5.94e+03  7283s
 168   4.88974099e+12  4.56037952e+12  1.20e+03 7.20e-06  5.77e+03  7328s
 169   4.88104271e+12  4.56959079e+12  1.14e+03 6.78e-06  5.46e+03  7373s
 170   4.87660510e+12  4.57303371e+12  1.11e+03 6.61e-06  5.32e+03  7418s
 171   4.86979202e+12  4.57693312e+12  1.06e+03 6.43e-06  5.13e+03  7464s
 172   4.86717839e+12  4.58024758e+12  1.04e+03 6.27e-06  5.03e+03  7501s
 173   4.86203916e+12  4.58755100e+12  1.01e+03 5.93e-06  4.81e+03  7547s
 174   4.85670499e+12  4.59181571e+12  9.73e+02 5.73e-06  4.64e+03  7592s
 175   4.85209462e+12  4.59658317e+12  9.42e+02 5.51e-06  4.48e+03  7638s
 176   4.84719771e+12  4.60353658e+12  9.09e+02 5.18e-06  4.27e+03  7683s
 177   4.84322170e+12  4.60499114e+12  8.82e+02 5.11e-06  4.17e+03  7720s
 178   4.83875558e+12  4.60905013e+12  8.53e+02 4.92e-06  4.03e+03  7765s
 179   4.83343352e+12  4.61573109e+12  8.18e+02 4.60e-06  3.81e+03  7811s
 180   4.82588866e+12  4.62117450e+12  7.67e+02 4.35e-06  3.59e+03  7856s
 181   4.82176417e+12  4.62428954e+12  7.39e+02 4.20e-06  3.46e+03  7901s
 182   4.81854848e+12  4.62950151e+12  7.18e+02 3.96e-06  3.31e+03  7946s
 183   4.81390101e+12  4.63214118e+12  6.86e+02 3.83e-06  3.18e+03  7993s
 184   4.81103214e+12  4.63465536e+12  6.67e+02 3.72e-06  3.09e+03  8039s
 185   4.80785855e+12  4.63807756e+12  6.45e+02 3.55e-06  2.97e+03  8085s
 186   4.80497193e+12  4.64113974e+12  6.26e+02 3.41e-06  2.87e+03  8130s
 187   4.80069557e+12  4.64429616e+12  5.97e+02 3.26e-06  2.74e+03  8176s
 188   4.79782720e+12  4.64599378e+12  5.78e+02 3.18e-06  2.66e+03  8222s
 189   4.79418461e+12  4.64894751e+12  5.54e+02 3.04e-06  2.54e+03  8267s
 190   4.79021209e+12  4.65216766e+12  5.27e+02 2.88e-06  2.42e+03  8312s
 191   4.78643409e+12  4.65503703e+12  5.02e+02 2.74e-06  2.30e+03  8357s
 192   4.78478319e+12  4.65696753e+12  4.91e+02 2.65e-06  2.24e+03  8403s
 193   4.78210228e+12  4.65949349e+12  4.73e+02 2.53e-06  2.15e+03  8447s
 194   4.77972645e+12  4.66099936e+12  4.58e+02 2.45e-06  2.08e+03  8493s
 195   4.77859613e+12  4.66384784e+12  4.50e+02 2.32e-06  2.01e+03  8538s
 196   4.77614995e+12  4.66640730e+12  4.34e+02 2.23e-06  1.92e+03  8584s
 197   4.77419614e+12  4.66742801e+12  4.21e+02 2.52e-06  1.87e+03  8630s
 198   4.77287284e+12  4.66997205e+12  4.12e+02 2.41e-06  1.80e+03  8676s
 199   4.77003103e+12  4.67055706e+12  3.93e+02 2.47e-06  1.74e+03  8722s
 200   4.76962403e+12  4.67297996e+12  3.90e+02 2.21e-06  1.69e+03  8767s
 201   4.76507658e+12  4.67373012e+12  3.60e+02 2.40e-06  1.60e+03  8812s
 202   4.76293975e+12  4.67520998e+12  3.46e+02 2.74e-06  1.54e+03  8857s
 203   4.76076944e+12  4.67655273e+12  3.31e+02 2.91e-06  1.48e+03  8903s
 204   4.75883253e+12  4.67852192e+12  3.19e+02 2.58e-06  1.41e+03  8948s
 205   4.75662804e+12  4.68019672e+12  3.04e+02 3.01e-06  1.34e+03  8994s
 206   4.75499700e+12  4.68156225e+12  2.93e+02 3.23e-06  1.29e+03  9040s
 207   4.75272722e+12  4.68260719e+12  2.79e+02 3.26e-06  1.23e+03  9087s
 208   4.75101549e+12  4.68330959e+12  2.67e+02 3.80e-06  1.19e+03  9132s
 209   4.74877094e+12  4.68482801e+12  2.52e+02 3.24e-06  1.12e+03  9178s
 210   4.74646998e+12  4.68596795e+12  2.37e+02 3.11e-06  1.06e+03  9224s
 211   4.74526699e+12  4.68742383e+12  2.29e+02 4.42e-06  1.01e+03  9269s
 212   4.74467584e+12  4.68804629e+12  2.25e+02 4.39e-06  9.92e+02  9306s
 213   4.74309618e+12  4.68860965e+12  2.15e+02 4.37e-06  9.55e+02  9351s
 214   4.74216504e+12  4.69029659e+12  2.09e+02 4.20e-06  9.09e+02  9396s
 215   4.74060229e+12  4.69166855e+12  1.98e+02 3.87e-06  8.57e+02  9442s
 216   4.73914940e+12  4.69229352e+12  1.89e+02 3.43e-06  8.21e+02  9487s
 217   4.73837350e+12  4.69275079e+12  1.84e+02 3.02e-06  7.99e+02  9532s
 218   4.73671110e+12  4.69397584e+12  1.73e+02 2.81e-06  7.49e+02  9578s
 219   4.73519158e+12  4.69484651e+12  1.63e+02 3.50e-06  7.07e+02  9625s
 220   4.73421690e+12  4.69548840e+12  1.57e+02 3.31e-06  6.79e+02  9670s
 221   4.73317645e+12  4.69584418e+12  1.50e+02 3.18e-06  6.54e+02  9716s
 222   4.73275094e+12  4.69665611e+12  1.47e+02 3.55e-06  6.32e+02  9761s
 223   4.73176492e+12  4.69732484e+12  1.40e+02 3.64e-06  6.03e+02  9807s
 224   4.73096060e+12  4.69804135e+12  1.35e+02 4.30e-06  5.77e+02  9852s
 225   4.72990076e+12  4.69858258e+12  1.28e+02 4.65e-06  5.49e+02  9898s
 226   4.72894095e+12  4.69900948e+12  1.22e+02 4.93e-06  5.24e+02  9943s
 227   4.72798110e+12  4.69966762e+12  1.15e+02 5.75e-06  4.96e+02  9989s
 228   4.72676931e+12  4.70020329e+12  1.08e+02 6.01e-06  4.65e+02  10035s
 229   4.72608298e+12  4.70074909e+12  1.03e+02 6.40e-06  4.44e+02  10081s
 230   4.72539933e+12  4.70129569e+12  9.87e+01 6.89e-06  4.22e+02  10127s
 231   4.72458098e+12  4.70159639e+12  9.33e+01 6.96e-06  4.03e+02  10172s
 232   4.72407429e+12  4.70218465e+12  9.00e+01 7.52e-06  3.84e+02  10218s
 233   4.72361317e+12  4.70226900e+12  8.70e+01 7.64e-06  3.74e+02  10255s
 234   4.72309169e+12  4.70258212e+12  8.36e+01 7.94e-06  3.59e+02  10300s
 235   4.72280528e+12  4.70285285e+12  8.17e+01 8.18e-06  3.50e+02  10338s
 236   4.72229163e+12  4.70328620e+12  7.84e+01 8.26e-06  3.33e+02  10383s
 237   4.72203540e+12  4.70336086e+12  7.67e+01 8.35e-06  3.27e+02  10419s
 238   4.72191226e+12  4.70348865e+12  7.58e+01 8.45e-06  3.23e+02  10465s
 239   4.72126739e+12  4.70383083e+12  7.17e+01 8.70e-06  3.05e+02  10510s
 240   4.72062996e+12  4.70417767e+12  6.76e+01 8.81e-06  2.88e+02  10556s
 241   4.72005166e+12  4.70449384e+12  6.38e+01 8.84e-06  2.73e+02  10602s
 242   4.71952468e+12  4.70484319e+12  6.04e+01 8.69e-06  2.57e+02  10648s
 243   4.71909056e+12  4.70507460e+12  5.75e+01 8.70e-06  2.46e+02  10694s
 244   4.71885022e+12  4.70537225e+12  5.60e+01 8.89e-06  2.36e+02  10740s
 245   4.71852470e+12  4.70553734e+12  5.39e+01 8.67e-06  2.28e+02  10786s
 246   4.71810240e+12  4.70579822e+12  5.11e+01 8.53e-06  2.16e+02  10831s
 247   4.71770157e+12  4.70595378e+12  4.85e+01 8.63e-06  2.06e+02  10877s
 248   4.71756660e+12  4.70620652e+12  4.76e+01 8.65e-06  1.99e+02  10922s
 249   4.71712790e+12  4.70634711e+12  4.48e+01 8.43e-06  1.89e+02  10967s
 250   4.71679714e+12  4.70644327e+12  4.27e+01 8.37e-06  1.81e+02  11012s
 251   4.71638975e+12  4.70659275e+12  4.00e+01 8.53e-06  1.72e+02  11058s
 252   4.71615657e+12  4.70678306e+12  3.85e+01 8.57e-06  1.64e+02  11104s
 253   4.71592559e+12  4.70694316e+12  3.70e+01 8.57e-06  1.57e+02  11150s
 254   4.71569707e+12  4.70701013e+12  3.55e+01 8.67e-06  1.52e+02  11196s
 255   4.71545481e+12  4.70720475e+12  3.39e+01 8.81e-06  1.45e+02  11242s
 256   4.71513395e+12  4.70737164e+12  3.18e+01 8.78e-06  1.36e+02  11287s
 257   4.71498359e+12  4.70747895e+12  3.08e+01 8.75e-06  1.31e+02  11333s
 258   4.71479601e+12  4.70764439e+12  2.96e+01 7.99e-06  1.25e+02  11379s
 259   4.71453845e+12  4.70772741e+12  2.79e+01 8.14e-06  1.19e+02  11424s
 260   4.71437334e+12  4.70789240e+12  2.69e+01 8.05e-06  1.14e+02  11469s
 261   4.71411203e+12  4.70795968e+12  2.52e+01 8.00e-06  1.08e+02  11514s
 262   4.71405048e+12  4.70807935e+12  2.48e+01 7.55e-06  1.05e+02  11560s
 263   4.71384919e+12  4.70817838e+12  2.35e+01 7.12e-06  9.94e+01  11606s
 264   4.71364451e+12  4.70830277e+12  2.22e+01 6.79e-06  9.36e+01  11652s
 265   4.71349374e+12  4.70837265e+12  2.12e+01 6.48e-06  8.97e+01  11698s
 266   4.71337020e+12  4.70844444e+12  2.04e+01 6.25e-06  8.63e+01  11744s
 267   4.71319697e+12  4.70854007e+12  1.93e+01 5.95e-06  8.16e+01  11790s
 268   4.71304078e+12  4.70862138e+12  1.83e+01 5.64e-06  7.74e+01  11836s
 269   4.71293598e+12  4.70872217e+12  1.76e+01 5.45e-06  7.38e+01  11881s
 270   4.71277564e+12  4.70879488e+12  1.66e+01 5.47e-06  6.97e+01  11927s
 271   4.71267666e+12  4.70885601e+12  1.59e+01 5.23e-06  6.69e+01  11972s
 272   4.71251161e+12  4.70891046e+12  1.49e+01 5.32e-06  6.31e+01  12018s
 273   4.71247532e+12  4.70895103e+12  1.46e+01 5.28e-06  6.17e+01  12056s
 274   4.71238668e+12  4.70903116e+12  1.40e+01 5.36e-06  5.88e+01  12101s
 275   4.71226706e+12  4.70909174e+12  1.33e+01 5.05e-06  5.56e+01  12147s
 276   4.71216394e+12  4.70914921e+12  1.26e+01 4.93e-06  5.28e+01  12194s
 277   4.71206671e+12  4.70918869e+12  1.20e+01 5.03e-06  5.04e+01  12240s
 278   4.71196950e+12  4.70923944e+12  1.14e+01 5.10e-06  4.78e+01  12286s
 279   4.71189207e+12  4.70927978e+12  1.09e+01 5.00e-06  4.58e+01  12332s
 280   4.71182124e+12  4.70930847e+12  1.04e+01 5.60e-06  4.40e+01  12378s
 281   4.71176281e+12  4.70935462e+12  1.00e+01 5.51e-06  4.22e+01  12423s
 282   4.71167229e+12  4.70940594e+12  9.45e+00 6.13e-06  3.97e+01  12470s
 283   4.71159391e+12  4.70943958e+12  8.95e+00 5.93e-06  3.77e+01  12515s
 284   4.71153107e+12  4.70948041e+12  8.55e+00 6.74e-06  3.59e+01  12560s
 285   4.71148857e+12  4.70951368e+12  8.27e+00 7.39e-06  3.46e+01  12606s
 286   4.71142946e+12  4.70954376e+12  7.90e+00 6.93e-06  3.30e+01  12652s
 287   4.71135765e+12  4.70956393e+12  7.43e+00 6.92e-06  3.14e+01  12698s
 288   4.71131017e+12  4.70958800e+12  7.13e+00 7.00e-06  3.02e+01  12743s
 289   4.71126612e+12  4.70961679e+12  6.85e+00 7.04e-06  2.89e+01  12789s
 290   4.71122107e+12  4.70965217e+12  6.56e+00 7.39e-06  2.75e+01  12835s
 291   4.71116837e+12  4.70966973e+12  6.22e+00 7.40e-06  2.63e+01  12880s
 292   4.71113667e+12  4.70970758e+12  6.02e+00 7.29e-06  2.50e+01  12926s
 293   4.71108863e+12  4.70972830e+12  5.71e+00 7.18e-06  2.38e+01  12971s
 294   4.71105170e+12  4.70974535e+12  5.47e+00 6.83e-06  2.29e+01  13017s
 295   4.71101663e+12  4.70976741e+12  5.25e+00 5.56e-06  2.19e+01  13062s
 296   4.71097946e+12  4.70978090e+12  5.01e+00 7.29e-06  2.10e+01  13108s
 297   4.71093914e+12  4.70980616e+12  4.75e+00 5.99e-06  1.98e+01  13154s
 298   4.71092214e+12  4.70982219e+12  4.65e+00 7.69e-06  1.93e+01  13200s
 299   4.71087876e+12  4.70983575e+12  4.37e+00 8.20e-06  1.83e+01  13247s
 300   4.71084921e+12  4.70985123e+12  4.18e+00 7.52e-06  1.75e+01  13292s
 301   4.71081836e+12  4.70986327e+12  3.98e+00 6.69e-06  1.67e+01  13339s
 302   4.71079505e+12  4.70988241e+12  3.83e+00 8.08e-06  1.60e+01  13384s
 303   4.71077766e+12  4.70989297e+12  3.72e+00 8.70e-06  1.55e+01  13430s
 304   4.71074240e+12  4.70990611e+12  3.50e+00 8.18e-06  1.47e+01  13475s
 305   4.71072976e+12  4.70992180e+12  3.42e+00 6.81e-06  1.42e+01  13521s
 306   4.71069746e+12  4.70993487e+12  3.21e+00 4.75e-06  1.34e+01  13567s
 307   4.71067508e+12  4.70994107e+12  3.07e+00 8.35e-06  1.29e+01  13613s
 308   4.71066861e+12  4.70995119e+12  3.02e+00 9.54e-06  1.26e+01  13650s
 309   4.71064733e+12  4.70996593e+12  2.89e+00 1.89e-06  1.19e+01  13695s
 310   4.71062107e+12  4.70997859e+12  2.72e+00 7.24e-06  1.13e+01  13741s
 311   4.71060548e+12  4.70998683e+12  2.62e+00 7.61e-06  1.08e+01  13787s
 312   4.71058338e+12  4.70999607e+12  2.48e+00 7.40e-06  1.03e+01  13833s
 313   4.71056815e+12  4.71000470e+12  2.38e+00 7.23e-06  9.87e+00  13879s
 314   4.71055648e+12  4.71001453e+12  2.31e+00 7.46e-06  9.49e+00  13924s
 315   4.71054428e+12  4.71002079e+12  2.24e+00 7.24e-06  9.17e+00  13970s
 316   4.71052470e+12  4.71002703e+12  2.11e+00 6.35e-06  8.72e+00  14016s
 317   4.71051119e+12  4.71003772e+12  2.03e+00 4.12e-06  8.30e+00  14062s
 318   4.71049952e+12  4.71004235e+12  1.95e+00 5.70e-06  8.01e+00  14108s
 319   4.71048927e+12  4.71004898e+12  1.89e+00 9.16e-06  7.71e+00  14153s
 320   4.71047371e+12  4.71005806e+12  1.79e+00 1.18e-05  7.28e+00  14198s
 321   4.71045888e+12  4.71006375e+12  1.69e+00 1.00e-05  6.92e+00  14244s
 322   4.71044547e+12  4.71006929e+12  1.60e+00 5.80e-06  6.59e+00  14288s
 323   4.71043369e+12  4.71007404e+12  1.52e+00 1.41e-06  6.30e+00  14333s
 324   4.71042326e+12  4.71007781e+12  1.45e+00 1.76e-06  6.05e+00  14380s
 325   4.71041710e+12  4.71008735e+12  1.41e+00 2.46e-06  5.78e+00  14426s
 326   4.71040708e+12  4.71009639e+12  1.34e+00 2.87e-06  5.44e+00  14471s
 327   4.71039112e+12  4.71009950e+12  1.24e+00 2.81e-06  5.11e+00  14517s
 328   4.71038343e+12  4.71010580e+12  1.19e+00 4.48e-06  4.86e+00  14568s
 329   4.71037665e+12  4.71010957e+12  1.15e+00 1.05e-05  4.68e+00  14614s
 330   4.71036758e+12  4.71011324e+12  1.09e+00 1.61e-05  4.46e+00  14666s
 331   4.71035637e+12  4.71011724e+12  1.02e+00 2.64e-05  4.19e+00  14712s
 332   4.71034688e+12  4.71012366e+12  9.61e-01 3.57e-05  3.91e+00  14758s
 333   4.71033788e+12  4.71012684e+12  9.04e-01 3.11e-05  3.70e+00  14808s
 334   4.71033088e+12  4.71012913e+12  8.60e-01 3.62e-05  3.53e+00  14859s
 335   4.71032130e+12  4.71013216e+12  7.99e-01 3.51e-05  3.31e+00  14915s
 336   4.71031739e+12  4.71013675e+12  7.75e-01 3.30e-05  3.16e+00  14972s
 337   4.71031017e+12  4.71014029e+12  7.29e-01 3.41e-05  2.98e+00  15024s
 338   4.71030388e+12  4.71014181e+12  6.89e-01 3.31e-05  2.84e+00  15080s
 339   4.71029999e+12  4.71014459e+12  6.73e-01 5.30e-05  2.72e+00  15132s
 340   4.71029465e+12  4.71014820e+12  6.55e-01 7.65e-05  2.57e+00  15183s
 341   4.71029081e+12  4.71015008e+12  6.31e-01 7.37e-05  2.47e+00  15240s
 342   4.71028614e+12  4.71015153e+12  6.03e-01 7.14e-05  2.36e+00  15296s
 343   4.71028028e+12  4.71015339e+12  5.60e-01 6.79e-05  2.22e+00  15353s
 344   4.71027692e+12  4.71015565e+12  5.37e-01 6.37e-05  2.12e+00  15410s
 345   4.71027419e+12  4.71015650e+12  5.24e-01 7.52e-05  2.06e+00  15452s
 346   4.71027012e+12  4.71015947e+12  4.97e-01 1.14e-04  1.94e+00  15503s
 347   4.71026696e+12  4.71016229e+12  4.78e-01 1.45e-04  1.83e+00  15549s
 348   4.71026213e+12  4.71016446e+12  4.65e-01 1.63e-04  1.71e+00  15600s
 349   4.71025850e+12  4.71016568e+12  4.45e-01 1.55e-04  1.63e+00  15658s
 350   4.71025731e+12  4.71016601e+12  4.37e-01 1.53e-04  1.60e+00  15707s
 351   4.71025362e+12  4.71016735e+12  4.21e-01 1.44e-04  1.51e+00  15764s
 352   4.71025032e+12  4.71016920e+12  3.97e-01 1.32e-04  1.42e+00  15825s
 353   4.71024835e+12  4.71016999e+12  3.82e-01 1.24e-04  1.37e+00  15883s
 354   4.71024552e+12  4.71017106e+12  3.58e-01 1.17e-04  1.30e+00  15939s
 355   4.71024325e+12  4.71017167e+12  3.42e-01 1.14e-04  1.25e+00  16006s
 356   4.71024106e+12  4.71017256e+12  3.24e-01 1.08e-04  1.20e+00  16062s
 357   4.71023932e+12  4.71017349e+12  3.08e-01 1.03e-04  1.15e+00  16135s
 358   4.71023823e+12  4.71017423e+12  3.01e-01 9.93e-05  1.12e+00  16182s
 359   4.71023570e+12  4.71017507e+12  2.82e-01 9.72e-05  1.06e+00  16239s
 360   4.71023371e+12  4.71017636e+12  2.68e-01 9.19e-05  1.00e+00  16301s
 361   4.71023086e+12  4.71017709e+12  2.47e-01 9.09e-05  9.42e-01  16357s
 362   4.71022899e+12  4.71017774e+12  2.33e-01 8.80e-05  8.98e-01  16414s
 363   4.71022783e+12  4.71017865e+12  2.28e-01 8.41e-05  8.62e-01  16469s
 364   4.71022621e+12  4.71017905e+12  2.19e-01 8.20e-05  8.26e-01  16537s
 365   4.71022421e+12  4.71017990e+12  2.03e-01 7.71e-05  7.76e-01  16592s
 366   4.71022325e+12  4.71018024e+12  1.91e-01 7.55e-05  7.54e-01  16651s
 367   4.71022228e+12  4.71018204e+12  1.84e-01 6.63e-05  7.05e-01  16717s
 368   4.71022027e+12  4.71018277e+12  1.72e-01 6.36e-05  6.57e-01  16779s
 369   4.71021944e+12  4.71018343e+12  1.68e-01 5.96e-05  6.31e-01  16845s
 370   4.71021863e+12  4.71018391e+12  1.63e-01 5.72e-05  6.08e-01  16913s
 371   4.71021756e+12  4.71018455e+12  1.55e-01 5.39e-05  5.78e-01  16980s
 372   4.71021602e+12  4.71018511e+12  1.44e-01 5.10e-05  5.42e-01  17047s
 373   4.71021501e+12  4.71018543e+12  1.37e-01 4.94e-05  5.18e-01  17115s
 374   4.71021409e+12  4.71018575e+12  1.31e-01 4.79e-05  4.97e-01  17181s
 375   4.71021309e+12  4.71018614e+12  1.24e-01 4.59e-05  4.72e-01  17248s
 376   4.71021254e+12  4.71018635e+12  1.21e-01 4.48e-05  4.59e-01  17316s
 377   4.71021214e+12  4.71018669e+12  1.18e-01 4.31e-05  4.46e-01  17382s
 378   4.71021100e+12  4.71018715e+12  1.10e-01 4.07e-05  4.18e-01  17448s
 379   4.71021068e+12  4.71018750e+12  1.08e-01 3.90e-05  4.06e-01  17516s
 380   4.71020973e+12  4.71018779e+12  1.01e-01 3.75e-05  3.84e-01  17585s
 381   4.71020940e+12  4.71018800e+12  9.88e-02 3.63e-05  3.75e-01  17638s
 382   4.71020899e+12  4.71018838e+12  9.60e-02 3.44e-05  3.61e-01  17705s
 383   4.71020817e+12  4.71018867e+12  9.03e-02 3.29e-05  3.42e-01  17772s
 384   4.71020748e+12  4.71018889e+12  8.55e-02 3.18e-05  3.26e-01  17839s
 385   4.71020706e+12  4.71018907e+12  8.26e-02 3.09e-05  3.15e-01  17907s
 386   4.71020648e+12  4.71018932e+12  7.86e-02 2.96e-05  3.01e-01  17973s
 387   4.71020615e+12  4.71018970e+12  7.63e-02 2.77e-05  2.88e-01  18040s
 388   4.71020566e+12  4.71018993e+12  7.29e-02 2.65e-05  2.76e-01  18111s
 389   4.71020508e+12  4.71019027e+12  6.81e-02 2.41e-05  2.60e-01  18184s
 390   4.71020487e+12  4.71019033e+12  6.66e-02 2.38e-05  2.55e-01  18252s
 391   4.71020441e+12  4.71019042e+12  6.75e-02 2.23e-05  2.45e-01  18319s
 392   4.71020401e+12  4.71019075e+12  6.47e-02 2.08e-05  2.32e-01  18386s
 393   4.71020367e+12  4.71019101e+12  5.86e-02 1.96e-05  2.22e-01  18458s
 394   4.71020337e+12  4.71019108e+12  5.65e-02 1.93e-05  2.15e-01  18525s
 395   4.71020301e+12  4.71019135e+12  5.41e-02 1.80e-05  2.04e-01  18608s
 396   4.71020280e+12  4.71019154e+12  5.26e-02 1.71e-05  1.97e-01  18680s
 397   4.71020277e+12  4.71019158e+12  5.39e-02 1.67e-05  1.96e-01  18733s
 398   4.71020235e+12  4.71019168e+12  5.20e-02 1.63e-05  1.87e-01  18792s
 399   4.71020197e+12  4.71019189e+12  5.01e-02 2.69e-06  1.77e-01  18870s
 400   4.71020166e+12  4.71019205e+12  4.94e-02 2.56e-06  1.68e-01  18943s
 401   4.71020139e+12  4.71019222e+12  4.97e-02 2.43e-06  1.61e-01  19020s
 402   4.71020097e+12  4.71019233e+12  4.65e-02 2.33e-06  1.51e-01  19097s
 403   4.71020087e+12  4.71019241e+12  4.89e-02 3.16e-06  1.48e-01  19156s
 404   4.71020079e+12  4.71019248e+12  4.82e-02 3.52e-06  1.46e-01  19214s
 405   4.71020065e+12  4.71019261e+12  5.09e-02 3.35e-06  1.41e-01  19280s
 406   4.71020035e+12  4.71019269e+12  4.71e-02 3.02e-06  1.34e-01  19352s
 407   4.71020031e+12  4.71019275e+12  4.67e-02 2.92e-06  1.33e-01  19405s
 408   4.71020024e+12  4.71019278e+12  4.63e-02 2.86e-06  1.31e-01  19463s
 409   4.71019998e+12  4.71019288e+12  3.95e-02 2.65e-06  1.24e-01  19536s
 410   4.71019973e+12  4.71019295e+12  4.44e-02 2.64e-06  1.19e-01  19610s
 411   4.71019955e+12  4.71019300e+12  4.14e-02 2.57e-06  1.15e-01  19687s
 412   4.71019935e+12  4.71019305e+12  4.19e-02 2.41e-06  1.10e-01  19770s
 413   4.71019919e+12  4.71019314e+12  3.83e-02 2.36e-06  1.06e-01  19828s
 414   4.71019897e+12  4.71019323e+12  3.26e-02 2.53e-06  1.01e-01  19905s
 415   4.71019887e+12  4.71019329e+12  3.34e-02 2.20e-06  9.77e-02  19977s
 416   4.71019874e+12  4.71019337e+12  2.68e-02 2.44e-06  9.41e-02  20049s
 417   4.71019859e+12  4.71019346e+12  2.58e-02 2.29e-06  8.99e-02  20126s
 418   4.71019842e+12  4.71019351e+12  2.46e-02 2.23e-06  8.61e-02  20210s
 419   4.71019827e+12  4.71019356e+12  2.34e-02 2.16e-06  8.25e-02  20283s
 420   4.71019819e+12  4.71019362e+12  2.50e-02 2.60e-06  8.00e-02  20341s
 421   4.71019807e+12  4.71019366e+12  2.66e-02 1.92e-06  7.73e-02  20408s
 422   4.71019807e+12  4.71019367e+12  2.66e-02 1.90e-06  7.71e-02  20466s
 423   4.71019786e+12  4.71019373e+12  2.50e-02 2.80e-06  7.22e-02  20537s
 424   4.71019778e+12  4.71019377e+12  2.44e-02 1.90e-06  7.02e-02  20596s
 425   4.71019776e+12  4.71019382e+12  2.47e-02 3.64e-05  6.92e-02  20655s
 426   4.71019767e+12  4.71019386e+12  2.59e-02 3.51e-05  6.67e-02  20721s
 427   4.71019760e+12  4.71019390e+12  2.52e-02 3.40e-05  6.48e-02  20779s
 428   4.71019751e+12  4.71019395e+12  2.43e-02 3.28e-05  6.24e-02  20857s
 429   4.71019745e+12  4.71019400e+12  2.37e-02 3.14e-05  6.06e-02  20929s
 430   4.71019745e+12  4.71019400e+12  2.37e-02 3.14e-05  6.05e-02  20988s
 431   4.71019733e+12  4.71019401e+12  2.24e-02 3.11e-05  5.82e-02  21052s
 432   4.71019720e+12  4.71019406e+12  2.16e-02 8.27e-06  5.50e-02  21123s
 433   4.71019716e+12  4.71019410e+12  2.12e-02 7.95e-06  5.36e-02  21181s
 434   4.71019712e+12  4.71019413e+12  2.08e-02 7.76e-06  5.24e-02  21238s
 435   4.71019704e+12  4.71019415e+12  1.92e-02 7.61e-06  5.06e-02  21310s
 436   4.71019697e+12  4.71019420e+12  2.00e-02 1.17e-04  4.86e-02  21378s
 437   4.71019685e+12  4.71019425e+12  2.32e-02 5.02e-04  4.56e-02  21445s
 438   4.71019678e+12  4.71019430e+12  2.22e-02 3.48e-04  4.34e-02  21518s
 439   4.71019672e+12  4.71019434e+12  2.15e-02 3.31e-04  4.17e-02  21576s
 440   4.71019666e+12  4.71019437e+12  2.24e-02 2.82e-04  4.00e-02  21648s
 441   4.71019661e+12  4.71019441e+12  2.17e-02 2.38e-04  3.86e-02  21721s
 442   4.71019654e+12  4.71019444e+12  2.20e-02 1.66e-04  3.69e-02  21788s
 443   4.71019652e+12  4.71019444e+12  2.16e-02 1.64e-04  3.64e-02  21859s
 444   4.71019650e+12  4.71019444e+12  2.14e-02 1.64e-04  3.61e-02  21918s
 445   4.71019649e+12  4.71019447e+12  2.17e-02 7.67e-05  3.55e-02  21971s
 446   4.71019645e+12  4.71019451e+12  2.10e-02 1.08e-04  3.40e-02  22043s
 447   4.71019641e+12  4.71019452e+12  2.04e-02 1.07e-04  3.30e-02  22102s
 448   4.71019638e+12  4.71019454e+12  1.99e-02 1.06e-04  3.22e-02  22160s
 449   4.71019633e+12  4.71019456e+12  1.92e-02 1.04e-04  3.10e-02  22233s
 450   4.71019630e+12  4.71019457e+12  1.87e-02 1.02e-04  3.04e-02  22292s
 451   4.71019625e+12  4.71019461e+12  1.79e-02 9.75e-05  2.87e-02  22364s
 452   4.71019619e+12  4.71019464e+12  1.69e-02 9.23e-05  2.70e-02  22441s
 453   4.71019614e+12  4.71019467e+12  1.60e-02 8.33e-05  2.57e-02  22513s
 454   4.71019611e+12  4.71019468e+12  1.55e-02 8.19e-05  2.51e-02  22572s
 455   4.71019611e+12  4.71019468e+12  1.55e-02 8.16e-05  2.51e-02  22630s
 456   4.71019609e+12  4.71019469e+12  1.51e-02 7.80e-05  2.44e-02  22702s
 457   4.71019604e+12  4.71019470e+12  1.44e-02 7.06e-05  2.35e-02  22761s
 458   4.71019603e+12  4.71019471e+12  1.43e-02 6.98e-05  2.31e-02  22820s
 459   4.71019603e+12  4.71019471e+12  1.42e-02 6.97e-05  2.31e-02  22878s
 460   4.71019602e+12  4.71019471e+12  1.42e-02 6.97e-05  2.31e-02  22936s
 461   4.71019602e+12  4.71019471e+12  1.41e-02 6.94e-05  2.29e-02  23000s
 462   4.71019596e+12  4.71019473e+12  1.31e-02 9.69e-05  2.16e-02  23112s
 463   4.71019595e+12  4.71019473e+12  1.29e-02 9.61e-05  2.13e-02  23173s
 464   4.71019595e+12  4.71019473e+12  1.29e-02 9.60e-05  2.13e-02  23230s
 465   4.71019592e+12  4.71019474e+12  1.24e-02 7.18e-05  2.06e-02  23292s
 466   4.71019589e+12  4.71019476e+12  1.21e-02 6.64e-05  1.98e-02  23382s
 467   4.71019586e+12  4.71019477e+12  1.17e-02 6.37e-05  1.91e-02  23462s
 468   4.71019584e+12  4.71019478e+12  1.14e-02 6.14e-05  1.86e-02  23522s
 469   4.71019582e+12  4.71019479e+12  1.39e-02 5.38e-05  1.81e-02  23576s
 470   4.71019582e+12  4.71019480e+12  1.39e-02 5.29e-05  1.79e-02  23636s
 471   4.71019582e+12  4.71019481e+12  1.38e-02 5.19e-05  1.77e-02  23695s
 472   4.71019582e+12  4.71019481e+12  1.38e-02 5.19e-05  1.77e-02  23751s
 473   4.71019578e+12  4.71019483e+12  1.75e-02 4.95e-05  1.68e-02  23821s
 474   4.71019578e+12  4.71019483e+12  1.74e-02 4.93e-05  1.66e-02  23881s
 475   4.71019575e+12  4.71019484e+12  1.66e-02 6.07e-05  1.60e-02  23957s
 476   4.71019574e+12  4.71019485e+12  1.63e-02 6.59e-05  1.57e-02  24017s
 477   4.71019568e+12  4.71019486e+12  1.46e-02 6.98e-05  1.43e-02  24091s
 478   4.71019568e+12  4.71019486e+12  1.46e-02 6.98e-05  1.43e-02  24151s
 479   4.71019568e+12  4.71019486e+12  1.46e-02 6.99e-05  1.43e-02  24211s
 480   4.71019568e+12  4.71019487e+12  1.46e-02 7.03e-05  1.42e-02  24275s
 481   4.71019567e+12  4.71019487e+12  1.43e-02 7.05e-05  1.41e-02  24338s
 482   4.71019565e+12  4.71019487e+12  1.37e-02 7.19e-05  1.36e-02  24418s
 483   4.71019565e+12  4.71019487e+12  1.37e-02 7.19e-05  1.36e-02  24482s
 484   4.71019564e+12  4.71019488e+12  1.35e-02 7.14e-05  1.33e-02  24545s
 485   4.71019564e+12  4.71019488e+12  1.35e-02 7.14e-05  1.33e-02  24606s
 486   4.71019563e+12  4.71019488e+12  1.32e-02 7.08e-05  1.31e-02  24666s
 487   4.71019563e+12  4.71019488e+12  1.32e-02 7.09e-05  1.31e-02  24721s

Barrier performed 487 iterations in 24721.29 seconds (11280.09 work units)
Sub-optimal termination - objective 4.71019633e+12

WARNING: Loading a SolverResults object with a warning status into
model.name="unknown";
    - termination condition: other
    - message from solver: Unable to satisfy optimality tolerances; a sub-
      optimal solution is available.
Writing results to .csv...
Writing standard output to .csv...
