++++++++
+EMPIRE+
++++++++
LOADCHANGEMODULE: False
Solver: Gurobi
Scenario Generation: True
++++++++
ID: reduced_reg48_peak7_sce10_randomSGR_202407302224
++++++++
Generating random scenarios...
Generating .tab-files...
Solver: Gurobi
No absolute emission cap...
Declaring sets...
Reading sets...
Constructing sub sets...
Declaring parameters...
Reading parameters...
Constructing parameter values...
Sets and parameters declared and read...
Declaring variables...
Objective and constraints read...
Building instance...
WARNING: Element ('Germany', 'Denmark', 'HVAC_OverheadLine') already exists in
Set TransmissionTypeOfDirectionalLink; no action taken
WARNING: Element ('Germany', 'France', 'HVAC_OverheadLine') already exists in
Set TransmissionTypeOfDirectionalLink; no action taken
Building instance took [sec]:
50.234949588775635
----------------------Problem Statistics---------------------
Nodes: 3
Lines: 2

GeneratorTypes: 27
TotalGenerators: 65
StorageTypes: 2
TotalStorages: 5

InvestmentPeriod:  PeriodActive
InvestmentUntil: 2060
Scenarios: 10
TotalOperationalHoursPerScenario: 206
TotalOperationalHoursPerInvYear: 2060
Total size of random scenarios: 1170080
Seasons: 6
RegularSeasons: 4
LengthRegSeason: 48
PeakSeasons: 2
LengthPeakSeason: 7

Discount rate: 0.05
Operational discount scale: 4.54595050416236
--------------------------------------------------------------
Solving...
Set parameter TokenServer to value "license1.2e.hpc.psu.edu"
Read LP format model from file /storage/work/tzk5446/NeurMHSP/codes/EMPIRE/tmprls006rb.pyomo.lp
Reading time = 6.42 seconds
x1: 2321232 rows, 1434993 columns, 6915219 nonzeros
Set parameter QCPDual to value 1
Set parameter Crossover to value 0
Set parameter Method to value 2
Set parameter Threads to value 2
Set parameter BarConvTol to value 0.0001
Gurobi Optimizer version 10.0.3 build v10.0.3rc0 (linux64)

CPU model: Intel(R) Xeon(R) CPU E5-2680 v4 @ 2.40GHz, instruction set [SSE2|AVX|AVX2]
Thread count: 28 physical cores, 28 logical processors, using up to 2 threads

Optimize a model with 2321232 rows, 1434993 columns and 6915219 nonzeros
Model fingerprint: 0x663a851f
Coefficient statistics:
  Matrix range     [1e-03, 1e+00]
  Objective range  [8e-03, 8e+06]
  Bounds range     [1e+00, 1e+00]
  RHS range        [7e+00, 2e+07]
Presolve removed 955860 rows and 341471 columns
Presolve time: 4.04s
Presolved: 1365372 rows, 1093522 columns, 4227567 nonzeros
Ordering time: 0.54s

Barrier statistics:
 Dense cols : 344
 AA' NZ     : 4.373e+06
 Factor NZ  : 1.914e+07 (roughly 1.2 GB of memory)
 Factor Ops : 5.007e+08 (less than 1 second per iteration)
 Threads    : 2

                  Objective                Residual
Iter       Primal          Dual         Primal    Dual     Compl     Time
   0   3.59390261e+15 -1.40265384e+15  3.77e+07 2.25e+04  1.18e+12     7s
   1   2.96540910e+15 -1.20443305e+16  3.02e+07 2.42e+05  6.19e+11     8s
   2   2.58352599e+15 -1.46480392e+16  2.58e+07 1.24e+05  4.47e+11     9s
   3   2.06610140e+15 -2.13467071e+16  2.01e+07 4.73e+04  3.39e+11    10s
   4   1.86373766e+15 -2.19014135e+16  1.79e+07 2.74e+04  2.91e+11    11s
   5   1.80269472e+15 -2.20827495e+16  1.73e+07 2.24e+04  2.79e+11    12s
   6   1.36229761e+15 -2.40113749e+16  1.28e+07 8.90e+03  2.05e+11    13s
   7   5.14720783e+14 -2.21626832e+16  4.26e+06 2.91e+03  7.14e+10    14s
   8   2.37248807e+14 -1.50815722e+16  1.39e+06 1.98e+02  2.46e+10    16s
   9   1.61384409e+14 -1.02405033e+16  5.20e+05 1.41e+01  1.05e+10    17s
  10   1.30605864e+14 -4.54126233e+15  2.11e+05 2.13e-04  4.04e+09    18s
  11   9.87719658e+13 -2.17224770e+15  1.17e+05 5.29e-05  1.90e+09    19s
  12   6.36293945e+13 -7.95159526e+14  4.96e+04 3.86e-05  6.66e+08    19s
  13   3.63896282e+13 -5.44298544e+14  1.94e+04 2.92e-05  3.41e+08    20s
  14   3.13967417e+13 -3.39345334e+14  1.48e+04 2.18e-05  2.15e+08    21s
  15   2.51986690e+13 -2.70024860e+14  9.63e+03 1.60e-05  1.57e+08    22s
  16   1.90884986e+13 -1.92511419e+14  5.19e+03 1.86e-05  1.02e+08    23s
  17   1.65746713e+13 -1.79971096e+14  3.52e+03 1.99e-05  8.98e+07    23s
  18   1.46312071e+13 -1.12001205e+14  2.32e+03 7.94e-06  5.61e+07    24s
  19   1.37172017e+13 -6.58827857e+13  1.89e+03 1.23e-05  3.52e+07    25s
  20   1.18779786e+13 -3.73834258e+13  1.16e+03 1.19e-05  2.11e+07    26s
  21   1.04000039e+13 -3.19993722e+13  6.83e+02 1.27e-05  1.77e+07    27s
  22   9.71640558e+12 -2.31567109e+13  5.15e+02 1.08e-05  1.36e+07    28s
  23   8.99142384e+12 -1.43188343e+13  3.82e+02 7.51e-06  9.55e+06    29s
  24   8.45522980e+12 -8.06031106e+12  3.15e+02 2.03e-05  6.74e+06    30s
  25   7.66020956e+12 -4.81345975e+12  2.08e+02 1.11e-05  5.05e+06    32s
  26   7.29501353e+12 -2.11985159e+12  1.66e+02 6.38e-06  3.80e+06    33s
  27   6.86792161e+12  1.73667518e+12  1.21e+02 1.02e-05  2.07e+06    35s
  28   6.43656859e+12  2.88809298e+12  8.15e+01 9.72e-06  1.43e+06    36s
  29   6.18120419e+12  3.75050757e+12  5.84e+01 4.17e-06  9.76e+05    38s
  30   6.05611036e+12  3.97351685e+12  4.74e+01 4.41e-06  8.35e+05    39s
  31   5.96940275e+12  4.23817525e+12  4.00e+01 2.98e-06  6.94e+05    40s
  32   5.90217436e+12  4.57203752e+12  3.45e+01 3.13e-06  5.33e+05    42s
  33   5.82057624e+12  4.70126654e+12  2.76e+01 1.95e-06  4.48e+05    44s
  34   5.73802083e+12  4.84516599e+12  2.08e+01 1.45e-06  3.57e+05    45s
  35   5.66842504e+12  4.96273899e+12  1.74e+01 1.19e-06  2.82e+05    47s
  36   5.59982792e+12  5.05068077e+12  1.50e+01 1.73e-06  2.19e+05    48s
  37   5.54252374e+12  5.08727254e+12  1.24e+01 1.71e-06  1.81e+05    50s
  38   5.51227078e+12  5.14932326e+12  1.09e+01 7.90e-07  1.44e+05    51s
  39   5.48114850e+12  5.18458281e+12  9.60e+00 5.07e-07  1.18e+05    53s
  40   5.47292625e+12  5.19233922e+12  9.13e+00 5.36e-07  1.11e+05    54s
  41   5.45367459e+12  5.21334513e+12  8.19e+00 3.87e-07  9.54e+04    55s
  42   5.43301059e+12  5.23192600e+12  6.95e+00 4.69e-07  7.97e+04    57s
  43   5.41558355e+12  5.24527450e+12  6.20e+00 4.25e-07  6.75e+04    58s
  44   5.39345513e+12  5.25999317e+12  4.94e+00 4.17e-07  5.29e+04    60s
  45   5.38416593e+12  5.26561802e+12  4.44e+00 4.47e-07  4.69e+04    62s
  46   5.37113952e+12  5.27905418e+12  3.65e+00 2.38e-07  3.64e+04    63s
  47   5.36044355e+12  5.28935413e+12  3.08e+00 2.68e-07  2.81e+04    65s
  48   5.35645148e+12  5.29339524e+12  2.81e+00 1.83e-07  2.49e+04    66s
  49   5.34949891e+12  5.29824667e+12  2.44e+00 5.69e-07  2.03e+04    67s
  50   5.34243393e+12  5.30053855e+12  1.99e+00 6.17e-07  1.66e+04    69s
  51   5.33916593e+12  5.30197989e+12  1.77e+00 4.52e-07  1.47e+04    71s
  52   5.33667371e+12  5.30420488e+12  1.60e+00 5.48e-07  1.28e+04    72s
  53   5.33310493e+12  5.30553926e+12  1.38e+00 5.02e-07  1.09e+04    74s
  54   5.33158199e+12  5.30683750e+12  1.28e+00 3.92e-07  9.78e+03    75s
  55   5.33073544e+12  5.30810061e+12  1.22e+00 1.14e-07  8.94e+03    76s
  56   5.32776295e+12  5.30921982e+12  1.01e+00 4.66e-08  7.32e+03    78s
  57   5.32618660e+12  5.31003703e+12  8.80e-01 4.18e-08  6.38e+03    79s
  58   5.32442731e+12  5.31051660e+12  7.38e-01 4.11e-08  5.49e+03    81s
  59   5.32305262e+12  5.31120119e+12  6.32e-01 6.82e-08  4.68e+03    82s
  60   5.32248209e+12  5.31240244e+12  5.87e-01 4.59e-08  3.98e+03    84s
  61   5.32082919e+12  5.31295220e+12  4.67e-01 4.02e-08  3.11e+03    85s
  62   5.32004192e+12  5.31316409e+12  4.16e-01 2.91e-08  2.72e+03    87s
  63   5.31886204e+12  5.31339092e+12  3.27e-01 5.89e-08  2.16e+03    88s
  64   5.31839645e+12  5.31372743e+12  2.94e-01 6.15e-08  1.84e+03    90s
  65   5.31775218e+12  5.31391243e+12  2.40e-01 6.99e-08  1.52e+03    91s
  66   5.31716825e+12  5.31409555e+12  1.88e-01 4.17e-08  1.21e+03    93s
  67   5.31685442e+12  5.31425141e+12  1.62e-01 2.03e-07  1.03e+03    94s
  68   5.31657949e+12  5.31431643e+12  1.39e-01 1.78e-07  8.94e+02    96s
  69   5.31635499e+12  5.31450277e+12  1.20e-01 7.25e-07  7.31e+02    98s
  70   5.31610689e+12  5.31456977e+12  9.94e-02 1.14e-06  6.07e+02    99s
  71   5.31603280e+12  5.31461073e+12  9.25e-02 1.11e-06  5.61e+02   100s
  72   5.31597236e+12  5.31462484e+12  8.70e-02 1.13e-06  5.32e+02   102s
  73   5.31580034e+12  5.31470020e+12  7.13e-02 1.30e-06  4.34e+02   103s
  74   5.31576641e+12  5.31473833e+12  6.85e-02 9.97e-07  4.06e+02   105s
  75   5.31559008e+12  5.31476855e+12  5.27e-02 9.80e-07  3.24e+02   106s
  76   5.31555918e+12  5.31480080e+12  4.98e-02 1.25e-06  2.99e+02   107s
  77   5.31549482e+12  5.31480906e+12  4.38e-02 1.21e-06  2.71e+02   108s
  78   5.31542757e+12  5.31484434e+12  3.77e-02 6.78e-07  2.30e+02   110s

Barrier solved model in 78 iterations and 110.04 seconds (71.67 work units)
Optimal objective 5.31542757e+12

Length of gen_inv_cap: 520
Length of transmision_inv_cap: 16
Length of stor_pw_inv_cap: 40
Length of stor_en_inv_cap: 40
DataFrame created successfully:
Length of input_vector: 616
expected_second_stage_value 2650515065064.487
Writing results to .csv...
EMPIRE Implementation took [sec]:
446.0900914669037
++++++++
+EMPIRE+
++++++++
LOADCHANGEMODULE: False
Solver: Gurobi
Scenario Generation: True
++++++++
ID: reduced_reg48_peak7_sce10_randomSGR_202407302231
++++++++
Generating random scenarios...
Generating .tab-files...
Solver: Gurobi
No absolute emission cap...
Declaring sets...
Reading sets...
Constructing sub sets...
Declaring parameters...
Reading parameters...
Constructing parameter values...
Sets and parameters declared and read...
Declaring variables...
Objective and constraints read...
Building instance...
WARNING: Element ('Germany', 'Denmark', 'HVAC_OverheadLine') already exists in
Set TransmissionTypeOfDirectionalLink; no action taken
WARNING: Element ('Germany', 'France', 'HVAC_OverheadLine') already exists in
Set TransmissionTypeOfDirectionalLink; no action taken
Building instance took [sec]:
50.42701506614685
----------------------Problem Statistics---------------------
Nodes: 3
Lines: 2

GeneratorTypes: 27
TotalGenerators: 65
StorageTypes: 2
TotalStorages: 5

InvestmentPeriod:  PeriodActive
InvestmentUntil: 2060
Scenarios: 10
TotalOperationalHoursPerScenario: 206
TotalOperationalHoursPerInvYear: 2060
Total size of random scenarios: 1170080
Seasons: 6
RegularSeasons: 4
LengthRegSeason: 48
PeakSeasons: 2
LengthPeakSeason: 7

Discount rate: 0.05
Operational discount scale: 4.54595050416236
--------------------------------------------------------------
Solving...
Set parameter TokenServer to value "license1.2e.hpc.psu.edu"
Read LP format model from file /storage/work/tzk5446/NeurMHSP/codes/EMPIRE/tmp2b8_vfba.pyomo.lp
Reading time = 6.44 seconds
x1: 2321232 rows, 1434993 columns, 6916113 nonzeros
Set parameter QCPDual to value 1
Set parameter Crossover to value 0
Set parameter Method to value 2
Set parameter Threads to value 2
Set parameter BarConvTol to value 0.0001
Gurobi Optimizer version 10.0.3 build v10.0.3rc0 (linux64)

CPU model: Intel(R) Xeon(R) CPU E5-2680 v4 @ 2.40GHz, instruction set [SSE2|AVX|AVX2]
Thread count: 28 physical cores, 28 logical processors, using up to 2 threads

Optimize a model with 2321232 rows, 1434993 columns and 6916113 nonzeros
Model fingerprint: 0x3e0d9a0c
Coefficient statistics:
  Matrix range     [1e-03, 1e+00]
  Objective range  [8e-03, 8e+06]
  Bounds range     [1e+00, 1e+00]
  RHS range        [7e+00, 2e+07]
Presolve removed 955001 rows and 340577 columns
Presolve time: 4.05s
Presolved: 1366231 rows, 1094416 columns, 4230179 nonzeros
Ordering time: 0.54s

Barrier statistics:
 Dense cols : 344
 AA' NZ     : 4.375e+06
 Factor NZ  : 1.916e+07 (roughly 1.2 GB of memory)
 Factor Ops : 5.014e+08 (less than 1 second per iteration)
 Threads    : 2

                  Objective                Residual
Iter       Primal          Dual         Primal    Dual     Compl     Time
   0   4.03566317e+15 -1.36681505e+15  3.89e+07 2.25e+04  1.21e+12     7s
   1   3.33445785e+15 -1.14371598e+16  3.14e+07 2.46e+05  6.43e+11     8s
   2   2.82097785e+15 -1.61313637e+16  2.60e+07 1.09e+05  4.86e+11     9s
   3   2.20449001e+15 -2.09100800e+16  1.98e+07 4.55e+04  3.63e+11    10s
   4   2.05429361e+15 -2.15751856e+16  1.83e+07 3.03e+04  3.27e+11    11s
   5   1.90342113e+15 -2.28759424e+16  1.68e+07 1.75e+04  3.00e+11    12s
   6   9.90266127e+14 -2.34492952e+16  8.28e+06 7.45e+03  1.50e+11    13s
   7   4.26591078e+14 -1.91286109e+16  3.04e+06 8.10e+02  5.61e+10    14s
   8   2.38765067e+14 -1.26977163e+16  1.23e+06 7.99e+01  2.31e+10    15s
   9   1.60160519e+14 -7.28800461e+15  4.09e+05 6.63e-05  8.32e+09    16s
  10   1.28819366e+14 -3.79597509e+15  1.96e+05 4.92e-05  3.78e+09    17s
  11   8.03018578e+13 -2.06371146e+15  7.71e+04 9.43e-05  1.60e+09    18s
  12   4.65487643e+13 -7.73800307e+14  2.86e+04 8.83e-05  5.37e+08    19s
  13   2.89133887e+13 -6.38351598e+14  1.16e+04 8.45e-05  3.43e+08    19s
  14   2.45936163e+13 -3.68721373e+14  7.78e+03 1.23e-04  1.95e+08    21s
  15   2.02227529e+13 -2.16799711e+14  4.60e+03 1.83e-04  1.11e+08    22s
  16   1.70556934e+13 -1.14613601e+14  2.74e+03 7.92e-05  5.93e+07    23s
  17   1.46763120e+13 -7.11817907e+13  1.69e+03 6.62e-05  3.74e+07    24s
  18   1.41507358e+13 -5.31239426e+13  1.52e+03 7.36e-05  2.93e+07    24s
  19   1.19564890e+13 -2.63116277e+13  9.42e+02 5.95e-05  1.63e+07    25s
  20   1.09300751e+13 -1.96939518e+13  6.82e+02 4.85e-05  1.28e+07    26s
  21   9.99356315e+12 -1.29457751e+13  5.43e+02 3.59e-05  9.56e+06    27s
  22   8.63064088e+12 -8.09365625e+12  3.45e+02 2.64e-05  6.88e+06    29s
  23   8.20997890e+12 -5.02324587e+12  2.96e+02 1.87e-05  5.44e+06    30s
  24   7.73704412e+12 -2.93848638e+12  2.38e+02 1.48e-05  4.37e+06    31s
  25   7.33407770e+12 -1.04602232e+12  1.89e+02 8.61e-06  3.42e+06    32s
  26   6.50342483e+12  8.82448698e+11  9.28e+01 6.21e-06  2.27e+06    34s
  27   6.16199490e+12  2.14247975e+12  5.71e+01 8.11e-06  1.62e+06    36s
  28   5.99907178e+12  3.02181042e+12  4.10e+01 7.93e-06  1.20e+06    37s
  29   5.83988618e+12  3.28239854e+12  2.65e+01 5.75e-06  1.02e+06    38s
  30   5.71554980e+12  3.71697335e+12  1.75e+01 6.56e-06  7.99e+05    40s
  31   5.64536575e+12  4.10011902e+12  1.46e+01 4.23e-06  6.17e+05    42s
  32   5.58425564e+12  4.38929018e+12  1.20e+01 2.06e-06  4.77e+05    43s
  33   5.53271442e+12  4.62091674e+12  9.95e+00 7.39e-06  3.63e+05    45s
  34   5.50123165e+12  4.76490934e+12  8.77e+00 5.96e-06  2.93e+05    46s
  35   5.45424681e+12  4.93769658e+12  7.11e+00 1.62e-06  2.05e+05    48s
  36   5.42720256e+12  5.02136955e+12  6.21e+00 1.82e-06  1.61e+05    49s
  37   5.38235668e+12  5.05924101e+12  4.67e+00 2.24e-06  1.28e+05    51s
  38   5.37123585e+12  5.07979682e+12  4.30e+00 1.96e-06  1.16e+05    52s
  39   5.34967422e+12  5.13069741e+12  3.59e+00 1.51e-06  8.68e+04    54s
  40   5.33035900e+12  5.15580622e+12  2.96e+00 1.00e-06  6.91e+04    55s
  41   5.31503820e+12  5.17278779e+12  2.48e+00 7.73e-07  5.63e+04    57s
  42   5.30263268e+12  5.18849632e+12  2.17e+00 6.99e-07  4.51e+04    58s
  43   5.28212154e+12  5.19741562e+12  1.62e+00 1.57e-06  3.35e+04    60s
  44   5.27197672e+12  5.20625572e+12  1.27e+00 7.75e-07  2.60e+04    61s
  45   5.26450360e+12  5.21133473e+12  1.02e+00 3.22e-07  2.10e+04    63s
  46   5.25929657e+12  5.21534637e+12  8.41e-01 1.83e-07  1.74e+04    65s
  47   5.25754643e+12  5.21870558e+12  7.88e-01 1.97e-07  1.53e+04    66s
  48   5.25293045e+12  5.22144346e+12  6.06e-01 1.53e-07  1.24e+04    68s
  49   5.25047829e+12  5.22454863e+12  5.27e-01 2.26e-07  1.02e+04    69s
  50   5.24695655e+12  5.22599639e+12  3.87e-01 1.78e-06  8.27e+03    71s
  51   5.24564855e+12  5.22778705e+12  3.38e-01 3.76e-06  7.05e+03    72s
  52   5.24358782e+12  5.22933902e+12  2.58e-01 3.57e-06  5.62e+03    74s
  53   5.24218887e+12  5.23006332e+12  2.09e-01 3.65e-06  4.78e+03    75s
  54   5.24071723e+12  5.23214203e+12  1.53e-01 1.06e-05  3.38e+03    77s
  55   5.24006303e+12  5.23240683e+12  1.30e-01 1.05e-05  3.02e+03    79s
  56   5.23967341e+12  5.23266515e+12  1.15e-01 1.04e-05  2.77e+03    81s
  57   5.23889609e+12  5.23320478e+12  8.71e-02 1.01e-05  2.25e+03    82s
  58   5.23846771e+12  5.23379060e+12  7.20e-02 9.60e-06  1.85e+03    84s
  59   5.23802065e+12  5.23451388e+12  5.56e-02 7.65e-06  1.38e+03    86s
  60   5.23758721e+12  5.23491436e+12  4.07e-02 7.82e-06  1.05e+03    87s
  61   5.23724517e+12  5.23512011e+12  2.88e-02 6.08e-06  8.38e+02    89s
  62   5.23706625e+12  5.23538444e+12  2.31e-02 5.34e-06  6.63e+02    91s
  63   5.23691891e+12  5.23550032e+12  1.83e-02 6.07e-06  5.60e+02    92s
  64   5.23674299e+12  5.23569383e+12  1.26e-02 9.50e-06  4.14e+02    94s
  65   5.23663821e+12  5.23590807e+12  9.25e-03 1.01e-05  2.88e+02    96s
  66   5.23659251e+12  5.23602133e+12  7.83e-03 1.32e-05  2.25e+02    98s

Barrier solved model in 66 iterations and 97.61 seconds (61.52 work units)
Optimal objective 5.23659251e+12

Length of gen_inv_cap: 520
Length of transmision_inv_cap: 16
Length of stor_pw_inv_cap: 40
Length of stor_en_inv_cap: 40
DataFrame created successfully:
Length of input_vector: 616
expected_second_stage_value 2674136840980.4565
Writing results to .csv...
EMPIRE Implementation took [sec]:
901.3745112419128
++++++++
+EMPIRE+
++++++++
LOADCHANGEMODULE: False
Solver: Gurobi
Scenario Generation: True
++++++++
ID: reduced_reg48_peak7_sce10_randomSGR_202407302239
++++++++
Generating random scenarios...
Generating .tab-files...
Solver: Gurobi
No absolute emission cap...
Declaring sets...
Reading sets...
Constructing sub sets...
Declaring parameters...
Reading parameters...
Constructing parameter values...
Sets and parameters declared and read...
Declaring variables...
Objective and constraints read...
Building instance...
WARNING: Element ('Germany', 'Denmark', 'HVAC_OverheadLine') already exists in
Set TransmissionTypeOfDirectionalLink; no action taken
WARNING: Element ('Germany', 'France', 'HVAC_OverheadLine') already exists in
Set TransmissionTypeOfDirectionalLink; no action taken
Building instance took [sec]:
50.248255014419556
----------------------Problem Statistics---------------------
Nodes: 3
Lines: 2

GeneratorTypes: 27
TotalGenerators: 65
StorageTypes: 2
TotalStorages: 5

InvestmentPeriod:  PeriodActive
InvestmentUntil: 2060
Scenarios: 10
TotalOperationalHoursPerScenario: 206
TotalOperationalHoursPerInvYear: 2060
Total size of random scenarios: 1170080
Seasons: 6
RegularSeasons: 4
LengthRegSeason: 48
PeakSeasons: 2
LengthPeakSeason: 7

Discount rate: 0.05
Operational discount scale: 4.54595050416236
--------------------------------------------------------------
Solving...
Set parameter TokenServer to value "license1.2e.hpc.psu.edu"
Read LP format model from file /storage/work/tzk5446/NeurMHSP/codes/EMPIRE/tmpyg1ca82q.pyomo.lp
Reading time = 6.45 seconds
x1: 2321232 rows, 1434993 columns, 6916018 nonzeros
Set parameter QCPDual to value 1
Set parameter Crossover to value 0
Set parameter Method to value 2
Set parameter Threads to value 2
Set parameter BarConvTol to value 0.0001
Gurobi Optimizer version 10.0.3 build v10.0.3rc0 (linux64)

CPU model: Intel(R) Xeon(R) CPU E5-2680 v4 @ 2.40GHz, instruction set [SSE2|AVX|AVX2]
Thread count: 28 physical cores, 28 logical processors, using up to 2 threads

Optimize a model with 2321232 rows, 1434993 columns and 6916018 nonzeros
Model fingerprint: 0x35d1ccc6
Coefficient statistics:
  Matrix range     [1e-03, 1e+00]
  Objective range  [8e-03, 8e+06]
  Bounds range     [1e+00, 1e+00]
  RHS range        [7e+00, 2e+07]
Presolve removed 955063 rows and 340672 columns
Presolve time: 4.05s
Presolved: 1366169 rows, 1094321 columns, 4229960 nonzeros
Ordering time: 0.54s

Barrier statistics:
 Dense cols : 344
 AA' NZ     : 4.375e+06
 Factor NZ  : 1.915e+07 (roughly 1.2 GB of memory)
 Factor Ops : 5.011e+08 (less than 1 second per iteration)
 Threads    : 2

                  Objective                Residual
Iter       Primal          Dual         Primal    Dual     Compl     Time
   0   4.04207995e+15 -1.43716568e+15  3.93e+07 2.45e+04  1.28e+12     7s
   1   3.34461791e+15 -1.17423197e+16  3.14e+07 2.74e+05  6.90e+11     8s
   2   2.90566111e+15 -1.43500367e+16  2.68e+07 1.80e+05  5.68e+11     9s
   3   2.41756606e+15 -2.09844427e+16  2.17e+07 7.87e+04  4.20e+11    10s
   4   2.11424348e+15 -2.33702745e+16  1.88e+07 3.53e+04  3.48e+11    11s
   5   1.76690896e+15 -2.43929879e+16  1.54e+07 1.89e+04  2.79e+11    12s
   6   7.54786011e+14 -2.50410995e+16  6.03e+06 7.97e+03  1.13e+11    14s
   7   2.63198076e+14 -1.96586373e+16  1.48e+06 1.72e+03  3.17e+10    15s
   8   1.68483488e+14 -8.31461043e+15  4.61e+05 3.16e+02  9.74e+09    17s
   9   1.29751342e+14 -5.59717982e+15  1.58e+05 1.51e+02  4.28e+09    18s
  10   8.97165562e+13 -2.09636680e+15  6.42e+04 4.98e-05  1.50e+09    18s
  11   5.00448684e+13 -6.42954803e+14  2.50e+04 1.02e-04  4.44e+08    19s
  12   3.31361580e+13 -5.02403346e+14  1.22e+04 7.92e-05  2.87e+08    20s
  13   2.99765822e+13 -4.00929377e+14  9.95e+03 6.62e-05  2.25e+08    21s
  14   2.52573168e+13 -2.41053840e+14  6.79e+03 7.57e-05  1.33e+08    22s
  15   1.94060893e+13 -1.71606312e+14  3.44e+03 3.30e-05  8.77e+07    22s
  16   1.70266837e+13 -1.13548674e+14  2.41e+03 2.84e-05  5.84e+07    23s
  17   1.49222965e+13 -7.37272311e+13  1.59e+03 2.96e-05  3.86e+07    24s
  18   1.38625696e+13 -4.54143618e+13  1.27e+03 3.47e-05  2.57e+07    25s
  19   1.37095889e+13 -3.45789191e+13  1.23e+03 2.90e-05  2.10e+07    26s
  20   1.13694932e+13 -2.27853295e+13  7.01e+02 2.46e-05  1.44e+07    27s
  21   1.06182787e+13 -1.26248165e+13  5.84e+02 7.96e-06  9.77e+06    28s
  22   9.99993018e+12 -8.53125056e+12  4.99e+02 6.41e-06  7.75e+06    30s
  23   8.46177844e+12 -2.33682482e+12  2.93e+02 1.76e-05  4.45e+06    31s
  24   7.94614284e+12 -3.32253073e+10  2.41e+02 2.22e-05  3.28e+06    33s
  25   7.23599220e+12  1.60973721e+12  1.64e+02 1.66e-05  2.30e+06    34s
  26   6.69306448e+12  3.45212077e+12  1.10e+02 8.46e-06  1.32e+06    36s
  27   6.39662441e+12  3.92992598e+12  8.19e+01 1.88e-05  1.00e+06    37s
  28   6.25520926e+12  4.22866387e+12  6.83e+01 5.30e-06  8.21e+05    38s
  29   6.19644339e+12  4.33103315e+12  6.27e+01 6.97e-06  7.56e+05    39s
  30   6.04394693e+12  4.37487125e+12  4.92e+01 6.44e-06  6.75e+05    40s
  31   5.97718070e+12  4.66497824e+12  4.38e+01 2.74e-06  5.29e+05    41s
  32   5.85426932e+12  4.85317959e+12  3.59e+01 5.22e-06  4.03e+05    43s
  33   5.76605506e+12  4.92201034e+12  3.03e+01 5.75e-06  3.39e+05    44s
  34   5.64764761e+12  4.97072916e+12  2.44e+01 7.87e-06  2.71e+05    45s
  35   5.57758941e+12  5.03099743e+12  2.10e+01 6.79e-06  2.19e+05    47s
  36   5.55069514e+12  5.07427201e+12  1.98e+01 6.14e-06  1.90e+05    49s
  37   5.51310023e+12  5.12106586e+12  1.79e+01 5.48e-06  1.56e+05    50s
  38   5.48508009e+12  5.15483662e+12  1.63e+01 3.02e-06  1.32e+05    52s
  39   5.47636851e+12  5.16393278e+12  1.57e+01 2.13e-06  1.24e+05    53s
  40   5.44217180e+12  5.18548433e+12  1.35e+01 1.49e-06  1.02e+05    55s
  41   5.42011561e+12  5.19787609e+12  1.18e+01 3.65e-07  8.84e+04    56s
  42   5.39584199e+12  5.21613614e+12  1.01e+01 2.24e-07  7.14e+04    58s
  43   5.37574926e+12  5.22459658e+12  8.66e+00 7.30e-07  6.00e+04    59s
  44   5.34971539e+12  5.23597597e+12  6.48e+00 3.65e-07  4.51e+04    61s
  45   5.34030049e+12  5.24427563e+12  5.86e+00 6.63e-07  3.80e+04    62s
  46   5.32650845e+12  5.25010697e+12  4.66e+00 3.20e-07  3.02e+04    64s
  47   5.31939469e+12  5.25588006e+12  4.05e+00 1.24e-07  2.51e+04    65s
  48   5.31055800e+12  5.26033875e+12  3.28e+00 1.90e-07  1.99e+04    67s
  49   5.30378122e+12  5.26506188e+12  2.69e+00 1.23e-07  1.53e+04    69s
  50   5.30071353e+12  5.26644521e+12  2.43e+00 1.01e-07  1.35e+04    70s
  51   5.29780601e+12  5.26740221e+12  2.13e+00 1.32e-07  1.20e+04    71s
  52   5.29606364e+12  5.26843335e+12  1.95e+00 1.23e-07  1.09e+04    72s
  53   5.29361582e+12  5.26928682e+12  1.72e+00 9.59e-08  9.61e+03    74s
  54   5.29117607e+12  5.27053441e+12  1.47e+00 6.98e-08  8.15e+03    76s
  55   5.28880100e+12  5.27183524e+12  1.25e+00 6.01e-08  6.70e+03    77s
  56   5.28713848e+12  5.27272198e+12  1.10e+00 5.12e-08  5.69e+03    79s
  57   5.28551155e+12  5.27332085e+12  9.31e-01 3.44e-08  4.81e+03    80s
  58   5.28416882e+12  5.27398639e+12  7.92e-01 3.33e-08  4.02e+03    82s
  59   5.28324687e+12  5.27467318e+12  6.91e-01 5.76e-08  3.38e+03    83s
  60   5.28231100e+12  5.27557128e+12  5.92e-01 2.47e-08  2.66e+03    85s
  61   5.28084249e+12  5.27583689e+12  4.23e-01 2.30e-08  1.98e+03    87s
  62   5.28006272e+12  5.27608623e+12  3.41e-01 3.44e-08  1.57e+03    89s
  63   5.27997648e+12  5.27621147e+12  3.31e-01 2.16e-08  1.49e+03    90s
  64   5.27931813e+12  5.27627976e+12  2.57e-01 1.79e-08  1.20e+03    92s
  65   5.27908456e+12  5.27634374e+12  2.32e-01 1.94e-08  1.08e+03    93s
  66   5.27881229e+12  5.27637537e+12  2.00e-01 1.70e-08  9.61e+02    95s
  67   5.27866489e+12  5.27655760e+12  1.84e-01 4.16e-08  8.31e+02    97s
  68   5.27835181e+12  5.27667755e+12  1.50e-01 2.33e-08  6.61e+02    98s
  69   5.27801014e+12  5.27675708e+12  1.10e-01 1.31e-08  4.94e+02   100s
  70   5.27787502e+12  5.27680782e+12  9.41e-02 2.69e-08  4.21e+02   102s
  71   5.27779391e+12  5.27684654e+12  8.43e-02 2.24e-08  3.74e+02   103s
  72   5.27767486e+12  5.27687206e+12  6.99e-02 2.26e-08  3.17e+02   105s
  73   5.27755636e+12  5.27692796e+12  5.52e-02 5.76e-08  2.48e+02   107s
  74   5.27744981e+12  5.27695890e+12  4.16e-02 5.75e-08  1.94e+02   108s

Barrier solved model in 74 iterations and 108.37 seconds (69.00 work units)
Optimal objective 5.27744981e+12

Length of gen_inv_cap: 520
Length of transmision_inv_cap: 16
Length of stor_pw_inv_cap: 40
Length of stor_en_inv_cap: 40
DataFrame created successfully:
Length of input_vector: 616
expected_second_stage_value 2658701979574.3154
Writing results to .csv...
EMPIRE Implementation took [sec]:
1368.2076539993286
++++++++
+EMPIRE+
++++++++
LOADCHANGEMODULE: False
Solver: Gurobi
Scenario Generation: True
++++++++
ID: reduced_reg48_peak7_sce10_randomSGR_202407302247
++++++++
Generating random scenarios...
Generating .tab-files...
Solver: Gurobi
No absolute emission cap...
Declaring sets...
Reading sets...
Constructing sub sets...
Declaring parameters...
Reading parameters...
Constructing parameter values...
Sets and parameters declared and read...
Declaring variables...
Objective and constraints read...
Building instance...
WARNING: Element ('Germany', 'Denmark', 'HVAC_OverheadLine') already exists in
Set TransmissionTypeOfDirectionalLink; no action taken
WARNING: Element ('Germany', 'France', 'HVAC_OverheadLine') already exists in
Set TransmissionTypeOfDirectionalLink; no action taken
Building instance took [sec]:
49.74398350715637
----------------------Problem Statistics---------------------
Nodes: 3
Lines: 2

GeneratorTypes: 27
TotalGenerators: 65
StorageTypes: 2
TotalStorages: 5

InvestmentPeriod:  PeriodActive
InvestmentUntil: 2060
Scenarios: 10
TotalOperationalHoursPerScenario: 206
TotalOperationalHoursPerInvYear: 2060
Total size of random scenarios: 1170080
Seasons: 6
RegularSeasons: 4
LengthRegSeason: 48
PeakSeasons: 2
LengthPeakSeason: 7

Discount rate: 0.05
Operational discount scale: 4.54595050416236
--------------------------------------------------------------
Solving...
Set parameter TokenServer to value "license1.2e.hpc.psu.edu"
Read LP format model from file /storage/work/tzk5446/NeurMHSP/codes/EMPIRE/tmpww1w1ndx.pyomo.lp
Reading time = 6.44 seconds
x1: 2321232 rows, 1434993 columns, 6916027 nonzeros
Set parameter QCPDual to value 1
Set parameter Crossover to value 0
Set parameter Method to value 2
Set parameter Threads to value 2
Set parameter BarConvTol to value 0.0001
Gurobi Optimizer version 10.0.3 build v10.0.3rc0 (linux64)

CPU model: Intel(R) Xeon(R) CPU E5-2680 v4 @ 2.40GHz, instruction set [SSE2|AVX|AVX2]
Thread count: 28 physical cores, 28 logical processors, using up to 2 threads

Optimize a model with 2321232 rows, 1434993 columns and 6916027 nonzeros
Model fingerprint: 0xcc45565a
Coefficient statistics:
  Matrix range     [1e-03, 1e+00]
  Objective range  [8e-03, 8e+06]
  Bounds range     [1e+00, 1e+00]
  RHS range        [7e+00, 2e+07]
Presolve removed 955258 rows and 340663 columns
Presolve time: 4.08s
Presolved: 1365974 rows, 1094330 columns, 4229579 nonzeros
Ordering time: 0.54s

Barrier statistics:
 Dense cols : 344
 AA' NZ     : 4.374e+06
 Factor NZ  : 1.915e+07 (roughly 1.2 GB of memory)
 Factor Ops : 5.014e+08 (less than 1 second per iteration)
 Threads    : 2

                  Objective                Residual
Iter       Primal          Dual         Primal    Dual     Compl     Time
   0   3.99865749e+15 -1.37900323e+15  3.88e+07 2.25e+04  1.21e+12     7s
   1   3.31696400e+15 -1.10839261e+16  3.11e+07 2.69e+05  6.59e+11     8s
   2   2.83480628e+15 -1.70796367e+16  2.60e+07 1.12e+05  5.11e+11     9s
   3   2.16855407e+15 -2.23374638e+16  1.94e+07 4.05e+04  3.73e+11    10s
   4   1.96988945e+15 -2.32838291e+16  1.74e+07 2.44e+04  3.27e+11    11s
   5   1.87684039e+15 -2.34960963e+16  1.66e+07 2.01e+04  3.08e+11    12s
   6   1.37214706e+15 -2.45965771e+16  1.18e+07 8.25e+03  2.20e+11    13s
   7   6.95854852e+14 -2.28009044e+16  5.54e+06 3.67e+03  1.05e+11    14s
   8   2.59795680e+14 -1.58995931e+16  1.43e+06 3.11e+02  2.93e+10    15s
   9   1.60390532e+14 -1.11029344e+16  4.07e+05 1.18e+02  1.05e+10    16s
  10   1.38665142e+14 -7.91596092e+15  2.03e+05 7.87e+01  5.98e+09    17s
  11   1.28875904e+14 -4.29936953e+15  1.55e+05 6.68e-01  3.56e+09    18s
  12   9.42798184e+13 -1.60825748e+15  8.30e+04 2.95e+00  1.45e+09    19s
  13   6.41346244e+13 -9.57183987e+14  4.53e+04 1.59e-04  7.71e+08    19s
  14   3.81353080e+13 -5.16984884e+14  1.90e+04 1.58e-04  3.43e+08    20s
  15   2.93299160e+13 -2.81509686e+14  1.16e+04 1.32e-04  1.82e+08    22s
  16   2.18203193e+13 -2.49976593e+14  6.29e+03 1.14e-04  1.38e+08    23s
  17   1.72271973e+13 -1.96860856e+14  3.34e+03 4.91e-05  9.88e+07    23s
  18   1.55325197e+13 -1.31440104e+14  2.44e+03 6.74e-05  6.62e+07    24s
  19   1.48389984e+13 -8.17038049e+13  2.11e+03 6.27e-05  4.36e+07    25s
  20   1.22283504e+13 -5.86947424e+13  1.08e+03 4.99e-05  3.04e+07    27s
  21   1.06430714e+13 -3.16237310e+13  7.03e+02 7.22e-05  1.78e+07    28s
  22   9.57352176e+12 -1.76143407e+13  5.06e+02 4.66e-05  1.13e+07    30s
  23   8.99668750e+12 -1.28490659e+13  4.26e+02 3.92e-05  9.07e+06    31s
  24   8.16178380e+12 -7.78194837e+12  3.18e+02 5.54e-05  6.57e+06    32s
  25   7.51456145e+12 -2.93988266e+12  2.35e+02 3.07e-05  4.28e+06    33s
  26   7.35603614e+12 -2.10814905e+12  2.16e+02 3.26e-05  3.87e+06    35s
  27   6.67193220e+12  4.15646146e+11  1.32e+02 1.25e-05  2.54e+06    36s
  28   6.34160139e+12  2.12116692e+12  9.55e+01 9.27e-06  1.71e+06    38s
  29   6.07496057e+12  3.18271368e+12  6.70e+01 1.46e-05  1.17e+06    39s
  30   6.05596365e+12  3.56834391e+12  6.50e+01 6.39e-06  1.01e+06    40s
  31   5.86769757e+12  3.89578817e+12  4.52e+01 1.69e-05  7.94e+05    41s
  32   5.73990358e+12  4.34296343e+12  3.23e+01 1.53e-05  5.61e+05    43s
  33   5.66014590e+12  4.60809648e+12  2.42e+01 8.77e-06  4.22e+05    45s
  34   5.57746306e+12  4.78664211e+12  1.65e+01 1.43e-05  3.16e+05    46s
  35   5.54126935e+12  4.91814967e+12  1.33e+01 6.24e-06  2.49e+05    48s
  36   5.48097744e+12  4.99586153e+12  1.07e+01 5.97e-06  1.93e+05    49s
  37   5.45124124e+12  5.06836939e+12  9.16e+00 4.66e-06  1.52e+05    51s
  38   5.41710564e+12  5.12695650e+12  7.95e+00 2.16e-06  1.15e+05    52s
  39   5.38280636e+12  5.17058352e+12  6.27e+00 1.56e-06  8.42e+04    54s
  40   5.35915150e+12  5.19281037e+12  5.08e+00 1.70e-06  6.60e+04    55s
  41   5.34585947e+12  5.20721571e+12  4.45e+00 1.31e-06  5.49e+04    57s
  42   5.32746505e+12  5.22185549e+12  3.56e+00 8.36e-07  4.18e+04    58s
  43   5.31393269e+12  5.23000136e+12  2.89e+00 7.90e-07  3.32e+04    60s
  44   5.30674185e+12  5.23819197e+12  2.47e+00 5.63e-07  2.71e+04    61s
  45   5.30017806e+12  5.24270362e+12  2.12e+00 5.62e-07  2.27e+04    63s
  46   5.29294452e+12  5.24868548e+12  1.71e+00 3.97e-07  1.75e+04    64s
  47   5.28720463e+12  5.25273872e+12  1.38e+00 3.04e-07  1.36e+04    66s
  48   5.28047559e+12  5.25566993e+12  9.59e-01 2.08e-07  9.80e+03    67s
  49   5.27776956e+12  5.25693323e+12  7.84e-01 2.14e-07  8.23e+03    69s
  50   5.27424440e+12  5.25842257e+12  5.94e-01 1.49e-07  6.25e+03    70s
  51   5.27224487e+12  5.26106679e+12  4.66e-01 1.23e-07  4.41e+03    72s
  52   5.27056858e+12  5.26209215e+12  3.66e-01 1.20e-07  3.35e+03    73s
  53   5.26899022e+12  5.26301743e+12  2.65e-01 8.30e-07  2.36e+03    75s
  54   5.26800893e+12  5.26325943e+12  2.06e-01 2.30e-06  1.87e+03    77s
  55   5.26710044e+12  5.26352891e+12  1.45e-01 3.27e-06  1.41e+03    78s
  56   5.26676563e+12  5.26373435e+12  1.24e-01 4.00e-06  1.20e+03    80s
  57   5.26613112e+12  5.26400494e+12  8.19e-02 5.20e-06  8.39e+02    81s
  58   5.26579167e+12  5.26426609e+12  6.04e-02 2.30e-05  6.02e+02    83s
  59   5.26560352e+12  5.26438444e+12  4.84e-02 2.85e-05  4.81e+02    85s
  60   5.26543722e+12  5.26459123e+12  3.75e-02 1.49e-05  3.34e+02    87s
  61   5.26532907e+12  5.26465430e+12  3.07e-02 4.16e-05  2.66e+02    88s
  62   5.26520649e+12  5.26469218e+12  2.37e-02 1.39e-05  2.03e+02    90s

Barrier solved model in 62 iterations and 90.03 seconds (57.74 work units)
Optimal objective 5.26520649e+12

Length of gen_inv_cap: 520
Length of transmision_inv_cap: 16
Length of stor_pw_inv_cap: 40
Length of stor_en_inv_cap: 40
DataFrame created successfully:
Length of input_vector: 616
expected_second_stage_value 2652855885573.3564
Writing results to .csv...
EMPIRE Implementation took [sec]:
1815.7545492649078
++++++++
+EMPIRE+
++++++++
LOADCHANGEMODULE: False
Solver: Gurobi
Scenario Generation: True
++++++++
ID: reduced_reg48_peak7_sce10_randomSGR_202407302254
++++++++
Generating random scenarios...
Generating .tab-files...
Solver: Gurobi
No absolute emission cap...
Declaring sets...
Reading sets...
Constructing sub sets...
Declaring parameters...
Reading parameters...
Constructing parameter values...
Sets and parameters declared and read...
Declaring variables...
Objective and constraints read...
Building instance...
WARNING: Element ('Germany', 'Denmark', 'HVAC_OverheadLine') already exists in
Set TransmissionTypeOfDirectionalLink; no action taken
WARNING: Element ('Germany', 'France', 'HVAC_OverheadLine') already exists in
Set TransmissionTypeOfDirectionalLink; no action taken
Building instance took [sec]:
49.77096152305603
----------------------Problem Statistics---------------------
Nodes: 3
Lines: 2

GeneratorTypes: 27
TotalGenerators: 65
StorageTypes: 2
TotalStorages: 5

InvestmentPeriod:  PeriodActive
InvestmentUntil: 2060
Scenarios: 10
TotalOperationalHoursPerScenario: 206
TotalOperationalHoursPerInvYear: 2060
Total size of random scenarios: 1170080
Seasons: 6
RegularSeasons: 4
LengthRegSeason: 48
PeakSeasons: 2
LengthPeakSeason: 7

Discount rate: 0.05
Operational discount scale: 4.54595050416236
--------------------------------------------------------------
Solving...
Set parameter TokenServer to value "license1.2e.hpc.psu.edu"
Read LP format model from file /storage/work/tzk5446/NeurMHSP/codes/EMPIRE/tmpyqzc_n7l.pyomo.lp
Reading time = 6.46 seconds
x1: 2321232 rows, 1434993 columns, 6915887 nonzeros
Set parameter QCPDual to value 1
Set parameter Crossover to value 0
Set parameter Method to value 2
Set parameter Threads to value 2
Set parameter BarConvTol to value 0.0001
Gurobi Optimizer version 10.0.3 build v10.0.3rc0 (linux64)

CPU model: Intel(R) Xeon(R) CPU E5-2680 v4 @ 2.40GHz, instruction set [SSE2|AVX|AVX2]
Thread count: 28 physical cores, 28 logical processors, using up to 2 threads

Optimize a model with 2321232 rows, 1434993 columns and 6915887 nonzeros
Model fingerprint: 0xe34ad004
Coefficient statistics:
  Matrix range     [1e-03, 1e+00]
  Objective range  [8e-03, 8e+06]
  Bounds range     [1e+00, 1e+00]
  RHS range        [7e+00, 2e+07]
Presolve removed 955139 rows and 340803 columns
Presolve time: 4.06s
Presolved: 1366093 rows, 1094190 columns, 4229677 nonzeros
Ordering time: 0.55s

Barrier statistics:
 Dense cols : 344
 AA' NZ     : 4.375e+06
 Factor NZ  : 1.915e+07 (roughly 1.2 GB of memory)
 Factor Ops : 5.008e+08 (less than 1 second per iteration)
 Threads    : 2

                  Objective                Residual
Iter       Primal          Dual         Primal    Dual     Compl     Time
   0   4.12010078e+15 -1.44503225e+15  3.96e+07 2.47e+04  1.29e+12     7s
   1   3.43644966e+15 -1.16054141e+16  3.19e+07 2.77e+05  7.04e+11     8s
   2   2.95542874e+15 -1.78584096e+16  2.70e+07 1.16e+05  5.46e+11     9s
   3   2.27223614e+15 -2.32178443e+16  2.02e+07 4.43e+04  4.01e+11    10s
   4   2.08263012e+15 -2.38056623e+16  1.83e+07 2.95e+04  3.56e+11    11s
   5   1.95665249e+15 -2.54120523e+16  1.71e+07 1.71e+04  3.33e+11    12s
   6   7.18835833e+14 -2.55206789e+16  5.67e+06 7.59e+03  1.15e+11    13s
   7   2.55293123e+14 -1.79549882e+16  1.36e+06 9.85e+02  3.06e+10    14s
   8   1.61543421e+14 -1.39615025e+16  4.38e+05 4.79e+02  1.26e+10    15s
   9   1.38109588e+14 -7.21274914e+15  1.70e+05 1.71e+02  5.28e+09    16s
  10   1.29640722e+14 -4.56780472e+15  1.39e+05 1.03e+02  3.56e+09    17s
  11   1.01554010e+14 -2.23927141e+15  7.64e+04 2.16e+01  1.70e+09    18s
  12   7.12965950e+13 -7.13434954e+14  4.55e+04 2.69e-04  6.51e+08    19s
  13   4.09174023e+13 -4.73569403e+14  2.02e+04 1.10e-04  3.33e+08    19s
  14   2.61013825e+13 -3.28347826e+14  8.58e+03 1.77e-04  1.87e+08    21s
  15   2.27639590e+13 -1.93097818e+14  6.42e+03 1.58e-04  1.13e+08    22s
  16   1.74431571e+13 -1.50779128e+14  3.28e+03 8.99e-05  7.87e+07    23s
  17   1.48852828e+13 -8.70109623e+13  2.03e+03 7.47e-05  4.59e+07    24s
  18   1.48074113e+13 -7.40585099e+13  1.99e+03 5.61e-05  4.01e+07    24s
  19   1.24764226e+13 -4.91885185e+13  1.17e+03 5.84e-05  2.67e+07    25s
  20   1.14513256e+13 -3.92789357e+13  8.91e+02 5.20e-05  2.17e+07    27s
  21   1.06971869e+13 -2.39327123e+13  7.34e+02 8.21e-05  1.47e+07    28s
  22   1.03787546e+13 -1.97804303e+13  6.89e+02 7.27e-05  1.28e+07    29s
  23   8.24714278e+12 -8.16471665e+12  3.34e+02 6.51e-05  6.78e+06    31s
  24   7.83658194e+12 -3.17831774e+12  2.79e+02 1.17e-04  4.54e+06    32s
  25   7.20415983e+12 -1.36307055e+12  2.01e+02 1.10e-04  3.51e+06    33s
  26   6.86297886e+12  5.27225812e+11  1.58e+02 9.64e-05  2.59e+06    34s
  27   6.63758247e+12  1.14420921e+12  1.31e+02 7.36e-05  2.24e+06    35s
  28   6.29073797e+12  1.96438335e+12  9.16e+01 6.86e-05  1.75e+06    36s
  29   6.15446195e+12  3.17351489e+12  7.61e+01 7.07e-05  1.21e+06    38s
  30   5.92709762e+12  3.76481881e+12  5.16e+01 4.51e-05  8.71e+05    39s
  31   5.79220121e+12  4.27033726e+12  3.76e+01 5.79e-06  6.12e+05    41s
  32   5.70351686e+12  4.70914518e+12  2.92e+01 3.16e-06  3.99e+05    42s
  33   5.65925162e+12  4.85115074e+12  2.47e+01 6.77e-06  3.24e+05    44s
  34   5.58905567e+12  4.97579121e+12  1.80e+01 1.51e-05  2.45e+05    45s
  35   5.54748706e+12  5.09438228e+12  1.60e+01 1.58e-05  1.81e+05    47s
  36   5.50718640e+12  5.11226882e+12  1.39e+01 1.62e-05  1.57e+05    48s
  37   5.46349069e+12  5.15471276e+12  1.14e+01 1.05e-05  1.23e+05    50s
  38   5.43447103e+12  5.19483075e+12  9.99e+00 8.29e-06  9.53e+04    51s
  39   5.39967397e+12  5.22126061e+12  7.83e+00 4.75e-06  7.08e+04    53s
  40   5.38186203e+12  5.24221643e+12  6.71e+00 3.36e-06  5.54e+04    54s
  41   5.35780789e+12  5.25313762e+12  5.20e+00 1.68e-06  4.15e+04    56s
  42   5.34414761e+12  5.26012249e+12  4.32e+00 1.51e-06  3.33e+04    57s
  43   5.33662649e+12  5.26645223e+12  3.90e+00 1.11e-06  2.78e+04    59s
  44   5.32514361e+12  5.27045570e+12  3.08e+00 7.53e-07  2.16e+04    61s
  45   5.31795579e+12  5.27352601e+12  2.58e+00 7.07e-07  1.76e+04    62s
  46   5.31111304e+12  5.27705328e+12  2.04e+00 4.59e-07  1.35e+04    64s
  47   5.30584083e+12  5.27986100e+12  1.70e+00 3.50e-07  1.03e+04    65s
  48   5.30260471e+12  5.28115240e+12  1.44e+00 2.79e-07  8.47e+03    67s
  49   5.29895179e+12  5.28226395e+12  1.12e+00 2.09e-07  6.59e+03    68s
  50   5.29558003e+12  5.28300470e+12  8.37e-01 1.78e-07  4.97e+03    70s
  51   5.29460649e+12  5.28382203e+12  7.47e-01 1.41e-07  4.26e+03    71s
  52   5.29250956e+12  5.28461488e+12  5.61e-01 9.78e-08  3.12e+03    73s
  53   5.29141204e+12  5.28507396e+12  4.75e-01 1.09e-07  2.50e+03    75s
  54   5.29029421e+12  5.28529244e+12  3.61e-01 1.08e-07  1.97e+03    76s
  55   5.28995835e+12  5.28564130e+12  3.26e-01 1.26e-07  1.70e+03    78s
  56   5.28972442e+12  5.28586717e+12  3.06e-01 1.33e-07  1.52e+03    79s
  57   5.28934464e+12  5.28597106e+12  2.67e-01 1.37e-07  1.33e+03    80s
  58   5.28911500e+12  5.28607662e+12  2.47e-01 1.07e-07  1.20e+03    82s
  59   5.28861212e+12  5.28622853e+12  2.01e-01 6.34e-07  9.41e+02    83s
  60   5.28836688e+12  5.28627969e+12  1.79e-01 8.62e-07  8.24e+02    85s
  61   5.28814857e+12  5.28636114e+12  1.56e-01 4.66e-07  7.05e+02    87s
  62   5.28776486e+12  5.28640896e+12  1.15e-01 1.76e-06  5.35e+02    88s
  63   5.28762187e+12  5.28647858e+12  1.02e-01 3.69e-06  4.51e+02    90s
  64   5.28746235e+12  5.28651400e+12  8.67e-02 2.94e-06  3.74e+02    91s
  65   5.28729973e+12  5.28653147e+12  6.91e-02 2.27e-06  3.03e+02    93s
  66   5.28719326e+12  5.28656868e+12  5.76e-02 1.08e-05  2.46e+02    94s
  67   5.28708635e+12  5.28660060e+12  4.69e-02 1.11e-05  1.92e+02    96s

Barrier solved model in 67 iterations and 95.88 seconds (61.66 work units)
Optimal objective 5.28708635e+12

Length of gen_inv_cap: 520
Length of transmision_inv_cap: 16
Length of stor_pw_inv_cap: 40
Length of stor_en_inv_cap: 40
DataFrame created successfully:
Length of input_vector: 616
expected_second_stage_value 2613251006945.1396
Writing results to .csv...
EMPIRE Implementation took [sec]:
2270.4329464435577
++++++++
+EMPIRE+
++++++++
LOADCHANGEMODULE: False
Solver: Gurobi
Scenario Generation: True
++++++++
ID: reduced_reg48_peak7_sce10_randomSGR_202407302302
++++++++
Generating random scenarios...
Generating .tab-files...
Solver: Gurobi
No absolute emission cap...
Declaring sets...
Reading sets...
Constructing sub sets...
Declaring parameters...
Reading parameters...
Constructing parameter values...
Sets and parameters declared and read...
Declaring variables...
Objective and constraints read...
Building instance...
WARNING: Element ('Germany', 'Denmark', 'HVAC_OverheadLine') already exists in
Set TransmissionTypeOfDirectionalLink; no action taken
WARNING: Element ('Germany', 'France', 'HVAC_OverheadLine') already exists in
Set TransmissionTypeOfDirectionalLink; no action taken
Building instance took [sec]:
49.473724603652954
----------------------Problem Statistics---------------------
Nodes: 3
Lines: 2

GeneratorTypes: 27
TotalGenerators: 65
StorageTypes: 2
TotalStorages: 5

InvestmentPeriod:  PeriodActive
InvestmentUntil: 2060
Scenarios: 10
TotalOperationalHoursPerScenario: 206
TotalOperationalHoursPerInvYear: 2060
Total size of random scenarios: 1170080
Seasons: 6
RegularSeasons: 4
LengthRegSeason: 48
PeakSeasons: 2
LengthPeakSeason: 7

Discount rate: 0.05
Operational discount scale: 4.54595050416236
--------------------------------------------------------------
Solving...
Set parameter TokenServer to value "license1.2e.hpc.psu.edu"
Read LP format model from file /storage/work/tzk5446/NeurMHSP/codes/EMPIRE/tmpi_d5gu_7.pyomo.lp
Reading time = 6.43 seconds
x1: 2321232 rows, 1434993 columns, 6916060 nonzeros
Set parameter QCPDual to value 1
Set parameter Crossover to value 0
Set parameter Method to value 2
Set parameter Threads to value 2
Set parameter BarConvTol to value 0.0001
Gurobi Optimizer version 10.0.3 build v10.0.3rc0 (linux64)

CPU model: Intel(R) Xeon(R) CPU E5-2680 v4 @ 2.40GHz, instruction set [SSE2|AVX|AVX2]
Thread count: 28 physical cores, 28 logical processors, using up to 2 threads

Optimize a model with 2321232 rows, 1434993 columns and 6916060 nonzeros
Model fingerprint: 0xf6d2d599
Coefficient statistics:
  Matrix range     [1e-03, 1e+00]
  Objective range  [8e-03, 8e+06]
  Bounds range     [1e+00, 1e+00]
  RHS range        [7e+00, 2e+07]
Presolve removed 954864 rows and 340630 columns
Presolve time: 4.01s
Presolved: 1366368 rows, 1094363 columns, 4230400 nonzeros
Ordering time: 0.54s

Barrier statistics:
 Dense cols : 344
 AA' NZ     : 4.375e+06
 Factor NZ  : 1.915e+07 (roughly 1.2 GB of memory)
 Factor Ops : 5.010e+08 (less than 1 second per iteration)
 Threads    : 2

                  Objective                Residual
Iter       Primal          Dual         Primal    Dual     Compl     Time
   0   3.42851522e+15 -1.42285887e+15  3.66e+07 2.30e+04  1.15e+12     7s
   1   2.85254439e+15 -1.21993624e+16  2.92e+07 2.42e+05  6.03e+11     8s
   2   2.41049234e+15 -1.81169238e+16  2.41e+07 9.45e+04  4.59e+11     9s
   3   1.86384012e+15 -2.24467550e+16  1.81e+07 3.72e+04  3.37e+11    10s
   4   1.75693950e+15 -2.28381440e+16  1.69e+07 2.58e+04  3.09e+11    11s
   5   1.63628154e+15 -2.41569554e+16  1.57e+07 1.48e+04  2.85e+11    12s
   6   9.45343468e+14 -2.39428535e+16  8.61e+06 5.68e+03  1.57e+11    13s
   7   2.63134136e+14 -1.93687443e+16  1.66e+06 8.04e+02  3.46e+10    14s
   8   1.56455641e+14 -1.29724847e+16  4.87e+05 2.36e+02  1.25e+10    15s
   9   1.33516187e+14 -5.68621131e+15  2.07e+05 3.53e+01  4.92e+09    16s
  10   1.16861444e+14 -3.58746236e+15  1.42e+05 4.69e+00  3.05e+09    17s
  11   7.57214287e+13 -1.37363993e+15  6.30e+04 7.76e-05  1.12e+09    17s
  12   5.47099081e+13 -5.89488708e+14  3.76e+04 7.49e-05  5.10e+08    18s
  13   3.29751697e+13 -4.48434730e+14  1.63e+04 6.98e-05  2.90e+08    19s
  14   2.53308181e+13 -2.54816579e+14  9.66e+03 9.69e-05  1.55e+08    20s
  15   1.67442107e+13 -1.27160794e+14  3.26e+03 1.14e-04  6.81e+07    22s
  16   1.48018730e+13 -8.22745083e+13  2.33e+03 8.14e-05  4.47e+07    23s
  17   1.47281975e+13 -7.62444692e+13  2.29e+03 7.59e-05  4.19e+07    23s
  18   1.27692761e+13 -4.34906412e+13  1.50e+03 4.39e-05  2.50e+07    24s
  19   1.15168552e+13 -2.73959465e+13  1.03e+03 3.31e-05  1.69e+07    25s
  20   1.08217469e+13 -1.71785989e+13  8.77e+02 3.28e-05  1.21e+07    27s
  21   9.50425190e+12 -1.30233819e+13  6.18e+02 3.46e-05  9.56e+06    28s
  22   8.69295807e+12 -6.90365278e+12  4.88e+02 1.59e-05  6.57e+06    30s
  23   8.17428289e+12 -5.24876479e+12  4.03e+02 1.29e-05  5.62e+06    31s
  24   7.85097748e+12 -1.88385361e+12  3.55e+02 7.99e-06  4.07e+06    32s
  25   7.48313551e+12 -1.17091794e+11  2.96e+02 6.56e-06  3.17e+06    34s
  26   7.01735822e+12  2.12194391e+12  2.27e+02 3.50e-06  2.04e+06    36s
  27   6.61187745e+12  3.13086692e+12  1.69e+02 3.33e-06  1.44e+06    37s
  28   6.41670903e+12  3.78442570e+12  1.41e+02 2.85e-06  1.09e+06    39s
  29   6.19953680e+12  4.05233484e+12  1.11e+02 2.42e-06  8.81e+05    40s
  30   6.03009333e+12  4.31144191e+12  8.59e+01 2.12e-06  7.03e+05    42s
  31   5.87915745e+12  4.61888305e+12  7.05e+01 1.82e-06  5.13e+05    43s
  32   5.75851413e+12  4.73772055e+12  6.00e+01 1.55e-06  4.14e+05    45s
  33   5.67783596e+12  4.90401047e+12  5.18e+01 8.79e-07  3.13e+05    46s
  34   5.58744530e+12  4.97465393e+12  4.06e+01 1.39e-06  2.47e+05    48s
  35   5.53309774e+12  5.00708923e+12  3.46e+01 1.43e-06  2.11e+05    49s
  36   5.47910213e+12  5.06190080e+12  2.86e+01 8.79e-07  1.67e+05    51s
  37   5.44080067e+12  5.09798317e+12  2.37e+01 7.45e-07  1.37e+05    53s
  38   5.41314009e+12  5.14687523e+12  2.01e+01 9.31e-07  1.06e+05    54s
  39   5.40671425e+12  5.15325669e+12  1.92e+01 8.20e-07  1.01e+05    55s
  40   5.38136313e+12  5.17977370e+12  1.57e+01 5.59e-07  8.03e+04    57s
  41   5.36907009e+12  5.19334518e+12  1.41e+01 3.87e-07  6.99e+04    58s
  42   5.35503515e+12  5.20845667e+12  1.21e+01 4.02e-07  5.83e+04    60s
  43   5.34868769e+12  5.21813364e+12  1.12e+01 3.35e-07  5.19e+04    62s
  44   5.33488665e+12  5.22555144e+12  9.40e+00 3.58e-07  4.34e+04    63s
  45   5.32937376e+12  5.23162824e+12  8.65e+00 2.31e-07  3.88e+04    65s
  46   5.32020924e+12  5.23920269e+12  7.41e+00 2.46e-07  3.21e+04    66s
  47   5.31343039e+12  5.24252275e+12  6.42e+00 1.55e-07  2.81e+04    68s
  48   5.31193152e+12  5.24402111e+12  6.21e+00 1.90e-07  2.69e+04    69s
  49   5.31019089e+12  5.24527596e+12  5.98e+00 1.70e-07  2.57e+04    71s
  50   5.30434752e+12  5.25224688e+12  5.11e+00 1.04e-07  2.06e+04    72s
  51   5.29825334e+12  5.25734205e+12  4.13e+00 9.78e-08  1.62e+04    74s
  52   5.29428334e+12  5.25923621e+12  3.53e+00 8.94e-08  1.39e+04    75s
  53   5.29156942e+12  5.26052663e+12  3.12e+00 5.12e-08  1.23e+04    77s
  54   5.28868829e+12  5.26212841e+12  2.69e+00 6.57e-08  1.05e+04    78s
  55   5.28501947e+12  5.26473831e+12  2.08e+00 6.33e-08  8.01e+03    80s
  56   5.28246744e+12  5.26625475e+12  1.69e+00 5.22e-08  6.40e+03    81s
  57   5.28047380e+12  5.26709161e+12  1.38e+00 4.94e-08  5.28e+03    83s
  58   5.27984292e+12  5.26806646e+12  1.29e+00 8.20e-08  4.65e+03    84s
  59   5.27757818e+12  5.26911166e+12  9.19e-01 6.29e-08  3.34e+03    86s
  60   5.27692627e+12  5.26967502e+12  8.21e-01 1.87e-07  2.86e+03    87s
  61   5.27632770e+12  5.26985940e+12  7.24e-01 1.60e-07  2.55e+03    89s
  62   5.27596612e+12  5.27006090e+12  6.69e-01 1.71e-07  2.33e+03    90s
  63   5.27507048e+12  5.27037958e+12  5.28e-01 1.40e-07  1.85e+03    92s
  64   5.27456777e+12  5.27052607e+12  4.48e-01 1.16e-07  1.59e+03    93s
  65   5.27435735e+12  5.27077817e+12  4.15e-01 1.53e-07  1.41e+03    94s
  66   5.27403232e+12  5.27081070e+12  3.65e-01 1.32e-07  1.27e+03    96s
  67   5.27360563e+12  5.27106509e+12  2.98e-01 1.14e-07  1.00e+03    97s
  68   5.27327439e+12  5.27126272e+12  2.43e-01 1.60e-07  7.93e+02    99s
  69   5.27287069e+12  5.27135107e+12  1.77e-01 1.94e-07  5.99e+02   101s
  70   5.27267046e+12  5.27152956e+12  1.42e-01 1.05e-05  4.50e+02   102s
  71   5.27256631e+12  5.27158242e+12  1.27e-01 1.13e-05  3.88e+02   103s
  72   5.27242655e+12  5.27163092e+12  1.03e-01 9.83e-06  3.14e+02   105s
  73   5.27234703e+12  5.27168600e+12  9.13e-02 2.32e-07  2.61e+02   107s
  74   5.27224069e+12  5.27170985e+12  7.49e-02 2.66e-06  2.09e+02   108s

Barrier solved model in 74 iterations and 108.08 seconds (70.49 work units)
Optimal objective 5.27224069e+12

Length of gen_inv_cap: 520
Length of transmision_inv_cap: 16
Length of stor_pw_inv_cap: 40
Length of stor_en_inv_cap: 40
DataFrame created successfully:
Length of input_vector: 616
expected_second_stage_value 2648640638365.6763
Writing results to .csv...
EMPIRE Implementation took [sec]:
2736.9226620197296
++++++++
+EMPIRE+
++++++++
LOADCHANGEMODULE: False
Solver: Gurobi
Scenario Generation: True
++++++++
ID: reduced_reg48_peak7_sce10_randomSGR_202407302310
++++++++
Generating random scenarios...
Generating .tab-files...
Solver: Gurobi
No absolute emission cap...
Declaring sets...
Reading sets...
Constructing sub sets...
Declaring parameters...
Reading parameters...
Constructing parameter values...
Sets and parameters declared and read...
Declaring variables...
Objective and constraints read...
Building instance...
WARNING: Element ('Germany', 'Denmark', 'HVAC_OverheadLine') already exists in
Set TransmissionTypeOfDirectionalLink; no action taken
WARNING: Element ('Germany', 'France', 'HVAC_OverheadLine') already exists in
Set TransmissionTypeOfDirectionalLink; no action taken
Building instance took [sec]:
49.630847692489624
----------------------Problem Statistics---------------------
Nodes: 3
Lines: 2

GeneratorTypes: 27
TotalGenerators: 65
StorageTypes: 2
TotalStorages: 5

InvestmentPeriod:  PeriodActive
InvestmentUntil: 2060
Scenarios: 10
TotalOperationalHoursPerScenario: 206
TotalOperationalHoursPerInvYear: 2060
Total size of random scenarios: 1170080
Seasons: 6
RegularSeasons: 4
LengthRegSeason: 48
PeakSeasons: 2
LengthPeakSeason: 7

Discount rate: 0.05
Operational discount scale: 4.54595050416236
--------------------------------------------------------------
Solving...
Set parameter TokenServer to value "license1.2e.hpc.psu.edu"
Read LP format model from file /storage/work/tzk5446/NeurMHSP/codes/EMPIRE/tmpiz1oyc9i.pyomo.lp
Reading time = 6.82 seconds
x1: 2321232 rows, 1434993 columns, 6915903 nonzeros
Set parameter QCPDual to value 1
Set parameter Crossover to value 0
Set parameter Method to value 2
Set parameter Threads to value 2
Set parameter BarConvTol to value 0.0001
Gurobi Optimizer version 10.0.3 build v10.0.3rc0 (linux64)

CPU model: Intel(R) Xeon(R) CPU E5-2680 v4 @ 2.40GHz, instruction set [SSE2|AVX|AVX2]
Thread count: 28 physical cores, 28 logical processors, using up to 2 threads

Optimize a model with 2321232 rows, 1434993 columns and 6915903 nonzeros
Model fingerprint: 0x61b51a41
Coefficient statistics:
  Matrix range     [1e-03, 1e+00]
  Objective range  [8e-03, 8e+06]
  Bounds range     [1e+00, 1e+00]
  RHS range        [7e+00, 2e+07]
Presolve removed 955292 rows and 340787 columns
Presolve time: 4.02s
Presolved: 1365940 rows, 1094206 columns, 4229387 nonzeros
Ordering time: 0.53s

Barrier statistics:
 Dense cols : 344
 AA' NZ     : 4.374e+06
 Factor NZ  : 1.915e+07 (roughly 1.2 GB of memory)
 Factor Ops : 5.013e+08 (less than 1 second per iteration)
 Threads    : 2

                  Objective                Residual
Iter       Primal          Dual         Primal    Dual     Compl     Time
   0   3.57576788e+15 -1.41581209e+15  3.80e+07 2.29e+04  1.19e+12     7s
   1   2.97954517e+15 -1.19350500e+16  3.03e+07 2.57e+05  6.37e+11     8s
   2   2.51857822e+15 -1.75257205e+16  2.50e+07 9.98e+04  4.72e+11     9s
   3   1.96439047e+15 -2.18926724e+16  1.90e+07 4.03e+04  3.51e+11    10s
   4   1.90258957e+15 -2.22087498e+16  1.83e+07 3.40e+04  3.36e+11    11s
   5   1.71696470e+15 -2.33220636e+16  1.64e+07 1.96e+04  2.99e+11    12s
   6   9.76254178e+14 -2.45881816e+16  8.83e+06 6.47e+03  1.63e+11    13s
   7   2.89796338e+14 -2.01870441e+16  1.93e+06 1.30e+03  3.96e+10    14s
   8   1.69742318e+14 -1.22005775e+16  6.20e+05 2.05e+02  1.40e+10    15s
   9   1.35871460e+14 -6.89538328e+15  2.16e+05 2.88e-05  5.60e+09    16s
  10   1.10701429e+14 -2.58216892e+15  1.15e+05 7.93e-05  2.24e+09    17s
  11   7.18686436e+13 -1.27968836e+15  5.64e+04 1.20e-04  1.00e+09    18s
  12   4.39614407e+13 -5.97565859e+14  2.58e+04 1.84e-04  4.23e+08    19s
  13   3.04269329e+13 -3.95241424e+14  1.30e+04 9.24e-05  2.39e+08    20s
  14   2.28362907e+13 -2.43646730e+14  6.80e+03 6.89e-05  1.35e+08    21s
  15   1.84651216e+13 -1.83841020e+14  4.09e+03 6.76e-05  9.56e+07    22s
  16   1.64898754e+13 -9.02459114e+13  2.91e+03 1.46e-04  4.99e+07    23s
  17   1.54693157e+13 -7.65834273e+13  2.41e+03 1.29e-04  4.23e+07    24s
  18   1.44967800e+13 -6.49295314e+13  1.98e+03 1.10e-04  3.58e+07    25s
  19   1.12753166e+13 -3.59395897e+13  7.22e+02 9.57e-05  1.98e+07    26s
  20   1.03536734e+13 -1.99019747e+13  4.83e+02 6.77e-05  1.25e+07    27s
  21   8.70061864e+12 -1.36350944e+13  2.48e+02 5.14e-05  9.09e+06    28s
  22   8.62591180e+12 -1.13929756e+13  2.40e+02 4.54e-05  8.15e+06    29s
  23   8.03371292e+12 -8.97726642e+12  1.85e+02 4.04e-05  6.89e+06    30s
  24   7.63663613e+12 -6.01668867e+12  1.48e+02 3.20e-05  5.52e+06    31s
  25   7.24972885e+12 -4.89454044e+12  1.13e+02 2.89e-05  4.89e+06    32s
  26   6.95244945e+12 -1.59272972e+12  8.62e+01 2.01e-05  3.43e+06    33s
  27   6.51832095e+12  3.21138878e+11  5.19e+01 1.37e-05  2.48e+06    35s
  28   6.27877600e+12  2.00833702e+12  3.41e+01 9.21e-06  1.71e+06    37s
  29   6.09836963e+12  2.73310371e+12  2.12e+01 7.19e-06  1.34e+06    38s
  30   5.98044634e+12  3.64146892e+12  1.74e+01 5.00e-06  9.33e+05    40s
  31   5.85056505e+12  3.93658374e+12  1.35e+01 3.99e-06  7.62e+05    41s
  32   5.75796527e+12  4.32037814e+12  1.09e+01 5.72e-06  5.72e+05    43s
  33   5.70626197e+12  4.56035553e+12  9.43e+00 2.25e-06  4.56e+05    44s
  34   5.64636441e+12  4.67078025e+12  7.80e+00 1.86e-06  3.88e+05    45s
  35   5.59756986e+12  4.86210366e+12  6.45e+00 1.32e-06  2.92e+05    47s
  36   5.54745120e+12  5.00291607e+12  5.11e+00 9.65e-07  2.16e+05    49s
  37   5.50480178e+12  5.11342647e+12  4.00e+00 1.24e-06  1.55e+05    50s
  38   5.48326240e+12  5.16322422e+12  3.47e+00 1.79e-06  1.27e+05    52s
  39   5.45384123e+12  5.21015941e+12  2.74e+00 6.95e-07  9.64e+04    53s
  40   5.43153790e+12  5.23667705e+12  2.19e+00 2.49e-06  7.71e+04    55s
  41   5.41891827e+12  5.25980762e+12  1.88e+00 1.32e-06  6.29e+04    56s
  42   5.40346025e+12  5.26822744e+12  1.51e+00 1.46e-06  5.34e+04    58s
  43   5.38932493e+12  5.28502673e+12  1.16e+00 3.68e-07  4.12e+04    60s
  44   5.38275795e+12  5.29425557e+12  1.01e+00 2.52e-07  3.50e+04    61s
  45   5.37700708e+12  5.30590867e+12  8.80e-01 2.08e-07  2.81e+04    63s
  46   5.36986096e+12  5.31355752e+12  7.21e-01 4.70e-07  2.22e+04    64s
  47   5.36287995e+12  5.31581281e+12  5.59e-01 1.29e-07  1.86e+04    66s
  48   5.35888714e+12  5.32023703e+12  4.68e-01 1.47e-06  1.53e+04    67s
  49   5.35500128e+12  5.32252162e+12  3.81e-01 4.68e-07  1.28e+04    69s
  50   5.35303455e+12  5.32629185e+12  3.37e-01 1.09e-06  1.06e+04    70s
  51   5.34883731e+12  5.32871756e+12  2.42e-01 1.55e-06  7.94e+03    72s
  52   5.34653595e+12  5.33115744e+12  1.93e-01 6.75e-08  6.07e+03    74s
  53   5.34457493e+12  5.33290153e+12  1.50e-01 7.54e-08  4.61e+03    75s
  54   5.34245678e+12  5.33370559e+12  1.03e-01 3.99e-07  3.45e+03    77s
  55   5.34156329e+12  5.33468228e+12  8.33e-02 1.30e-05  2.72e+03    78s
  56   5.34085345e+12  5.33526358e+12  7.04e-02 1.20e-06  2.21e+03    80s
  57   5.33982247e+12  5.33586363e+12  4.66e-02 3.99e-07  1.56e+03    82s
  58   5.33929601e+12  5.33633616e+12  3.55e-02 9.38e-07  1.17e+03    83s
  59   5.33899002e+12  5.33648895e+12  2.95e-02 8.23e-07  9.87e+02    84s
  60   5.33871518e+12  5.33668032e+12  2.39e-02 7.87e-07  8.03e+02    86s
  61   5.33843525e+12  5.33686253e+12  1.84e-02 9.84e-07  6.21e+02    88s
  62   5.33824714e+12  5.33700646e+12  1.54e-02 1.30e-06  4.90e+02    89s
  63   5.33816927e+12  5.33712725e+12  1.40e-02 8.43e-06  4.11e+02    91s
  64   5.33802822e+12  5.33716896e+12  1.13e-02 6.58e-06  3.39e+02    92s
  65   5.33800153e+12  5.33720618e+12  1.08e-02 7.21e-06  3.14e+02    93s
  66   5.33792628e+12  5.33723156e+12  9.11e-03 6.26e-06  2.74e+02    95s
  67   5.33786102e+12  5.33732010e+12  7.60e-03 1.12e-06  2.13e+02    97s

Barrier solved model in 67 iterations and 96.61 seconds (61.11 work units)
Optimal objective 5.33786102e+12

Length of gen_inv_cap: 520
Length of transmision_inv_cap: 16
Length of stor_pw_inv_cap: 40
Length of stor_en_inv_cap: 40
DataFrame created successfully:
Length of input_vector: 616
expected_second_stage_value 2708442391971.4146
Writing results to .csv...
EMPIRE Implementation took [sec]:
3191.201063632965
++++++++
+EMPIRE+
++++++++
LOADCHANGEMODULE: False
Solver: Gurobi
Scenario Generation: True
++++++++
ID: reduced_reg48_peak7_sce10_randomSGR_202407302317
++++++++
Generating random scenarios...
Generating .tab-files...
Solver: Gurobi
No absolute emission cap...
Declaring sets...
Reading sets...
Constructing sub sets...
Declaring parameters...
Reading parameters...
Constructing parameter values...
Sets and parameters declared and read...
Declaring variables...
Objective and constraints read...
Building instance...
WARNING: Element ('Germany', 'Denmark', 'HVAC_OverheadLine') already exists in
Set TransmissionTypeOfDirectionalLink; no action taken
WARNING: Element ('Germany', 'France', 'HVAC_OverheadLine') already exists in
Set TransmissionTypeOfDirectionalLink; no action taken
Building instance took [sec]:
49.18023753166199
----------------------Problem Statistics---------------------
Nodes: 3
Lines: 2

GeneratorTypes: 27
TotalGenerators: 65
StorageTypes: 2
TotalStorages: 5

InvestmentPeriod:  PeriodActive
InvestmentUntil: 2060
Scenarios: 10
TotalOperationalHoursPerScenario: 206
TotalOperationalHoursPerInvYear: 2060
Total size of random scenarios: 1170080
Seasons: 6
RegularSeasons: 4
LengthRegSeason: 48
PeakSeasons: 2
LengthPeakSeason: 7

Discount rate: 0.05
Operational discount scale: 4.54595050416236
--------------------------------------------------------------
Solving...
Set parameter TokenServer to value "license1.2e.hpc.psu.edu"
Read LP format model from file /storage/work/tzk5446/NeurMHSP/codes/EMPIRE/tmpdux_orx3.pyomo.lp
Reading time = 6.41 seconds
x1: 2321232 rows, 1434993 columns, 6915716 nonzeros
Set parameter QCPDual to value 1
Set parameter Crossover to value 0
Set parameter Method to value 2
Set parameter Threads to value 2
Set parameter BarConvTol to value 0.0001
Gurobi Optimizer version 10.0.3 build v10.0.3rc0 (linux64)

CPU model: Intel(R) Xeon(R) CPU E5-2680 v4 @ 2.40GHz, instruction set [SSE2|AVX|AVX2]
Thread count: 28 physical cores, 28 logical processors, using up to 2 threads

Optimize a model with 2321232 rows, 1434993 columns and 6915716 nonzeros
Model fingerprint: 0x83db76dc
Coefficient statistics:
  Matrix range     [1e-03, 1e+00]
  Objective range  [8e-03, 8e+06]
  Bounds range     [1e+00, 1e+00]
  RHS range        [7e+00, 2e+07]
Presolve removed 955311 rows and 340974 columns
Presolve time: 3.99s
Presolved: 1365921 rows, 1094019 columns, 4229162 nonzeros
Ordering time: 0.53s

Barrier statistics:
 Dense cols : 344
 AA' NZ     : 4.375e+06
 Factor NZ  : 1.915e+07 (roughly 1.2 GB of memory)
 Factor Ops : 5.008e+08 (less than 1 second per iteration)
 Threads    : 2

                  Objective                Residual
Iter       Primal          Dual         Primal    Dual     Compl     Time
   0   4.05242485e+15 -1.44538530e+15  3.93e+07 2.45e+04  1.28e+12     7s
   1   3.35790753e+15 -1.18521089e+16  3.14e+07 2.63e+05  6.78e+11     8s
   2   2.83445148e+15 -1.60284540e+16  2.60e+07 1.34e+05  5.23e+11     9s
   3   2.23956122e+15 -2.15717326e+16  2.00e+07 5.93e+04  3.84e+11    10s
   4   1.98811306e+15 -2.35954776e+16  1.76e+07 3.10e+04  3.31e+11    11s
   5   1.59753206e+15 -2.43487867e+16  1.39e+07 2.19e+04  2.60e+11    12s
   6   8.71217244e+14 -2.49882858e+16  7.13e+06 7.82e+03  1.35e+11    13s
   7   3.71190333e+14 -1.98479298e+16  2.50e+06 1.53e+03  4.90e+10    14s
   8   2.46605930e+14 -1.26577067e+16  1.29e+06 2.79e+02  2.44e+10    15s
   9   1.63325220e+14 -8.42516545e+15  4.15e+05 7.89e+01  9.13e+09    16s
  10   1.31757478e+14 -4.30716213e+15  1.79e+05 1.95e+01  3.88e+09    17s
  11   9.22644498e+13 -1.95402029e+15  7.69e+04 1.22e-04  1.56e+09    17s
  12   4.53550014e+13 -5.93066511e+14  2.28e+04 1.52e-04  4.15e+08    18s
  13   3.28997721e+13 -5.25142605e+14  1.32e+04 1.33e-04  3.08e+08    19s
  14   2.72801740e+13 -3.04707526e+14  9.10e+03 9.18e-05  1.76e+08    20s
  15   2.19612923e+13 -1.91130854e+14  5.86e+03 6.86e-05  1.07e+08    22s
  16   2.10266996e+13 -1.29916280e+14  5.40e+03 4.97e-05  7.69e+07    23s
  17   1.84380158e+13 -1.20739092e+14  4.02e+03 4.90e-05  6.73e+07    23s
  18   1.66780690e+13 -8.36297663e+13  3.21e+03 5.91e-05  4.78e+07    24s
  19   1.50803423e+13 -5.06214243e+13  2.57e+03 1.37e-04  3.10e+07    25s
  20   1.17706075e+13 -2.52988345e+13  1.24e+03 8.51e-05  1.64e+07    27s
  21   1.06258408e+13 -1.41801017e+13  9.20e+02 3.95e-05  1.08e+07    28s
  22   9.40824416e+12 -9.59704928e+12  6.87e+02 2.58e-05  8.16e+06    29s
  23   8.82551985e+12 -5.70263301e+12  5.64e+02 8.55e-06  6.20e+06    30s
  24   8.71598238e+12 -3.93757014e+12  5.43e+02 7.43e-06  5.40e+06    31s
  25   7.87742455e+12 -3.30063299e+12  4.03e+02 8.87e-06  4.70e+06    32s
  26   7.42838512e+12 -1.13762634e+12  3.22e+02 7.71e-06  3.58e+06    33s
  27   7.10276751e+12 -5.19186025e+11  2.64e+02 7.60e-06  3.16e+06    35s
  28   6.79533795e+12  8.66048623e+11  2.17e+02 5.16e-06  2.45e+06    37s
  29   6.43860660e+12  2.09514108e+12  1.55e+02 3.74e-06  1.78e+06    38s
  30   6.19276791e+12  3.36449812e+12  1.15e+02 1.83e-06  1.16e+06    40s
  31   6.00929299e+12  4.23778542e+12  8.63e+01 3.04e-06  7.24e+05    41s
  32   5.91107630e+12  4.49297029e+12  7.16e+01 1.29e-06  5.77e+05    43s
  33   5.79343204e+12  4.68615584e+12  5.42e+01 1.19e-06  4.49e+05    44s
  34   5.70287293e+12  4.91926634e+12  4.13e+01 1.85e-06  3.16e+05    46s
  35   5.63023439e+12  5.03034214e+12  3.09e+01 1.36e-06  2.41e+05    47s
  36   5.55927155e+12  5.13505715e+12  2.36e+01 8.56e-07  1.70e+05    49s
  37   5.51766178e+12  5.19792142e+12  2.01e+01 8.34e-07  1.28e+05    50s
  38   5.47300094e+12  5.23584877e+12  1.61e+01 6.85e-07  9.47e+04    52s
  39   5.43057093e+12  5.25719148e+12  1.18e+01 3.13e-07  6.91e+04    53s
  40   5.40932760e+12  5.27597569e+12  1.01e+01 2.61e-07  5.30e+04    55s
  41   5.39461010e+12  5.28985007e+12  8.62e+00 1.68e-07  4.16e+04    56s
  42   5.38112674e+12  5.29709574e+12  7.10e+00 1.93e-07  3.33e+04    58s
  43   5.36610192e+12  5.30083564e+12  5.64e+00 9.59e-08  2.59e+04    59s
  44   5.35705863e+12  5.30401892e+12  4.57e+00 1.42e-07  2.10e+04    61s
  45   5.35057926e+12  5.30666824e+12  3.77e+00 1.06e-07  1.74e+04    63s
  46   5.34528212e+12  5.31081365e+12  3.08e+00 7.33e-08  1.36e+04    64s
  47   5.33973652e+12  5.31376866e+12  2.36e+00 9.17e-08  1.03e+04    65s
  48   5.33785164e+12  5.31515101e+12  2.13e+00 8.58e-08  8.97e+03    67s
  49   5.33541892e+12  5.31602034e+12  1.81e+00 6.27e-08  7.67e+03    69s
  50   5.33324480e+12  5.31780686e+12  1.51e+00 9.09e-08  6.10e+03    70s
  51   5.33186001e+12  5.31838285e+12  1.33e+00 7.76e-08  5.32e+03    72s
  52   5.33048077e+12  5.31939868e+12  1.17e+00 1.01e-07  4.38e+03    73s
  53   5.32870363e+12  5.31990223e+12  9.15e-01 7.83e-08  3.48e+03    75s
  54   5.32770529e+12  5.32020125e+12  8.02e-01 6.58e-08  2.96e+03    76s
  55   5.32696081e+12  5.32058693e+12  6.98e-01 3.87e-08  2.52e+03    78s
  56   5.32575661e+12  5.32085239e+12  5.30e-01 4.21e-08  1.94e+03    79s
  57   5.32532036e+12  5.32130178e+12  4.69e-01 7.22e-08  1.59e+03    81s
  58   5.32463415e+12  5.32147035e+12  3.78e-01 5.14e-07  1.25e+03    82s
  59   5.32428851e+12  5.32158153e+12  3.30e-01 2.25e-06  1.07e+03    84s
  60   5.32412444e+12  5.32163178e+12  3.04e-01 1.11e-06  9.84e+02    85s
  61   5.32377735e+12  5.32170851e+12  2.53e-01 1.58e-06  8.17e+02    86s
  62   5.32343739e+12  5.32178501e+12  2.01e-01 1.71e-06  6.52e+02    88s
  63   5.32313370e+12  5.32185983e+12  1.53e-01 2.50e-06  5.03e+02    89s
  64   5.32297412e+12  5.32192551e+12  1.29e-01 1.04e-06  4.14e+02    91s
  65   5.32288702e+12  5.32194852e+12  1.16e-01 2.56e-06  3.70e+02    93s
  66   5.32270909e+12  5.32196954e+12  8.86e-02 2.36e-06  2.92e+02    94s
  67   5.32263679e+12  5.32200547e+12  7.82e-02 8.51e-07  2.49e+02    96s
  68   5.32258887e+12  5.32202182e+12  7.06e-02 8.93e-07  2.24e+02    97s

Barrier solved model in 68 iterations and 97.00 seconds (62.81 work units)
Optimal objective 5.32258887e+12

Length of gen_inv_cap: 520
Length of transmision_inv_cap: 16
Length of stor_pw_inv_cap: 40
Length of stor_en_inv_cap: 40
DataFrame created successfully:
Length of input_vector: 616
expected_second_stage_value 2666849187709.228
Writing results to .csv...
EMPIRE Implementation took [sec]:
3644.162436723709
++++++++
+EMPIRE+
++++++++
LOADCHANGEMODULE: False
Solver: Gurobi
Scenario Generation: True
++++++++
ID: reduced_reg48_peak7_sce10_randomSGR_202407302325
++++++++
Generating random scenarios...
Generating .tab-files...
Solver: Gurobi
No absolute emission cap...
Declaring sets...
Reading sets...
Constructing sub sets...
Declaring parameters...
Reading parameters...
Constructing parameter values...
Sets and parameters declared and read...
Declaring variables...
Objective and constraints read...
Building instance...
WARNING: Element ('Germany', 'Denmark', 'HVAC_OverheadLine') already exists in
Set TransmissionTypeOfDirectionalLink; no action taken
WARNING: Element ('Germany', 'France', 'HVAC_OverheadLine') already exists in
Set TransmissionTypeOfDirectionalLink; no action taken
Building instance took [sec]:
48.949395179748535
----------------------Problem Statistics---------------------
Nodes: 3
Lines: 2

GeneratorTypes: 27
TotalGenerators: 65
StorageTypes: 2
TotalStorages: 5

InvestmentPeriod:  PeriodActive
InvestmentUntil: 2060
Scenarios: 10
TotalOperationalHoursPerScenario: 206
TotalOperationalHoursPerInvYear: 2060
Total size of random scenarios: 1170080
Seasons: 6
RegularSeasons: 4
LengthRegSeason: 48
PeakSeasons: 2
LengthPeakSeason: 7

Discount rate: 0.05
Operational discount scale: 4.54595050416236
--------------------------------------------------------------
Solving...
Set parameter TokenServer to value "license1.2e.hpc.psu.edu"
Read LP format model from file /storage/work/tzk5446/NeurMHSP/codes/EMPIRE/tmphh0i_rga.pyomo.lp
Reading time = 7.35 seconds
x1: 2321232 rows, 1434993 columns, 6916107 nonzeros
Set parameter QCPDual to value 1
Set parameter Crossover to value 0
Set parameter Method to value 2
Set parameter Threads to value 2
Set parameter BarConvTol to value 0.0001
Gurobi Optimizer version 10.0.3 build v10.0.3rc0 (linux64)

CPU model: Intel(R) Xeon(R) CPU E5-2680 v4 @ 2.40GHz, instruction set [SSE2|AVX|AVX2]
Thread count: 28 physical cores, 28 logical processors, using up to 2 threads

Optimize a model with 2321232 rows, 1434993 columns and 6916107 nonzeros
Model fingerprint: 0x1571be73
Coefficient statistics:
  Matrix range     [1e-03, 1e+00]
  Objective range  [8e-03, 8e+06]
  Bounds range     [1e+00, 1e+00]
  RHS range        [7e+00, 2e+07]
Presolve removed 954940 rows and 340583 columns
Presolve time: 4.06s
Presolved: 1366292 rows, 1094410 columns, 4230295 nonzeros
Ordering time: 0.53s

Barrier statistics:
 Dense cols : 344
 AA' NZ     : 4.375e+06
 Factor NZ  : 1.915e+07 (roughly 1.2 GB of memory)
 Factor Ops : 5.012e+08 (less than 1 second per iteration)
 Threads    : 2

                  Objective                Residual
Iter       Primal          Dual         Primal    Dual     Compl     Time
   0   3.49733189e+15 -1.40349599e+15  3.71e+07 2.24e+04  1.15e+12     7s
   1   2.87822112e+15 -1.21435686e+16  2.99e+07 2.34e+05  6.05e+11     8s
   2   2.43265358e+15 -1.68512994e+16  2.46e+07 9.57e+04  4.53e+11     9s
   3   1.96111247e+15 -2.13651541e+16  1.95e+07 3.99e+04  3.45e+11    10s
   4   1.85877260e+15 -2.17910050e+16  1.83e+07 2.87e+04  3.18e+11    11s
   5   1.69074048e+15 -2.31028764e+16  1.65e+07 1.59e+04  2.85e+11    12s
   6   6.40536681e+14 -2.34467059e+16  5.61e+06 5.38e+03  1.01e+11    13s
   7   2.67261868e+14 -1.67829678e+16  1.73e+06 8.16e+02  3.29e+10    14s
   8   1.53014343e+14 -9.58492151e+15  4.32e+05 9.77e+01  9.75e+09    15s
   9   1.25410327e+14 -4.44820078e+15  1.69e+05 3.73e-04  3.77e+09    16s
  10   8.33014362e+13 -1.68479710e+15  6.56e+04 1.06e-04  1.30e+09    17s
  11   5.37838290e+13 -5.05862260e+14  3.37e+04 5.40e-05  4.33e+08    18s
  12   3.73266279e+13 -3.18089412e+14  1.90e+04 1.00e-04  2.41e+08    19s
  13   3.03862501e+13 -2.65635222e+14  1.34e+04 9.39e-05  1.82e+08    20s
  14   2.06368722e+13 -2.18526934e+14  6.07e+03 6.47e-05  1.22e+08    21s
  15   1.87463487e+13 -1.47602353e+14  4.93e+03 6.99e-05  8.42e+07    22s
  16   1.76878882e+13 -8.58275829e+13  4.26e+03 1.86e-05  5.28e+07    23s
  17   1.35028357e+13 -5.70513713e+13  2.02e+03 4.28e-05  3.26e+07    25s
  18   1.15385490e+13 -3.29416963e+13  1.28e+03 2.98e-05  1.98e+07    26s
  19   1.10194463e+13 -2.29581883e+13  1.15e+03 1.84e-05  1.51e+07    28s
  20   1.05947911e+13 -1.74787794e+13  1.07e+03 1.16e-05  1.24e+07    29s
  21   9.65387066e+12 -1.24043919e+13  8.13e+02 8.34e-06  9.58e+06    29s
  22   9.52257496e+12 -8.39856351e+12  7.83e+02 7.69e-06  7.79e+06    30s
  23   8.65539864e+12 -2.37561481e+12  6.11e+02 7.87e-06  4.75e+06    32s
  24   8.09073573e+12 -2.02038506e+11  4.89e+02 2.50e-06  3.55e+06    33s
  25   7.64933341e+12  1.18706710e+12  4.01e+02 2.74e-06  2.75e+06    35s
  26   7.33384793e+12  2.76389363e+12  3.47e+02 3.06e-06  1.94e+06    36s
  27   6.80271001e+12  3.72379793e+12  2.48e+02 3.78e-06  1.29e+06    38s
  28   6.45266684e+12  4.47354861e+12  1.82e+02 3.10e-06  8.26e+05    40s
  29   6.27981444e+12  4.75051175e+12  1.53e+02 2.77e-06  6.34e+05    41s
  30   6.17042536e+12  4.93814911e+12  1.33e+02 2.26e-06  5.10e+05    42s
  31   5.99338672e+12  5.06412799e+12  1.02e+02 1.85e-06  3.81e+05    44s
  32   5.90187020e+12  5.20490201e+12  8.59e+01 1.10e-06  2.84e+05    46s
  33   5.79515983e+12  5.24743575e+12  6.48e+01 9.24e-07  2.23e+05    47s
  34   5.74393629e+12  5.28742322e+12  5.70e+01 9.24e-07  1.85e+05    49s
  35   5.70530631e+12  5.31255796e+12  5.06e+01 6.41e-07  1.59e+05    50s
  36   5.64173327e+12  5.33211872e+12  4.06e+01 6.18e-07  1.25e+05    52s
  37   5.61635766e+12  5.35245203e+12  3.62e+01 6.17e-07  1.06e+05    53s
  38   5.58664257e+12  5.36867246e+12  3.09e+01 3.80e-07  8.74e+04    55s
  39   5.55590375e+12  5.37825392e+12  2.52e+01 3.12e-07  7.11e+04    57s
  40   5.53635174e+12  5.38579172e+12  2.18e+01 2.68e-07  6.02e+04    58s
  41   5.51615574e+12  5.39735594e+12  1.78e+01 2.09e-07  4.74e+04    60s
  42   5.50119877e+12  5.40658066e+12  1.50e+01 2.05e-07  3.77e+04    61s
  43   5.49880811e+12  5.40941139e+12  1.45e+01 1.38e-07  3.56e+04    62s
  44   5.49150342e+12  5.41205261e+12  1.30e+01 1.30e-07  3.16e+04    64s
  45   5.48296177e+12  5.41836705e+12  1.14e+01 8.85e-08  2.57e+04    66s
  46   5.47441209e+12  5.42027858e+12  9.71e+00 8.10e-08  2.15e+04    67s
  47   5.47189343e+12  5.42251017e+12  9.11e+00 8.10e-08  1.96e+04    69s
  48   5.46635788e+12  5.42424370e+12  7.93e+00 5.49e-08  1.67e+04    70s
  49   5.46013297e+12  5.42550738e+12  6.66e+00 7.54e-08  1.37e+04    72s
  50   5.45524671e+12  5.42664692e+12  5.53e+00 5.22e-08  1.13e+04    73s
  51   5.45184943e+12  5.42812630e+12  4.72e+00 1.89e-07  9.39e+03    75s
  52   5.44822405e+12  5.42929575e+12  3.87e+00 1.47e-07  7.49e+03    77s
  53   5.44679506e+12  5.43005317e+12  3.49e+00 1.21e-07  6.62e+03    78s
  54   5.44436920e+12  5.43039328e+12  2.89e+00 1.02e-07  5.53e+03    80s
  55   5.44280563e+12  5.43090453e+12  2.51e+00 6.74e-08  4.71e+03    81s
  56   5.44147340e+12  5.43154371e+12  2.21e+00 1.57e-07  3.93e+03    83s
  57   5.43963204e+12  5.43187154e+12  1.72e+00 3.48e-07  3.07e+03    84s
  58   5.43852127e+12  5.43204993e+12  1.40e+00 3.10e-07  2.56e+03    86s
  59   5.43819027e+12  5.43210663e+12  1.31e+00 2.87e-07  2.40e+03    87s
  60   5.43749854e+12  5.43237477e+12  1.14e+00 5.62e-07  2.02e+03    89s
  61   5.43698469e+12  5.43259678e+12  9.96e-01 1.88e-07  1.73e+03    90s
  62   5.43640455e+12  5.43276370e+12  8.35e-01 2.12e-07  1.44e+03    92s
  63   5.43619166e+12  5.43285664e+12  7.78e-01 1.93e-07  1.32e+03    94s
  64   5.43568161e+12  5.43294392e+12  6.33e-01 1.73e-07  1.08e+03    95s
  65   5.43538008e+12  5.43305431e+12  5.44e-01 2.62e-06  9.19e+02    97s
  66   5.43510251e+12  5.43313455e+12  4.75e-01 1.20e-06  7.77e+02    98s
  67   5.43492632e+12  5.43317144e+12  4.20e-01 2.64e-06  6.93e+02   100s
  68   5.43486437e+12  5.43318021e+12  4.00e-01 2.79e-06  6.65e+02   101s
  69   5.43470094e+12  5.43325322e+12  3.50e-01 2.18e-06  5.72e+02   103s
  70   5.43457134e+12  5.43329809e+12  3.08e-01 2.06e-06  5.03e+02   104s
  71   5.43447895e+12  5.43333656e+12  2.82e-01 3.57e-07  4.51e+02   106s
  72   5.43432929e+12  5.43337106e+12  2.35e-01 4.24e-07  3.78e+02   107s
  73   5.43416997e+12  5.43339154e+12  1.85e-01 6.29e-07  3.07e+02   109s
  74   5.43411482e+12  5.43343262e+12  1.68e-01 1.05e-06  2.69e+02   111s
  75   5.43404056e+12  5.43344928e+12  1.43e-01 6.31e-06  2.34e+02   112s

Barrier solved model in 75 iterations and 112.01 seconds (70.69 work units)
Optimal objective 5.43404056e+12

Length of gen_inv_cap: 520
Length of transmision_inv_cap: 16
Length of stor_pw_inv_cap: 40
Length of stor_en_inv_cap: 40
DataFrame created successfully:
Length of input_vector: 616
expected_second_stage_value 2690848821502.833
Writing results to .csv...
EMPIRE Implementation took [sec]:
4111.6085460186005
++++++++
+EMPIRE+
++++++++
LOADCHANGEMODULE: False
Solver: Gurobi
Scenario Generation: True
++++++++
ID: reduced_reg48_peak7_sce10_randomSGR_202407302332
++++++++
Generating random scenarios...
Generating .tab-files...
Solver: Gurobi
No absolute emission cap...
Declaring sets...
Reading sets...
Constructing sub sets...
Declaring parameters...
Reading parameters...
Constructing parameter values...
Sets and parameters declared and read...
Declaring variables...
Objective and constraints read...
Building instance...
WARNING: Element ('Germany', 'Denmark', 'HVAC_OverheadLine') already exists in
Set TransmissionTypeOfDirectionalLink; no action taken
WARNING: Element ('Germany', 'France', 'HVAC_OverheadLine') already exists in
Set TransmissionTypeOfDirectionalLink; no action taken
Building instance took [sec]:
49.221996784210205
----------------------Problem Statistics---------------------
Nodes: 3
Lines: 2

GeneratorTypes: 27
TotalGenerators: 65
StorageTypes: 2
TotalStorages: 5

InvestmentPeriod:  PeriodActive
InvestmentUntil: 2060
Scenarios: 10
TotalOperationalHoursPerScenario: 206
TotalOperationalHoursPerInvYear: 2060
Total size of random scenarios: 1170080
Seasons: 6
RegularSeasons: 4
LengthRegSeason: 48
PeakSeasons: 2
LengthPeakSeason: 7

Discount rate: 0.05
Operational discount scale: 4.54595050416236
--------------------------------------------------------------
Solving...
Set parameter TokenServer to value "license1.2e.hpc.psu.edu"
Read LP format model from file /storage/work/tzk5446/NeurMHSP/codes/EMPIRE/tmpn13fl5fe.pyomo.lp
Reading time = 7.03 seconds
x1: 2321232 rows, 1434993 columns, 6916186 nonzeros
Set parameter QCPDual to value 1
Set parameter Crossover to value 0
Set parameter Method to value 2
Set parameter Threads to value 2
Set parameter BarConvTol to value 0.0001
Gurobi Optimizer version 10.0.3 build v10.0.3rc0 (linux64)

CPU model: Intel(R) Xeon(R) CPU E5-2680 v4 @ 2.40GHz, instruction set [SSE2|AVX|AVX2]
Thread count: 28 physical cores, 28 logical processors, using up to 2 threads

Optimize a model with 2321232 rows, 1434993 columns and 6916186 nonzeros
Model fingerprint: 0x2adcd2b3
Coefficient statistics:
  Matrix range     [1e-03, 1e+00]
  Objective range  [8e-03, 8e+06]
  Bounds range     [1e+00, 1e+00]
  RHS range        [7e+00, 2e+07]
Presolve removed 954999 rows and 340504 columns
Presolve time: 3.96s
Presolved: 1366233 rows, 1094489 columns, 4230256 nonzeros
Ordering time: 0.54s

Barrier statistics:
 Dense cols : 344
 AA' NZ     : 4.375e+06
 Factor NZ  : 1.915e+07 (roughly 1.2 GB of memory)
 Factor Ops : 5.013e+08 (less than 1 second per iteration)
 Threads    : 2

                  Objective                Residual
Iter       Primal          Dual         Primal    Dual     Compl     Time
   0   3.69333272e+15 -1.38983774e+15  3.90e+07 2.20e+04  1.20e+12     7s
   1   3.07335149e+15 -1.18953181e+16  3.12e+07 2.42e+05  6.36e+11     8s
   2   2.60471110e+15 -1.64454642e+16  2.58e+07 1.14e+05  4.83e+11     9s
   3   2.05971115e+15 -2.20135415e+16  1.99e+07 4.40e+04  3.62e+11    10s
   4   1.98379350e+15 -2.25098138e+16  1.91e+07 3.48e+04  3.43e+11    11s
   5   1.77374863e+15 -2.37305043e+16  1.69e+07 1.90e+04  3.02e+11    12s
   6   9.74190329e+14 -2.49512509e+16  8.80e+06 6.23e+03  1.59e+11    13s
   7   3.27127216e+14 -2.03741460e+16  2.32e+06 1.26e+03  4.51e+10    14s
   8   1.91371334e+14 -1.20806548e+16  8.67e+05 8.36e+01  1.73e+10    15s
   9   1.44411449e+14 -6.42777396e+15  3.11e+05 1.77e+01  6.54e+09    16s
  10   1.12621133e+14 -2.79593031e+15  1.54e+05 6.94e-05  2.77e+09    17s
  11   7.84221243e+13 -2.23668274e+15  8.58e+04 5.39e-05  1.77e+09    18s
  12   5.05653693e+13 -1.48645839e+15  3.37e+04 6.19e-05  9.01e+08    19s
  13   4.00630836e+13 -7.95537044e+14  2.22e+04 9.51e-05  4.75e+08    20s
  14   2.67739104e+13 -5.27602243e+14  9.36e+03 5.09e-05  2.70e+08    21s
  15   2.23634627e+13 -2.37103478e+14  5.70e+03 2.62e-05  1.24e+08    22s
  16   1.88883991e+13 -1.74771096e+14  3.52e+03 3.35e-05  8.77e+07    23s
  17   1.66686807e+13 -1.43246450e+14  2.36e+03 2.81e-05  7.00e+07    24s
  18   1.41678994e+13 -8.19252160e+13  1.23e+03 4.32e-05  4.06e+07    25s
  19   1.31216351e+13 -4.49223470e+13  9.73e+02 3.17e-05  2.45e+07    26s
  20   1.14920665e+13 -2.48923822e+13  5.93e+02 3.93e-05  1.51e+07    27s
  21   1.04233862e+13 -2.09815042e+13  4.01e+02 3.24e-05  1.29e+07    28s
  22   9.32610159e+12 -1.59305342e+13  2.37e+02 2.58e-05  1.02e+07    29s
  23   8.73682510e+12 -7.96482943e+12  1.74e+02 3.34e-05  6.74e+06    31s
  24   7.99514627e+12 -3.21858074e+12  1.25e+02 1.38e-05  4.51e+06    32s
  25   7.37502679e+12  3.12212302e+11  8.77e+01 7.37e-06  2.84e+06    34s
  26   6.97294345e+12  1.72870387e+12  6.56e+01 1.07e-05  2.10e+06    35s
  27   6.60785680e+12  2.34767731e+12  4.59e+01 6.02e-06  1.70e+06    37s
  28   6.27656539e+12  3.37551487e+12  2.80e+01 3.70e-06  1.16e+06    38s
  29   6.10988086e+12  3.80084829e+12  1.94e+01 4.23e-06  9.21e+05    40s
  30   5.94652401e+12  4.10515872e+12  1.47e+01 3.19e-06  7.34e+05    42s
  31   5.83580098e+12  4.48770616e+12  1.21e+01 1.82e-06  5.37e+05    43s
  32   5.75964670e+12  4.79872554e+12  1.03e+01 1.21e-06  3.82e+05    45s
  33   5.69303929e+12  4.88308711e+12  8.80e+00 1.16e-06  3.22e+05    46s
  34   5.63783001e+12  5.05938280e+12  7.60e+00 8.49e-07  2.30e+05    48s
  35   5.60644321e+12  5.10788728e+12  6.93e+00 7.00e-07  1.98e+05    49s
  36   5.53560952e+12  5.15847060e+12  5.40e+00 7.53e-07  1.49e+05    51s
  37   5.49629024e+12  5.18679221e+12  4.60e+00 7.30e-07  1.23e+05    52s
  38   5.47209145e+12  5.20659115e+12  4.09e+00 6.82e-07  1.05e+05    54s
  39   5.42383795e+12  5.22660784e+12  3.00e+00 8.57e-07  7.80e+04    56s
  40   5.40710354e+12  5.23929410e+12  2.61e+00 5.89e-07  6.64e+04    57s
  41   5.38945454e+12  5.24199297e+12  2.20e+00 5.44e-07  5.83e+04    59s
  42   5.37619170e+12  5.25149832e+12  1.90e+00 3.02e-07  4.93e+04    60s
  43   5.36825982e+12  5.25377670e+12  1.73e+00 3.73e-07  4.52e+04    62s
  44   5.36285934e+12  5.26177713e+12  1.60e+00 2.98e-07  3.99e+04    64s
  45   5.35007497e+12  5.26420951e+12  1.30e+00 2.72e-07  3.39e+04    65s
  46   5.34238654e+12  5.27231834e+12  1.11e+00 2.77e-07  2.77e+04    67s
  47   5.33803830e+12  5.27712337e+12  9.96e-01 1.77e-07  2.41e+04    68s
  48   5.33126169e+12  5.27940867e+12  8.54e-01 1.56e-07  2.05e+04    70s
  49   5.32743143e+12  5.28525643e+12  7.56e-01 1.58e-07  1.67e+04    71s
  50   5.32423759e+12  5.28801370e+12  6.89e-01 1.41e-07  1.43e+04    73s
  51   5.31978173e+12  5.28855077e+12  5.87e-01 1.24e-07  1.23e+04    75s
  52   5.31772599e+12  5.29084110e+12  5.38e-01 6.98e-08  1.06e+04    76s
  53   5.31537971e+12  5.29225653e+12  4.82e-01 5.89e-08  9.13e+03    78s
  54   5.31261910e+12  5.29313015e+12  4.04e-01 5.54e-08  7.69e+03    79s
  55   5.31110553e+12  5.29481742e+12  3.60e-01 1.02e-07  6.43e+03    81s
  56   5.30972255e+12  5.29523843e+12  3.18e-01 8.03e-08  5.72e+03    83s
  57   5.30752218e+12  5.29622068e+12  2.49e-01 4.02e-08  4.46e+03    84s
  58   5.30665934e+12  5.29676651e+12  2.21e-01 6.15e-08  3.90e+03    86s
  59   5.30580356e+12  5.29714850e+12  1.94e-01 7.64e-08  3.42e+03    87s
  60   5.30533697e+12  5.29728687e+12  1.80e-01 6.80e-08  3.18e+03    89s
  61   5.30446307e+12  5.29776400e+12  1.49e-01 1.15e-07  2.64e+03    90s
  62   5.30401669e+12  5.29814896e+12  1.35e-01 1.09e-07  2.32e+03    92s
  63   5.30342220e+12  5.29834854e+12  1.16e-01 1.27e-07  2.00e+03    93s
  64   5.30310112e+12  5.29849879e+12  1.06e-01 1.26e-07  1.82e+03    95s
  65   5.30278424e+12  5.29854498e+12  9.49e-02 1.18e-07  1.67e+03    96s
  66   5.30260244e+12  5.29885985e+12  8.82e-02 1.43e-07  1.48e+03    98s
  67   5.30252261e+12  5.29893372e+12  8.54e-02 1.17e-07  1.42e+03    99s
  68   5.30211132e+12  5.29904374e+12  7.27e-02 1.48e-07  1.21e+03   100s
  69   5.30176334e+12  5.29924364e+12  6.09e-02 4.53e-07  9.94e+02   102s
  70   5.30151299e+12  5.29940991e+12  5.13e-02 3.94e-07  8.30e+02   103s
  71   5.30132467e+12  5.29957906e+12  4.43e-02 2.32e-07  6.89e+02   105s
  72   5.30102471e+12  5.29964365e+12  3.34e-02 1.70e-07  5.45e+02   106s
  73   5.30087204e+12  5.29977274e+12  2.76e-02 9.25e-08  4.34e+02   108s
  74   5.30072531e+12  5.29981172e+12  2.26e-02 1.09e-07  3.60e+02   110s
  75   5.30066349e+12  5.29986206e+12  2.03e-02 7.52e-08  3.16e+02   111s
  76   5.30056773e+12  5.29991701e+12  1.69e-02 7.36e-08  2.57e+02   113s
  77   5.30044473e+12  5.29997845e+12  1.19e-02 1.04e-07  1.84e+02   114s

Barrier solved model in 77 iterations and 114.30 seconds (72.78 work units)
Optimal objective 5.30044473e+12

Loading complete. Model setup starting...
Sets are ready!
Parameters are ready!
Variables are ready!
Preprocessing all done!
Model setup complete. Starting sample generation...
Length of gen_inv_cap: 520
Length of transmision_inv_cap: 16
Length of stor_pw_inv_cap: 40
Length of stor_en_inv_cap: 40
DataFrame created successfully:
Length of input_vector: 616
expected_second_stage_value 2661159065815.7153
Writing results to .csv...
EMPIRE Implementation took [sec]:
4582.287008523941
