++++++++
+EMPIRE+
++++++++
LOADCHANGEMODULE: False
Solver: Gurobi
Scenario Generation: True
++++++++
ID: reduced_reg48_peak7_sce100_randomSGR_202407231019
++++++++
Generating random scenarios...
Generating .tab-files...
Solver: Gurobi
No absolute emission cap...
Declaring sets...
Reading sets...
Constructing sub sets...
Declaring parameters...
Reading parameters...
Constructing parameter values...
Sets and parameters declared and read...
Declaring variables...
Objective and constraints read...
Building instance...
WARNING: Element ('Germany', 'Denmark', 'HVAC_OverheadLine') already exists in
Set TransmissionTypeOfDirectionalLink; no action taken
WARNING: Element ('Germany', 'France', 'HVAC_OverheadLine') already exists in
Set TransmissionTypeOfDirectionalLink; no action taken
Building instance took [sec]:
408.90339398384094
----------------------Problem Statistics---------------------
Nodes: 3
Lines: 2

GeneratorTypes: 27
TotalGenerators: 65
StorageTypes: 2
TotalStorages: 5

InvestmentPeriod:  PeriodActive
InvestmentUntil: 2060
Scenarios: 100
TotalOperationalHoursPerScenario: 206
TotalOperationalHoursPerInvYear: 20600
Total size of random scenarios: 11700800
Seasons: 6
RegularSeasons: 4
LengthRegSeason: 48
PeakSeasons: 2
LengthPeakSeason: 7

Discount rate: 0.05
Operational discount scale: 4.54595050416236
--------------------------------------------------------------
Solving...
Set parameter TokenServer to value "license1.2e.hpc.psu.edu"
Read LP format model from file /storage/work/tzk5446/NeurMHSP/codes/EMPIRE/tmp_q_d6yks.pyomo.lp
Reading time = 49.75 seconds
x1: 23196912 rows, 14338833 columns, 69110929 nonzeros
Set parameter QCPDual to value 1
Set parameter Crossover to value 0
Set parameter Method to value 2
Set parameter Threads to value 2
Set parameter BarConvTol to value 0.0001
Gurobi Optimizer version 10.0.3 build v10.0.3rc0 (linux64)

CPU model: Intel(R) Xeon(R) Gold 6248R CPU @ 3.00GHz, instruction set [SSE2|AVX|AVX2|AVX512]
Thread count: 48 physical cores, 48 logical processors, using up to 2 threads

Optimize a model with 23196912 rows, 14338833 columns and 69110929 nonzeros
Model fingerprint: 0x763fa5b7
Coefficient statistics:
  Matrix range     [1e-03, 1e+00]
  Objective range  [8e-04, 8e+06]
  Bounds range     [1e+00, 1e+00]
  RHS range        [7e+00, 2e+07]
Presolve removed 9478440 rows and 308950 columns (presolve time = 5s) ...
Presolve removed 9501996 rows and 3378350 columns (presolve time = 10s) ...
Presolve removed 9503649 rows and 3380000 columns (presolve time = 17s) ...
Presolve removed 9526070 rows and 3402421 columns (presolve time = 21s) ...
Presolve removed 9526070 rows and 3402421 columns (presolve time = 30s) ...
Presolve removed 9526070 rows and 3402421 columns (presolve time = 37s) ...
Presolve removed 9540473 rows and 3402421 columns (presolve time = 40s) ...
Presolve removed 9540473 rows and 3402421 columns (presolve time = 46s) ...
Presolve removed 9540473 rows and 3402421 columns
Presolve time: 47.16s
Presolved: 13656439 rows, 10936412 columns, 42278511 nonzeros
Elapsed ordering time = 5s
Ordering time: 6.45s

Barrier statistics:
 Dense cols : 344
 AA' NZ     : 4.373e+07
 Factor NZ  : 1.909e+08 (roughly 12.0 GB of memory)
 Factor Ops : 4.895e+09 (roughly 1 second per iteration)
 Threads    : 2

                  Objective                Residual
Iter       Primal          Dual         Primal    Dual     Compl     Time
   0   3.91212834e+15 -2.62975684e+15  4.02e+07 2.32e+03  4.01e+11    75s
   1   3.28020133e+15 -3.57070198e+16  3.21e+07 8.40e+04  2.16e+11    83s
   2   3.19174058e+15 -3.98877766e+16  3.10e+07 5.35e+04  1.77e+11    94s
   3   2.66107630e+15 -5.23586591e+16  2.55e+07 2.37e+04  1.37e+11   107s
   4   2.43898781e+15 -5.82866496e+16  2.32e+07 1.12e+04  1.16e+11   117s
   5   2.24944836e+15 -5.94624752e+16  2.12e+07 7.21e+03  1.03e+11   130s
   6   2.06127946e+15 -6.03673425e+16  1.92e+07 4.45e+03  8.90e+10   146s
   7   1.15540538e+15 -6.40155934e+16  1.03e+07 2.15e+03  4.86e+10   161s
   8   3.54336601e+14 -5.84504662e+16  2.44e+06 2.87e+02  1.30e+10   177s
   9   2.69512547e+14 -3.47365932e+16  1.58e+06 1.46e+01  7.42e+09   190s
  10   2.32697729e+14 -1.94561604e+16  1.15e+06 7.33e-04  4.79e+09   200s
  11   1.93819640e+14 -1.33792258e+16  5.64e+05 1.13e-03  2.38e+09   209s
  12   1.69190006e+14 -1.11480052e+16  3.69e+05 3.36e-02  1.61e+09   217s
  13   1.63574000e+14 -8.21910310e+15  3.30e+05 7.34e-01  1.30e+09   225s
  14   1.41632063e+14 -5.22924970e+15  2.46e+05 3.92e-04  8.65e+08   233s
  15   9.83835470e+13 -2.41177910e+15  1.17e+05 6.48e-04  3.54e+08   242s
  16   8.63157174e+13 -1.23737858e+15  9.86e+04 5.56e-04  2.29e+08   250s
  17   7.47094323e+13 -1.14281384e+15  8.25e+04 4.34e-04  1.91e+08   258s
  18   5.80272254e+13 -9.56028311e+14  5.97e+04 3.75e-04  1.37e+08   266s
  19   4.11058695e+13 -7.36862304e+14  3.54e+04 3.55e-04  8.21e+07   274s
  20   3.86756350e+13 -5.62301894e+14  3.22e+04 2.52e-04  6.49e+07   283s
  21   2.70062490e+13 -5.08867933e+14  1.69e+04 3.13e-04  4.20e+07   291s
  22   2.14962977e+13 -3.23321475e+14  1.00e+04 2.37e-04  2.35e+07   299s
  23   1.96722207e+13 -2.43579216e+14  8.11e+03 4.40e-04  1.72e+07   309s
  24   1.73040002e+13 -1.75660342e+14  5.96e+03 4.22e-04  1.18e+07   317s
  25   1.62735843e+13 -1.09579637e+14  5.13e+03 3.58e-04  7.79e+06   326s
  26   1.52893684e+13 -7.33706269e+13  4.43e+03 1.67e-04  5.49e+06   334s
  27   1.29903798e+13 -5.77751421e+13  2.90e+03 2.13e-04  3.94e+06   344s
  28   1.25169530e+13 -4.30984060e+13  2.68e+03 1.08e-04  3.09e+06   357s
  29   1.08519135e+13 -3.09773278e+13  1.95e+03 8.09e-05  2.19e+06   373s
  30   9.82570803e+12 -2.00152601e+13  1.58e+03 2.00e-04  1.52e+06   392s
  31   9.50920972e+12 -1.77150601e+13  1.46e+03 2.21e-04  1.37e+06   405s
  32   8.76932869e+12 -1.14219089e+13  1.16e+03 1.75e-04  9.85e+05   419s
  33   8.10722939e+12 -7.56258493e+12  9.40e+02 6.83e-05  7.46e+05   438s
  34   7.71742238e+12 -4.47213677e+12  8.13e+02 1.21e-04  5.71e+05   457s
  35   7.33434571e+12 -1.01720148e+12  6.71e+02 8.80e-05  3.85e+05   473s
  36   6.73755448e+12  5.46521502e+11  4.69e+02 2.43e-05  2.76e+05   492s
  37   6.51980433e+12  1.88375224e+12  3.99e+02 4.56e-05  2.05e+05   508s
  38   6.36179996e+12  2.35606743e+12  3.48e+02 2.37e-05  1.75e+05   527s
  39   6.23596301e+12  2.78624791e+12  3.06e+02 1.79e-05  1.50e+05   546s
  40   6.16650703e+12  3.14113160e+12  2.83e+02 1.75e-05  1.32e+05   564s
  41   6.09571182e+12  3.45814589e+12  2.61e+02 1.64e-05  1.14e+05   583s
  42   6.01862000e+12  3.61524191e+12  2.34e+02 1.04e-05  1.04e+05   599s
  43   5.99106100e+12  3.77200481e+12  2.24e+02 1.00e-05  9.59e+04   613s
  44   5.90914172e+12  3.92703490e+12  1.97e+02 8.14e-06  8.52e+04   632s
  45   5.85126778e+12  4.06300160e+12  1.77e+02 1.39e-05  7.66e+04   651s
  46   5.80907867e+12  4.20913493e+12  1.63e+02 5.70e-06  6.83e+04   670s
  47   5.76930574e+12  4.31141984e+12  1.49e+02 5.03e-06  6.21e+04   684s
  48   5.72299331e+12  4.50761276e+12  1.34e+02 4.66e-06  5.16e+04   703s
  49   5.66167268e+12  4.64366927e+12  1.14e+02 3.00e-06  4.30e+04   721s
  50   5.64383138e+12  4.70686090e+12  1.07e+02 3.11e-06  3.96e+04   738s
  51   5.59677820e+12  4.72624719e+12  9.11e+01 3.57e-06  3.66e+04   754s
  52   5.57887548e+12  4.80993112e+12  8.52e+01 2.79e-06  3.23e+04   773s
  53   5.56554678e+12  4.86650359e+12  8.00e+01 2.10e-06  2.93e+04   787s
  54   5.53800402e+12  4.91929176e+12  7.41e+01 1.84e-06  2.59e+04   803s
  55   5.51444464e+12  4.95905526e+12  6.89e+01 2.44e-06  2.32e+04   822s
  56   5.49667012e+12  4.99423339e+12  6.39e+01 6.23e-06  2.09e+04   841s
  57   5.46550960e+12  5.00313185e+12  5.51e+01 3.84e-06  1.91e+04   860s
  58   5.44214385e+12  5.06422245e+12  4.82e+01 2.29e-06  1.56e+04   878s
  59   5.42065704e+12  5.08102177e+12  4.17e+01 3.52e-06  1.39e+04   897s
  60   5.40952967e+12  5.10185653e+12  3.84e+01 1.86e-06  1.26e+04   916s
  61   5.39880132e+12  5.12151717e+12  3.49e+01 2.56e-06  1.13e+04   935s
  62   5.38700868e+12  5.15331184e+12  3.12e+01 1.79e-06  9.53e+03   954s
  63   5.37404285e+12  5.16729427e+12  2.74e+01 1.98e-06  8.40e+03   973s
  64   5.37153206e+12  5.17054920e+12  2.65e+01 2.37e-06  8.17e+03   986s
  65   5.36449028e+12  5.18759097e+12  2.42e+01 1.42e-06  7.17e+03  1005s
  66   5.35264748e+12  5.19561453e+12  2.01e+01 6.47e-07  6.35e+03  1024s
  67   5.34852535e+12  5.20395755e+12  1.87e+01 1.48e-06  5.84e+03  1043s
  68   5.34392712e+12  5.21362273e+12  1.72e+01 1.37e-06  5.25e+03  1062s
  69   5.34049000e+12  5.22377535e+12  1.61e+01 1.92e-06  4.70e+03  1081s
  70   5.33464259e+12  5.22911412e+12  1.43e+01 1.04e-06  4.24e+03  1100s
  71   5.33310105e+12  5.23552454e+12  1.38e+01 1.04e-06  3.92e+03  1113s
  72   5.33053028e+12  5.23925005e+12  1.30e+01 8.87e-07  3.66e+03  1127s
  73   5.32746176e+12  5.24456882e+12  1.21e+01 5.70e-07  3.32e+03  1146s
  74   5.32410018e+12  5.24881399e+12  1.10e+01 1.68e-06  3.01e+03  1160s
  75   5.32266121e+12  5.25211940e+12  1.06e+01 5.59e-07  2.82e+03  1173s
  76   5.31941156e+12  5.25322416e+12  9.56e+00 5.82e-07  2.65e+03  1193s
  77   5.31638168e+12  5.25518889e+12  8.68e+00 1.03e-06  2.44e+03  1211s
  78   5.31414217e+12  5.26037699e+12  7.97e+00 8.94e-07  2.15e+03  1230s
  79   5.31217109e+12  5.26183663e+12  7.36e+00 1.03e-06  2.01e+03  1247s
  80   5.31021062e+12  5.26409467e+12  6.78e+00 4.40e-07  1.84e+03  1265s
  81   5.30881095e+12  5.26748948e+12  6.36e+00 3.51e-07  1.64e+03  1284s
  82   5.30802722e+12  5.26792502e+12  6.11e+00 8.64e-07  1.60e+03  1303s
  83   5.30630304e+12  5.26848622e+12  5.60e+00 8.01e-07  1.50e+03  1319s
  84   5.30456151e+12  5.27171844e+12  5.07e+00 4.66e-07  1.31e+03  1338s
  85   5.30337207e+12  5.27276116e+12  4.72e+00 5.92e-07  1.22e+03  1357s
  86   5.30266323e+12  5.27375839e+12  4.50e+00 4.43e-07  1.15e+03  1371s
  87   5.30168469e+12  5.27516676e+12  4.20e+00 5.29e-07  1.05e+03  1387s
  88   5.30125151e+12  5.27531539e+12  4.07e+00 5.77e-07  1.03e+03  1398s
  89   5.30096207e+12  5.27554118e+12  3.98e+00 4.40e-07  1.01e+03  1417s
  90   5.29971099e+12  5.27613004e+12  3.59e+00 3.89e-07  9.35e+02  1429s
  91   5.29905035e+12  5.27728221e+12  3.40e+00 3.43e-07  8.63e+02  1447s
  92   5.29856791e+12  5.27792777e+12  3.26e+00 3.55e-07  8.18e+02  1464s
  93   5.29792747e+12  5.27883002e+12  3.08e+00 4.99e-07  7.57e+02  1483s
  94   5.29660510e+12  5.27984948e+12  2.71e+00 5.94e-07  6.64e+02  1502s
  95   5.29610830e+12  5.28064123e+12  2.56e+00 5.92e-07  6.13e+02  1515s
  96   5.29511510e+12  5.28186153e+12  2.27e+00 4.66e-07  5.25e+02  1534s
  97   5.29472089e+12  5.28202499e+12  2.16e+00 5.56e-07  5.02e+02  1551s
  98   5.29368267e+12  5.28288708e+12  1.84e+00 4.30e-07  4.27e+02  1567s
  99   5.29293507e+12  5.28339134e+12  1.62e+00 5.11e-07  3.77e+02  1586s
 100   5.29260163e+12  5.28368752e+12  1.52e+00 5.00e-07  3.53e+02  1604s
 101   5.29227355e+12  5.28388573e+12  1.43e+00 5.14e-07  3.32e+02  1618s
 102   5.29159654e+12  5.28429101e+12  1.23e+00 4.73e-07  2.89e+02  1637s
 103   5.29117574e+12  5.28487951e+12  1.11e+00 5.19e-07  2.49e+02  1656s
 104   5.29087974e+12  5.28518861e+12  1.03e+00 5.56e-07  2.25e+02  1675s
 105   5.29055501e+12  5.28556343e+12  9.41e-01 8.46e-07  1.97e+02  1694s
 106   5.29034478e+12  5.28566114e+12  8.79e-01 8.22e-07  1.85e+02  1707s
 107   5.28984857e+12  5.28576942e+12  7.32e-01 5.85e-07  1.61e+02  1726s
 108   5.28979415e+12  5.28593393e+12  7.16e-01 1.94e-06  1.52e+02  1740s
 109   5.28953482e+12  5.28604093e+12  6.41e-01 6.26e-07  1.38e+02  1756s
 110   5.28915650e+12  5.28615480e+12  5.27e-01 7.31e-07  1.19e+02  1775s
 111   5.28888080e+12  5.28628632e+12  4.48e-01 1.11e-06  1.02e+02  1794s
 112   5.28869582e+12  5.28639675e+12  3.95e-01 4.40e-07  9.08e+01  1813s
 113   5.28856600e+12  5.28646912e+12  3.59e-01 4.93e-07  8.28e+01  1832s
 114   5.28848997e+12  5.28661521e+12  3.38e-01 3.65e-07  7.40e+01  1851s
 115   5.28840653e+12  5.28667292e+12  3.14e-01 4.01e-07  6.85e+01  1864s
 116   5.28826710e+12  5.28671313e+12  2.73e-01 3.71e-07  6.14e+01  1883s
 117   5.28818816e+12  5.28675322e+12  2.50e-01 1.65e-06  5.67e+01  1897s
 118   5.28813311e+12  5.28682607e+12  2.35e-01 3.82e-06  5.16e+01  1916s
 119   5.28804559e+12  5.28683349e+12  2.09e-01 3.72e-06  4.79e+01  1935s
 120   5.28797097e+12  5.28688049e+12  1.89e-01 3.03e-06  4.31e+01  1954s
 121   5.28791638e+12  5.28694146e+12  1.73e-01 6.98e-07  3.85e+01  1973s
 122   5.28789117e+12  5.28696039e+12  1.65e-01 6.95e-07  3.67e+01  1992s
 123   5.28786043e+12  5.28699361e+12  1.56e-01 7.89e-07  3.42e+01  2005s
 124   5.28784365e+12  5.28700084e+12  1.51e-01 7.69e-07  3.33e+01  2016s

Barrier solved model in 124 iterations and 2016.65 seconds (1339.92 work units)
Optimal objective 5.28784365e+12

Length of gen_inv_cap: 520
Length of transmision_inv_cap: 16
Length of stor_pw_inv_cap: 40
Length of stor_en_inv_cap: 40
DataFrame created successfully:
Length of input_vector: 616
expected_second_stage_value 2632294572806.1445
Writing results to .csv...
EMPIRE Implementation took [sec]:
5326.729840993881
