++++++++
+EMPIRE+
++++++++
LOADCHANGEMODULE: False
Solver: Gurobi
Scenario Generation: True
++++++++
ID: reduced_reg48_peak7_sce200_randomSGR_202407241045
++++++++
Generating random scenarios...
Generating .tab-files...
Solver: Gurobi
No absolute emission cap...
Declaring sets...
Reading sets...
Constructing sub sets...
Declaring parameters...
Reading parameters...
Constructing parameter values...
Sets and parameters declared and read...
Declaring variables...
Objective and constraints read...
Building instance...
WARNING: Element ('Germany', 'Denmark', 'HVAC_OverheadLine') already exists in
Set TransmissionTypeOfDirectionalLink; no action taken
WARNING: Element ('Germany', 'France', 'HVAC_OverheadLine') already exists in
Set TransmissionTypeOfDirectionalLink; no action taken
