++++++++
+EMPIRE+
++++++++
LOADCHANGEMODULE: False
Solver: Gurobi
Scenario Generation: True
++++++++
ID: reduced_reg48_peak7_sce5_randomSGR_202407222249
++++++++
Generating random scenarios...
Generating .tab-files...
Solver: Gurobi
No absolute emission cap...
Declaring sets...
Reading sets...
Constructing sub sets...
Declaring parameters...
Reading parameters...
Constructing parameter values...
Sets and parameters declared and read...
Declaring variables...
Objective and constraints read...
Building instance...
WARNING: Element ('Germany', 'Denmark', 'HVAC_OverheadLine') already exists in
Set TransmissionTypeOfDirectionalLink; no action taken
WARNING: Element ('Germany', 'France', 'HVAC_OverheadLine') already exists in
Set TransmissionTypeOfDirectionalLink; no action taken
Building instance took [sec]:
20.69621467590332
----------------------Problem Statistics---------------------
Nodes: 3
Lines: 2

GeneratorTypes: 27
TotalGenerators: 65
StorageTypes: 2
TotalStorages: 5

InvestmentPeriod:  PeriodActive
InvestmentUntil: 2060
Scenarios: 5
TotalOperationalHoursPerScenario: 206
TotalOperationalHoursPerInvYear: 1030
Total size of random scenarios: 585040
Seasons: 6
RegularSeasons: 4
LengthRegSeason: 48
PeakSeasons: 2
LengthPeakSeason: 7

Discount rate: 0.05
Operational discount scale: 4.54595050416236
--------------------------------------------------------------
Solving...
Set parameter TokenServer to value "license1.2e.hpc.psu.edu"
Read LP format model from file /storage/work/tzk5446/NeurMHSP/codes/EMPIRE/tmpzwot1g1m.pyomo.lp
Reading time = 2.52 seconds
x1: 1161472 rows, 718113 columns, 3460828 nonzeros
Set parameter QCPDual to value 1
Set parameter Crossover to value 0
Set parameter Method to value 2
Set parameter Threads to value 2
Set parameter BarConvTol to value 0.0001
Gurobi Optimizer version 10.0.3 build v10.0.3rc0 (linux64)

CPU model: Intel(R) Xeon(R) Gold 6248R CPU @ 3.00GHz, instruction set [SSE2|AVX|AVX2|AVX512]
Thread count: 48 physical cores, 48 logical processors, using up to 2 threads

Optimize a model with 1161472 rows, 718113 columns and 3460828 nonzeros
Model fingerprint: 0x95264bfc
Coefficient statistics:
  Matrix range     [1e-03, 1e+00]
  Objective range  [2e-02, 8e+06]
  Bounds range     [1e+00, 1e+00]
  RHS range        [7e+00, 2e+07]
Presolve removed 478062 rows and 170492 columns
Presolve time: 1.75s
Presolved: 683410 rows, 547621 columns, 2116302 nonzeros
Ordering time: 0.27s

Barrier statistics:
 Dense cols : 344
 AA' NZ     : 2.189e+06
 Factor NZ  : 9.610e+06 (roughly 600 MB of memory)
 Factor Ops : 2.572e+08 (less than 1 second per iteration)
 Threads    : 2

                  Objective                Residual
Iter       Primal          Dual         Primal    Dual     Compl     Time
   0   3.53454965e+15 -1.48480258e+15  3.88e+07 4.57e+04  1.72e+12     3s
   1   2.92627040e+15 -9.16636784e+15  3.08e+07 3.32e+05  8.93e+11     3s
   2   2.34149577e+15 -1.31056819e+16  2.39e+07 1.75e+05  6.66e+11     4s
   3   1.91943223e+15 -1.67422702e+16  1.92e+07 5.86e+04  5.03e+11     4s
   4   1.60066195e+15 -1.82260456e+16  1.58e+07 2.56e+04  4.07e+11     5s
   5   9.94014086e+14 -1.82407299e+16  9.43e+06 9.85e+03  2.42e+11     5s
   6   4.25037100e+14 -1.62293996e+16  3.54e+06 5.63e+03  9.39e+10     6s
   7   2.15031570e+14 -1.04204718e+16  1.26e+06 9.99e+02  3.40e+10     6s
   8   1.50203367e+14 -4.64546982e+15  4.69e+05 4.44e-05  1.22e+10     7s
   9   1.01186513e+14 -2.44547505e+15  1.61e+05 1.36e-04  4.56e+09     7s
  10   7.38516286e+13 -1.24244606e+15  9.11e+04 5.40e-05  2.25e+09     8s
  11   4.44910990e+13 -5.42763788e+14  3.82e+04 1.12e-05  8.51e+08     8s
  12   2.61542527e+13 -3.83671531e+14  1.32e+04 1.17e-05  4.38e+08     8s
  13   2.31761776e+13 -2.32780495e+14  1.00e+04 1.00e-05  2.70e+08     9s
  14   1.76918151e+13 -1.91359824e+14  4.97e+03 6.14e-06  1.96e+08     9s
  15   1.45680874e+13 -1.40305472e+14  2.61e+03 7.27e-06  1.36e+08    10s
  16   1.26325688e+13 -5.14643216e+13  1.37e+03 1.28e-05  5.49e+07    10s
  17   1.19403502e+13 -3.01947768e+13  1.11e+03 5.30e-06  3.59e+07    10s
  18   1.08361823e+13 -2.29671202e+13  8.10e+02 5.45e-06  2.84e+07    11s
  19   9.77359816e+12 -1.33935790e+13  5.78e+02 2.24e-06  1.92e+07    11s
  20   9.12992112e+12 -1.29976247e+13  4.50e+02 2.18e-06  1.82e+07    12s
  21   8.62153470e+12 -7.45706918e+12  3.68e+02 2.32e-06  1.32e+07    12s
  22   7.65951242e+12 -3.04780541e+12  2.49e+02 3.28e-06  8.72e+06    13s
  23   7.24677738e+12 -3.94912171e+11  1.97e+02 3.04e-06  6.21e+06    13s
  24   6.93766747e+12  6.61161302e+11  1.58e+02 3.40e-06  5.09e+06    14s
  25   6.64357410e+12  2.13180293e+12  1.21e+02 8.94e-07  3.65e+06    14s
  26   6.30033811e+12  2.82710642e+12  8.14e+01 1.07e-06  2.80e+06    15s
  27   6.01279413e+12  3.57658692e+12  4.94e+01 2.03e-06  1.96e+06    15s
  28   5.88785273e+12  3.84945141e+12  3.68e+01 1.43e-06  1.63e+06    16s
  29   5.72878223e+12  4.29416293e+12  2.52e+01 1.55e-06  1.15e+06    17s
  30   5.62728758e+12  4.57148388e+12  1.92e+01 1.37e-06  8.43e+05    17s
  31   5.56357818e+12  4.63880005e+12  1.59e+01 1.61e-06  7.37e+05    18s
  32   5.50096654e+12  4.77692593e+12  1.25e+01 1.18e-06  5.76e+05    18s
  33   5.47050495e+12  4.84834448e+12  1.09e+01 9.54e-07  4.95e+05    19s
  34   5.43299812e+12  4.86953010e+12  9.07e+00 7.90e-07  4.48e+05    19s
  35   5.38999996e+12  4.94765390e+12  6.82e+00 9.09e-07  3.51e+05    20s
  36   5.36112069e+12  5.00717212e+12  5.40e+00 6.85e-07  2.81e+05    20s
  37   5.33376839e+12  5.06866525e+12  4.14e+00 5.14e-07  2.10e+05    21s
  38   5.31254906e+12  5.10241844e+12  3.19e+00 4.84e-07  1.66e+05    22s
  39   5.30637865e+12  5.13269549e+12  2.93e+00 3.35e-07  1.37e+05    22s
  40   5.29285816e+12  5.15013513e+12  2.36e+00 2.91e-07  1.13e+05    23s
  41   5.28093836e+12  5.16995007e+12  1.87e+00 1.90e-07  8.77e+04    23s
  42   5.27633825e+12  5.17969008e+12  1.68e+00 1.79e-07  7.63e+04    24s
  43   5.26778750e+12  5.18816399e+12  1.35e+00 1.53e-07  6.29e+04    24s
  44   5.26220930e+12  5.19278772e+12  1.13e+00 1.19e-07  5.48e+04    25s
  45   5.25548536e+12  5.20215140e+12  8.65e-01 1.24e-07  4.21e+04    26s
  46   5.25172808e+12  5.20385682e+12  7.23e-01 1.18e-07  3.78e+04    26s
  47   5.25023111e+12  5.21400942e+12  6.66e-01 1.25e-07  2.86e+04    27s
  48   5.24630652e+12  5.21620579e+12  5.23e-01 1.28e-07  2.37e+04    27s
  49   5.24434641e+12  5.21896440e+12  4.50e-01 1.11e-07  2.00e+04    28s
  50   5.24255674e+12  5.22265287e+12  3.88e-01 6.51e-08  1.57e+04    28s
  51   5.24146417e+12  5.22308758e+12  3.50e-01 6.17e-08  1.45e+04    29s
  52   5.24030778e+12  5.22459786e+12  3.15e-01 6.68e-08  1.24e+04    29s
  53   5.23972949e+12  5.22589531e+12  3.00e-01 4.48e-08  1.09e+04    30s
  54   5.23838263e+12  5.22658104e+12  2.56e-01 8.06e-08  9.31e+03    30s
  55   5.23701262e+12  5.22728543e+12  2.09e-01 1.13e-07  7.67e+03    31s
  56   5.23624985e+12  5.22797255e+12  1.83e-01 1.24e-07  6.53e+03    32s
  57   5.23514827e+12  5.22825570e+12  1.44e-01 9.21e-08  5.44e+03    32s
  58   5.23482072e+12  5.22861685e+12  1.34e-01 8.08e-08  4.89e+03    33s
  59   5.23419409e+12  5.22900276e+12  1.10e-01 6.43e-08  4.09e+03    33s
  60   5.23370793e+12  5.22960554e+12  9.37e-02 6.85e-08  3.23e+03    34s
  61   5.23301969e+12  5.22981724e+12  6.82e-02 6.55e-08  2.53e+03    34s
  62   5.23265077e+12  5.23015190e+12  5.61e-02 4.65e-08  1.97e+03    35s
  63   5.23252689e+12  5.23020221e+12  5.20e-02 4.30e-08  1.83e+03    35s
  64   5.23232765e+12  5.23043859e+12  4.48e-02 5.61e-08  1.49e+03    36s
  65   5.23213208e+12  5.23053095e+12  3.82e-02 4.96e-08  1.26e+03    37s
  66   5.23193991e+12  5.23064457e+12  3.18e-02 4.04e-08  1.02e+03    37s
  67   5.23179348e+12  5.23073538e+12  2.71e-02 3.83e-08  8.34e+02    38s
  68   5.23163951e+12  5.23080318e+12  2.17e-02 3.02e-08  6.59e+02    38s
  69   5.23152417e+12  5.23083056e+12  1.73e-02 2.81e-08  5.47e+02    39s
  70   5.23147324e+12  5.23085620e+12  1.55e-02 2.76e-08  4.86e+02    39s
  71   5.23142961e+12  5.23090232e+12  1.39e-02 2.88e-08  4.16e+02    40s

Barrier solved model in 71 iterations and 39.87 seconds (28.30 work units)
Optimal objective 5.23142961e+12

Length of gen_inv_cap: 520
Length of transmision_inv_cap: 16
Length of stor_pw_inv_cap: 40
Length of stor_en_inv_cap: 40
DataFrame created successfully:
Length of input_vector: 616
expected_second_stage_value 2598092177629.147
Writing results to .csv...
