data_file:  data/CPLP_10_10/scenario_4.dat
0 trial
data_file:  data/CPLP_10_10/scenario_9.dat
0 trial
data_file:  data/CPLP_10_10/scenario_15.dat
0 trial
data_file:  data/CPLP_10_10/scenario_22.dat
0 trial
data_file:  data/CPLP_10_10/scenario_5.dat
0 trial
data_file:  data/CPLP_10_10/scenario_14.dat
0 trial
data_file:  data/CPLP_10_10/scenario_7.dat
0 trial
data_file:  data/CPLP_10_10/scenario_19.dat
0 trial
data_file:  data/CPLP_10_10/scenario_8.dat
0 trial
data_file:  data/CPLP_10_10/scenario_25.dat
0 trial
data_file:  data/CPLP_10_10/scenario_11.dat
0 trial
data_file:  data/CPLP_10_10/scenario_23.dat
0 trial
data_file:  data/CPLP_10_10/scenario_27.dat
0 trial
data_file:  data/CPLP_10_10/scenario_20.dat
0 trial
data_file:  data/CPLP_10_10/scenario_24.dat
0 trial
data_file:  data/CPLP_10_10/scenario_10.dat
0 trial
data_file:  data/CPLP_10_10/scenario_13.dat
0 trial
data_file:  data/CPLP_10_10/scenario_2.dat
0 trial
data_file:  data/CPLP_10_10/scenario_26.dat
0 trial
data_file:  data/CPLP_10_10/scenario_12.dat
0 trial
data_file:  data/CPLP_10_10/scenario_16.dat
0 trial
data_file:  data/CPLP_10_10/scenario_17.dat
0 trial
data_file:  data/CPLP_10_10/scenario_0.dat
0 trial
data_file:  data/CPLP_10_10/scenario_18.dat
0 trial
data_file:  data/CPLP_10_10/scenario_21.dat
0 trial
data_file:  data/CPLP_10_10/scenario_29.dat
0 trial
data_file:  data/CPLP_10_10/scenario_6.dat
0 trial
data_file:  data/CPLP_10_10/scenario_28.dat
0 trial
data_file:  data/CPLP_10_10/scenario_3.dat
0 trial
data_file:  data/CPLP_10_10/scenario_1.dat
0 trial
[0, 0, 0, 1, 0, 0, 0, 0, 0, 0]
[0, 0, 0, 0, 0, 0, 0, 1, 0, 0]
[0, 0, 1, 0, 0, 0, 0, 0, 0, 0]
[0, 0, 0, 0, 0, 0, 0, 1, 0, 0]
[0, 0, 0, 0, 0, 0, 0, 0, 0, 1]
[0, 0, 0, 0, 1, 0, 0, 0, 0, 0]
[0, 0, 1, 0, 0, 0, 0, 0, 0, 0]
[0, 0, 0, 1, 0, 0, 0, 0, 0, 0]
[0, 0, 0, 0, 0, 0, 0, 0, 0, 1]
[0, 1, 0, 0, 0, 0, 0, 0, 0, 0]
[0, 0, 0, 0, 0, 0, 0, 0, 1, 0]
[1, 0, 0, 0, 0, 0, 0, 0, 0, 0]
[0, 0, 0, 0, 0, 0, 0, 1, 0, 0]
[0, 0, 0, 0, 0, 0, 0, 0, 1, 0]
[1, 0, 0, 0, 0, 0, 0, 0, 0, 0]
[0, 0, 1, 0, 0, 0, 0, 0, 0, 0]
[0, 0, 1, 0, 0, 0, 0, 0, 0, 0]
[0, 0, 0, 0, 0, 1, 0, 0, 0, 0]
[1, 0, 0, 0, 0, 0, 0, 0, 0, 0]
[0, 0, 0, 0, 0, 1, 0, 0, 0, 0]
[0, 0, 0, 0, 0, 0, 1, 0, 0, 0]
[1, 0, 0, 0, 0, 1, 0, 0, 0, 0]
[0, 0, 0, 0, 0, 1, 0, 0, 0, 0]
[0, 0, 1, 0, 0, 0, 0, 0, 0, 0]
[0, 0, 0, 0, 0, 0, 1, 0, 0, 0]
[0, 1, 0, 0, 0, 0, 0, 0, 0, 0]
[0, 0, 0, 0, 0, 1, 0, 0, 0, 0]
[0, 1, 0, 0, 0, 0, 0, 0, 0, 0]
[0, 0, 1, 0, 0, 0, 0, 0, 0, 0]
[0, 0, 0, 1, 0, 0, 0, 0, 0, 0]
expected_second_stage_value: 42.37785698307857
1 trial
expected_second_stage_value: 1676.8654028498377
1 trial
expected_second_stage_value: 479.79359833799305
1 trial
expected_second_stage_value: 147.22657328541015
1 trial
[0, 0, 0, 0, 0, 0, 1, 0, 0, 0]
expected_second_stage_value: 1038.658257045669
1 trial
expected_second_stage_value: 937.7184314043543
1 trial
expected_second_stage_value: 15689.382586479747
1 trial
[0, 1, 0, 0, 0, 0, 0, 0, 0, 0]
expected_second_stage_value: 518.9594318954352
1 trial
expected_second_stage_value: 859.1599233704914
1 trial
expected_second_stage_value: 2079.355604032721
1 trial
[0, 0, 1, 0, 0, 0, 0, 0, 0, 0]
expected_second_stage_value: 48.05347381991064
1 trial
expected_second_stage_value: 33.72919503457671
1 trial
expected_second_stage_value: 324.7164900765868
1 trial
expected_second_stage_value: 339.1963736792522
1 trial
expected_second_stage_value: 301.1741692523356
1 trial
expected_second_stage_value: 342.7664253307559
1 trial
expected_second_stage_value: 7106.7934065002855
1 trial
expected_second_stage_value: 7893.261470262771
1 trial
expected_second_stage_value: 46.4914174162397
1 trial
expected_second_stage_value: 351.2532215808401
1 trial
expected_second_stage_value: 52.772602044864435
1 trial
[0, 0, 1, 0, 0, 0, 0, 0, 0, 0]
[0, 0, 0, 0, 0, 1, 0, 0, 0, 0]
expected_second_stage_value: 50.19959057190531
1 trial
expected_second_stage_value: 3450.324323470789
1 trial
expected_second_stage_value: 9269.55365926353
1 trial
[0, 0, 1, 0, 0, 0, 0, 0, 0, 0]
[0, 0, 0, 0, 0, 1, 0, 0, 0, 0]
[1, 0, 0, 0, 0, 0, 0, 0, 0, 0]
[0, 0, 0, 0, 0, 0, 0, 0, 0, 1]
[0, 0, 0, 0, 0, 0, 0, 0, 1, 0]
[0, 0, 1, 0, 0, 0, 0, 0, 0, 0]
expected_second_stage_value: 216.56062403270826
1 trial
expected_second_stage_value: 30759.471107678586
1 trial
expected_second_stage_value: 1288.555340522278
1 trial
expected_second_stage_value: 769.2597980033314
1 trial
expected_second_stage_value: 54.894693196190026
1 trial
[0, 0, 0, 0, 1, 0, 0, 0, 0, 0]
expected_second_stage_value: 1126.080218394612
1 trial
[0, 0, 0, 0, 0, 1, 0, 0, 0, 0]
[0, 0, 0, 1, 0, 0, 0, 0, 0, 0]
[0, 0, 0, 0, 0, 0, 1, 0, 0, 0]
[0, 0, 0, 0, 0, 0, 0, 0, 0, 1]
[1, 0, 0, 0, 0, 0, 0, 0, 0, 0]
[0, 1, 0, 0, 0, 0, 0, 0, 0, 0]
[1, 0, 0, 0, 0, 0, 0, 0, 0, 0]
[0, 0, 0, 0, 0, 0, 0, 0, 0, 1]
[0, 0, 0, 0, 0, 0, 0, 1, 0, 0]
[1, 0, 0, 0, 0, 0, 0, 0, 0, 0]
[0, 0, 0, 0, 0, 0, 0, 0, 1, 0]
[0, 0, 0, 0, 0, 0, 0, 1, 0, 0]
[0, 0, 0, 0, 0, 0, 0, 1, 0, 0]
[1, 0, 0, 0, 0, 1, 0, 0, 0, 0]
[0, 0, 0, 0, 0, 1, 1, 0, 0, 0]
[0, 1, 0, 0, 0, 0, 0, 0, 0, 0]
[0, 0, 0, 1, 0, 0, 0, 0, 0, 0]
[0, 0, 0, 0, 0, 0, 1, 0, 0, 0]
expected_second_stage_value: 1676.8654028498377
2 trial
expected_second_stage_value: 15409.276347552634
2 trial
expected_second_stage_value: 42.37785698307857
2 trial
[0, 0, 0, 1, 0, 0, 0, 0, 0, 0]
expected_second_stage_value: 937.7184314043543
2 trial
[0, 0, 0, 0, 1, 0, 0, 0, 0, 0]
expected_second_stage_value: 2079.355604032721
2 trial
expected_second_stage_value: 1038.658257045669
2 trial
[0, 0, 0, 0, 0, 0, 1, 0, 0, 0]
expected_second_stage_value: 8168.057298747067
2 trial
expected_second_stage_value: 11859.337933306855
2 trial
[0, 0, 0, 0, 0, 1, 0, 0, 0, 0]
[1, 0, 0, 0, 0, 0, 0, 0, 0, 0]
[0, 0, 1, 0, 0, 0, 0, 0, 0, 0]
expected_second_stage_value: 159.68623870760882
2 trial
expected_second_stage_value: 78.85842126828669
2 trial
expected_second_stage_value: 859.1599233704914
2 trial
expected_second_stage_value: 339.1963736792522
2 trial
expected_second_stage_value: 10041.55031721497
2 trial
expected_second_stage_value: 342.7664253307559
2 trial
expected_second_stage_value: 48.05347381991064
2 trial
expected_second_stage_value: 2229.107777821742
2 trial
[0, 0, 0, 0, 0, 0, 0, 0, 0, 1]
expected_second_stage_value: 51.191717900428515
2 trial
expected_second_stage_value: 128.30077121378224
2 trial
expected_second_stage_value: 5257.6161916854835
2 trial
expected_second_stage_value: 2095.740145040769
2 trial
expected_second_stage_value: 52.772602044864435
2 trial
expected_second_stage_value: 50.19959057190531
2 trial
expected_second_stage_value: 7106.7934065002855
2 trial
expected_second_stage_value: 216.56062403270826
2 trial
expected_second_stage_value: 6027.4999710338725
2 trial
[0, 0, 0, 0, 0, 1, 0, 0, 0, 0]
[0, 0, 1, 0, 0, 0, 0, 0, 0, 0]
[0, 0, 0, 0, 0, 0, 0, 0, 1, 0]
[0, 1, 0, 0, 0, 0, 0, 0, 0, 0]
[0, 0, 0, 0, 0, 0, 0, 0, 1, 0]
[0, 0, 1, 0, 0, 0, 0, 0, 0, 0]
[1, 0, 0, 0, 0, 0, 0, 0, 0, 0]
[0, 0, 0, 0, 0, 1, 0, 0, 0, 0]
[0, 0, 0, 0, 0, 0, 1, 0, 0, 0]
[0, 0, 0, 0, 0, 0, 1, 0, 0, 0]
[0, 0, 0, 0, 0, 0, 0, 0, 0, 1]
expected_second_stage_value: 33.43553365537157
2 trial
expected_second_stage_value: 1288.555340522278
2 trial
[0, 1, 0, 0, 0, 0, 0, 0, 0, 0]
expected_second_stage_value: 769.2597980033314
2 trial
expected_second_stage_value: 249.64607677005048
2 trial
[1, 0, 0, 0, 0, 0, 0, 0, 0, 0]
[1, 0, 0, 0, 0, 0, 0, 0, 0, 0]
[0, 0, 0, 0, 1, 0, 0, 0, 0, 0]
[0, 1, 0, 0, 0, 0, 0, 0, 0, 0]
[0, 0, 0, 0, 0, 0, 0, 0, 0, 1]
[0, 0, 0, 0, 0, 0, 0, 0, 1, 0]
[0, 0, 0, 0, 0, 0, 0, 0, 0, 1]
expected_second_stage_value: 54.894693196190026
2 trial
[0, 0, 0, 0, 0, 0, 0, 1, 0, 0]
[0, 0, 0, 1, 0, 0, 0, 0, 1, 0]
[0, 0, 0, 0, 0, 0, 1, 0, 0, 0]
[0, 0, 0, 1, 0, 0, 0, 0, 0, 0]
expected_second_stage_value: 71.76795982918387
3 trial
expected_second_stage_value: 240.87633238721185
3 trial
expected_second_stage_value: 937.7184314043543
3 trial
expected_second_stage_value: 42.37785698307857
3 trial
expected_second_stage_value: 1038.658257045669
3 trial
[0, 0, 0, 1, 0, 0, 0, 0, 0, 0]
expected_second_stage_value: 2079.355604032721
3 trial
[1, 0, 0, 0, 0, 0, 0, 0, 0, 0]
[1, 0, 0, 0, 0, 0, 0, 0, 0, 0]
expected_second_stage_value: 8168.057298747067
3 trial
expected_second_stage_value: 859.1599233704914
3 trial
expected_second_stage_value: 48.05347381991064
3 trial
expected_second_stage_value: 339.1963736792522
3 trial
expected_second_stage_value: 2229.107777821742
3 trial
expected_second_stage_value: 169.94130287137784
3 trial
[0, 0, 0, 0, 0, 1, 0, 0, 0, 0]
[0, 0, 0, 0, 0, 1, 0, 0, 0, 0]
[0, 0, 1, 0, 0, 0, 0, 0, 0, 0]
expected_second_stage_value: 351.2532215808401
3 trial
expected_second_stage_value: 15527.72174839924
3 trial
expected_second_stage_value: 271.84759638737677
3 trial
[0, 0, 1, 0, 0, 0, 0, 0, 0, 0]
expected_second_stage_value: 11859.337933306855
3 trial
expected_second_stage_value: 2441.0935629382548
3 trial
expected_second_stage_value: 7893.261470262771
3 trial
expected_second_stage_value: 33.72919503457671
3 trial
[0, 0, 1, 0, 0, 0, 0, 0, 0, 0]
[0, 0, 0, 0, 0, 0, 0, 0, 1, 0]
[0, 0, 0, 0, 0, 0, 0, 0, 0, 1]
[0, 1, 0, 0, 0, 0, 0, 0, 0, 0]
[0, 0, 0, 0, 0, 1, 0, 0, 0, 0]
[0, 0, 0, 0, 0, 1, 0, 0, 0, 0]
expected_second_stage_value: 1401.2787994756397
3 trial
[0, 0, 1, 0, 0, 0, 0, 0, 0, 0]
expected_second_stage_value: 5257.6161916854835
3 trial
expected_second_stage_value: 128.30077121378224
3 trial
expected_second_stage_value: 324.7164900765868
3 trial
expected_second_stage_value: 51.191717900428515
3 trial
[0, 0, 0, 0, 0, 0, 0, 1, 0, 0]
[0, 0, 0, 0, 0, 1, 0, 0, 0, 0]
[0, 0, 0, 0, 0, 0, 0, 0, 0, 1]
[0, 0, 0, 0, 0, 1, 0, 0, 0, 0]
[0, 0, 0, 0, 0, 0, 0, 1, 0, 0]
expected_second_stage_value: 50.19959057190531
3 trial
expected_second_stage_value: 11285.562485719067
3 trial
[0, 0, 0, 0, 0, 0, 0, 0, 1, 0]
expected_second_stage_value: 249.64607677005048
3 trial
[0, 0, 0, 1, 0, 0, 0, 0, 0, 0]
[1, 0, 0, 0, 0, 0, 0, 0, 0, 0]
[0, 0, 1, 0, 0, 0, 0, 0, 0, 0]
[0, 0, 1, 0, 0, 0, 0, 0, 0, 0]
expected_second_stage_value: 4184.362578340264
3 trial
expected_second_stage_value: 210.41555981495975
3 trial
expected_second_stage_value: 54.894693196190026
3 trial
[0, 0, 0, 0, 1, 0, 0, 0, 0, 0]
[0, 0, 0, 0, 0, 0, 1, 0, 0, 0]
[1, 0, 0, 0, 0, 0, 0, 0, 0, 0]
[0, 0, 0, 1, 0, 0, 0, 0, 0, 0]
[0, 0, 0, 0, 0, 1, 0, 0, 0, 0]
[0, 0, 0, 0, 0, 0, 0, 0, 0, 1]
expected_second_stage_value: 479.79359833799305
4 trial
expected_second_stage_value: 71.76795982918387
4 trial
[1, 0, 0, 0, 0, 0, 0, 0, 0, 0]
expected_second_stage_value: 937.7184314043543
4 trial
expected_second_stage_value: 13729.453640182035
4 trial
[0, 0, 1, 0, 0, 0, 0, 0, 0, 0]
expected_second_stage_value: 301.1741692523356
4 trial
expected_second_stage_value: 2079.355604032721
4 trial
expected_second_stage_value: 339.1963736792522
4 trial
expected_second_stage_value: 1038.658257045669
4 trial
expected_second_stage_value: 8168.057298747067
4 trial
[0, 0, 0, 0, 1, 0, 0, 0, 0, 0]
[0, 0, 0, 0, 0, 0, 1, 0, 0, 0]
expected_second_stage_value: 859.1599233704914
4 trial
expected_second_stage_value: 10041.55031721497
4 trial
[0, 0, 0, 0, 0, 1, 0, 0, 0, 0]
expected_second_stage_value: 48.05347381991064
4 trial
[0, 0, 1, 0, 0, 0, 0, 0, 0, 0]
[0, 0, 0, 0, 0, 1, 0, 0, 0, 0]
[0, 1, 0, 0, 0, 0, 0, 0, 0, 0]
[0, 0, 1, 0, 0, 0, 0, 0, 0, 0]
expected_second_stage_value: 351.2532215808401
4 trial
expected_second_stage_value: 32646.90280678513
4 trial
expected_second_stage_value: 147.22657328541015
4 trial
[0, 0, 0, 0, 0, 1, 0, 0, 0, 0]
expected_second_stage_value: 2441.0935629382548
4 trial
[0, 0, 1, 0, 0, 0, 0, 0, 0, 0]
expected_second_stage_value: 342.7664253307559
4 trial
expected_second_stage_value: 52.772602044864435
4 trial
[0, 0, 0, 0, 0, 1, 0, 0, 0, 0]
expected_second_stage_value: 19277.0925834049
4 trial
expected_second_stage_value: 7106.7934065002855
4 trial
[0, 0, 0, 0, 0, 0, 1, 0, 0, 0]
[0, 0, 0, 1, 0, 0, 0, 0, 0, 0]
[0, 0, 1, 0, 0, 0, 0, 0, 0, 0]
expected_second_stage_value: 51.191717900428515
4 trial
[0, 0, 0, 0, 0, 0, 0, 0, 0, 1]
expected_second_stage_value: 3450.324323470789
4 trial
[0, 0, 0, 0, 0, 1, 0, 0, 0, 0]
[0, 0, 0, 0, 1, 0, 0, 0, 0, 0]
expected_second_stage_value: 1126.080218394612
4 trial
expected_second_stage_value: 249.64607677005048
4 trial
[0, 0, 0, 0, 0, 0, 0, 1, 0, 0]
expected_second_stage_value: 46.4914174162397
4 trial
[0, 1, 0, 0, 0, 0, 0, 0, 0, 0]
expected_second_stage_value: 2095.740145040769
4 trial
[0, 0, 0, 0, 0, 0, 0, 0, 0, 1]
[0, 0, 0, 0, 0, 0, 0, 0, 1, 0]
expected_second_stage_value: 50.19959057190531
4 trial
[0, 0, 0, 0, 0, 0, 0, 0, 0, 1]
[0, 0, 0, 0, 1, 0, 0, 0, 0, 0]
[0, 0, 0, 0, 1, 0, 0, 0, 0, 0]
expected_second_stage_value: 7006.3571862781155
4 trial
[1, 0, 0, 0, 0, 0, 0, 0, 0, 0]
expected_second_stage_value: 4184.362578340264
4 trial
[0, 0, 1, 0, 0, 0, 0, 0, 0, 0]
[0, 0, 0, 0, 0, 0, 1, 0, 0, 0]
expected_second_stage_value: 54.894693196190026
4 trial
[0, 0, 0, 0, 0, 0, 0, 1, 0, 0]
[0, 0, 0, 1, 0, 0, 0, 0, 0, 0]
expected_second_stage_value: 1676.8654028498377
5 trial
expected_second_stage_value: 479.79359833799305
5 trial
expected_second_stage_value: 35.572790213330315
5 trial
expected_second_stage_value: 301.1741692523356
5 trial
[0, 0, 1, 0, 0, 0, 0, 0, 0, 0]
expected_second_stage_value: 518.9594318954352
5 trial
[1, 0, 0, 0, 0, 0, 0, 0, 0, 0]
[1, 0, 0, 0, 0, 0, 0, 0, 0, 0]
expected_second_stage_value: 2079.355604032721
5 trial
expected_second_stage_value: 1038.658257045669
5 trial
expected_second_stage_value: 339.1963736792522
5 trial
expected_second_stage_value: 33.72919503457671
5 trial
[0, 0, 0, 0, 0, 0, 1, 0, 0, 0]
[0, 0, 0, 0, 0, 1, 0, 0, 0, 0]
expected_second_stage_value: 7106.7934065002855
5 trial
expected_second_stage_value: 42.37785698307857
5 trial
[0, 0, 0, 0, 0, 0, 0, 0, 0, 1]
expected_second_stage_value: 169.94130287137784
5 trial
[0, 0, 0, 0, 0, 0, 1, 0, 0, 0]
[0, 0, 0, 0, 0, 1, 0, 0, 0, 0]
[0, 0, 0, 1, 0, 0, 0, 0, 0, 0]
expected_second_stage_value: 36012.408163912565
5 trial
expected_second_stage_value: 2441.0935629382548
5 trial
expected_second_stage_value: 1401.2787994756397
5 trial
expected_second_stage_value: 11859.337933306855
5 trial
expected_second_stage_value: 48.05347381991064
5 trial
[0, 0, 0, 0, 0, 1, 0, 0, 0, 0]
expected_second_stage_value: 20927.757850799524
5 trial
expected_second_stage_value: 342.7664253307559
5 trial
[0, 0, 1, 0, 0, 0, 0, 0, 0, 0]
[0, 0, 0, 0, 0, 1, 0, 0, 0, 0]
[0, 0, 1, 0, 0, 0, 0, 0, 0, 0]
expected_second_stage_value: 2684.4815169560716
5 trial
[0, 0, 0, 0, 0, 0, 0, 0, 1, 0]
[0, 1, 0, 0, 0, 0, 0, 0, 0, 0]
expected_second_stage_value: 214.00139017882043
5 trial
expected_second_stage_value: 5805.276572383056
5 trial
[0, 0, 0, 0, 0, 1, 0, 0, 0, 0]
[0, 0, 0, 0, 0, 1, 0, 0, 0, 0]
[0, 0, 1, 0, 0, 0, 0, 0, 0, 0]
[0, 0, 0, 0, 0, 0, 0, 1, 0, 0]
expected_second_stage_value: 1126.080218394612
5 trial
[0, 0, 1, 0, 0, 0, 0, 0, 0, 0]
expected_second_stage_value: 2095.740145040769
5 trial
[0, 0, 0, 0, 0, 0, 0, 0, 0, 1]
expected_second_stage_value: 51.191717900428515
5 trial
expected_second_stage_value: 645.064614154216
5 trial
[0, 0, 0, 0, 0, 0, 0, 0, 1, 0]
expected_second_stage_value: 8927.778683428733
5 trial
[0, 0, 0, 0, 0, 0, 0, 1, 0, 0]
expected_second_stage_value: 24967.613018109674
5 trial
[0, 0, 0, 0, 0, 0, 0, 0, 0, 1]
[0, 0, 0, 0, 1, 0, 0, 0, 0, 0]
[0, 0, 0, 0, 0, 1, 0, 0, 0, 0]
expected_second_stage_value: 769.2597980033314
5 trial
[1, 0, 0, 0, 0, 1, 0, 0, 0, 0]
[1, 0, 0, 0, 0, 0, 0, 0, 0, 0]
expected_second_stage_value: 54.894693196190026
5 trial
[0, 0, 0, 0, 0, 0, 0, 1, 0, 0]
[0, 0, 0, 1, 0, 0, 0, 0, 0, 0]
expected_second_stage_value: 479.79359833799305
6 trial
expected_second_stage_value: 1676.8654028498377
6 trial
[1, 0, 0, 0, 0, 0, 0, 0, 0, 0]
expected_second_stage_value: 2229.107777821742
6 trial
expected_second_stage_value: 937.7184314043543
6 trial
[0, 0, 1, 0, 0, 0, 0, 0, 0, 0]
expected_second_stage_value: 33.72919503457671
6 trial
expected_second_stage_value: 518.9594318954352
6 trial
expected_second_stage_value: 191.9946993928978
6 trial
expected_second_stage_value: 2079.355604032721
6 trial
expected_second_stage_value: 1256.6217795473449
6 trial
[0, 0, 0, 0, 0, 0, 1, 0, 0, 0]
[0, 0, 0, 0, 1, 0, 0, 0, 0, 0]
[0, 0, 0, 0, 0, 0, 1, 0, 0, 0]
expected_second_stage_value: 169.94130287137784
6 trial
expected_second_stage_value: 59.75737074763128
6 trial
expected_second_stage_value: 13729.453640182035
6 trial
[0, 1, 0, 0, 0, 0, 0, 0, 0, 0]
[0, 0, 0, 0, 0, 1, 0, 0, 0, 0]
[0, 0, 0, 0, 0, 0, 0, 1, 0, 0]
[0, 0, 0, 0, 0, 1, 0, 0, 0, 0]
expected_second_stage_value: 342.7664253307559
6 trial
expected_second_stage_value: 147.22657328541015
6 trial
expected_second_stage_value: 48.05347381991064
6 trial
expected_second_stage_value: 7893.261470262771
6 trial
expected_second_stage_value: 216.56062403270826
6 trial
[0, 0, 0, 0, 0, 0, 1, 0, 0, 0]
[0, 0, 0, 0, 0, 1, 0, 0, 0, 0]
[0, 0, 1, 0, 0, 0, 0, 0, 0, 0]
expected_second_stage_value: 351.2532215808401
6 trial
expected_second_stage_value: 3099.8686984185783
6 trial
expected_second_stage_value: 859.1599233704914
6 trial
expected_second_stage_value: 5805.276572383056
6 trial
[0, 0, 0, 0, 0, 1, 0, 0, 0, 0]
[0, 0, 0, 0, 0, 0, 0, 1, 0, 0]
[0, 1, 0, 0, 0, 0, 0, 0, 0, 0]
[0, 0, 0, 0, 0, 0, 0, 0, 0, 1]
[0, 0, 0, 0, 0, 1, 0, 0, 0, 0]
expected_second_stage_value: 1126.080218394612
6 trial
[0, 0, 1, 0, 0, 0, 0, 0, 0, 0]
expected_second_stage_value: 10360.807584807642
6 trial
[0, 0, 0, 0, 0, 0, 1, 0, 0, 0]
expected_second_stage_value: 46.4914174162397
6 trial
[0, 0, 0, 0, 0, 0, 0, 0, 1, 0]
[0, 0, 1, 0, 0, 0, 0, 0, 0, 0]
expected_second_stage_value: 9269.55365926353
6 trial
[0, 0, 0, 0, 1, 0, 0, 0, 0, 0]
[0, 0, 1, 0, 0, 0, 0, 0, 0, 0]
[0, 0, 0, 0, 1, 0, 0, 0, 0, 0]
expected_second_stage_value: 19108.169341429642
6 trial
[0, 0, 0, 0, 0, 0, 0, 0, 0, 1]
expected_second_stage_value: 1288.555340522278
6 trial
expected_second_stage_value: 50.19959057190531
6 trial
[0, 0, 0, 0, 0, 0, 1, 0, 0, 0]
[0, 0, 0, 1, 0, 0, 0, 0, 1, 0]
[1, 0, 0, 0, 0, 0, 0, 0, 0, 0]
expected_second_stage_value: 769.2597980033314
6 trial
expected_second_stage_value: 54.894693196190026
6 trial
[0, 0, 0, 1, 0, 0, 0, 0, 0, 0]
[0, 0, 0, 0, 0, 0, 0, 1, 0, 0]
expected_second_stage_value: 479.79359833799305
7 trial
expected_second_stage_value: 1676.8654028498377
7 trial
expected_second_stage_value: 2229.107777821742
7 trial
[1, 0, 0, 0, 0, 0, 0, 0, 0, 0]
[0, 0, 1, 0, 0, 0, 0, 0, 0, 0]
[0, 0, 1, 0, 0, 0, 0, 0, 0, 0]
expected_second_stage_value: 169.94130287137784
7 trial
expected_second_stage_value: 33.72919503457671
7 trial
expected_second_stage_value: 35.572790213330315
7 trial
expected_second_stage_value: 518.9594318954352
7 trial
expected_second_stage_value: 42.37785698307857
7 trial
expected_second_stage_value: 339.1963736792522
7 trial
expected_second_stage_value: 7106.7934065002855
7 trial
expected_second_stage_value: 2079.355604032721
7 trial
[0, 0, 0, 0, 0, 0, 1, 0, 0, 0]
[0, 0, 0, 0, 0, 0, 0, 0, 0, 1]
expected_second_stage_value: 2441.0935629382548
7 trial
expected_second_stage_value: 48.05347381991064
7 trial
expected_second_stage_value: 1038.658257045669
7 trial
[0, 0, 0, 0, 0, 0, 0, 0, 0, 1]
[0, 1, 0, 0, 0, 0, 0, 0, 0, 0]
[0, 0, 0, 0, 0, 0, 1, 0, 0, 0]
[1, 0, 0, 0, 0, 0, 0, 0, 0, 0]
[0, 1, 0, 0, 0, 0, 0, 0, 0, 0]
[0, 0, 0, 0, 0, 1, 0, 0, 0, 0]
expected_second_stage_value: 342.7664253307559
7 trial
expected_second_stage_value: 214.00139017882043
7 trial
expected_second_stage_value: 249.64607677005048
7 trial
[0, 0, 0, 0, 0, 1, 0, 0, 0, 0]
expected_second_stage_value: 147.22657328541015
7 trial
[0, 0, 0, 0, 0, 0, 0, 0, 0, 1]
[0, 0, 1, 0, 0, 0, 0, 0, 0, 0]
expected_second_stage_value: 1126.080218394612
7 trial
expected_second_stage_value: 859.1599233704914
7 trial
expected_second_stage_value: 9269.55365926353
7 trial
expected_second_stage_value: 3099.8686984185783
7 trial
expected_second_stage_value: 2684.4815169560716
7 trial
[0, 0, 0, 0, 0, 0, 0, 1, 0, 0]
[0, 0, 0, 0, 0, 0, 0, 0, 1, 0]
[0, 0, 0, 0, 1, 0, 0, 0, 0, 0]
[0, 0, 0, 0, 0, 0, 1, 0, 0, 0]
expected_second_stage_value: 351.2532215808401
7 trial
expected_second_stage_value: 3450.324323470789
7 trial
[0, 0, 1, 0, 0, 0, 0, 0, 0, 0]
[0, 0, 0, 0, 0, 0, 0, 0, 1, 0]
[0, 0, 0, 0, 1, 0, 0, 0, 0, 0]
[0, 0, 0, 0, 0, 0, 0, 0, 1, 0]
[0, 0, 1, 0, 0, 0, 0, 0, 0, 0]
expected_second_stage_value: 252.30534257720726
7 trial
[0, 0, 1, 0, 0, 0, 0, 0, 0, 0]
[0, 0, 0, 0, 0, 0, 0, 0, 0, 1]
expected_second_stage_value: 50.19959057190531
7 trial
expected_second_stage_value: 210.41555981495975
7 trial
[1, 0, 0, 0, 0, 0, 0, 0, 0, 0]
[1, 0, 0, 0, 0, 0, 0, 0, 0, 0]
[1, 0, 0, 0, 0, 1, 0, 0, 0, 0]
expected_second_stage_value: 54.894693196190026
7 trial
expected_second_stage_value: 769.2597980033314
7 trial
[0, 0, 0, 0, 0, 0, 0, 1, 0, 0]
[1, 0, 0, 0, 0, 0, 0, 0, 0, 0]
expected_second_stage_value: 1676.8654028498377
8 trial
expected_second_stage_value: 479.79359833799305
8 trial
expected_second_stage_value: 301.1741692523356
8 trial
expected_second_stage_value: 6027.4999710338725
8 trial
[0, 0, 1, 0, 0, 0, 0, 0, 0, 0]
[1, 0, 0, 0, 0, 0, 0, 0, 0, 0]
expected_second_stage_value: 4845.394653382534
8 trial
[0, 0, 0, 0, 0, 0, 1, 0, 0, 0]
[0, 0, 0, 0, 0, 0, 1, 0, 0, 0]
[0, 0, 1, 0, 0, 0, 0, 0, 0, 0]
expected_second_stage_value: 2079.355604032721
8 trial
expected_second_stage_value: 271.84759638737677
8 trial
expected_second_stage_value: 42.37785698307857
8 trial
expected_second_stage_value: 339.1963736792522
8 trial
expected_second_stage_value: 8168.057298747067
8 trial
[0, 0, 0, 0, 0, 1, 0, 0, 0, 0]
[0, 1, 0, 0, 0, 0, 0, 0, 0, 0]
expected_second_stage_value: 147.22657328541015
8 trial
[0, 0, 1, 0, 0, 0, 0, 0, 0, 0]
expected_second_stage_value: 937.7184314043543
8 trial
[0, 0, 0, 0, 0, 1, 0, 0, 0, 0]
expected_second_stage_value: 2441.0935629382548
8 trial
[0, 0, 0, 0, 0, 0, 0, 0, 0, 1]
[0, 1, 0, 0, 0, 0, 0, 0, 0, 0]
expected_second_stage_value: 97.47583526951094
8 trial
expected_second_stage_value: 249.64607677005048
8 trial
expected_second_stage_value: 1038.658257045669
8 trial
[1, 0, 0, 0, 0, 0, 0, 0, 0, 0]
[0, 0, 0, 0, 0, 0, 0, 1, 0, 0]
expected_second_stage_value: 1126.080218394612
8 trial
expected_second_stage_value: 51.191717900428515
8 trial
expected_second_stage_value: 48.05347381991064
8 trial
expected_second_stage_value: 3099.8686984185783
8 trial
expected_second_stage_value: 7893.261470262771
8 trial
[0, 0, 0, 0, 0, 0, 0, 0, 0, 1]
[1, 0, 0, 0, 0, 0, 0, 0, 0, 0]
[0, 0, 1, 0, 0, 0, 0, 0, 0, 0]
[0, 0, 0, 0, 0, 1, 0, 0, 0, 0]
expected_second_stage_value: 645.064614154216
8 trial
expected_second_stage_value: 46.4914174162397
8 trial
[0, 0, 1, 0, 0, 0, 0, 0, 0, 0]
[0, 0, 0, 0, 0, 1, 0, 0, 0, 0]
[0, 0, 0, 0, 1, 0, 0, 0, 0, 0]
[0, 0, 0, 0, 0, 0, 0, 0, 1, 0]
expected_second_stage_value: 859.1599233704914
8 trial
[0, 0, 0, 0, 0, 0, 0, 0, 0, 1]
expected_second_stage_value: 351.2532215808401
8 trial
[0, 0, 0, 0, 0, 0, 0, 0, 0, 1]
expected_second_stage_value: 2095.740145040769
8 trial
[0, 0, 1, 0, 0, 0, 0, 0, 0, 0]
[0, 0, 0, 0, 0, 0, 0, 0, 1, 0]
expected_second_stage_value: 50.19959057190531
8 trial
[1, 0, 0, 0, 0, 0, 0, 0, 0, 0]
expected_second_stage_value: 1288.555340522278
8 trial
[1, 0, 0, 0, 0, 0, 0, 0, 0, 0]
[1, 0, 0, 0, 0, 1, 0, 0, 0, 0]
expected_second_stage_value: 22943.830168539127
8 trial
expected_second_stage_value: 769.2597980033314
8 trial
[0, 0, 0, 1, 0, 0, 0, 0, 0, 0]
[0, 0, 0, 0, 0, 0, 0, 1, 0, 0]
expected_second_stage_value: 479.79359833799305
9 trial
expected_second_stage_value: 33.72919503457671
9 trial
expected_second_stage_value: 1676.8654028498377
9 trial
expected_second_stage_value: 10041.55031721497
9 trial
expected_second_stage_value: 2229.107777821742
9 trial
[1, 0, 0, 0, 0, 0, 0, 0, 0, 0]
[0, 0, 1, 0, 0, 0, 0, 0, 0, 0]
[0, 0, 0, 0, 0, 0, 1, 0, 0, 0]
[0, 0, 0, 0, 0, 1, 0, 0, 0, 0]
expected_second_stage_value: 2079.355604032721
9 trial
expected_second_stage_value: 1256.6217795473449
9 trial
[0, 0, 0, 0, 0, 0, 1, 0, 0, 0]
expected_second_stage_value: 147.22657328541015
9 trial
expected_second_stage_value: 13729.453640182035
9 trial
[0, 0, 0, 0, 0, 1, 0, 0, 0, 0]
[0, 0, 0, 0, 0, 0, 0, 1, 0, 0]
expected_second_stage_value: 216.56062403270826
9 trial
expected_second_stage_value: 339.1963736792522
9 trial
expected_second_stage_value: 8168.057298747067
9 trial
[0, 0, 0, 0, 0, 0, 0, 1, 0, 0]
[0, 0, 0, 0, 0, 1, 0, 0, 0, 0]
expected_second_stage_value: 1126.080218394612
9 trial
expected_second_stage_value: 937.7184314043543
9 trial
expected_second_stage_value: 15527.72174839924
9 trial
[0, 0, 0, 0, 0, 0, 0, 0, 0, 1]
[0, 1, 0, 0, 0, 0, 0, 0, 0, 0]
[0, 1, 0, 0, 0, 0, 0, 0, 0, 0]
expected_second_stage_value: 19277.0925834049
9 trial
expected_second_stage_value: 3099.8686984185783
9 trial
expected_second_stage_value: 51.191717900428515
9 trial
expected_second_stage_value: 5805.276572383056
9 trial
[0, 0, 0, 0, 1, 0, 0, 0, 0, 0]
expected_second_stage_value: 1038.658257045669
9 trial
expected_second_stage_value: 48.05347381991064
9 trial
[1, 0, 0, 0, 0, 0, 0, 0, 0, 0]
[1, 0, 0, 0, 0, 0, 0, 0, 0, 0]
[0, 1, 0, 0, 0, 0, 0, 0, 0, 0]
[0, 0, 0, 0, 0, 0, 0, 0, 1, 0]
expected_second_stage_value: 5257.6161916854835
9 trial
[0, 0, 1, 0, 0, 0, 0, 0, 0, 0]
expected_second_stage_value: 645.064614154216
9 trial
[0, 0, 0, 0, 0, 1, 0, 0, 0, 0]
[0, 0, 0, 0, 0, 0, 1, 0, 0, 0]
[0, 0, 0, 0, 1, 0, 0, 0, 0, 0]
expected_second_stage_value: 351.2532215808401
9 trial
[0, 0, 0, 0, 0, 0, 0, 0, 0, 1]
[0, 0, 1, 0, 0, 0, 0, 0, 0, 0]
expected_second_stage_value: 859.1599233704914
9 trial
expected_second_stage_value: 2095.740145040769
9 trial
[0, 0, 1, 0, 0, 0, 0, 0, 0, 0]
expected_second_stage_value: 50.19959057190531
9 trial
[0, 0, 0, 0, 0, 0, 1, 0, 0, 0]
[1, 0, 0, 0, 0, 0, 0, 0, 0, 0]
expected_second_stage_value: 1288.555340522278
9 trial
[1, 0, 0, 0, 0, 0, 0, 0, 0, 0]
[1, 0, 0, 0, 0, 1, 0, 0, 0, 0]
expected_second_stage_value: 54.894693196190026
9 trial
expected_second_stage_value: 769.2597980033314
9 trial
[0, 0, 0, 1, 0, 0, 0, 0, 0, 0]
[0, 0, 0, 0, 0, 0, 0, 0, 0, 1]
expected_second_stage_value: 169.94130287137784
expected_second_stage_value: 479.79359833799305
expected_second_stage_value: 1676.8654028498377
expected_second_stage_value: 33.72919503457671
expected_second_stage_value: 7106.7934065002855
expected_second_stage_value: 2079.355604032721
expected_second_stage_value: 147.22657328541015
expected_second_stage_value: 2229.107777821742
expected_second_stage_value: 13729.453640182035
expected_second_stage_value: 216.56062403270826
expected_second_stage_value: 339.1963736792522
expected_second_stage_value: 15527.72174839924
expected_second_stage_value: 937.7184314043543
expected_second_stage_value: 8168.057298747067
expected_second_stage_value: 1126.080218394612
expected_second_stage_value: 51.191717900428515
expected_second_stage_value: 1401.2787994756397
expected_second_stage_value: 214.00139017882043
expected_second_stage_value: 1038.658257045669
expected_second_stage_value: 48.05347381991064
expected_second_stage_value: 249.64607677005048
expected_second_stage_value: 5257.6161916854835
expected_second_stage_value: 351.2532215808401
expected_second_stage_value: 3450.324323470789
expected_second_stage_value: 14254.20358959456
expected_second_stage_value: 2095.740145040769
expected_second_stage_value: 50.19959057190531
expected_second_stage_value: 1288.555340522278
expected_second_stage_value: 4184.362578340264
expected_second_stage_value: 54.894693196190026
data_file:  data/CPLP_25_25/scenario_21.dat
0 trial
data_file:  data/CPLP_25_25/scenario_6.dat
0 trial
data_file:  data/CPLP_25_25/scenario_26.dat
0 trial
data_file:  data/CPLP_25_25/scenario_28.dat
0 trial
data_file:  data/CPLP_25_25/scenario_1.dat
0 trial
data_file:  data/CPLP_25_25/scenario_14.dat
0 trial
data_file:  data/CPLP_25_25/scenario_20.dat
0 trial
data_file:  data/CPLP_25_25/scenario_16.dat
0 trial
data_file:  data/CPLP_25_25/scenario_18.dat
0 trial
data_file:  data/CPLP_25_25/scenario_4.dat
0 trial
data_file:  data/CPLP_25_25/scenario_10.dat
0 trial
data_file:  data/CPLP_25_25/scenario_11.dat
0 trial
data_file:  data/CPLP_25_25/scenario_23.dat
0 trial
data_file:  data/CPLP_25_25/scenario_19.dat
0 trial
data_file:  data/CPLP_25_25/scenario_29.dat
0 trial
data_file:  data/CPLP_25_25/scenario_24.dat
0 trial
data_file:  data/CPLP_25_25/scenario_2.dat
0 trial
data_file:  data/CPLP_25_25/scenario_15.dat
0 trial
data_file:  data/CPLP_25_25/scenario_0.dat
0 trial
data_file:  data/CPLP_25_25/scenario_7.dat
0 trial
data_file:  data/CPLP_25_25/scenario_3.dat
0 trial
data_file:  data/CPLP_25_25/scenario_22.dat
0 trial
data_file:  data/CPLP_25_25/scenario_27.dat
0 trial
data_file:  data/CPLP_25_25/scenario_8.dat
0 trial
data_file:  data/CPLP_25_25/scenario_13.dat
0 trial
data_file:  data/CPLP_25_25/scenario_5.dat
0 trial
data_file:  data/CPLP_25_25/scenario_9.dat
0 trial
data_file:  data/CPLP_25_25/scenario_12.dat
0 trial
data_file:  data/CPLP_25_25/scenario_17.dat
0 trial
data_file:  data/CPLP_25_25/scenario_25.dat
0 trial
[0, 0, 0, 0, 1, 0, 1, 0, 0, 0, 0, 0, 0, 0, 0, 0, 0, 0, 0, 0, 0, 0, 0, 0, 0]
[0, 0, 0, 0, 1, 0, 0, 0, 0, 0, 0, 0, 0, 0, 0, 0, 0, 0, 0, 1, 0, 0, 0, 0, 0]
[0, 0, 0, 0, 0, 0, 0, 0, 0, 0, 0, 0, 0, 0, 0, 0, 0, 0, 0, 0, 0, 1, 1, 0, 0]
[0, 0, 0, 0, 1, 0, 0, 0, 0, 0, 0, 0, 0, 0, 0, 0, 0, 0, 0, 0, 0, 0, 1, 0, 0]
[0, 0, 0, 0, 0, 1, 0, 0, 0, 0, 0, 0, 0, 1, 0, 0, 0, 0, 0, 0, 0, 0, 0, 0, 0]
[0, 0, 0, 0, 0, 0, 0, 0, 0, 0, 0, 1, 0, 1, 0, 0, 0, 0, 0, 0, 0, 0, 0, 0, 0]
[0, 0, 0, 0, 0, 0, 0, 1, 0, 0, 0, 0, 0, 0, 0, 1, 0, 0, 0, 0, 0, 0, 0, 0, 0]
[0, 0, 0, 0, 0, 0, 0, 0, 0, 0, 0, 0, 0, 0, 0, 1, 0, 0, 0, 1, 0, 0, 0, 0, 0]
[0, 0, 0, 0, 0, 0, 0, 0, 0, 0, 0, 0, 1, 0, 0, 1, 0, 0, 0, 0, 0, 0, 0, 0, 0]
[0, 0, 0, 0, 0, 0, 0, 0, 1, 0, 0, 0, 0, 0, 0, 1, 0, 0, 0, 0, 0, 0, 0, 0, 0]
[0, 0, 0, 0, 1, 1, 0, 0, 0, 0, 0, 0, 0, 0, 0, 0, 0, 0, 0, 0, 0, 0, 0, 0, 0]
[0, 0, 0, 0, 0, 0, 1, 0, 1, 0, 0, 0, 0, 0, 0, 0, 0, 0, 0, 0, 0, 0, 0, 0, 0]
[0, 0, 0, 0, 0, 0, 0, 0, 0, 0, 0, 0, 0, 0, 0, 1, 0, 0, 0, 1, 0, 0, 0, 0, 0]
[1, 0, 0, 0, 0, 0, 0, 0, 0, 1, 0, 0, 0, 0, 0, 0, 0, 0, 0, 0, 0, 0, 0, 0, 0]
[0, 1, 0, 0, 0, 0, 0, 0, 0, 0, 0, 0, 1, 0, 0, 0, 0, 0, 0, 0, 0, 0, 0, 0, 0]
[0, 0, 0, 0, 0, 0, 0, 0, 0, 0, 0, 0, 0, 0, 0, 0, 0, 0, 0, 0, 0, 1, 1, 0, 0]
[1, 0, 0, 0, 0, 0, 1, 0, 0, 0, 0, 0, 0, 0, 0, 0, 0, 0, 0, 0, 0, 0, 0, 0, 0]
[0, 0, 0, 0, 0, 0, 0, 0, 0, 0, 0, 0, 0, 0, 0, 0, 0, 0, 0, 1, 0, 1, 0, 0, 0]
[0, 0, 0, 0, 0, 0, 0, 1, 0, 0, 0, 0, 0, 0, 0, 0, 0, 0, 1, 0, 0, 0, 0, 0, 0]
[0, 0, 0, 0, 0, 1, 0, 0, 0, 0, 0, 0, 0, 0, 0, 0, 0, 0, 1, 0, 0, 0, 0, 0, 0]
[0, 0, 0, 0, 0, 1, 0, 0, 0, 0, 0, 0, 0, 0, 0, 0, 0, 0, 1, 0, 0, 0, 0, 0, 0]
[1, 0, 0, 0, 0, 0, 0, 0, 0, 1, 0, 0, 0, 0, 0, 0, 0, 0, 0, 0, 0, 0, 0, 0, 0]
[0, 0, 0, 0, 0, 0, 0, 0, 0, 0, 1, 1, 0, 0, 0, 0, 0, 0, 0, 0, 0, 0, 0, 0, 0]
[0, 0, 0, 0, 0, 0, 0, 0, 0, 0, 0, 1, 0, 1, 0, 0, 0, 0, 0, 0, 0, 0, 0, 0, 0]
[1, 0, 0, 0, 0, 0, 0, 0, 0, 0, 0, 0, 1, 0, 0, 0, 0, 0, 0, 0, 0, 0, 0, 0, 0]
[0, 0, 1, 1, 0, 0, 0, 0, 0, 0, 0, 0, 0, 0, 0, 0, 0, 0, 0, 0, 0, 0, 0, 0, 0]
[0, 0, 0, 0, 0, 0, 0, 0, 0, 0, 0, 0, 1, 0, 0, 0, 0, 0, 0, 1, 0, 0, 0, 0, 0]
[0, 0, 0, 0, 1, 0, 0, 0, 0, 0, 0, 0, 0, 0, 1, 0, 0, 0, 0, 0, 0, 0, 0, 0, 0]
[0, 0, 0, 0, 0, 0, 0, 1, 0, 0, 0, 0, 0, 0, 0, 0, 0, 0, 0, 0, 1, 0, 0, 0, 0]
[0, 0, 0, 0, 0, 0, 0, 0, 0, 0, 0, 0, 0, 0, 1, 0, 0, 0, 0, 0, 0, 0, 0, 1, 0]
expected_second_stage_value: 14376.884048764892
1 trial
expected_second_stage_value: 680.1742812969269
1 trial
expected_second_stage_value: 63782.541547497436
1 trial
expected_second_stage_value: 65981.51133460292
1 trial
expected_second_stage_value: 29765.319606344983
1 trial
expected_second_stage_value: 27084.72502917712
1 trial
expected_second_stage_value: 79.6405256496545
1 trial
expected_second_stage_value: 30044.837370141788
1 trial
expected_second_stage_value: 165917.27500061522
1 trial
expected_second_stage_value: 7235.665678726238
1 trial
expected_second_stage_value: 3936.6662326170363
1 trial
expected_second_stage_value: 31356.449708588898
1 trial
expected_second_stage_value: 96793.41287108963
1 trial
expected_second_stage_value: 52938.58665620829
1 trial
expected_second_stage_value: 150469.8573666535
1 trial
expected_second_stage_value: 95040.73862612565
1 trial
expected_second_stage_value: 717.4077166832383
1 trial
expected_second_stage_value: 611.5499177126768
1 trial
expected_second_stage_value: 11041.892922844
1 trial
expected_second_stage_value: 102483.3877231097
1 trial
expected_second_stage_value: 141.44545933188834
1 trial
expected_second_stage_value: 32618.116255710454
1 trial
expected_second_stage_value: 104800.91416462412
1 trial
expected_second_stage_value: 45808.9088400425
1 trial
expected_second_stage_value: 14753.951556191138
1 trial
expected_second_stage_value: 232119.1048514847
1 trial
expected_second_stage_value: 298225.57259640447
1 trial
expected_second_stage_value: 218949.32662175607
1 trial
expected_second_stage_value: 61398.453259864225
1 trial
expected_second_stage_value: 8379.86857048016
1 trial
[0, 0, 1, 0, 0, 0, 0, 0, 0, 0, 0, 0, 0, 0, 1, 0, 0, 0, 0, 0, 0, 0, 0, 0, 0]
[0, 1, 0, 0, 0, 0, 0, 0, 0, 0, 0, 0, 0, 0, 0, 0, 0, 0, 0, 0, 0, 0, 1, 0, 0]
[0, 0, 0, 0, 0, 0, 0, 0, 0, 0, 0, 0, 0, 0, 0, 1, 0, 0, 0, 0, 0, 0, 1, 0, 0]
[0, 0, 0, 0, 1, 1, 0, 0, 0, 0, 0, 0, 0, 0, 0, 0, 0, 0, 0, 0, 0, 0, 0, 0, 0]
[0, 0, 0, 0, 0, 1, 0, 0, 0, 0, 0, 0, 1, 0, 0, 0, 0, 0, 0, 0, 0, 0, 0, 0, 0]
[0, 0, 0, 0, 0, 0, 0, 0, 0, 0, 1, 1, 0, 0, 0, 0, 0, 0, 0, 0, 0, 0, 0, 0, 0]
[0, 0, 0, 0, 0, 0, 1, 0, 0, 0, 0, 0, 0, 0, 0, 0, 0, 0, 1, 0, 0, 0, 0, 0, 0]
[0, 0, 0, 0, 0, 0, 0, 0, 0, 0, 0, 0, 0, 0, 0, 0, 0, 0, 0, 0, 0, 1, 1, 0, 0]
[0, 0, 1, 0, 0, 1, 0, 0, 0, 0, 0, 0, 0, 0, 0, 0, 0, 0, 0, 0, 0, 0, 0, 0, 0]
[0, 0, 0, 0, 0, 0, 0, 0, 0, 0, 1, 0, 0, 0, 0, 0, 0, 0, 0, 0, 0, 1, 0, 0, 0]
[0, 0, 0, 0, 0, 0, 0, 0, 0, 0, 0, 0, 0, 0, 0, 0, 0, 0, 0, 1, 0, 0, 0, 0, 1]
[0, 0, 0, 0, 0, 0, 0, 0, 1, 0, 0, 0, 0, 0, 0, 0, 0, 0, 0, 1, 0, 0, 0, 0, 0]
[1, 0, 0, 0, 0, 0, 0, 0, 0, 0, 0, 0, 0, 0, 0, 0, 0, 0, 0, 1, 0, 0, 0, 0, 0]
[0, 0, 0, 0, 0, 0, 0, 0, 0, 0, 0, 0, 1, 0, 0, 0, 0, 0, 0, 1, 0, 0, 0, 0, 0]
[0, 0, 0, 0, 0, 1, 0, 0, 0, 0, 0, 0, 0, 0, 0, 0, 0, 0, 0, 0, 0, 0, 0, 1, 0]
[0, 0, 0, 0, 0, 0, 0, 0, 1, 0, 0, 0, 0, 0, 1, 0, 0, 0, 0, 0, 0, 0, 0, 0, 0]
[0, 0, 0, 0, 0, 0, 1, 0, 0, 0, 0, 0, 0, 0, 0, 0, 0, 0, 1, 0, 0, 0, 0, 0, 0]
[0, 0, 0, 0, 0, 0, 0, 0, 0, 0, 0, 0, 0, 0, 0, 1, 0, 0, 0, 1, 0, 0, 0, 0, 0]
[0, 0, 0, 0, 1, 0, 0, 0, 1, 0, 0, 0, 0, 0, 0, 0, 0, 0, 0, 0, 0, 0, 0, 0, 0]
[0, 0, 0, 0, 0, 0, 0, 1, 0, 0, 0, 0, 0, 0, 0, 0, 0, 0, 0, 0, 0, 0, 0, 1, 0]
[0, 0, 0, 0, 0, 0, 1, 0, 0, 1, 0, 0, 0, 0, 0, 0, 0, 0, 0, 0, 0, 0, 0, 0, 0]
[0, 0, 0, 0, 0, 1, 0, 0, 0, 1, 0, 0, 0, 0, 0, 0, 0, 0, 0, 0, 0, 0, 0, 0, 0]
[0, 0, 0, 0, 0, 0, 0, 1, 0, 0, 0, 0, 0, 1, 0, 0, 0, 0, 0, 0, 0, 0, 0, 0, 0]
[0, 0, 0, 0, 0, 0, 0, 0, 0, 0, 0, 0, 0, 0, 0, 1, 0, 0, 0, 0, 0, 0, 0, 0, 1]
[0, 0, 0, 0, 1, 0, 0, 0, 0, 0, 0, 0, 0, 0, 1, 0, 0, 0, 0, 0, 0, 0, 0, 0, 0]
[0, 0, 0, 0, 1, 0, 0, 0, 0, 0, 0, 0, 0, 0, 0, 0, 0, 0, 0, 1, 0, 0, 0, 0, 0]
[1, 0, 0, 0, 0, 0, 0, 0, 1, 0, 0, 0, 0, 0, 0, 0, 0, 0, 0, 0, 0, 0, 0, 0, 0]
[1, 0, 0, 0, 0, 0, 0, 0, 0, 0, 0, 0, 0, 0, 1, 0, 0, 0, 0, 0, 0, 0, 0, 0, 0]
[0, 0, 0, 1, 0, 0, 0, 0, 0, 0, 0, 0, 0, 0, 0, 0, 0, 0, 0, 0, 0, 1, 0, 0, 0]
[0, 0, 0, 0, 0, 0, 0, 0, 1, 0, 0, 0, 0, 0, 0, 0, 0, 1, 0, 0, 0, 0, 0, 0, 0]
expected_second_stage_value: 29303.73894918077
2 trial
expected_second_stage_value: 7193.454082719534
2 trial
expected_second_stage_value: 115.56770562252639
2 trial
expected_second_stage_value: 50707.699063879314
2 trial
expected_second_stage_value: 51364.61805013215
2 trial
expected_second_stage_value: 18822.478144510867
2 trial
expected_second_stage_value: 72628.85477354644
2 trial
expected_second_stage_value: 47009.19924029652
2 trial
expected_second_stage_value: 38281.39068510939
2 trial
expected_second_stage_value: 23171.664826799995
2 trial
expected_second_stage_value: 207774.7876263133
2 trial
expected_second_stage_value: 186948.2480710684
2 trial
expected_second_stage_value: 112407.45990843825
2 trial
expected_second_stage_value: 65981.51133460292
2 trial
expected_second_stage_value: 85195.26594913323
2 trial
expected_second_stage_value: 39867.627919461534
2 trial
expected_second_stage_value: 18349.17617343798
2 trial
expected_second_stage_value: 57117.40867569237
2 trial
expected_second_stage_value: 179985.89611575357
2 trial
expected_second_stage_value: 10068.64362301435
2 trial
expected_second_stage_value: 673.9169354769595
2 trial
expected_second_stage_value: 141908.53505147155
2 trial
expected_second_stage_value: 61739.09658600656
2 trial
expected_second_stage_value: 16832.254702102917
2 trial
expected_second_stage_value: 27809.549442268082
2 trial
expected_second_stage_value: 278872.3696373151
2 trial
expected_second_stage_value: 3369.355572132194
2 trial
expected_second_stage_value: 46284.006306044466
2 trial
expected_second_stage_value: 133136.3514834388
2 trial
[0, 0, 0, 0, 0, 0, 0, 0, 0, 0, 0, 1, 0, 0, 1, 0, 0, 0, 0, 0, 0, 0, 0, 0, 0]
expected_second_stage_value: 26259.54175123075
2 trial
[0, 0, 0, 0, 0, 0, 0, 0, 0, 0, 0, 0, 0, 0, 1, 0, 0, 0, 0, 0, 0, 1, 0, 0, 0]
[0, 0, 1, 0, 0, 0, 0, 0, 0, 0, 0, 1, 0, 0, 0, 0, 0, 0, 0, 0, 0, 0, 0, 0, 0]
[0, 0, 0, 0, 0, 0, 0, 0, 0, 0, 0, 0, 1, 0, 1, 0, 0, 0, 0, 0, 0, 0, 0, 0, 0]
[0, 0, 0, 0, 0, 1, 0, 0, 0, 0, 0, 0, 0, 0, 0, 0, 0, 0, 0, 0, 1, 0, 0, 0, 0]
[0, 1, 0, 0, 0, 0, 0, 0, 0, 0, 0, 0, 1, 0, 0, 0, 0, 0, 0, 0, 0, 0, 0, 0, 0]
[0, 0, 0, 0, 1, 1, 0, 0, 0, 0, 0, 0, 0, 0, 0, 0, 0, 0, 0, 0, 0, 0, 0, 0, 0]
[0, 1, 0, 0, 0, 0, 0, 0, 0, 0, 0, 0, 0, 1, 0, 0, 0, 0, 0, 0, 0, 0, 0, 0, 0]
[0, 0, 0, 0, 0, 0, 1, 0, 0, 0, 0, 0, 0, 0, 0, 0, 0, 0, 0, 0, 0, 1, 0, 0, 0]
[0, 0, 0, 0, 0, 0, 0, 1, 0, 0, 0, 0, 0, 0, 0, 0, 0, 0, 0, 0, 0, 1, 0, 0, 0]
[0, 0, 1, 0, 0, 0, 0, 0, 0, 0, 0, 0, 0, 0, 0, 0, 0, 0, 0, 1, 0, 0, 0, 0, 0]
[0, 0, 0, 0, 0, 0, 0, 0, 0, 1, 0, 0, 1, 0, 0, 0, 0, 0, 0, 0, 0, 0, 0, 0, 0]
[0, 0, 0, 1, 0, 0, 0, 0, 0, 0, 0, 0, 0, 0, 0, 0, 0, 0, 0, 0, 0, 0, 0, 0, 1]
[0, 0, 0, 0, 0, 0, 0, 0, 1, 0, 0, 0, 0, 0, 1, 0, 0, 0, 0, 0, 0, 0, 0, 0, 0]
[0, 0, 0, 0, 0, 0, 0, 1, 0, 0, 0, 0, 0, 0, 0, 0, 0, 1, 0, 0, 0, 0, 0, 0, 0]
[0, 0, 0, 0, 0, 0, 0, 0, 0, 0, 1, 0, 0, 0, 0, 0, 0, 0, 0, 0, 0, 1, 0, 0, 0]
[0, 0, 0, 0, 0, 0, 0, 0, 0, 0, 0, 0, 0, 0, 1, 0, 0, 0, 0, 1, 0, 0, 0, 0, 0]
[0, 0, 0, 0, 1, 0, 0, 0, 0, 0, 0, 1, 0, 0, 0, 0, 0, 0, 0, 0, 0, 0, 0, 0, 0]
[0, 0, 0, 0, 1, 0, 0, 0, 0, 1, 0, 0, 0, 0, 0, 0, 0, 0, 0, 0, 0, 0, 0, 0, 0]
[1, 0, 0, 0, 1, 0, 0, 0, 0, 0, 0, 0, 0, 0, 0, 0, 0, 0, 0, 0, 0, 0, 0, 0, 0]
[0, 0, 0, 0, 0, 0, 1, 1, 0, 0, 0, 0, 0, 0, 0, 0, 0, 0, 0, 0, 0, 0, 0, 0, 0]
[0, 0, 0, 0, 0, 0, 0, 0, 0, 0, 0, 0, 0, 0, 1, 1, 0, 0, 0, 0, 0, 0, 0, 0, 0]
[0, 0, 0, 0, 0, 0, 0, 0, 0, 0, 0, 0, 0, 1, 0, 1, 0, 0, 0, 0, 0, 0, 0, 0, 0]
[0, 0, 0, 0, 0, 0, 0, 0, 0, 0, 0, 0, 0, 0, 1, 0, 0, 0, 1, 0, 0, 0, 0, 0, 0]
[0, 0, 0, 1, 0, 1, 0, 0, 0, 0, 0, 0, 0, 0, 0, 0, 0, 0, 0, 0, 0, 0, 0, 0, 0]
[0, 0, 0, 0, 0, 0, 0, 0, 0, 0, 0, 0, 0, 1, 0, 0, 0, 1, 0, 0, 0, 0, 0, 0, 0]
[1, 0, 0, 0, 0, 0, 0, 0, 1, 0, 0, 0, 0, 0, 0, 0, 0, 0, 0, 0, 0, 0, 0, 0, 0]
[0, 0, 0, 1, 0, 0, 0, 0, 0, 0, 0, 0, 0, 0, 0, 1, 0, 0, 0, 0, 0, 0, 0, 0, 0]
[0, 1, 0, 0, 0, 0, 0, 0, 0, 1, 0, 0, 0, 0, 0, 0, 0, 0, 0, 0, 0, 0, 0, 0, 0]
[0, 0, 0, 0, 0, 0, 0, 0, 0, 0, 0, 0, 0, 0, 0, 1, 0, 0, 0, 1, 0, 0, 0, 0, 0]
expected_second_stage_value: 2523.095237504355
3 trial
expected_second_stage_value: 7138.6267309907635
3 trial
expected_second_stage_value: 15052.899661259704
3 trial
expected_second_stage_value: 5920.456949814626
3 trial
expected_second_stage_value: 33091.89751766527
3 trial
expected_second_stage_value: 23699.150609365504
3 trial
expected_second_stage_value: 34913.03790592995
3 trial
expected_second_stage_value: 65981.51133460292
3 trial
expected_second_stage_value: 95040.73862612565
3 trial
expected_second_stage_value: 77.99029896232035
3 trial
expected_second_stage_value: 48207.58510064967
3 trial
expected_second_stage_value: 111880.85945451033
3 trial
expected_second_stage_value: 22568.418530716495
3 trial
expected_second_stage_value: 32455.80082449773
3 trial
expected_second_stage_value: 85195.26594913323
3 trial
expected_second_stage_value: 124628.5852630933
3 trial
expected_second_stage_value: 14664.954120937698
3 trial
expected_second_stage_value: 10529.255002782727
3 trial
expected_second_stage_value: 25524.127214643035
3 trial
expected_second_stage_value: 38305.619574080585
3 trial
expected_second_stage_value: 39820.45828997338
3 trial
expected_second_stage_value: 266314.8515091151
3 trial
expected_second_stage_value: 46284.006306044466
3 trial
expected_second_stage_value: 54383.6915915024
3 trial
expected_second_stage_value: 24060.66617548259
3 trial
[0, 0, 0, 0, 0, 0, 0, 0, 0, 0, 0, 0, 0, 0, 1, 0, 0, 0, 0, 0, 0, 0, 1, 0, 0]
expected_second_stage_value: 50438.31797099264
3 trial
expected_second_stage_value: 23861.034333326872
3 trial
[0, 0, 1, 0, 0, 0, 0, 0, 0, 0, 0, 0, 0, 0, 1, 0, 0, 0, 0, 0, 0, 0, 0, 0, 0]
expected_second_stage_value: 98228.82715799773
3 trial
expected_second_stage_value: 31356.449708588898
3 trial
expected_second_stage_value: 39254.60614099777
3 trial
[0, 0, 1, 0, 0, 0, 0, 0, 0, 0, 0, 0, 0, 0, 0, 0, 0, 0, 0, 1, 0, 0, 0, 0, 0]
[0, 0, 0, 0, 0, 0, 0, 0, 0, 0, 0, 0, 1, 0, 1, 0, 0, 0, 0, 0, 0, 0, 0, 0, 0]
[0, 0, 0, 0, 0, 0, 1, 0, 0, 0, 0, 0, 0, 0, 0, 0, 0, 0, 0, 0, 0, 0, 1, 0, 0]
[0, 1, 0, 0, 1, 0, 0, 0, 0, 0, 0, 0, 0, 0, 0, 0, 0, 0, 0, 0, 0, 0, 0, 0, 0]
[1, 0, 0, 0, 0, 1, 0, 0, 0, 0, 0, 0, 0, 0, 0, 0, 0, 0, 0, 0, 0, 0, 0, 0, 0]
[0, 0, 1, 0, 0, 0, 0, 0, 0, 0, 0, 1, 0, 0, 0, 0, 0, 0, 0, 0, 0, 0, 0, 0, 0]
[0, 0, 0, 0, 0, 0, 0, 0, 1, 0, 0, 0, 0, 0, 0, 0, 0, 0, 1, 0, 0, 0, 0, 0, 0]
[0, 0, 0, 0, 0, 1, 0, 0, 0, 0, 0, 0, 0, 0, 0, 0, 0, 0, 1, 0, 0, 0, 0, 0, 0]
[0, 0, 0, 0, 0, 0, 0, 0, 0, 0, 0, 0, 0, 0, 1, 0, 0, 0, 0, 1, 0, 0, 0, 0, 0]
[0, 0, 0, 0, 1, 0, 0, 0, 0, 0, 0, 0, 0, 0, 1, 0, 0, 0, 0, 0, 0, 0, 0, 0, 0]
[0, 0, 0, 0, 0, 0, 0, 1, 0, 0, 0, 0, 1, 0, 0, 0, 0, 0, 0, 0, 0, 0, 0, 0, 0]
[0, 0, 0, 0, 0, 0, 0, 0, 0, 1, 1, 0, 0, 0, 0, 0, 0, 0, 0, 0, 0, 0, 0, 0, 0]
[0, 0, 0, 0, 0, 0, 0, 0, 0, 0, 0, 0, 0, 0, 0, 0, 0, 0, 0, 1, 0, 0, 0, 0, 1]
[0, 0, 0, 0, 0, 0, 0, 0, 0, 0, 0, 0, 0, 1, 0, 0, 0, 0, 0, 0, 0, 0, 0, 0, 1]
[0, 0, 0, 0, 0, 0, 1, 0, 0, 0, 0, 0, 0, 0, 0, 1, 0, 0, 0, 0, 0, 0, 0, 0, 0]
[0, 0, 0, 0, 0, 0, 0, 0, 0, 0, 0, 0, 0, 0, 0, 0, 0, 0, 1, 0, 0, 0, 1, 0, 0]
[1, 0, 0, 0, 0, 1, 0, 0, 0, 0, 0, 0, 1, 0, 0, 0, 0, 0, 0, 0, 0, 0, 0, 0, 0]
[0, 0, 0, 0, 0, 0, 0, 1, 0, 0, 0, 0, 0, 0, 0, 0, 0, 0, 0, 0, 1, 0, 0, 0, 0]
[0, 0, 1, 1, 0, 0, 0, 0, 0, 0, 0, 0, 0, 0, 0, 0, 0, 0, 0, 0, 0, 0, 0, 0, 0]
[0, 0, 0, 0, 0, 0, 1, 0, 0, 0, 0, 0, 0, 1, 0, 0, 0, 0, 0, 0, 0, 0, 0, 0, 0]
[0, 0, 0, 0, 1, 1, 0, 0, 0, 0, 0, 0, 0, 0, 0, 0, 0, 0, 0, 0, 0, 0, 0, 0, 0]
[0, 0, 0, 0, 0, 0, 0, 0, 0, 0, 1, 0, 0, 0, 0, 0, 0, 0, 0, 0, 0, 0, 0, 0, 1]
[0, 0, 0, 0, 0, 0, 0, 0, 1, 0, 0, 0, 0, 0, 0, 0, 0, 1, 0, 0, 0, 0, 0, 0, 0]
[0, 0, 0, 0, 0, 0, 0, 0, 1, 0, 0, 0, 0, 0, 0, 0, 0, 0, 0, 0, 1, 0, 0, 0, 0]
[1, 0, 0, 0, 1, 0, 0, 0, 0, 0, 0, 0, 0, 0, 0, 0, 0, 0, 0, 0, 0, 0, 0, 0, 0]
[0, 0, 0, 1, 0, 0, 0, 0, 0, 0, 0, 0, 0, 0, 0, 1, 0, 0, 0, 0, 0, 0, 0, 0, 0]
[0, 0, 0, 0, 1, 0, 0, 0, 0, 0, 0, 0, 0, 0, 0, 0, 0, 0, 1, 0, 0, 0, 0, 0, 0]
[0, 1, 0, 0, 0, 0, 0, 0, 0, 1, 0, 0, 0, 0, 0, 0, 0, 0, 0, 0, 0, 0, 0, 0, 0]
expected_second_stage_value: 29303.73894918077
4 trial
expected_second_stage_value: 85.8828347048482
4 trial
expected_second_stage_value: 34913.03790592995
4 trial
expected_second_stage_value: 52353.25236911201
4 trial
expected_second_stage_value: 13670.818017203312
4 trial
expected_second_stage_value: 80743.96419492629
4 trial
expected_second_stage_value: 15052.899661259704
4 trial
expected_second_stage_value: 150469.8573666535
4 trial
expected_second_stage_value: 77.99029896232035
4 trial
expected_second_stage_value: 14664.954120937698
4 trial
expected_second_stage_value: 12503.794738936931
4 trial
expected_second_stage_value: 271236.4037959188
4 trial
expected_second_stage_value: 61398.453259864225
4 trial
expected_second_stage_value: 109836.01779189779
4 trial
expected_second_stage_value: 109251.87878191705
4 trial
expected_second_stage_value: 104800.91416462412
4 trial
expected_second_stage_value: 50707.699063879314
4 trial
expected_second_stage_value: 3296.3907831701667
4 trial
expected_second_stage_value: 82.65083347096368
4 trial
expected_second_stage_value: 14753.951556191138
4 trial
expected_second_stage_value: 121202.23628182402
4 trial
expected_second_stage_value: 108705.81254742373
4 trial
expected_second_stage_value: 45283.95346994912
4 trial
[0, 0, 0, 0, 0, 0, 0, 0, 0, 0, 0, 1, 0, 1, 0, 0, 0, 0, 0, 0, 0, 0, 0, 0, 0]
expected_second_stage_value: 54014.98893515545
4 trial
expected_second_stage_value: 26259.54175123075
4 trial
[0, 0, 0, 0, 0, 1, 1, 0, 0, 0, 0, 0, 0, 0, 0, 0, 0, 0, 0, 0, 0, 0, 0, 0, 0]
[0, 0, 0, 0, 0, 0, 0, 1, 1, 0, 0, 0, 0, 0, 0, 0, 0, 0, 0, 0, 0, 0, 0, 0, 0]
expected_second_stage_value: 50438.31797099264
4 trial
[0, 0, 0, 0, 0, 0, 0, 0, 0, 0, 0, 0, 0, 0, 1, 1, 0, 0, 0, 0, 0, 0, 0, 0, 0]
expected_second_stage_value: 24060.66617548259
4 trial
[0, 0, 0, 0, 0, 0, 0, 0, 0, 0, 1, 0, 0, 0, 0, 0, 0, 1, 0, 0, 0, 0, 0, 0, 0]
expected_second_stage_value: 136728.42832179635
4 trial
[0, 0, 0, 0, 0, 1, 0, 0, 0, 0, 0, 0, 1, 0, 0, 0, 0, 0, 0, 0, 0, 0, 0, 0, 0]
expected_second_stage_value: 4573.045546124404
4 trial
[0, 0, 1, 0, 0, 0, 0, 0, 0, 0, 0, 1, 0, 0, 0, 0, 0, 0, 0, 0, 0, 0, 0, 0, 0]
[0, 0, 0, 0, 0, 0, 0, 1, 0, 0, 0, 0, 0, 0, 0, 0, 0, 0, 0, 0, 0, 0, 0, 1, 0]
[0, 0, 0, 0, 0, 0, 0, 0, 0, 0, 1, 1, 0, 0, 0, 0, 0, 0, 0, 0, 0, 0, 0, 0, 0]
[0, 0, 0, 0, 0, 1, 1, 0, 0, 0, 0, 0, 0, 0, 0, 0, 0, 0, 0, 0, 0, 0, 0, 0, 0]
[0, 0, 0, 0, 0, 0, 0, 0, 1, 0, 0, 0, 0, 0, 0, 1, 0, 0, 0, 0, 0, 0, 0, 0, 0]
[0, 0, 0, 0, 0, 0, 0, 0, 0, 0, 0, 0, 0, 0, 0, 1, 0, 0, 0, 0, 0, 1, 0, 0, 0]
[0, 0, 0, 0, 0, 1, 0, 0, 0, 0, 0, 0, 0, 0, 0, 0, 0, 0, 0, 0, 0, 0, 0, 1, 0]
[0, 0, 0, 0, 1, 0, 0, 0, 0, 1, 0, 0, 0, 0, 0, 0, 0, 0, 0, 0, 0, 0, 0, 0, 0]
[0, 0, 0, 0, 0, 0, 0, 0, 0, 0, 0, 0, 0, 0, 1, 0, 0, 0, 1, 0, 0, 0, 0, 0, 0]
[0, 0, 0, 0, 0, 0, 0, 0, 0, 0, 1, 0, 0, 0, 0, 0, 0, 0, 0, 0, 0, 1, 0, 0, 0]
[0, 0, 0, 0, 0, 0, 0, 0, 0, 1, 0, 0, 0, 0, 0, 0, 0, 0, 0, 0, 0, 0, 1, 0, 0]
[1, 0, 0, 0, 0, 0, 0, 0, 0, 0, 0, 1, 0, 0, 0, 0, 0, 0, 0, 0, 0, 0, 0, 0, 0]
[0, 0, 0, 0, 1, 0, 1, 0, 0, 0, 0, 0, 0, 0, 0, 0, 0, 0, 0, 0, 0, 0, 0, 0, 0]
[0, 0, 0, 0, 0, 0, 0, 0, 0, 1, 0, 0, 0, 0, 0, 1, 0, 0, 0, 0, 0, 0, 0, 0, 0]
[0, 0, 0, 0, 0, 0, 0, 0, 0, 0, 0, 0, 0, 0, 0, 0, 0, 0, 0, 1, 0, 0, 0, 0, 1]
[1, 0, 0, 0, 0, 0, 1, 0, 0, 0, 0, 0, 0, 0, 0, 0, 0, 0, 0, 0, 0, 0, 0, 0, 0]
[0, 0, 0, 1, 0, 0, 0, 0, 0, 0, 0, 0, 0, 0, 0, 0, 0, 0, 0, 0, 0, 0, 0, 0, 1]
expected_second_stage_value: 39254.60614099777
4 trial
[0, 0, 0, 0, 0, 0, 0, 0, 1, 0, 0, 0, 1, 0, 0, 0, 0, 0, 0, 0, 0, 0, 0, 0, 0]
[0, 0, 0, 1, 0, 0, 0, 0, 0, 0, 0, 0, 0, 0, 0, 0, 0, 0, 0, 1, 0, 0, 0, 0, 0]
[0, 0, 0, 0, 0, 0, 1, 1, 0, 0, 0, 0, 0, 0, 0, 0, 0, 0, 0, 0, 0, 0, 0, 0, 0]
[0, 0, 0, 1, 0, 0, 0, 0, 0, 0, 0, 0, 0, 0, 0, 1, 0, 0, 0, 0, 0, 0, 0, 0, 0]
[0, 0, 0, 0, 0, 0, 0, 0, 1, 0, 0, 0, 0, 0, 0, 0, 0, 0, 0, 0, 1, 0, 0, 0, 0]
[0, 0, 0, 0, 0, 0, 1, 0, 0, 0, 0, 0, 0, 0, 0, 1, 0, 0, 0, 0, 0, 0, 0, 0, 0]
[0, 1, 0, 0, 0, 0, 0, 0, 0, 1, 0, 0, 0, 0, 0, 0, 0, 0, 0, 0, 0, 0, 0, 0, 0]
expected_second_stage_value: 11142.11382734739
5 trial
expected_second_stage_value: 29455.63201141191
5 trial
expected_second_stage_value: 9245.515076516058
5 trial
expected_second_stage_value: 14376.884048764892
5 trial
expected_second_stage_value: 29132.241121431016
5 trial
expected_second_stage_value: 3897.8434013427495
5 trial
expected_second_stage_value: 11161.07535257566
5 trial
expected_second_stage_value: 15052.899661259704
5 trial
expected_second_stage_value: 97563.0127166095
5 trial
expected_second_stage_value: 52023.1947937309
5 trial
expected_second_stage_value: 23171.664826799995
5 trial
expected_second_stage_value: 16731.48990092323
5 trial
expected_second_stage_value: 50707.699063879314
5 trial
expected_second_stage_value: 280.38808730642967
5 trial
expected_second_stage_value: 85195.26594913323
5 trial
expected_second_stage_value: 57117.40867569237
5 trial
expected_second_stage_value: 1567.6151162980736
5 trial
expected_second_stage_value: 68268.31196576194
5 trial
expected_second_stage_value: 95839.50787267972
5 trial
expected_second_stage_value: 38305.619574080585
5 trial
expected_second_stage_value: 32618.116255710454
5 trial
expected_second_stage_value: 1711.4746320899146
5 trial
expected_second_stage_value: 21279.357300070053
5 trial
[0, 0, 0, 0, 0, 0, 0, 0, 0, 0, 0, 0, 1, 0, 0, 0, 0, 0, 0, 0, 0, 1, 0, 0, 0]
expected_second_stage_value: 52631.51795548879
5 trial
[0, 1, 0, 0, 0, 0, 0, 0, 0, 0, 1, 0, 0, 0, 0, 0, 0, 0, 0, 0, 0, 0, 0, 0, 0]
[0, 0, 0, 0, 1, 1, 0, 0, 0, 0, 0, 0, 0, 0, 0, 0, 0, 0, 0, 0, 0, 0, 0, 0, 0]
expected_second_stage_value: 91227.62566423423
5 trial
[0, 0, 0, 0, 0, 0, 0, 0, 0, 0, 0, 0, 1, 1, 0, 0, 0, 0, 0, 0, 0, 0, 0, 0, 0]
[0, 0, 0, 0, 0, 0, 1, 0, 0, 0, 0, 0, 0, 0, 0, 0, 0, 0, 0, 0, 0, 0, 1, 0, 0]
expected_second_stage_value: 136728.42832179635
5 trial
expected_second_stage_value: 23861.034333326872
5 trial
[0, 0, 0, 0, 0, 0, 0, 0, 0, 0, 0, 0, 0, 0, 0, 1, 0, 0, 0, 0, 0, 0, 1, 0, 0]
expected_second_stage_value: 24060.66617548259
5 trial
[0, 0, 0, 0, 0, 0, 0, 1, 0, 0, 0, 0, 0, 0, 0, 0, 0, 0, 1, 0, 0, 0, 0, 0, 0]
[0, 0, 0, 0, 0, 0, 0, 1, 0, 0, 0, 0, 1, 0, 0, 0, 0, 0, 0, 0, 0, 0, 0, 0, 0]
[0, 0, 0, 0, 0, 0, 0, 0, 0, 0, 0, 0, 1, 0, 1, 0, 0, 0, 0, 0, 0, 0, 0, 0, 0]
[0, 0, 0, 0, 0, 1, 0, 0, 0, 0, 0, 0, 0, 0, 0, 0, 0, 0, 1, 0, 0, 0, 0, 0, 0]
[0, 0, 0, 0, 0, 0, 0, 0, 0, 0, 0, 0, 0, 1, 0, 0, 0, 0, 0, 1, 0, 0, 0, 0, 0]
expected_second_stage_value: 68356.38249209394
5 trial
[0, 0, 0, 0, 0, 0, 0, 0, 1, 1, 0, 0, 0, 0, 0, 0, 0, 0, 0, 0, 0, 0, 0, 0, 0]
[0, 0, 0, 0, 0, 0, 0, 0, 1, 0, 0, 0, 0, 0, 1, 0, 0, 0, 0, 0, 0, 0, 0, 0, 0]
[0, 0, 0, 0, 0, 0, 0, 0, 0, 0, 0, 0, 0, 0, 0, 0, 0, 0, 1, 0, 0, 0, 1, 0, 0]
[0, 0, 0, 0, 0, 0, 0, 0, 0, 0, 0, 0, 0, 0, 0, 1, 0, 0, 0, 0, 0, 0, 1, 0, 0]
[0, 0, 0, 0, 0, 0, 0, 0, 0, 0, 0, 0, 0, 0, 0, 0, 0, 1, 0, 0, 0, 0, 1, 0, 0]
[0, 0, 0, 0, 0, 0, 0, 0, 0, 0, 0, 0, 0, 0, 0, 0, 0, 0, 0, 1, 0, 0, 0, 0, 1]
[0, 0, 0, 1, 0, 0, 0, 0, 0, 0, 0, 0, 0, 1, 0, 0, 0, 0, 0, 0, 0, 0, 0, 0, 0]
[0, 0, 0, 0, 0, 0, 0, 0, 0, 0, 0, 0, 0, 0, 1, 0, 0, 0, 1, 0, 0, 0, 0, 0, 0]
[0, 0, 0, 0, 0, 0, 0, 0, 0, 1, 0, 0, 0, 0, 0, 0, 0, 0, 0, 0, 0, 0, 0, 0, 1]
[0, 0, 0, 0, 1, 0, 0, 0, 0, 0, 0, 0, 0, 0, 0, 0, 0, 0, 0, 1, 0, 0, 0, 0, 0]
[0, 0, 0, 0, 0, 0, 0, 0, 0, 0, 0, 1, 0, 0, 0, 0, 0, 1, 0, 0, 0, 0, 0, 0, 0]
[0, 0, 1, 0, 0, 1, 0, 0, 0, 0, 0, 0, 0, 0, 0, 0, 0, 0, 0, 0, 0, 0, 0, 0, 0]
expected_second_stage_value: 39254.60614099777
5 trial
[0, 0, 0, 0, 0, 0, 0, 0, 0, 1, 0, 0, 1, 0, 0, 0, 0, 0, 0, 0, 0, 0, 0, 0, 0]
[0, 0, 0, 0, 0, 0, 1, 0, 0, 0, 0, 0, 0, 0, 0, 1, 0, 0, 0, 0, 0, 0, 0, 0, 0]
[0, 0, 0, 0, 1, 0, 0, 0, 0, 0, 0, 1, 0, 0, 0, 0, 0, 0, 0, 0, 0, 0, 0, 0, 0]
[0, 0, 0, 0, 0, 0, 0, 0, 1, 0, 0, 0, 0, 0, 1, 0, 0, 0, 0, 0, 0, 0, 0, 0, 0]
[0, 0, 0, 0, 0, 0, 0, 0, 1, 0, 0, 0, 0, 0, 0, 0, 0, 0, 1, 0, 0, 0, 0, 0, 0]
[0, 0, 0, 0, 1, 0, 0, 1, 0, 0, 0, 0, 0, 0, 0, 0, 0, 0, 0, 0, 0, 0, 0, 0, 0]
[0, 0, 0, 0, 0, 0, 0, 0, 0, 0, 0, 0, 0, 1, 0, 0, 0, 0, 0, 1, 0, 0, 0, 0, 0]
expected_second_stage_value: 12215.967050334033
6 trial
expected_second_stage_value: 65981.51133460292
6 trial
expected_second_stage_value: 1783.9727885995424
6 trial
expected_second_stage_value: 153470.4946938281
6 trial
expected_second_stage_value: 96793.41287108963
6 trial
expected_second_stage_value: 86026.54454755136
6 trial
expected_second_stage_value: 12503.794738936931
6 trial
expected_second_stage_value: 194104.3525897185
6 trial
expected_second_stage_value: 77.99029896232035
6 trial
expected_second_stage_value: 26833.012716946472
6 trial
expected_second_stage_value: 168054.44797425158
6 trial
expected_second_stage_value: 150469.8573666535
6 trial
expected_second_stage_value: 6495.913697146957
6 trial
expected_second_stage_value: 3296.3907831701667
6 trial
expected_second_stage_value: 51364.61805013215
6 trial
expected_second_stage_value: 50707.699063879314
6 trial
expected_second_stage_value: 84492.76298688819
6 trial
[0, 0, 0, 0, 0, 1, 0, 0, 0, 0, 0, 0, 0, 0, 0, 1, 0, 0, 0, 0, 0, 0, 0, 0, 0]
expected_second_stage_value: 27084.72502917712
6 trial
expected_second_stage_value: 17748.827547453595
6 trial
expected_second_stage_value: 38305.619574080585
6 trial
expected_second_stage_value: 252122.81401365422
6 trial
expected_second_stage_value: 3427.6125406497454
6 trial
[0, 0, 0, 0, 0, 0, 0, 1, 1, 0, 0, 0, 0, 0, 0, 0, 0, 0, 0, 0, 0, 0, 0, 0, 0]
[0, 0, 1, 0, 0, 0, 0, 0, 0, 0, 0, 0, 0, 1, 0, 0, 0, 0, 0, 0, 0, 0, 0, 0, 0]
expected_second_stage_value: 48207.58510064967
6 trial
expected_second_stage_value: 5686.825503000924
6 trial
[0, 0, 1, 0, 0, 0, 0, 0, 0, 0, 0, 0, 0, 0, 0, 0, 0, 0, 0, 0, 0, 0, 1, 0, 0]
[0, 1, 0, 0, 1, 0, 0, 0, 0, 0, 0, 0, 0, 0, 0, 0, 0, 0, 0, 0, 0, 0, 0, 0, 0]
[0, 0, 0, 0, 0, 0, 0, 0, 0, 0, 0, 0, 0, 0, 1, 0, 0, 0, 0, 1, 0, 0, 0, 0, 0]
expected_second_stage_value: 45283.95346994912
6 trial
[0, 0, 0, 0, 0, 0, 0, 0, 0, 0, 0, 1, 1, 0, 0, 0, 0, 0, 0, 0, 0, 0, 0, 0, 0]
expected_second_stage_value: 673.9169354769595
6 trial
[0, 1, 0, 0, 0, 0, 0, 1, 0, 0, 0, 0, 0, 0, 0, 0, 0, 0, 0, 0, 0, 0, 0, 0, 0]
expected_second_stage_value: 21430.530615701206
6 trial
[0, 0, 0, 0, 1, 0, 0, 0, 0, 1, 0, 0, 0, 0, 0, 0, 0, 0, 0, 0, 0, 0, 0, 0, 0]
[0, 0, 0, 0, 0, 1, 0, 0, 0, 0, 0, 0, 0, 0, 0, 0, 0, 0, 0, 0, 0, 1, 0, 0, 0]
[0, 0, 0, 0, 0, 0, 0, 0, 0, 0, 1, 0, 0, 0, 0, 0, 1, 0, 0, 0, 0, 0, 0, 0, 0]
[0, 0, 0, 1, 0, 0, 0, 0, 0, 0, 0, 0, 0, 0, 1, 0, 0, 0, 0, 0, 0, 0, 0, 0, 0]
[0, 0, 0, 0, 0, 0, 0, 1, 0, 0, 0, 0, 0, 0, 0, 0, 0, 1, 0, 0, 0, 0, 0, 0, 0]
[0, 0, 0, 0, 0, 0, 0, 0, 0, 0, 0, 0, 0, 0, 0, 1, 0, 0, 0, 1, 0, 0, 0, 0, 0]
expected_second_stage_value: 119593.8816650376
6 trial
[1, 0, 0, 0, 0, 0, 1, 0, 0, 0, 0, 0, 0, 0, 0, 0, 0, 0, 0, 0, 0, 0, 0, 0, 0]
[0, 0, 0, 0, 0, 0, 0, 0, 0, 0, 0, 1, 0, 1, 0, 0, 0, 0, 0, 0, 0, 0, 0, 0, 0]
[0, 0, 0, 1, 0, 1, 0, 0, 0, 0, 0, 0, 0, 0, 0, 0, 0, 0, 0, 0, 0, 0, 0, 0, 0]
[1, 0, 0, 0, 0, 0, 0, 0, 0, 1, 0, 0, 0, 0, 0, 0, 0, 0, 0, 0, 0, 0, 0, 0, 0]
[0, 0, 0, 0, 0, 0, 0, 0, 0, 0, 0, 0, 0, 0, 0, 1, 0, 0, 0, 0, 0, 1, 0, 0, 0]
[0, 0, 0, 0, 0, 0, 0, 0, 0, 0, 0, 0, 0, 0, 0, 0, 0, 0, 0, 1, 1, 0, 0, 0, 0]
expected_second_stage_value: 86033.7116305747
6 trial
[0, 0, 0, 0, 0, 0, 0, 1, 0, 0, 0, 0, 0, 0, 1, 0, 0, 0, 0, 0, 0, 0, 0, 0, 0]
[0, 0, 0, 0, 0, 0, 0, 0, 1, 0, 0, 0, 0, 0, 0, 0, 0, 1, 0, 0, 0, 0, 0, 0, 0]
[0, 0, 0, 0, 0, 0, 0, 1, 0, 0, 0, 0, 0, 0, 0, 1, 0, 0, 0, 0, 0, 0, 0, 0, 0]
[0, 0, 1, 0, 0, 1, 0, 0, 0, 0, 0, 0, 0, 0, 0, 0, 0, 0, 0, 0, 0, 0, 0, 0, 0]
[0, 0, 0, 0, 0, 0, 1, 0, 0, 0, 0, 1, 0, 0, 0, 0, 0, 0, 0, 0, 0, 0, 0, 0, 0]
[0, 0, 0, 1, 0, 0, 0, 0, 0, 1, 0, 0, 0, 0, 0, 0, 0, 0, 0, 0, 0, 0, 0, 0, 0]
[0, 0, 0, 0, 0, 0, 1, 0, 0, 0, 0, 0, 0, 0, 0, 0, 0, 0, 0, 1, 0, 0, 0, 0, 0]
[0, 0, 0, 0, 0, 0, 0, 0, 0, 1, 0, 0, 0, 0, 1, 0, 0, 0, 0, 0, 0, 0, 0, 0, 0]
expected_second_stage_value: 99088.93496568875
6 trial
[0, 0, 0, 0, 1, 0, 0, 0, 0, 0, 0, 0, 0, 0, 0, 1, 0, 0, 0, 0, 0, 0, 0, 0, 0]
[0, 1, 0, 0, 0, 0, 0, 0, 0, 1, 0, 0, 0, 0, 0, 0, 0, 0, 0, 0, 0, 0, 0, 0, 0]
expected_second_stage_value: 5072.676537887215
7 trial
expected_second_stage_value: 17261.763356256266
7 trial
expected_second_stage_value: 51440.19380702912
7 trial
expected_second_stage_value: 80743.96419492629
7 trial
expected_second_stage_value: 29455.63201141191
7 trial
expected_second_stage_value: 1656.7214111030617
7 trial
expected_second_stage_value: 2917.3176596407925
7 trial
expected_second_stage_value: 32455.80082449773
7 trial
expected_second_stage_value: 13940.375059722131
7 trial
expected_second_stage_value: 35706.86763665319
7 trial
expected_second_stage_value: 25524.127214643035
7 trial
expected_second_stage_value: 56595.38967753747
7 trial
expected_second_stage_value: 109306.9845672114
7 trial
expected_second_stage_value: 32618.116255710454
7 trial
expected_second_stage_value: 45808.9088400425
7 trial
expected_second_stage_value: 113508.05568918106
7 trial
expected_second_stage_value: 178207.03870551212
7 trial
expected_second_stage_value: 1000.2085641147918
7 trial
expected_second_stage_value: 7235.665678726238
7 trial
[0, 0, 1, 0, 0, 0, 0, 0, 0, 0, 0, 0, 0, 0, 1, 0, 0, 0, 0, 0, 0, 0, 0, 0, 0]
expected_second_stage_value: 95839.50787267972
7 trial
expected_second_stage_value: 272672.6565725323
7 trial
expected_second_stage_value: 26259.54175123075
7 trial
[0, 0, 0, 0, 0, 1, 1, 0, 0, 0, 0, 0, 0, 0, 0, 0, 0, 0, 0, 0, 0, 0, 0, 0, 0]
[0, 0, 0, 0, 0, 0, 0, 0, 0, 0, 1, 0, 1, 0, 0, 0, 0, 0, 0, 0, 0, 0, 0, 0, 0]
[0, 0, 0, 0, 0, 0, 0, 0, 0, 0, 0, 0, 0, 0, 1, 0, 0, 0, 0, 0, 0, 0, 0, 1, 0]
[0, 0, 0, 0, 0, 0, 1, 0, 0, 0, 0, 0, 0, 0, 0, 0, 0, 0, 0, 0, 0, 0, 1, 0, 0]
expected_second_stage_value: 30044.837370141788
7 trial
expected_second_stage_value: 5686.825503000924
7 trial
[0, 0, 0, 0, 0, 0, 0, 1, 0, 0, 0, 0, 0, 0, 0, 0, 0, 0, 1, 0, 0, 0, 0, 0, 0]
[0, 0, 0, 0, 0, 0, 0, 0, 1, 0, 0, 0, 0, 0, 0, 0, 0, 0, 0, 0, 0, 0, 0, 1, 0]
[0, 0, 0, 0, 0, 1, 0, 0, 0, 0, 0, 0, 0, 0, 0, 0, 0, 0, 0, 1, 0, 0, 0, 0, 0]
[0, 0, 0, 0, 0, 1, 0, 0, 0, 0, 0, 0, 1, 0, 0, 0, 0, 0, 0, 0, 0, 0, 0, 0, 0]
[0, 0, 0, 0, 0, 0, 0, 0, 0, 0, 1, 0, 0, 0, 0, 0, 0, 0, 0, 0, 0, 0, 1, 0, 0]
[0, 0, 0, 0, 0, 0, 0, 0, 1, 0, 0, 0, 0, 0, 0, 0, 0, 0, 0, 0, 0, 0, 1, 0, 0]
expected_second_stage_value: 9781.589129398944
7 trial
[0, 0, 0, 0, 0, 0, 0, 1, 0, 0, 0, 0, 0, 0, 0, 0, 0, 0, 0, 0, 0, 0, 0, 1, 0]
expected_second_stage_value: 69023.96024240082
7 trial
[0, 0, 0, 0, 0, 0, 0, 0, 0, 1, 0, 0, 0, 0, 0, 0, 0, 0, 0, 0, 0, 0, 1, 0, 0]
expected_second_stage_value: 122911.97597538141
7 trial
expected_second_stage_value: 16205.643550593131
7 trial
expected_second_stage_value: 21591.38712882841
7 trial
[0, 0, 0, 0, 0, 1, 0, 0, 0, 0, 0, 0, 0, 0, 0, 0, 0, 0, 0, 0, 0, 0, 1, 0, 0]
[0, 0, 0, 0, 0, 0, 0, 0, 0, 0, 0, 0, 1, 0, 0, 0, 0, 0, 0, 1, 0, 0, 0, 0, 0]
[0, 0, 0, 1, 0, 0, 0, 0, 0, 0, 0, 0, 0, 0, 1, 0, 0, 0, 0, 0, 0, 0, 0, 0, 0]
[0, 0, 0, 0, 0, 0, 0, 0, 1, 0, 0, 0, 1, 0, 0, 0, 0, 0, 0, 0, 0, 0, 0, 0, 0]
[0, 0, 0, 0, 1, 0, 0, 0, 0, 0, 0, 1, 0, 0, 0, 0, 0, 0, 0, 0, 0, 0, 0, 0, 0]
[1, 0, 0, 0, 0, 0, 0, 0, 0, 0, 1, 0, 0, 0, 0, 0, 0, 0, 0, 0, 0, 0, 0, 0, 0]
[0, 0, 0, 0, 0, 0, 0, 0, 0, 0, 0, 0, 1, 0, 0, 0, 0, 0, 0, 1, 0, 0, 0, 0, 0]
[0, 0, 0, 0, 0, 0, 0, 0, 0, 0, 0, 1, 0, 1, 0, 0, 0, 0, 0, 0, 0, 0, 0, 0, 0]
[0, 0, 0, 1, 0, 0, 0, 0, 0, 0, 0, 0, 0, 0, 0, 0, 0, 0, 0, 0, 0, 0, 0, 1, 0]
[0, 0, 0, 0, 0, 0, 0, 0, 0, 1, 0, 0, 0, 0, 0, 1, 0, 0, 0, 0, 0, 0, 0, 0, 0]
[0, 0, 1, 1, 0, 0, 0, 0, 0, 0, 0, 0, 0, 0, 0, 0, 0, 0, 0, 0, 0, 0, 0, 0, 0]
[0, 0, 1, 0, 0, 0, 0, 0, 0, 1, 0, 0, 0, 0, 0, 0, 0, 0, 0, 0, 0, 0, 0, 0, 0]
[0, 0, 0, 0, 1, 0, 0, 1, 0, 0, 0, 0, 0, 0, 0, 0, 0, 0, 0, 0, 0, 0, 0, 0, 0]
[0, 0, 0, 0, 0, 0, 1, 0, 0, 0, 0, 0, 0, 0, 0, 0, 0, 0, 0, 0, 0, 0, 0, 0, 1]
[0, 0, 0, 0, 1, 0, 1, 0, 0, 0, 0, 0, 0, 0, 0, 0, 0, 0, 0, 0, 0, 0, 0, 0, 0]
[0, 0, 0, 0, 0, 0, 0, 0, 0, 1, 0, 0, 0, 0, 1, 0, 0, 0, 0, 0, 0, 0, 0, 0, 0]
expected_second_stage_value: 39254.60614099777
7 trial
[0, 0, 0, 0, 0, 1, 0, 0, 0, 1, 0, 0, 0, 0, 0, 0, 0, 0, 0, 0, 0, 0, 0, 0, 0]
expected_second_stage_value: 11142.11382734739
8 trial
expected_second_stage_value: 828.7892718698115
8 trial
expected_second_stage_value: 162587.07578980702
8 trial
expected_second_stage_value: 86026.54454755136
8 trial
expected_second_stage_value: 17409.625450558357
8 trial
expected_second_stage_value: 96793.41287108963
8 trial
expected_second_stage_value: 90603.74788478877
8 trial
expected_second_stage_value: 7258.4877187853635
8 trial
expected_second_stage_value: 72204.9853090252
8 trial
expected_second_stage_value: 164316.54925974016
8 trial
expected_second_stage_value: 280.38808730642967
8 trial
expected_second_stage_value: 23171.664826799995
8 trial
expected_second_stage_value: 201882.0931401085
8 trial
[0, 0, 0, 0, 0, 0, 0, 0, 0, 0, 0, 0, 0, 0, 1, 0, 0, 0, 0, 1, 0, 0, 0, 0, 0]
expected_second_stage_value: 12172.10574567319
8 trial
expected_second_stage_value: 9240.445618188569
8 trial
expected_second_stage_value: 219717.37617806904
8 trial
[0, 0, 0, 0, 0, 1, 0, 0, 0, 0, 0, 0, 0, 0, 0, 1, 0, 0, 0, 0, 0, 0, 0, 0, 0]
expected_second_stage_value: 45808.9088400425
8 trial
expected_second_stage_value: 19341.654814082493
8 trial
expected_second_stage_value: 179985.89611575357
8 trial
expected_second_stage_value: 20820.204632187008
8 trial
[0, 1, 0, 0, 0, 0, 0, 0, 0, 0, 0, 0, 0, 0, 0, 0, 0, 0, 0, 1, 0, 0, 0, 0, 0]
[0, 0, 1, 0, 0, 0, 0, 0, 0, 0, 0, 0, 0, 1, 0, 0, 0, 0, 0, 0, 0, 0, 0, 0, 0]
expected_second_stage_value: 21279.357300070053
8 trial
[0, 0, 0, 0, 0, 0, 1, 0, 0, 0, 0, 0, 0, 0, 0, 0, 0, 0, 0, 0, 0, 0, 1, 0, 0]
expected_second_stage_value: 201605.41834651135
8 trial
expected_second_stage_value: 68268.31196576194
8 trial
[0, 0, 0, 0, 0, 0, 1, 0, 0, 0, 0, 0, 0, 0, 0, 0, 0, 0, 0, 0, 0, 1, 0, 0, 0]
[0, 0, 0, 0, 0, 0, 0, 1, 0, 0, 0, 0, 0, 0, 0, 0, 0, 0, 0, 0, 0, 0, 0, 1, 0]
expected_second_stage_value: 14753.951556191138
8 trial
[0, 0, 0, 0, 0, 0, 0, 0, 1, 0, 0, 0, 1, 0, 0, 0, 0, 0, 0, 0, 0, 0, 0, 0, 0]
expected_second_stage_value: 54906.600812802026
8 trial
[0, 0, 0, 0, 0, 0, 0, 0, 0, 0, 1, 0, 0, 0, 0, 0, 0, 0, 0, 0, 0, 1, 0, 0, 0]
[0, 0, 0, 0, 1, 0, 0, 0, 0, 1, 0, 0, 0, 0, 0, 0, 0, 0, 0, 0, 0, 0, 0, 0, 0]
[0, 0, 0, 1, 0, 0, 0, 0, 1, 0, 0, 0, 0, 0, 0, 0, 0, 0, 0, 0, 0, 0, 0, 0, 0]
[0, 0, 0, 0, 0, 1, 0, 0, 0, 0, 0, 0, 0, 0, 0, 0, 0, 0, 0, 0, 0, 0, 0, 0, 1]
[0, 0, 0, 0, 0, 1, 0, 0, 0, 0, 0, 0, 0, 0, 0, 0, 0, 0, 0, 0, 0, 0, 1, 0, 0]
expected_second_stage_value: 86033.7116305747
8 trial
expected_second_stage_value: 28219.952011995603
8 trial
[0, 0, 0, 0, 0, 0, 0, 1, 0, 0, 0, 0, 1, 0, 0, 0, 0, 0, 0, 0, 0, 0, 0, 0, 0]
expected_second_stage_value: 91227.62566423423
8 trial
[0, 0, 0, 0, 0, 0, 0, 0, 0, 0, 0, 0, 0, 0, 0, 1, 0, 0, 0, 0, 0, 1, 0, 0, 0]
[0, 0, 0, 1, 0, 0, 0, 0, 0, 0, 0, 0, 0, 0, 0, 0, 0, 0, 0, 1, 0, 0, 0, 0, 0]
[0, 0, 0, 0, 0, 1, 0, 0, 0, 0, 0, 0, 0, 1, 0, 0, 0, 0, 0, 0, 0, 0, 0, 0, 0]
[0, 0, 0, 0, 0, 0, 1, 0, 1, 0, 0, 0, 0, 0, 0, 0, 0, 0, 0, 0, 0, 0, 0, 0, 0]
[0, 0, 0, 0, 0, 0, 0, 0, 0, 0, 0, 0, 0, 1, 0, 0, 0, 1, 0, 0, 0, 0, 0, 0, 0]
expected_second_stage_value: 16205.643550593131
8 trial
[0, 0, 0, 0, 0, 0, 0, 0, 0, 0, 0, 0, 0, 0, 0, 1, 0, 0, 0, 0, 0, 0, 0, 1, 0]
[1, 0, 0, 0, 0, 0, 0, 0, 0, 0, 0, 0, 0, 0, 0, 0, 0, 0, 0, 0, 0, 1, 0, 0, 0]
[0, 0, 0, 0, 0, 0, 0, 0, 0, 0, 0, 0, 0, 0, 1, 0, 0, 0, 1, 0, 0, 0, 0, 0, 0]
[0, 0, 0, 0, 0, 0, 0, 0, 1, 0, 0, 0, 0, 0, 1, 0, 0, 0, 0, 0, 0, 0, 0, 0, 0]
[0, 0, 0, 1, 0, 0, 0, 0, 0, 0, 0, 0, 0, 0, 0, 0, 0, 0, 0, 0, 0, 1, 0, 0, 0]
[0, 0, 0, 0, 1, 0, 0, 0, 0, 0, 0, 0, 0, 0, 0, 0, 0, 0, 1, 0, 0, 0, 0, 0, 0]
[0, 0, 0, 0, 1, 0, 0, 0, 0, 0, 0, 1, 0, 0, 0, 0, 0, 0, 0, 0, 0, 0, 0, 0, 0]
[0, 0, 0, 0, 0, 0, 0, 0, 0, 1, 0, 0, 0, 0, 0, 1, 0, 0, 0, 0, 0, 0, 0, 0, 0]
[0, 0, 0, 0, 0, 0, 1, 0, 0, 0, 0, 0, 0, 0, 0, 1, 0, 0, 0, 0, 0, 0, 0, 0, 0]
[0, 0, 0, 0, 0, 0, 0, 0, 0, 0, 0, 0, 0, 0, 1, 1, 0, 0, 0, 0, 0, 0, 0, 0, 0]
expected_second_stage_value: 16832.254702102917
8 trial
[1, 0, 0, 0, 0, 0, 0, 0, 0, 1, 0, 0, 0, 0, 0, 0, 0, 0, 0, 0, 0, 0, 0, 0, 0]
expected_second_stage_value: 17261.763356256266
9 trial
expected_second_stage_value: 242376.23252461798
9 trial
[0, 0, 1, 0, 0, 0, 0, 0, 0, 0, 0, 0, 0, 0, 0, 0, 0, 0, 0, 1, 0, 0, 0, 0, 0]
expected_second_stage_value: 5072.676537887215
9 trial
expected_second_stage_value: 51440.19380702912
9 trial
expected_second_stage_value: 7361.098160621426
9 trial
expected_second_stage_value: 86026.54454755136
9 trial
expected_second_stage_value: 48906.29647798874
9 trial
expected_second_stage_value: 11161.07535257566
9 trial
expected_second_stage_value: 3827.0719724332484
9 trial
expected_second_stage_value: 294219.27886014455
9 trial
expected_second_stage_value: 85195.26594913323
9 trial
expected_second_stage_value: 12503.794738936931
9 trial
[0, 0, 0, 0, 0, 0, 0, 0, 0, 0, 1, 0, 0, 0, 0, 0, 0, 1, 0, 0, 0, 0, 0, 0, 0]
expected_second_stage_value: 25524.127214643035
9 trial
expected_second_stage_value: 12172.10574567319
9 trial
expected_second_stage_value: 40807.83656155812
9 trial
expected_second_stage_value: 2431.262711792032
9 trial
expected_second_stage_value: 95839.50787267972
9 trial
expected_second_stage_value: 81525.23186938498
9 trial
[0, 0, 0, 0, 0, 1, 0, 0, 1, 0, 0, 0, 0, 0, 0, 0, 0, 0, 0, 0, 0, 0, 0, 0, 0]
expected_second_stage_value: 30860.48389748612
9 trial
expected_second_stage_value: 38305.619574080585
9 trial
expected_second_stage_value: 80310.07320108033
9 trial
[0, 0, 0, 0, 0, 0, 0, 1, 1, 0, 0, 0, 0, 0, 0, 0, 0, 0, 0, 0, 0, 0, 0, 0, 0]
[0, 0, 0, 0, 0, 0, 1, 0, 0, 0, 0, 0, 0, 0, 0, 0, 0, 0, 0, 0, 0, 0, 1, 0, 0]
expected_second_stage_value: 98228.82715799773
9 trial
[0, 0, 0, 0, 0, 0, 0, 0, 0, 0, 0, 0, 0, 0, 0, 0, 0, 0, 0, 1, 0, 0, 0, 0, 1]
[0, 0, 0, 0, 0, 0, 0, 0, 0, 0, 0, 1, 0, 0, 0, 0, 0, 0, 0, 0, 0, 0, 0, 1, 0]
[0, 0, 0, 0, 0, 0, 0, 1, 0, 0, 0, 0, 0, 0, 0, 0, 0, 0, 0, 0, 0, 1, 0, 0, 0]
expected_second_stage_value: 84492.76298688819
9 trial
[0, 0, 0, 1, 0, 0, 0, 0, 0, 0, 0, 0, 1, 0, 0, 0, 0, 0, 0, 0, 0, 0, 0, 0, 0]
[0, 0, 0, 0, 0, 1, 0, 0, 0, 0, 0, 0, 0, 0, 0, 0, 0, 0, 1, 0, 0, 0, 0, 0, 0]
[0, 0, 0, 0, 0, 0, 0, 0, 0, 0, 1, 0, 0, 0, 0, 0, 0, 0, 0, 0, 0, 0, 1, 0, 0]
[0, 0, 0, 0, 0, 0, 0, 0, 1, 1, 0, 0, 0, 0, 0, 0, 0, 0, 0, 0, 0, 0, 0, 0, 0]
[0, 0, 0, 0, 0, 1, 0, 0, 0, 0, 0, 0, 0, 0, 0, 0, 0, 0, 0, 0, 0, 0, 0, 1, 0]
[1, 0, 0, 0, 0, 0, 0, 0, 0, 0, 0, 0, 0, 0, 0, 0, 0, 0, 0, 1, 0, 0, 0, 0, 0]
[0, 0, 0, 0, 0, 0, 0, 0, 0, 1, 0, 0, 0, 0, 0, 0, 0, 0, 1, 0, 0, 0, 0, 0, 0]
expected_second_stage_value: 61739.09658600656
9 trial
expected_second_stage_value: 2972.7953660247254
9 trial
[0, 0, 0, 0, 0, 0, 0, 1, 0, 0, 0, 0, 1, 0, 0, 0, 0, 0, 0, 0, 0, 0, 0, 0, 0]
expected_second_stage_value: 21430.530615701206
9 trial
expected_second_stage_value: 4573.045546124404
9 trial
expected_second_stage_value: 45283.95346994912
9 trial
[1, 0, 0, 0, 0, 0, 0, 0, 0, 1, 0, 0, 0, 0, 0, 0, 0, 0, 0, 0, 0, 0, 0, 0, 0]
[0, 0, 0, 0, 0, 1, 0, 0, 0, 0, 0, 1, 0, 0, 0, 0, 0, 0, 0, 0, 0, 0, 0, 0, 0]
[0, 0, 0, 0, 1, 0, 1, 0, 0, 0, 0, 0, 0, 0, 0, 0, 0, 0, 0, 0, 0, 0, 0, 0, 0]
[0, 0, 0, 1, 0, 0, 0, 0, 0, 0, 0, 0, 0, 0, 1, 0, 0, 0, 0, 0, 0, 0, 0, 0, 0]
[1, 0, 0, 0, 0, 0, 0, 0, 0, 0, 0, 0, 1, 0, 0, 0, 0, 0, 0, 0, 0, 0, 0, 0, 0]
[1, 0, 0, 0, 0, 0, 0, 0, 0, 1, 0, 0, 0, 0, 0, 0, 0, 0, 0, 0, 0, 0, 0, 0, 0]
[0, 0, 0, 0, 0, 0, 0, 0, 0, 1, 0, 0, 0, 0, 0, 0, 0, 0, 0, 1, 0, 0, 0, 0, 0]
expected_second_stage_value: 54383.6915915024
9 trial
[0, 0, 1, 0, 0, 0, 1, 0, 0, 0, 0, 0, 0, 0, 0, 0, 0, 0, 0, 0, 0, 0, 0, 0, 0]
[0, 0, 0, 0, 0, 0, 0, 0, 1, 0, 0, 0, 0, 0, 0, 0, 0, 0, 1, 0, 0, 0, 0, 0, 0]
[0, 0, 0, 1, 0, 1, 0, 0, 0, 0, 0, 0, 0, 0, 0, 0, 0, 0, 0, 0, 0, 0, 0, 0, 0]
[0, 0, 0, 0, 1, 0, 0, 0, 0, 0, 0, 0, 0, 0, 1, 0, 0, 0, 0, 0, 0, 0, 0, 0, 0]
[0, 0, 0, 0, 0, 0, 1, 0, 0, 0, 0, 0, 0, 0, 0, 1, 0, 0, 0, 0, 0, 0, 0, 0, 0]
[0, 0, 0, 0, 0, 0, 0, 0, 1, 0, 0, 0, 0, 0, 0, 1, 0, 0, 0, 0, 0, 0, 0, 0, 0]
expected_second_stage_value: 717.4077166832383
9 trial
[0, 0, 0, 0, 0, 1, 0, 0, 0, 1, 0, 0, 0, 0, 0, 0, 0, 0, 0, 0, 0, 0, 0, 0, 0]
expected_second_stage_value: 34913.03790592995
expected_second_stage_value: 29132.241121431016
expected_second_stage_value: 50707.699063879314
expected_second_stage_value: 146925.36079136413
expected_second_stage_value: 18851.16173170336
expected_second_stage_value: 86026.54454755136
expected_second_stage_value: 196621.4874183212
expected_second_stage_value: 29455.63201141191
expected_second_stage_value: 150469.8573666535
expected_second_stage_value: 7258.4877187853635
expected_second_stage_value: 150489.0546880187
expected_second_stage_value: 23699.150609365504
expected_second_stage_value: 72628.85477354644
expected_second_stage_value: 6495.913697146957
expected_second_stage_value: 57117.40867569237
expected_second_stage_value: 47840.15971598984
expected_second_stage_value: 478.9447788146382
expected_second_stage_value: 113508.05568918106
expected_second_stage_value: 84354.0943995389
expected_second_stage_value: 164392.16989451644
expected_second_stage_value: 20820.204632187008
expected_second_stage_value: 59164.99517291787
expected_second_stage_value: 142789.03721943704
expected_second_stage_value: 85629.05787211537
expected_second_stage_value: 119593.8816650376
expected_second_stage_value: 39820.45828997338
expected_second_stage_value: 27809.549442268082
expected_second_stage_value: 68356.38249209394
expected_second_stage_value: 11041.892922844
expected_second_stage_value: 16832.254702102917
data_file:  data/CPLP_50_50/scenario_6.dat
0 trial
data_file:  data/CPLP_50_50/scenario_22.dat
0 trial
data_file:  data/CPLP_50_50/scenario_23.dat
0 trial
data_file:  data/CPLP_50_50/scenario_25.dat
0 trial
data_file:  data/CPLP_50_50/scenario_21.dat
0 trial
data_file:  data/CPLP_50_50/scenario_0.dat
0 trial
data_file:  data/CPLP_50_50/scenario_3.dat
0 trial
data_file:  data/CPLP_50_50/scenario_9.dat
0 trial
data_file:  data/CPLP_50_50/scenario_2.dat
0 trial
data_file:  data/CPLP_50_50/scenario_10.dat
0 trial
data_file:  data/CPLP_50_50/scenario_8.dat
0 trial
data_file:  data/CPLP_50_50/scenario_18.dat
0 trial
data_file:  data/CPLP_50_50/scenario_4.dat
0 trial
data_file:  data/CPLP_50_50/scenario_29.dat
0 trial
data_file:  data/CPLP_50_50/scenario_24.dat
0 trial
data_file:  data/CPLP_50_50/scenario_13.dat
0 trial
data_file:  data/CPLP_50_50/scenario_19.dat
0 trial
data_file:  data/CPLP_50_50/scenario_1.dat
0 trial
data_file:  data/CPLP_50_50/scenario_14.dat
0 trial
data_file:  data/CPLP_50_50/scenario_17.dat
0 trial
data_file:  data/CPLP_50_50/scenario_15.dat
0 trial
data_file:  data/CPLP_50_50/scenario_20.dat
0 trial
data_file:  data/CPLP_50_50/scenario_11.dat
0 trial
data_file:  data/CPLP_50_50/scenario_16.dat
0 trial
data_file:  data/CPLP_50_50/scenario_26.dat
0 trial
data_file:  data/CPLP_50_50/scenario_5.dat
0 trial
data_file:  data/CPLP_50_50/scenario_7.dat
0 trial
data_file:  data/CPLP_50_50/scenario_27.dat
0 trial
data_file:  data/CPLP_50_50/scenario_12.dat
0 trial
data_file:  data/CPLP_50_50/scenario_28.dat
0 trial
[0, 0, 0, 1, 0, 0, 0, 0, 0, 0, 0, 0, 0, 0, 0, 0, 0, 0, 0, 0, 0, 0, 0, 0, 0, 0, 0, 0, 0, 0, 0, 0, 0, 0, 0, 0, 0, 0, 0, 0, 0, 0, 0, 0, 0, 0, 0, 1, 1, 0]
[0, 0, 0, 0, 0, 0, 0, 0, 0, 0, 0, 0, 0, 0, 0, 0, 0, 0, 0, 0, 0, 0, 0, 0, 0, 1, 1, 0, 0, 0, 0, 0, 0, 0, 0, 1, 0, 0, 0, 0, 0, 0, 0, 0, 0, 0, 0, 0, 0, 0]
[0, 0, 0, 0, 0, 0, 0, 0, 0, 0, 0, 1, 0, 0, 1, 0, 0, 0, 0, 0, 0, 0, 0, 0, 0, 1, 0, 0, 0, 0, 0, 0, 0, 0, 0, 0, 0, 0, 0, 0, 0, 0, 0, 0, 0, 0, 0, 0, 0, 0]
[0, 1, 0, 0, 0, 0, 0, 0, 0, 0, 0, 0, 0, 0, 0, 0, 0, 0, 0, 0, 0, 0, 0, 0, 0, 0, 0, 0, 0, 0, 0, 0, 0, 0, 0, 0, 0, 0, 0, 0, 0, 0, 0, 0, 0, 1, 0, 0, 0, 1]
[0, 0, 0, 0, 0, 0, 0, 0, 0, 0, 0, 0, 0, 0, 0, 0, 0, 0, 0, 0, 0, 1, 0, 0, 0, 1, 0, 0, 0, 0, 0, 0, 0, 0, 0, 0, 0, 0, 0, 1, 0, 0, 0, 0, 0, 0, 0, 0, 0, 0]
[0, 0, 0, 0, 0, 0, 0, 0, 0, 0, 0, 0, 0, 0, 0, 0, 0, 0, 0, 0, 0, 0, 0, 0, 0, 0, 0, 0, 0, 0, 0, 1, 0, 0, 0, 0, 0, 0, 0, 0, 0, 0, 0, 0, 1, 0, 1, 0, 0, 0]
[0, 0, 0, 0, 0, 0, 1, 0, 0, 0, 0, 0, 0, 0, 0, 0, 0, 0, 0, 0, 0, 1, 0, 0, 0, 0, 0, 0, 0, 0, 0, 0, 0, 1, 0, 0, 0, 0, 0, 0, 0, 0, 0, 0, 0, 0, 0, 0, 0, 0]
[0, 0, 0, 0, 0, 0, 0, 0, 0, 1, 0, 0, 0, 0, 0, 0, 0, 0, 0, 1, 0, 0, 0, 0, 0, 0, 0, 0, 0, 0, 0, 0, 0, 0, 0, 0, 1, 0, 0, 0, 0, 0, 0, 0, 0, 0, 0, 0, 0, 1]
[0, 0, 0, 1, 0, 0, 0, 0, 0, 0, 0, 0, 0, 0, 0, 0, 1, 0, 0, 0, 0, 0, 0, 0, 0, 1, 0, 0, 0, 0, 0, 0, 1, 0, 0, 0, 0, 0, 0, 0, 0, 0, 0, 0, 0, 0, 0, 0, 0, 0]
[0, 0, 0, 0, 0, 0, 0, 0, 0, 0, 1, 0, 0, 0, 0, 0, 0, 0, 0, 0, 0, 1, 0, 0, 0, 0, 0, 1, 0, 0, 0, 0, 0, 0, 0, 0, 0, 0, 0, 0, 0, 0, 0, 1, 0, 0, 0, 0, 0, 0]
[0, 0, 0, 1, 0, 0, 0, 0, 0, 0, 0, 0, 1, 0, 0, 0, 0, 0, 0, 0, 0, 0, 0, 0, 0, 0, 0, 0, 0, 0, 0, 0, 0, 0, 0, 0, 0, 0, 0, 1, 0, 0, 0, 0, 0, 0, 1, 0, 0, 0]
[0, 0, 0, 0, 0, 0, 0, 0, 0, 0, 0, 0, 0, 0, 0, 0, 0, 0, 1, 0, 0, 0, 0, 1, 0, 0, 0, 0, 0, 0, 0, 0, 0, 1, 0, 0, 1, 0, 0, 0, 0, 0, 0, 0, 0, 0, 0, 0, 0, 0]
[0, 0, 0, 0, 0, 0, 0, 0, 0, 1, 0, 0, 0, 0, 1, 0, 0, 0, 0, 1, 0, 0, 0, 0, 0, 0, 0, 0, 0, 0, 0, 0, 0, 0, 0, 0, 0, 0, 0, 0, 0, 0, 0, 0, 1, 0, 0, 0, 0, 0]
[0, 0, 0, 0, 0, 0, 0, 0, 0, 0, 0, 0, 0, 0, 0, 0, 0, 0, 0, 0, 0, 0, 0, 0, 0, 0, 0, 0, 0, 0, 0, 1, 1, 0, 0, 0, 0, 0, 1, 0, 0, 1, 0, 0, 0, 0, 0, 0, 0, 0]
[0, 0, 0, 0, 0, 0, 0, 0, 0, 0, 1, 0, 0, 0, 0, 1, 0, 0, 0, 0, 0, 0, 0, 0, 0, 0, 0, 0, 0, 0, 0, 0, 0, 1, 0, 0, 0, 0, 0, 0, 0, 0, 0, 0, 0, 0, 1, 0, 0, 0]
[0, 0, 0, 0, 0, 0, 0, 1, 0, 0, 0, 0, 0, 0, 0, 0, 0, 0, 0, 0, 0, 0, 0, 0, 0, 0, 1, 0, 0, 0, 1, 0, 0, 0, 0, 0, 0, 0, 0, 0, 0, 1, 0, 0, 0, 0, 0, 0, 0, 0]
[0, 1, 0, 0, 0, 0, 0, 0, 0, 0, 0, 0, 0, 0, 0, 0, 0, 1, 1, 0, 0, 0, 0, 0, 0, 0, 0, 0, 0, 0, 0, 0, 0, 0, 0, 0, 0, 1, 0, 0, 0, 0, 0, 0, 0, 0, 0, 0, 0, 0]
[0, 0, 0, 1, 0, 0, 0, 0, 0, 0, 0, 0, 0, 0, 0, 1, 0, 0, 0, 0, 0, 0, 0, 0, 0, 0, 0, 0, 0, 0, 0, 0, 0, 0, 0, 0, 0, 1, 0, 0, 0, 0, 0, 0, 0, 0, 0, 1, 0, 0]
[0, 0, 0, 0, 0, 0, 0, 1, 0, 0, 0, 0, 0, 0, 0, 0, 0, 0, 1, 1, 0, 0, 0, 0, 0, 0, 0, 0, 0, 0, 0, 0, 0, 0, 0, 0, 0, 0, 0, 0, 0, 1, 0, 0, 0, 0, 0, 0, 0, 0]
[0, 0, 0, 0, 0, 0, 0, 0, 0, 0, 0, 0, 0, 1, 0, 0, 0, 1, 0, 0, 1, 0, 0, 0, 0, 0, 0, 0, 0, 1, 0, 0, 0, 0, 0, 0, 0, 0, 0, 0, 0, 0, 0, 0, 0, 0, 0, 0, 0, 0]
[0, 0, 0, 0, 0, 0, 0, 0, 0, 0, 0, 0, 0, 0, 0, 0, 0, 0, 0, 0, 1, 0, 0, 0, 0, 0, 0, 0, 0, 0, 1, 0, 1, 0, 0, 0, 0, 0, 0, 0, 0, 0, 0, 0, 0, 0, 1, 0, 0, 0]
[0, 0, 0, 0, 0, 0, 0, 0, 0, 1, 0, 0, 0, 1, 0, 0, 0, 0, 0, 0, 0, 0, 0, 0, 0, 1, 0, 0, 0, 0, 1, 0, 0, 0, 0, 0, 0, 0, 0, 0, 0, 0, 0, 0, 0, 0, 0, 0, 0, 0]
[1, 0, 0, 0, 1, 0, 0, 0, 0, 0, 0, 0, 0, 0, 0, 0, 1, 0, 0, 0, 0, 0, 0, 0, 0, 0, 0, 0, 0, 0, 0, 0, 0, 0, 0, 1, 0, 0, 0, 0, 0, 0, 0, 0, 0, 0, 0, 0, 0, 0]
[0, 0, 0, 0, 0, 0, 0, 0, 0, 0, 0, 1, 0, 0, 0, 0, 0, 0, 0, 0, 0, 0, 0, 0, 0, 0, 0, 1, 0, 0, 0, 0, 0, 1, 0, 0, 0, 0, 0, 0, 0, 0, 0, 1, 0, 0, 0, 0, 0, 0]
[0, 0, 1, 0, 0, 0, 0, 0, 0, 0, 0, 0, 0, 0, 0, 0, 0, 0, 1, 0, 0, 0, 0, 0, 0, 0, 0, 0, 0, 0, 0, 0, 0, 0, 0, 0, 0, 0, 0, 1, 0, 0, 0, 1, 0, 0, 0, 0, 0, 0]
[0, 0, 0, 0, 0, 0, 0, 0, 0, 0, 0, 0, 0, 0, 0, 0, 0, 0, 0, 0, 0, 1, 0, 0, 0, 0, 0, 1, 0, 0, 0, 1, 0, 1, 0, 0, 0, 0, 0, 0, 0, 0, 0, 0, 0, 0, 0, 0, 0, 0]
[0, 0, 0, 0, 0, 0, 0, 0, 0, 0, 0, 0, 0, 1, 0, 0, 0, 0, 0, 0, 0, 0, 1, 1, 0, 0, 0, 0, 0, 0, 0, 0, 0, 0, 0, 0, 0, 0, 0, 0, 0, 0, 0, 0, 0, 1, 0, 0, 0, 0]
[0, 0, 1, 0, 0, 0, 0, 0, 0, 0, 0, 0, 0, 0, 0, 0, 0, 1, 0, 0, 0, 0, 0, 0, 0, 0, 0, 0, 0, 0, 0, 0, 0, 0, 0, 0, 0, 0, 0, 0, 1, 0, 0, 0, 0, 0, 0, 0, 0, 1]
[0, 0, 0, 0, 0, 0, 0, 0, 0, 0, 1, 0, 0, 0, 0, 0, 0, 0, 0, 0, 0, 1, 0, 0, 0, 0, 0, 0, 1, 1, 0, 0, 0, 0, 0, 0, 0, 0, 0, 0, 0, 0, 0, 0, 0, 0, 0, 0, 0, 0]
[0, 1, 0, 0, 0, 0, 0, 0, 0, 0, 0, 0, 0, 0, 0, 0, 0, 1, 0, 0, 0, 0, 0, 0, 0, 0, 0, 0, 0, 0, 0, 0, 0, 0, 0, 0, 0, 1, 0, 0, 0, 0, 0, 0, 0, 0, 0, 0, 1, 0]
expected_second_stage_value: 1375004.2047649706
1 trial
expected_second_stage_value: 1256737.335667339
1 trial
expected_second_stage_value: 1069011.2057102742
1 trial
expected_second_stage_value: 1362468.8162177233
1 trial
expected_second_stage_value: 1276221.7881723111
1 trial
expected_second_stage_value: 2550765.8151814826
1 trial
[0, 0, 0, 0, 0, 0, 0, 0, 0, 0, 0, 1, 0, 0, 0, 0, 0, 0, 0, 0, 0, 0, 0, 0, 0, 1, 0, 0, 0, 0, 0, 0, 0, 0, 0, 0, 0, 0, 1, 0, 0, 0, 0, 0, 0, 0, 0, 0, 0, 0]
[0, 0, 0, 0, 0, 0, 0, 0, 0, 0, 0, 0, 0, 0, 0, 0, 0, 0, 0, 0, 0, 0, 0, 0, 0, 0, 0, 0, 0, 0, 1, 0, 0, 0, 0, 0, 0, 1, 0, 0, 0, 0, 0, 0, 0, 0, 0, 1, 0, 0]
expected_second_stage_value: 927986.3449621752
1 trial
expected_second_stage_value: 44957.79247434187
1 trial
expected_second_stage_value: 122622.68661043717
1 trial
expected_second_stage_value: 903723.9905233993
1 trial
expected_second_stage_value: 58145.38794232269
1 trial
expected_second_stage_value: 170115.40764472392
1 trial
[0, 0, 0, 0, 0, 0, 0, 0, 0, 0, 0, 0, 0, 0, 0, 0, 0, 0, 0, 0, 0, 0, 0, 0, 1, 1, 1, 0, 0, 0, 0, 0, 0, 0, 0, 1, 0, 0, 0, 0, 0, 0, 0, 0, 0, 0, 0, 0, 0, 0]
expected_second_stage_value: 435175.15137228486
1 trial
expected_second_stage_value: 635093.8674534815
1 trial
expected_second_stage_value: 626654.7285363019
1 trial
expected_second_stage_value: 441605.60695245035
1 trial
expected_second_stage_value: 531524.1650237073
1 trial
expected_second_stage_value: 773099.5362713299
1 trial
expected_second_stage_value: 296633.61957599065
1 trial
[0, 0, 0, 1, 0, 0, 0, 0, 0, 0, 0, 0, 0, 0, 0, 0, 1, 0, 0, 0, 0, 1, 0, 0, 0, 1, 0, 0, 0, 0, 0, 0, 0, 0, 0, 0, 0, 0, 0, 0, 0, 0, 0, 0, 0, 0, 0, 0, 0, 0]
expected_second_stage_value: 669095.4526634257
1 trial
[0, 0, 0, 0, 0, 0, 0, 0, 0, 0, 0, 0, 0, 0, 0, 0, 0, 0, 0, 0, 0, 0, 0, 0, 0, 0, 0, 0, 0, 0, 0, 1, 0, 0, 0, 0, 0, 0, 1, 0, 0, 1, 0, 0, 0, 0, 0, 0, 0, 0]
expected_second_stage_value: 699500.002327743
1 trial
[0, 0, 0, 0, 0, 0, 1, 0, 0, 0, 0, 0, 0, 1, 0, 0, 0, 0, 0, 0, 0, 0, 0, 0, 0, 0, 0, 0, 0, 0, 0, 0, 1, 0, 0, 0, 0, 0, 0, 0, 0, 0, 0, 0, 0, 0, 1, 0, 0, 0]
[0, 0, 0, 0, 0, 1, 0, 1, 0, 0, 0, 0, 0, 0, 0, 0, 0, 0, 0, 0, 0, 0, 0, 0, 0, 0, 0, 0, 0, 0, 0, 1, 0, 0, 0, 0, 0, 0, 0, 0, 0, 0, 0, 0, 0, 0, 1, 0, 0, 0]
[0, 0, 0, 0, 0, 0, 0, 0, 0, 1, 0, 0, 0, 0, 0, 0, 0, 0, 0, 1, 0, 0, 0, 0, 0, 0, 0, 0, 0, 0, 0, 0, 0, 0, 0, 1, 1, 0, 0, 0, 0, 0, 0, 0, 0, 0, 0, 0, 0, 0]
expected_second_stage_value: 864583.1242339935
1 trial
[0, 0, 0, 0, 0, 0, 1, 0, 0, 0, 0, 0, 0, 1, 0, 0, 0, 0, 0, 0, 0, 1, 0, 0, 0, 0, 0, 0, 0, 0, 0, 0, 0, 0, 0, 0, 0, 0, 0, 0, 0, 0, 0, 1, 0, 0, 0, 0, 0, 0]
[0, 0, 0, 0, 0, 0, 0, 0, 0, 0, 0, 0, 0, 1, 0, 0, 0, 0, 0, 0, 1, 0, 0, 0, 0, 0, 0, 0, 0, 1, 0, 0, 0, 0, 0, 0, 0, 0, 0, 0, 0, 0, 0, 0, 0, 0, 0, 0, 0, 0]
expected_second_stage_value: 48413.88713180273
1 trial
[0, 0, 0, 1, 0, 0, 0, 0, 0, 0, 0, 0, 1, 0, 0, 0, 0, 0, 1, 0, 0, 0, 0, 0, 0, 0, 0, 0, 0, 0, 0, 0, 0, 0, 0, 0, 0, 0, 0, 1, 0, 0, 0, 0, 0, 0, 0, 0, 0, 0]
[0, 0, 0, 0, 0, 0, 0, 0, 0, 0, 0, 0, 0, 0, 0, 1, 0, 0, 0, 0, 0, 0, 0, 0, 0, 1, 0, 0, 0, 0, 0, 0, 1, 0, 0, 0, 0, 0, 0, 0, 0, 0, 0, 0, 0, 0, 0, 0, 1, 0]
expected_second_stage_value: 362363.5510781347
1 trial
[0, 0, 0, 0, 0, 0, 0, 1, 1, 0, 0, 0, 0, 0, 0, 0, 0, 0, 0, 0, 0, 0, 0, 0, 0, 1, 0, 0, 0, 0, 0, 0, 0, 0, 0, 0, 1, 0, 0, 0, 0, 0, 0, 0, 0, 0, 0, 0, 0, 0]
expected_second_stage_value: 414914.2083217901
1 trial
[0, 0, 0, 0, 0, 0, 0, 0, 0, 0, 0, 0, 0, 0, 0, 0, 0, 0, 0, 0, 0, 0, 0, 0, 0, 0, 0, 0, 0, 0, 0, 0, 0, 0, 0, 1, 0, 0, 0, 0, 0, 0, 0, 0, 0, 1, 0, 0, 1, 1]
expected_second_stage_value: 775925.5036422103
1 trial
expected_second_stage_value: 314696.4057232543
1 trial
[0, 0, 1, 0, 0, 0, 0, 0, 0, 0, 0, 0, 0, 0, 0, 0, 0, 0, 0, 0, 0, 0, 0, 0, 0, 0, 0, 0, 0, 0, 0, 0, 1, 0, 0, 0, 0, 0, 0, 0, 0, 0, 0, 1, 0, 0, 0, 0, 0, 0]
[0, 0, 0, 0, 0, 0, 0, 0, 0, 1, 0, 0, 0, 0, 1, 0, 0, 0, 0, 0, 0, 0, 0, 0, 0, 0, 0, 1, 0, 0, 0, 0, 0, 0, 0, 0, 0, 0, 0, 0, 1, 0, 0, 0, 0, 0, 0, 0, 0, 0]
expected_second_stage_value: 788129.3581245025
1 trial
expected_second_stage_value: 287164.8533105628
1 trial
[0, 0, 0, 1, 0, 0, 0, 0, 0, 0, 0, 0, 0, 0, 0, 0, 0, 0, 0, 0, 0, 0, 0, 1, 0, 0, 0, 0, 0, 0, 0, 0, 0, 1, 0, 0, 0, 0, 0, 1, 0, 0, 0, 0, 0, 0, 0, 0, 0, 0]
[0, 0, 0, 0, 0, 0, 0, 1, 0, 0, 0, 0, 0, 0, 0, 0, 0, 0, 1, 1, 0, 0, 0, 0, 0, 0, 0, 0, 0, 0, 0, 0, 0, 0, 0, 0, 0, 0, 0, 0, 0, 1, 0, 0, 0, 0, 0, 0, 0, 0]
expected_second_stage_value: 372194.30573628226
1 trial
[0, 0, 0, 0, 0, 1, 0, 0, 0, 0, 0, 0, 0, 0, 0, 0, 0, 0, 1, 0, 0, 0, 0, 0, 0, 0, 0, 0, 0, 0, 0, 1, 1, 0, 0, 0, 0, 0, 0, 0, 0, 0, 0, 0, 0, 0, 0, 0, 0, 0]
[0, 0, 0, 0, 0, 0, 0, 0, 1, 0, 0, 0, 0, 0, 0, 0, 0, 0, 0, 0, 0, 0, 0, 0, 0, 0, 0, 0, 0, 0, 1, 0, 0, 0, 0, 0, 0, 1, 0, 0, 0, 1, 0, 0, 0, 0, 0, 0, 0, 0]
[0, 1, 0, 0, 0, 0, 0, 0, 0, 0, 0, 0, 0, 0, 0, 0, 0, 1, 0, 0, 0, 0, 0, 0, 0, 0, 0, 0, 0, 0, 0, 0, 0, 0, 0, 0, 0, 0, 0, 0, 0, 0, 0, 0, 0, 0, 0, 0, 0, 1]
[0, 0, 0, 0, 0, 0, 0, 0, 0, 0, 0, 0, 0, 1, 0, 1, 0, 0, 0, 0, 0, 0, 0, 0, 0, 0, 0, 0, 0, 0, 0, 1, 0, 0, 0, 0, 0, 0, 0, 0, 0, 0, 0, 0, 0, 0, 0, 1, 0, 0]
[0, 1, 0, 0, 0, 1, 0, 0, 0, 0, 0, 0, 0, 0, 0, 0, 0, 1, 0, 0, 0, 0, 0, 0, 0, 0, 0, 0, 0, 0, 0, 0, 0, 0, 0, 0, 0, 0, 0, 1, 0, 0, 0, 0, 0, 0, 0, 0, 0, 0]
[0, 0, 0, 0, 0, 0, 0, 0, 0, 0, 0, 0, 0, 0, 0, 0, 1, 0, 0, 0, 0, 0, 0, 0, 0, 0, 0, 0, 0, 0, 0, 0, 0, 0, 0, 1, 0, 0, 0, 1, 0, 0, 1, 0, 0, 0, 0, 0, 0, 0]
[0, 0, 1, 0, 0, 0, 0, 0, 0, 0, 0, 0, 0, 0, 0, 0, 0, 0, 0, 0, 0, 0, 0, 0, 0, 1, 0, 0, 0, 0, 0, 0, 0, 0, 0, 0, 0, 0, 0, 0, 1, 0, 0, 0, 0, 0, 0, 0, 1, 0]
[0, 0, 0, 0, 0, 0, 1, 0, 0, 0, 0, 0, 0, 1, 0, 0, 0, 0, 0, 0, 0, 0, 0, 0, 0, 1, 0, 0, 0, 0, 0, 0, 0, 0, 0, 0, 0, 0, 0, 0, 0, 0, 0, 0, 0, 1, 0, 0, 0, 0]
[0, 0, 0, 0, 0, 1, 0, 0, 0, 0, 0, 0, 0, 0, 0, 0, 0, 0, 0, 0, 0, 0, 0, 0, 0, 0, 0, 1, 0, 0, 0, 0, 0, 1, 0, 0, 0, 0, 0, 0, 0, 0, 0, 0, 0, 0, 0, 1, 0, 0]
[0, 0, 0, 1, 0, 0, 0, 0, 0, 0, 0, 0, 0, 0, 0, 0, 0, 0, 0, 0, 0, 1, 0, 0, 0, 1, 0, 0, 0, 0, 0, 0, 0, 0, 0, 0, 0, 0, 0, 0, 0, 0, 0, 0, 0, 0, 0, 0, 1, 0]
[0, 0, 0, 0, 0, 0, 0, 0, 0, 0, 0, 0, 0, 0, 0, 0, 0, 0, 0, 0, 0, 0, 0, 0, 0, 0, 0, 1, 0, 0, 0, 0, 0, 1, 0, 0, 0, 0, 0, 0, 0, 1, 0, 0, 0, 0, 0, 0, 0, 1]
[0, 0, 0, 0, 0, 0, 0, 0, 0, 0, 0, 0, 0, 0, 0, 0, 0, 0, 0, 1, 0, 0, 0, 1, 0, 0, 0, 1, 0, 0, 0, 0, 0, 0, 0, 0, 0, 0, 0, 0, 0, 0, 0, 0, 0, 1, 0, 0, 0, 0]
expected_second_stage_value: 1812365.3554119214
2 trial
expected_second_stage_value: 1025495.431093195
2 trial
expected_second_stage_value: 266450.65111565473
2 trial
expected_second_stage_value: 1125492.1411702374
2 trial
expected_second_stage_value: 407885.927105334
2 trial
expected_second_stage_value: 232551.54097497027
2 trial
expected_second_stage_value: 604756.8746993232
2 trial
expected_second_stage_value: 32136.842632326825
2 trial
[0, 0, 0, 0, 0, 0, 0, 0, 1, 0, 0, 0, 0, 0, 0, 0, 0, 0, 0, 0, 0, 0, 0, 0, 0, 1, 1, 0, 0, 0, 0, 0, 0, 0, 0, 0, 0, 0, 0, 0, 0, 0, 0, 0, 0, 0, 1, 0, 0, 0]
expected_second_stage_value: 408501.1374588127
2 trial
expected_second_stage_value: 1046489.567534126
2 trial
expected_second_stage_value: 2186.8245689532523
2 trial
expected_second_stage_value: 94885.24921671308
2 trial
expected_second_stage_value: 209756.04730071756
2 trial
[0, 0, 0, 0, 0, 1, 0, 0, 0, 0, 0, 1, 0, 0, 0, 0, 0, 0, 0, 0, 0, 0, 0, 0, 0, 1, 0, 0, 0, 0, 0, 0, 0, 0, 0, 0, 0, 0, 1, 0, 0, 0, 0, 0, 0, 0, 0, 0, 0, 0]
[0, 0, 0, 1, 0, 0, 0, 0, 0, 0, 0, 0, 0, 0, 0, 0, 0, 1, 0, 0, 0, 0, 0, 0, 0, 0, 1, 0, 0, 0, 0, 0, 0, 0, 0, 1, 0, 0, 0, 0, 0, 0, 0, 0, 0, 0, 0, 0, 0, 0]
[0, 0, 0, 0, 0, 0, 0, 0, 0, 0, 0, 0, 0, 1, 0, 0, 0, 0, 0, 0, 0, 0, 0, 0, 0, 0, 0, 0, 0, 1, 0, 0, 0, 0, 0, 0, 0, 0, 0, 0, 0, 0, 0, 0, 0, 0, 0, 1, 0, 0]
expected_second_stage_value: 780365.4774943878
2 trial
[0, 0, 0, 0, 0, 0, 0, 0, 0, 0, 0, 0, 0, 0, 1, 0, 0, 0, 0, 0, 0, 0, 0, 0, 0, 1, 0, 0, 0, 0, 0, 1, 0, 0, 0, 0, 0, 0, 0, 0, 0, 0, 0, 0, 0, 0, 0, 0, 0, 0]
[1, 0, 0, 0, 0, 0, 0, 0, 0, 0, 0, 0, 0, 0, 0, 0, 0, 0, 0, 0, 0, 0, 0, 0, 0, 0, 0, 0, 0, 0, 0, 1, 0, 0, 0, 0, 0, 0, 1, 0, 0, 1, 0, 0, 0, 0, 0, 0, 0, 0]
expected_second_stage_value: 818548.3632017305
2 trial
[0, 0, 0, 1, 1, 0, 0, 0, 0, 0, 0, 0, 0, 0, 0, 0, 0, 0, 0, 0, 0, 0, 0, 0, 0, 0, 0, 0, 0, 0, 0, 0, 0, 0, 0, 0, 0, 0, 0, 1, 0, 0, 0, 0, 0, 0, 0, 0, 0, 0]
expected_second_stage_value: 191195.11465966806
2 trial
[0, 0, 0, 0, 1, 0, 0, 0, 0, 0, 0, 0, 0, 0, 0, 0, 0, 0, 0, 0, 0, 0, 0, 0, 0, 0, 0, 0, 0, 0, 0, 0, 1, 0, 0, 0, 0, 1, 0, 0, 0, 0, 0, 0, 0, 0, 1, 0, 0, 0]
[0, 0, 1, 0, 0, 0, 0, 0, 0, 0, 0, 0, 0, 0, 0, 0, 0, 0, 0, 0, 0, 0, 0, 0, 0, 0, 0, 0, 0, 0, 0, 0, 1, 0, 0, 0, 1, 0, 0, 0, 0, 0, 0, 0, 0, 0, 0, 0, 0, 0]
expected_second_stage_value: 897950.0195343796
2 trial
[0, 0, 0, 0, 0, 0, 0, 0, 1, 0, 0, 1, 0, 0, 0, 0, 1, 0, 0, 0, 0, 0, 0, 0, 0, 1, 0, 0, 0, 0, 0, 0, 0, 0, 0, 0, 0, 0, 0, 0, 0, 0, 0, 0, 0, 0, 0, 0, 0, 0]
[0, 0, 0, 0, 0, 0, 0, 0, 0, 0, 0, 0, 0, 0, 1, 0, 0, 0, 0, 1, 0, 0, 0, 0, 0, 0, 0, 0, 0, 1, 0, 0, 0, 0, 0, 0, 0, 0, 0, 0, 0, 0, 0, 0, 0, 0, 0, 0, 0, 1]
[0, 0, 0, 0, 0, 0, 0, 0, 0, 0, 1, 0, 0, 0, 1, 0, 0, 0, 0, 0, 0, 1, 0, 0, 0, 0, 0, 0, 0, 0, 0, 0, 0, 0, 0, 0, 0, 0, 0, 0, 0, 0, 0, 1, 0, 0, 0, 0, 0, 0]
expected_second_stage_value: 531524.1650237073
2 trial
expected_second_stage_value: 117921.0927271008
2 trial
expected_second_stage_value: 908781.0048550452
2 trial
[0, 0, 0, 0, 0, 0, 0, 0, 1, 0, 0, 0, 0, 0, 0, 0, 0, 0, 0, 0, 1, 0, 0, 0, 0, 1, 0, 0, 0, 0, 0, 0, 0, 0, 0, 0, 1, 0, 0, 0, 0, 0, 0, 0, 0, 0, 0, 0, 0, 0]
expected_second_stage_value: 824234.8643613389
2 trial
expected_second_stage_value: 565588.2735785295
2 trial
[0, 0, 0, 0, 0, 0, 0, 0, 0, 0, 0, 0, 0, 0, 0, 1, 0, 0, 0, 0, 0, 0, 0, 0, 0, 1, 0, 0, 0, 0, 0, 0, 0, 0, 0, 0, 1, 0, 0, 0, 0, 0, 0, 0, 0, 0, 0, 0, 1, 0]
expected_second_stage_value: 703160.7090288459
2 trial
expected_second_stage_value: 14746.95501006975
2 trial
expected_second_stage_value: 40514.79013545662
2 trial
expected_second_stage_value: 409461.29874598066
2 trial
[0, 0, 0, 0, 0, 0, 0, 0, 0, 0, 0, 0, 0, 0, 1, 0, 0, 0, 0, 1, 0, 0, 0, 0, 0, 0, 0, 0, 0, 0, 0, 0, 0, 0, 0, 0, 0, 0, 0, 0, 1, 0, 0, 1, 0, 0, 0, 0, 0, 0]
expected_second_stage_value: 795147.2976487838
2 trial
[0, 0, 0, 0, 0, 0, 0, 0, 0, 0, 0, 0, 0, 0, 0, 0, 0, 0, 0, 0, 0, 0, 0, 0, 0, 0, 0, 0, 0, 0, 0, 0, 0, 0, 0, 1, 0, 0, 0, 0, 0, 0, 0, 1, 0, 1, 0, 0, 0, 1]
[0, 0, 0, 1, 0, 0, 0, 0, 0, 0, 0, 0, 0, 0, 0, 0, 0, 0, 0, 0, 0, 0, 0, 1, 0, 0, 0, 0, 0, 0, 0, 0, 0, 1, 0, 0, 0, 1, 0, 0, 0, 0, 0, 0, 0, 0, 0, 0, 0, 0]
[0, 0, 0, 0, 0, 0, 0, 1, 0, 0, 0, 0, 0, 0, 0, 0, 0, 0, 0, 1, 0, 1, 0, 0, 0, 0, 0, 0, 0, 0, 0, 0, 0, 0, 0, 0, 0, 0, 0, 0, 0, 0, 0, 0, 0, 0, 0, 0, 1, 0]
[0, 1, 0, 0, 0, 0, 0, 0, 0, 0, 0, 0, 0, 0, 0, 0, 0, 1, 1, 0, 0, 0, 0, 0, 0, 0, 0, 0, 0, 0, 0, 0, 0, 0, 0, 0, 0, 0, 0, 0, 0, 0, 0, 0, 0, 0, 1, 0, 0, 0]
expected_second_stage_value: 78610.46480545179
2 trial
expected_second_stage_value: 289514.8904203061
2 trial
expected_second_stage_value: 418751.6753364067
2 trial
[0, 0, 0, 0, 0, 0, 0, 0, 0, 0, 0, 0, 0, 0, 0, 0, 0, 0, 0, 0, 1, 0, 0, 0, 0, 0, 0, 0, 0, 0, 0, 0, 1, 0, 0, 0, 1, 0, 0, 0, 0, 0, 0, 0, 0, 0, 1, 0, 0, 0]
[0, 0, 0, 0, 0, 0, 0, 0, 0, 0, 0, 0, 0, 0, 0, 0, 0, 0, 0, 0, 0, 0, 0, 0, 0, 0, 0, 1, 0, 0, 0, 0, 0, 0, 0, 0, 0, 0, 1, 0, 0, 0, 1, 0, 0, 0, 0, 0, 0, 0]
[0, 0, 0, 0, 0, 0, 0, 0, 0, 0, 0, 0, 0, 0, 0, 0, 0, 0, 0, 0, 0, 0, 0, 0, 0, 0, 0, 0, 0, 0, 1, 0, 0, 0, 0, 0, 0, 1, 0, 0, 0, 1, 0, 0, 1, 0, 0, 0, 0, 0]
[0, 0, 0, 0, 0, 0, 0, 0, 0, 0, 0, 0, 0, 0, 1, 1, 0, 0, 0, 0, 0, 0, 0, 0, 0, 0, 0, 0, 0, 0, 0, 0, 0, 0, 0, 0, 0, 1, 0, 0, 0, 0, 0, 0, 0, 0, 0, 1, 0, 0]
[0, 0, 0, 0, 0, 0, 0, 0, 0, 0, 0, 0, 0, 0, 0, 1, 0, 0, 0, 0, 0, 0, 0, 0, 0, 0, 0, 0, 1, 0, 1, 0, 0, 0, 0, 0, 0, 0, 0, 0, 0, 0, 0, 0, 0, 0, 0, 0, 1, 0]
[0, 0, 0, 0, 0, 0, 0, 0, 0, 1, 0, 0, 0, 1, 0, 0, 0, 0, 0, 0, 0, 0, 0, 0, 0, 1, 0, 0, 0, 0, 0, 0, 0, 0, 0, 0, 0, 0, 0, 0, 0, 0, 1, 0, 0, 0, 0, 0, 0, 0]
[0, 0, 0, 0, 0, 0, 0, 0, 0, 0, 0, 0, 0, 1, 0, 0, 0, 0, 0, 0, 0, 0, 0, 0, 0, 0, 0, 0, 0, 0, 0, 0, 0, 1, 0, 0, 1, 0, 0, 0, 0, 0, 0, 0, 0, 0, 0, 1, 0, 0]
[0, 0, 1, 0, 0, 0, 0, 0, 0, 0, 0, 0, 0, 0, 0, 0, 0, 1, 0, 0, 0, 0, 0, 0, 0, 0, 0, 0, 0, 1, 0, 0, 0, 0, 0, 0, 0, 0, 0, 0, 1, 0, 0, 0, 0, 0, 0, 0, 0, 0]
[0, 0, 0, 0, 0, 0, 0, 0, 0, 0, 0, 0, 0, 0, 1, 0, 0, 0, 0, 0, 0, 1, 0, 0, 0, 0, 0, 0, 1, 1, 0, 0, 0, 0, 0, 0, 0, 0, 0, 0, 0, 0, 0, 0, 0, 0, 0, 0, 0, 0]
[0, 0, 0, 0, 0, 0, 0, 0, 0, 0, 0, 0, 0, 0, 0, 0, 0, 0, 0, 1, 0, 0, 0, 1, 0, 0, 0, 1, 0, 0, 0, 0, 0, 0, 0, 0, 0, 0, 0, 0, 0, 0, 0, 0, 0, 1, 0, 0, 0, 0]
[1, 0, 0, 0, 0, 0, 0, 0, 0, 0, 0, 0, 0, 0, 0, 0, 1, 0, 0, 0, 0, 0, 0, 0, 0, 0, 0, 0, 0, 0, 0, 0, 0, 0, 0, 0, 0, 0, 1, 0, 0, 0, 0, 0, 1, 0, 0, 0, 0, 0]
expected_second_stage_value: 51554.30704293861
3 trial
expected_second_stage_value: 135490.75735987947
3 trial
expected_second_stage_value: 772725.366005676
3 trial
expected_second_stage_value: 353699.2240645667
3 trial
expected_second_stage_value: 2210827.2565561305
3 trial
expected_second_stage_value: 887216.0950678695
3 trial
expected_second_stage_value: 1183475.9675110446
3 trial
expected_second_stage_value: 136312.22459975953
3 trial
expected_second_stage_value: 598884.1970275986
3 trial
[0, 0, 0, 0, 0, 0, 0, 0, 0, 0, 0, 0, 0, 0, 0, 0, 0, 0, 0, 0, 0, 0, 0, 0, 0, 0, 0, 0, 0, 0, 0, 0, 0, 0, 0, 0, 0, 0, 1, 0, 0, 1, 0, 0, 0, 1, 0, 0, 0, 1]
[0, 0, 0, 0, 1, 0, 0, 0, 0, 0, 0, 0, 0, 0, 0, 0, 0, 0, 0, 0, 0, 0, 0, 0, 0, 0, 0, 0, 0, 0, 0, 0, 0, 0, 0, 0, 0, 0, 0, 1, 0, 0, 0, 0, 0, 0, 0, 0, 0, 1]
expected_second_stage_value: 79113.30938296374
3 trial
expected_second_stage_value: 362076.76098265
3 trial
expected_second_stage_value: 637091.3920914804
3 trial
expected_second_stage_value: 99965.1874850372
3 trial
[0, 1, 0, 0, 0, 0, 0, 0, 0, 0, 0, 0, 0, 0, 0, 0, 0, 0, 0, 0, 0, 0, 0, 0, 0, 1, 1, 0, 0, 0, 0, 0, 0, 1, 0, 0, 0, 0, 0, 0, 0, 0, 0, 0, 0, 0, 0, 0, 0, 0]
[1, 0, 0, 0, 0, 0, 0, 0, 0, 0, 0, 1, 0, 0, 0, 0, 0, 0, 0, 0, 0, 0, 0, 0, 0, 1, 0, 0, 0, 0, 0, 0, 0, 0, 0, 0, 0, 0, 1, 0, 0, 0, 0, 0, 0, 0, 0, 0, 0, 0]
[1, 0, 0, 0, 0, 0, 0, 0, 0, 0, 0, 1, 0, 0, 0, 0, 1, 0, 0, 0, 0, 0, 0, 0, 0, 1, 0, 0, 0, 0, 0, 0, 0, 0, 0, 0, 0, 0, 0, 0, 0, 0, 0, 0, 0, 0, 0, 0, 0, 0]
expected_second_stage_value: 247255.02236574286
3 trial
[0, 0, 0, 0, 0, 0, 0, 0, 0, 0, 0, 0, 0, 0, 0, 0, 0, 1, 0, 0, 0, 0, 0, 0, 0, 0, 1, 0, 0, 0, 1, 0, 0, 0, 0, 0, 0, 0, 0, 0, 0, 0, 0, 0, 0, 0, 0, 1, 0, 0]
[0, 0, 0, 0, 0, 1, 0, 0, 0, 0, 0, 0, 0, 0, 1, 0, 0, 0, 0, 0, 1, 0, 0, 0, 0, 0, 0, 0, 0, 0, 0, 1, 0, 0, 0, 0, 0, 0, 0, 0, 0, 0, 0, 0, 0, 0, 0, 0, 0, 0]
[0, 0, 0, 0, 0, 0, 1, 0, 0, 0, 0, 0, 0, 0, 0, 0, 0, 0, 0, 0, 0, 0, 0, 0, 0, 0, 0, 0, 0, 0, 0, 0, 1, 1, 0, 0, 1, 0, 0, 0, 0, 0, 0, 0, 0, 0, 0, 0, 0, 0]
[0, 0, 0, 0, 0, 0, 0, 1, 0, 0, 0, 0, 0, 0, 0, 1, 0, 0, 0, 0, 0, 0, 0, 0, 0, 0, 0, 0, 0, 0, 0, 0, 0, 0, 1, 0, 0, 0, 0, 0, 0, 0, 0, 0, 0, 0, 0, 0, 0, 0]
expected_second_stage_value: 1003504.3142914593
3 trial
[0, 0, 0, 0, 1, 0, 0, 0, 0, 0, 0, 0, 0, 0, 0, 0, 0, 0, 1, 0, 0, 0, 0, 0, 0, 0, 0, 0, 0, 0, 0, 0, 0, 0, 0, 0, 0, 0, 0, 1, 0, 0, 0, 1, 0, 0, 0, 0, 0, 0]
