data_file: data/CPLP_10_10/scenario_22.dat | 0 trial
data_file: data/CPLP_10_10/scenario_15.dat | 0 trial
data_file: data/CPLP_10_10/scenario_14.dat | 0 trial
data_file: data/CPLP_10_10/scenario_16.dat | 0 trial
data_file: data/CPLP_10_10/scenario_1.dat | 0 trial
data_file: data/CPLP_10_10/scenario_26.dat | 0 trial
data_file: data/CPLP_10_10/scenario_0.dat | 0 trial
data_file: data/CPLP_10_10/scenario_19.dat | 0 trial
data_file: data/CPLP_10_10/scenario_20.dat | 0 trial
data_file: data/CPLP_10_10/scenario_18.dat | 0 trial
data_file: data/CPLP_10_10/scenario_23.dat | 0 trial
data_file: data/CPLP_10_10/scenario_11.dat | 0 trial
data_file: data/CPLP_10_10/scenario_27.dat | 0 trial
data_file: data/CPLP_10_10/scenario_13.dat | 0 trial
data_file: data/CPLP_10_10/scenario_12.dat | 0 trial
data_file: data/CPLP_10_10/scenario_4.dat | 0 trial
data_file: data/CPLP_10_10/scenario_17.dat | 0 trial
data_file: data/CPLP_10_10/scenario_10.dat | 0 trial
data_file: data/CPLP_10_10/scenario_8.dat | 0 trial
data_file: data/CPLP_10_10/scenario_7.dat | 0 trial
data_file: data/CPLP_10_10/scenario_28.dat | 0 trial
data_file: data/CPLP_10_10/scenario_24.dat | 0 trial
data_file: data/CPLP_10_10/scenario_5.dat | 0 trial
data_file: data/CPLP_10_10/scenario_21.dat | 0 trial
data_file: data/CPLP_10_10/scenario_2.dat | 0 trial
data_file: data/CPLP_10_10/scenario_25.dat | 0 trial
data_file: data/CPLP_10_10/scenario_3.dat | 0 trial
data_file: data/CPLP_10_10/scenario_9.dat | 0 trial
data_file: data/CPLP_10_10/scenario_29.dat | 0 trial
data_file: data/CPLP_10_10/scenario_6.dat | 0 trial
38.155177565519445
WARNING: Loading a SolverResults object with a warning status into
model.name="unknown";
    - termination condition: infeasible
    - message from solver: Model was proven to be infeasible.
ERROR: evaluating object as numeric value: x[C0,P0]
        (object: <class 'pyomo.core.base.var._GeneralVarData'>)
    No value for uninitialized NumericValue object x[C0,P0]
ERROR: evaluating object as numeric value: obj
        (object: <class 'pyomo.core.base.objective.ScalarObjective'>)
    No value for uninitialized NumericValue object x[C0,P0]
31.33913680180961
WARNING: Loading a SolverResults object with a warning status into
model.name="unknown";
    - termination condition: infeasible
    - message from solver: Model was proven to be infeasible.
ERROR: evaluating object as numeric value: x[C0,P0]
        (object: <class 'pyomo.core.base.var._GeneralVarData'>)
    No value for uninitialized NumericValue object x[C0,P0]
ERROR: evaluating object as numeric value: obj
        (object: <class 'pyomo.core.base.objective.ScalarObjective'>)
    No value for uninitialized NumericValue object x[C0,P0]
25.74246748598447
34.48196309325521
WARNING: Loading a SolverResults object with a warning status into
model.name="unknown";
    - termination condition: infeasible
    - message from solver: Model was proven to be infeasible.
ERROR: evaluating object as numeric value: x[C0,P0]
        (object: <class 'pyomo.core.base.var._GeneralVarData'>)
    No value for uninitialized NumericValue object x[C0,P0]
ERROR: evaluating object as numeric value: obj
        (object: <class 'pyomo.core.base.objective.ScalarObjective'>)
    No value for uninitialized NumericValue object x[C0,P0]
WARNING: Loading a SolverResults object with a warning status into
model.name="unknown";
    - termination condition: infeasible
    - message from solver: Model was proven to be infeasible.
ERROR: evaluating object as numeric value: x[C0,P0]
        (object: <class 'pyomo.core.base.var._GeneralVarData'>)
    No value for uninitialized NumericValue object x[C0,P0]
ERROR: evaluating object as numeric value: obj
        (object: <class 'pyomo.core.base.objective.ScalarObjective'>)
    No value for uninitialized NumericValue object x[C0,P0]
WARNING: Loading a SolverResults object with a warning status into
model.name="unknown";
    - termination condition: infeasible
    - message from solver: Model was proven to be infeasible.
ERROR: evaluating object as numeric value: x[C0,P0]
        (object: <class 'pyomo.core.base.var._GeneralVarData'>)
    No value for uninitialized NumericValue object x[C0,P0]
ERROR: evaluating object as numeric value: obj
        (object: <class 'pyomo.core.base.objective.ScalarObjective'>)
    No value for uninitialized NumericValue object x[C0,P0]
WARNING: Loading a SolverResults object with a warning status into
model.name="unknown";
    - termination condition: infeasible
    - message from solver: Model was proven to be infeasible.
ERROR: evaluating object as numeric value: x[C0,P0]
        (object: <class 'pyomo.core.base.var._GeneralVarData'>)
    No value for uninitialized NumericValue object x[C0,P0]
ERROR: evaluating object as numeric value: obj
        (object: <class 'pyomo.core.base.objective.ScalarObjective'>)
    No value for uninitialized NumericValue object x[C0,P0]
37.85539144789993
WARNING: Loading a SolverResults object with a warning status into
model.name="unknown";
    - termination condition: infeasible
    - message from solver: Model was proven to be infeasible.
ERROR: evaluating object as numeric value: x[C0,P0]
        (object: <class 'pyomo.core.base.var._GeneralVarData'>)
    No value for uninitialized NumericValue object x[C0,P0]
ERROR: evaluating object as numeric value: obj
        (object: <class 'pyomo.core.base.objective.ScalarObjective'>)
    No value for uninitialized NumericValue object x[C0,P0]
33.8295359798325
34.11594441556949
42.66751123143919
WARNING: Loading a SolverResults object with a warning status into
model.name="unknown";
    - termination condition: infeasible
    - message from solver: Model was proven to be infeasible.
ERROR: evaluating object as numeric value: x[C0,P0]
        (object: <class 'pyomo.core.base.var._GeneralVarData'>)
    No value for uninitialized NumericValue object x[C0,P0]
ERROR: evaluating object as numeric value: obj
        (object: <class 'pyomo.core.base.objective.ScalarObjective'>)
    No value for uninitialized NumericValue object x[C0,P0]
WARNING: Loading a SolverResults object with a warning status into
model.name="unknown";
    - termination condition: infeasible
    - message from solver: Model was proven to be infeasible.
ERROR: evaluating object as numeric value: x[C0,P0]
        (object: <class 'pyomo.core.base.var._GeneralVarData'>)
    No value for uninitialized NumericValue object x[C0,P0]
ERROR: evaluating object as numeric value: obj
        (object: <class 'pyomo.core.base.objective.ScalarObjective'>)
    No value for uninitialized NumericValue object x[C0,P0]
34.558164507866195
WARNING: Loading a SolverResults object with a warning status into
model.name="unknown";
    - termination condition: infeasible
    - message from solver: Model was proven to be infeasible.
ERROR: evaluating object as numeric value: x[C0,P0]
        (object: <class 'pyomo.core.base.var._GeneralVarData'>)
    No value for uninitialized NumericValue object x[C0,P0]
ERROR: evaluating object as numeric value: obj
        (object: <class 'pyomo.core.base.objective.ScalarObjective'>)
    No value for uninitialized NumericValue object x[C0,P0]
40.31074547486897
41.371560956940975
39.1071527881492
31.46031028423198
28.84303939899585
26.96845905449316
WARNING: Loading a SolverResults object with a warning status into
model.name="unknown";
    - termination condition: infeasible
    - message from solver: Model was proven to be infeasible.
ERROR: evaluating object as numeric value: x[C0,P0]
        (object: <class 'pyomo.core.base.var._GeneralVarData'>)
    No value for uninitialized NumericValue object x[C0,P0]
ERROR: evaluating object as numeric value: obj
        (object: <class 'pyomo.core.base.objective.ScalarObjective'>)
    No value for uninitialized NumericValue object x[C0,P0]
WARNING: Loading a SolverResults object with a warning status into
model.name="unknown";
    - termination condition: infeasible
    - message from solver: Model was proven to be infeasible.
ERROR: evaluating object as numeric value: x[C0,P0]
        (object: <class 'pyomo.core.base.var._GeneralVarData'>)
    No value for uninitialized NumericValue object x[C0,P0]
ERROR: evaluating object as numeric value: obj
        (object: <class 'pyomo.core.base.objective.ScalarObjective'>)
    No value for uninitialized NumericValue object x[C0,P0]
33.89908373933059
38.708785823313676
WARNING: Loading a SolverResults object with a warning status into
model.name="unknown";
    - termination condition: infeasible
    - message from solver: Model was proven to be infeasible.
ERROR: evaluating object as numeric value: x[C0,P0]
        (object: <class 'pyomo.core.base.var._GeneralVarData'>)
    No value for uninitialized NumericValue object x[C0,P0]
ERROR: evaluating object as numeric value: obj
        (object: <class 'pyomo.core.base.objective.ScalarObjective'>)
    No value for uninitialized NumericValue object x[C0,P0]
WARNING: Loading a SolverResults object with a warning status into
model.name="unknown";
    - termination condition: infeasible
    - message from solver: Model was proven to be infeasible.
ERROR: evaluating object as numeric value: x[C0,P0]
        (object: <class 'pyomo.core.base.var._GeneralVarData'>)
    No value for uninitialized NumericValue object x[C0,P0]
ERROR: evaluating object as numeric value: obj
        (object: <class 'pyomo.core.base.objective.ScalarObjective'>)
    No value for uninitialized NumericValue object x[C0,P0]
35.135856798617034
34.48196309325521
41.526293948297855
WARNING: Loading a SolverResults object with a warning status into
model.name="unknown";
    - termination condition: infeasible
    - message from solver: Model was proven to be infeasible.
ERROR: evaluating object as numeric value: x[C0,P0]
        (object: <class 'pyomo.core.base.var._GeneralVarData'>)
    No value for uninitialized NumericValue object x[C0,P0]
ERROR: evaluating object as numeric value: obj
        (object: <class 'pyomo.core.base.objective.ScalarObjective'>)
    No value for uninitialized NumericValue object x[C0,P0]
31.33913680180961
38.20203806409279
31.689585472502632
35.14795973350577
37.7779473374532
41.371560956940975
32.84232778737424
25.505553285782817
29.851131702361887
27.255301088057635
40.02487674730928
33.89908373933059
34.77223764732525
WARNING: Loading a SolverResults object with a warning status into
model.name="unknown";
    - termination condition: infeasible
    - message from solver: Model was proven to be infeasible.
ERROR: evaluating object as numeric value: x[C0,P0]
        (object: <class 'pyomo.core.base.var._GeneralVarData'>)
    No value for uninitialized NumericValue object x[C0,P0]
ERROR: evaluating object as numeric value: obj
        (object: <class 'pyomo.core.base.objective.ScalarObjective'>)
    No value for uninitialized NumericValue object x[C0,P0]
41.33571606718027
37.20111514537028
31.96486795208241
WARNING: Loading a SolverResults object with a warning status into
model.name="unknown";
    - termination condition: infeasible
    - message from solver: Model was proven to be infeasible.
ERROR: evaluating object as numeric value: x[C0,P0]
        (object: <class 'pyomo.core.base.var._GeneralVarData'>)
    No value for uninitialized NumericValue object x[C0,P0]
ERROR: evaluating object as numeric value: obj
        (object: <class 'pyomo.core.base.objective.ScalarObjective'>)
    No value for uninitialized NumericValue object x[C0,P0]
31.807792764946853
37.7779473374532
32.84232778737424
41.503278933153545
WARNING: Loading a SolverResults object with a warning status into
model.name="unknown";
    - termination condition: infeasible
    - message from solver: Model was proven to be infeasible.
ERROR: evaluating object as numeric value: x[C0,P0]
        (object: <class 'pyomo.core.base.var._GeneralVarData'>)
    No value for uninitialized NumericValue object x[C0,P0]
ERROR: evaluating object as numeric value: obj
        (object: <class 'pyomo.core.base.objective.ScalarObjective'>)
    No value for uninitialized NumericValue object x[C0,P0]
28.093242934493244
38.550139564927306
WARNING: Loading a SolverResults object with a warning status into
model.name="unknown";
    - termination condition: infeasible
    - message from solver: Model was proven to be infeasible.
ERROR: evaluating object as numeric value: x[C0,P0]
        (object: <class 'pyomo.core.base.var._GeneralVarData'>)
    No value for uninitialized NumericValue object x[C0,P0]
ERROR: evaluating object as numeric value: obj
        (object: <class 'pyomo.core.base.objective.ScalarObjective'>)
    No value for uninitialized NumericValue object x[C0,P0]
33.89908373933059
34.48196309325521
41.56247265582374
37.49980491847327
32.0651432155686
WARNING: Loading a SolverResults object with a warning status into
model.name="unknown";
    - termination condition: infeasible
    - message from solver: Model was proven to be infeasible.
ERROR: evaluating object as numeric value: x[C0,P0]
        (object: <class 'pyomo.core.base.var._GeneralVarData'>)
    No value for uninitialized NumericValue object x[C0,P0]
ERROR: evaluating object as numeric value: obj
        (object: <class 'pyomo.core.base.objective.ScalarObjective'>)
    No value for uninitialized NumericValue object x[C0,P0]
34.651376000474926
37.7779473374532
31.589281751943915
38.75014533589305
28.90340298718466
34.47372670804949
34.48196309325521
40.31696961809765
37.47487334788934
31.534223850318135
31.90067080916971
28.91825198033136
38.35704246262267
32.84232778737424
33.89908373933059
38.550139564927306
34.553264067265935
40.191186711879304
37.11215123282852
WARNING: Loading a SolverResults object with a warning status into
model.name="unknown";
    - termination condition: infeasible
    - message from solver: Model was proven to be infeasible.
ERROR: evaluating object as numeric value: x[C0,P0]
        (object: <class 'pyomo.core.base.var._GeneralVarData'>)
    No value for uninitialized NumericValue object x[C0,P0]
ERROR: evaluating object as numeric value: obj
        (object: <class 'pyomo.core.base.objective.ScalarObjective'>)
    No value for uninitialized NumericValue object x[C0,P0]
31.85699063906389
28.254088361335196
33.89908373933059
37.7779473374532
38.634587657582784
32.84232778737424
34.48196309325521
41.312685489494235
37.11215123282852
32.299349410277564
30.35286477847372
33.96827489527507
39.31038316889627
34.000703389203345
38.12135258382105
34.48196309325521
40.18380874178192
37.11215123282852
31.891586716907135
28.68793355644435
33.89908373933059
37.7779473374532
40.40270242606007
34.48196309325521
34.93748472063759
38.550139564927306
40.500661598497125
31.566306415320735
30.394726936259413
34.65015184638883
37.853817636504004
34.48196309325521
In data/CPLP_10_10/scenario_6.dat, At checkpoint 10, the ratio of results is below 0.05. Stopping further calculations.
Average result up to this checkpoint: 34.51812064606329
data_file: data/CPLP_10_10/scenario_6.dat | 1 trial
33.93822493324569
40.30194393409443
In data/CPLP_10_10/scenario_23.dat, At checkpoint 10, the ratio of results is below 0.05. Stopping further calculations.
Average result up to this checkpoint: 40.74445250675784
data_file: data/CPLP_10_10/scenario_23.dat | 1 trial
39.04293609489228
38.396113747101374
In data/CPLP_10_10/scenario_28.dat, At checkpoint 10, the ratio of results is below 0.05. Stopping further calculations.
Average result up to this checkpoint: 37.971821330805895
data_file: data/CPLP_10_10/scenario_28.dat | 1 trial
31.663273821005923
In data/CPLP_10_10/scenario_29.dat, At checkpoint 10, the ratio of results is below 0.05. Stopping further calculations.
Average result up to this checkpoint: 31.83580847361306
data_file: data/CPLP_10_10/scenario_29.dat | 1 trial
27.714657924324
In data/CPLP_10_10/scenario_22.dat, At checkpoint 10, the ratio of results is below 0.05. Stopping further calculations.
Average result up to this checkpoint: 29.00133405602037
data_file: data/CPLP_10_10/scenario_22.dat | 1 trial
34.03565448745326
In data/CPLP_10_10/scenario_17.dat, At checkpoint 10, the ratio of results is below 0.05. Stopping further calculations.
Average result up to this checkpoint: 34.052231037315025
data_file: data/CPLP_10_10/scenario_17.dat | 1 trial
37.7779473374532
In data/CPLP_10_10/scenario_19.dat, At checkpoint 10, the ratio of results is below 0.05. Stopping further calculations.
Average result up to this checkpoint: 37.88552881555668
data_file: data/CPLP_10_10/scenario_19.dat | 1 trial
32.84232778737424
In data/CPLP_10_10/scenario_26.dat, At checkpoint 10, the ratio of results is below 0.05. Stopping further calculations.
Average result up to this checkpoint: 33.556896396026524
data_file: data/CPLP_10_10/scenario_26.dat | 1 trial
39.05453206434802
In data/CPLP_10_10/scenario_4.dat, At checkpoint 10, the ratio of results is below 0.05. Stopping further calculations.
Average result up to this checkpoint: 38.917666558701725
data_file: data/CPLP_10_10/scenario_4.dat | 1 trial
WARNING: Loading a SolverResults object with a warning status into
model.name="unknown";
    - termination condition: infeasible
    - message from solver: Model was proven to be infeasible.
ERROR: evaluating object as numeric value: x[C0,P0]
        (object: <class 'pyomo.core.base.var._GeneralVarData'>)
    No value for uninitialized NumericValue object x[C0,P0]
ERROR: evaluating object as numeric value: obj
        (object: <class 'pyomo.core.base.objective.ScalarObjective'>)
    No value for uninitialized NumericValue object x[C0,P0]
WARNING: Loading a SolverResults object with a warning status into
model.name="unknown";
    - termination condition: infeasible
    - message from solver: Model was proven to be infeasible.
ERROR: evaluating object as numeric value: x[C0,P0]
        (object: <class 'pyomo.core.base.var._GeneralVarData'>)
    No value for uninitialized NumericValue object x[C0,P0]
ERROR: evaluating object as numeric value: obj
        (object: <class 'pyomo.core.base.objective.ScalarObjective'>)
    No value for uninitialized NumericValue object x[C0,P0]
29.776833619658767
30.992718478149857
49.51687385922663
35.6540692922979
37.494837285124056
WARNING: Loading a SolverResults object with a warning status into
model.name="unknown";
    - termination condition: infeasible
    - message from solver: Model was proven to be infeasible.
ERROR: evaluating object as numeric value: x[C0,P0]
        (object: <class 'pyomo.core.base.var._GeneralVarData'>)
    No value for uninitialized NumericValue object x[C0,P0]
ERROR: evaluating object as numeric value: obj
        (object: <class 'pyomo.core.base.objective.ScalarObjective'>)
    No value for uninitialized NumericValue object x[C0,P0]
29.776833619658767
WARNING: Loading a SolverResults object with a warning status into
model.name="unknown";
    - termination condition: infeasible
    - message from solver: Model was proven to be infeasible.
ERROR: evaluating object as numeric value: x[C0,P0]
        (object: <class 'pyomo.core.base.var._GeneralVarData'>)
    No value for uninitialized NumericValue object x[C0,P0]
ERROR: evaluating object as numeric value: obj
        (object: <class 'pyomo.core.base.objective.ScalarObjective'>)
    No value for uninitialized NumericValue object x[C0,P0]
WARNING: Loading a SolverResults object with a warning status into
model.name="unknown";
    - termination condition: infeasible
    - message from solver: Model was proven to be infeasible.
ERROR: evaluating object as numeric value: x[C0,P0]
        (object: <class 'pyomo.core.base.var._GeneralVarData'>)
    No value for uninitialized NumericValue object x[C0,P0]
ERROR: evaluating object as numeric value: obj
        (object: <class 'pyomo.core.base.objective.ScalarObjective'>)
    No value for uninitialized NumericValue object x[C0,P0]
WARNING: Loading a SolverResults object with a warning status into
model.name="unknown";
    - termination condition: infeasible
    - message from solver: Model was proven to be infeasible.
ERROR: evaluating object as numeric value: x[C0,P0]
        (object: <class 'pyomo.core.base.var._GeneralVarData'>)
    No value for uninitialized NumericValue object x[C0,P0]
ERROR: evaluating object as numeric value: obj
        (object: <class 'pyomo.core.base.objective.ScalarObjective'>)
    No value for uninitialized NumericValue object x[C0,P0]
35.61347892581804
WARNING: Loading a SolverResults object with a warning status into
model.name="unknown";
    - termination condition: infeasible
    - message from solver: Model was proven to be infeasible.
ERROR: evaluating object as numeric value: x[C0,P0]
        (object: <class 'pyomo.core.base.var._GeneralVarData'>)
    No value for uninitialized NumericValue object x[C0,P0]
ERROR: evaluating object as numeric value: obj
        (object: <class 'pyomo.core.base.objective.ScalarObjective'>)
    No value for uninitialized NumericValue object x[C0,P0]
30.42062892900825
35.61347892581804
30.616141417936966
35.61347892581804
30.661205352541963
35.61347892581804
30.02705197408315
35.61347892581804
30.09016442670585
36.144111708178784
30.003442871177274
35.61347892581804
29.80585059402357
35.61347892581804
30.386107012014524
In data/CPLP_10_10/scenario_29.dat, At checkpoint 10, the ratio of results is below 0.05. Stopping further calculations.
Average result up to this checkpoint: 30.15642598168091
data_file: data/CPLP_10_10/scenario_29.dat | 2 trial
35.61347892581804
In data/CPLP_10_10/scenario_19.dat, At checkpoint 10, the ratio of results is below 0.05. Stopping further calculations.
Average result up to this checkpoint: 35.670601240702105
data_file: data/CPLP_10_10/scenario_19.dat | 2 trial
data_file: data/CPLP_10_10/scenario_29.dat | 3 trial
data_file: data/CPLP_10_10/scenario_19.dat | 3 trial
30.920439900123828
WARNING: Loading a SolverResults object with a warning status into
model.name="unknown";
    - termination condition: infeasible
    - message from solver: Model was proven to be infeasible.
ERROR: evaluating object as numeric value: x[C0,P0]
        (object: <class 'pyomo.core.base.var._GeneralVarData'>)
    No value for uninitialized NumericValue object x[C0,P0]
ERROR: evaluating object as numeric value: obj
        (object: <class 'pyomo.core.base.objective.ScalarObjective'>)
    No value for uninitialized NumericValue object x[C0,P0]
WARNING: Loading a SolverResults object with a warning status into
model.name="unknown";
    - termination condition: infeasible
    - message from solver: Model was proven to be infeasible.
ERROR: evaluating object as numeric value: x[C0,P0]
        (object: <class 'pyomo.core.base.var._GeneralVarData'>)
    No value for uninitialized NumericValue object x[C0,P0]
ERROR: evaluating object as numeric value: obj
        (object: <class 'pyomo.core.base.objective.ScalarObjective'>)
    No value for uninitialized NumericValue object x[C0,P0]
data_file: data/CPLP_25_25/scenario_10.dat | 0 trial
data_file: data/CPLP_25_25/scenario_26.dat | 0 trial
data_file: data/CPLP_25_25/scenario_18.dat | 0 trial
data_file: data/CPLP_25_25/scenario_15.dat | 0 trial
data_file: data/CPLP_25_25/scenario_23.dat | 0 trial
data_file: data/CPLP_25_25/scenario_9.dat | 0 trial
data_file: data/CPLP_25_25/scenario_28.dat | 0 trial
data_file: data/CPLP_25_25/scenario_7.dat | 0 trial
data_file: data/CPLP_25_25/scenario_27.dat | 0 trial
data_file: data/CPLP_25_25/scenario_29.dat | 0 trial
data_file: data/CPLP_25_25/scenario_20.dat | 0 trial
data_file: data/CPLP_25_25/scenario_1.dat | 0 trial
data_file: data/CPLP_25_25/scenario_24.dat | 0 trial
data_file: data/CPLP_25_25/scenario_25.dat | 0 trial
data_file: data/CPLP_25_25/scenario_5.dat | 0 trial
data_file: data/CPLP_25_25/scenario_19.dat | 0 trial
data_file: data/CPLP_25_25/scenario_3.dat | 0 trial
data_file: data/CPLP_25_25/scenario_22.dat | 0 trial
data_file: data/CPLP_25_25/scenario_13.dat | 0 trial
data_file: data/CPLP_25_25/scenario_11.dat | 0 trial
data_file: data/CPLP_25_25/scenario_12.dat | 0 trial
data_file: data/CPLP_25_25/scenario_0.dat | 0 trial
data_file: data/CPLP_25_25/scenario_21.dat | 0 trial
data_file: data/CPLP_25_25/scenario_16.dat | 0 trial
data_file: data/CPLP_25_25/scenario_4.dat | 0 trial
data_file: data/CPLP_25_25/scenario_8.dat | 0 trial
data_file: data/CPLP_25_25/scenario_17.dat | 0 trial
data_file: data/CPLP_25_25/scenario_2.dat | 0 trial
data_file: data/CPLP_25_25/scenario_6.dat | 0 trial
data_file: data/CPLP_25_25/scenario_14.dat | 0 trial
76.1159690188638
WARNING: Loading a SolverResults object with a warning status into
model.name="unknown";
    - termination condition: infeasible
    - message from solver: Model was proven to be infeasible.
ERROR: evaluating object as numeric value: x[C0,P0]
        (object: <class 'pyomo.core.base.var._GeneralVarData'>)
    No value for uninitialized NumericValue object x[C0,P0]
ERROR: evaluating object as numeric value: obj
        (object: <class 'pyomo.core.base.objective.ScalarObjective'>)
    No value for uninitialized NumericValue object x[C0,P0]
WARNING: Loading a SolverResults object with a warning status into
model.name="unknown";
    - termination condition: infeasible
    - message from solver: Model was proven to be infeasible.
ERROR: evaluating object as numeric value: x[C0,P0]
        (object: <class 'pyomo.core.base.var._GeneralVarData'>)
    No value for uninitialized NumericValue object x[C0,P0]
ERROR: evaluating object as numeric value: obj
        (object: <class 'pyomo.core.base.objective.ScalarObjective'>)
    No value for uninitialized NumericValue object x[C0,P0]
WARNING: Loading a SolverResults object with a warning status into
model.name="unknown";
    - termination condition: infeasible
    - message from solver: Model was proven to be infeasible.
ERROR: evaluating object as numeric value: x[C0,P0]
        (object: <class 'pyomo.core.base.var._GeneralVarData'>)
    No value for uninitialized NumericValue object x[C0,P0]
ERROR: evaluating object as numeric value: obj
        (object: <class 'pyomo.core.base.objective.ScalarObjective'>)
    No value for uninitialized NumericValue object x[C0,P0]
84.56236131275628
72.23491783085673
WARNING: Loading a SolverResults object with a warning status into
model.name="unknown";
    - termination condition: infeasible
    - message from solver: Model was proven to be infeasible.
ERROR: evaluating object as numeric value: x[C0,P0]
        (object: <class 'pyomo.core.base.var._GeneralVarData'>)
    No value for uninitialized NumericValue object x[C0,P0]
ERROR: evaluating object as numeric value: obj
        (object: <class 'pyomo.core.base.objective.ScalarObjective'>)
    No value for uninitialized NumericValue object x[C0,P0]
69.13900599597947
77.98334651836662
WARNING: Loading a SolverResults object with a warning status into
model.name="unknown";
    - termination condition: infeasible
    - message from solver: Model was proven to be infeasible.
ERROR: evaluating object as numeric value: x[C0,P0]
        (object: <class 'pyomo.core.base.var._GeneralVarData'>)
    No value for uninitialized NumericValue object x[C0,P0]
ERROR: evaluating object as numeric value: obj
        (object: <class 'pyomo.core.base.objective.ScalarObjective'>)
    No value for uninitialized NumericValue object x[C0,P0]
WARNING: Loading a SolverResults object with a warning status into
model.name="unknown";
    - termination condition: infeasible
    - message from solver: Model was proven to be infeasible.
ERROR: evaluating object as numeric value: x[C0,P0]
        (object: <class 'pyomo.core.base.var._GeneralVarData'>)
    No value for uninitialized NumericValue object x[C0,P0]
ERROR: evaluating object as numeric value: obj
        (object: <class 'pyomo.core.base.objective.ScalarObjective'>)
    No value for uninitialized NumericValue object x[C0,P0]
WARNING: Loading a SolverResults object with a warning status into
model.name="unknown";
    - termination condition: infeasible
    - message from solver: Model was proven to be infeasible.
ERROR: evaluating object as numeric value: x[C0,P0]
        (object: <class 'pyomo.core.base.var._GeneralVarData'>)
    No value for uninitialized NumericValue object x[C0,P0]
ERROR: evaluating object as numeric value: obj
        (object: <class 'pyomo.core.base.objective.ScalarObjective'>)
    No value for uninitialized NumericValue object x[C0,P0]
61.30170202202846
60.49090460058916
WARNING: Loading a SolverResults object with a warning status into
model.name="unknown";
    - termination condition: infeasible
    - message from solver: Model was proven to be infeasible.
ERROR: evaluating object as numeric value: x[C0,P0]
        (object: <class 'pyomo.core.base.var._GeneralVarData'>)
    No value for uninitialized NumericValue object x[C0,P0]
ERROR: evaluating object as numeric value: obj
        (object: <class 'pyomo.core.base.objective.ScalarObjective'>)
    No value for uninitialized NumericValue object x[C0,P0]
WARNING: Loading a SolverResults object with a warning status into
model.name="unknown";
    - termination condition: infeasible
    - message from solver: Model was proven to be infeasible.
ERROR: evaluating object as numeric value: x[C0,P0]
        (object: <class 'pyomo.core.base.var._GeneralVarData'>)
    No value for uninitialized NumericValue object x[C0,P0]
ERROR: evaluating object as numeric value: obj
        (object: <class 'pyomo.core.base.objective.ScalarObjective'>)
    No value for uninitialized NumericValue object x[C0,P0]
WARNING: Loading a SolverResults object with a warning status into
model.name="unknown";
    - termination condition: infeasible
    - message from solver: Model was proven to be infeasible.
ERROR: evaluating object as numeric value: x[C0,P0]
        (object: <class 'pyomo.core.base.var._GeneralVarData'>)
    No value for uninitialized NumericValue object x[C0,P0]
ERROR: evaluating object as numeric value: obj
        (object: <class 'pyomo.core.base.objective.ScalarObjective'>)
    No value for uninitialized NumericValue object x[C0,P0]
WARNING: Loading a SolverResults object with a warning status into
model.name="unknown";
    - termination condition: infeasible
    - message from solver: Model was proven to be infeasible.
ERROR: evaluating object as numeric value: x[C0,P0]
        (object: <class 'pyomo.core.base.var._GeneralVarData'>)
    No value for uninitialized NumericValue object x[C0,P0]
ERROR: evaluating object as numeric value: obj
        (object: <class 'pyomo.core.base.objective.ScalarObjective'>)
    No value for uninitialized NumericValue object x[C0,P0]
WARNING: Loading a SolverResults object with a warning status into
model.name="unknown";
    - termination condition: infeasible
    - message from solver: Model was proven to be infeasible.
ERROR: evaluating object as numeric value: x[C0,P0]
        (object: <class 'pyomo.core.base.var._GeneralVarData'>)
    No value for uninitialized NumericValue object x[C0,P0]
ERROR: evaluating object as numeric value: obj
        (object: <class 'pyomo.core.base.objective.ScalarObjective'>)
    No value for uninitialized NumericValue object x[C0,P0]
WARNING: Loading a SolverResults object with a warning status into
model.name="unknown";
    - termination condition: infeasible
    - message from solver: Model was proven to be infeasible.
ERROR: evaluating object as numeric value: x[C0,P0]
        (object: <class 'pyomo.core.base.var._GeneralVarData'>)
    No value for uninitialized NumericValue object x[C0,P0]
ERROR: evaluating object as numeric value: obj
        (object: <class 'pyomo.core.base.objective.ScalarObjective'>)
    No value for uninitialized NumericValue object x[C0,P0]
WARNING: Loading a SolverResults object with a warning status into
model.name="unknown";
    - termination condition: infeasible
    - message from solver: Model was proven to be infeasible.
ERROR: evaluating object as numeric value: x[C0,P0]
        (object: <class 'pyomo.core.base.var._GeneralVarData'>)
    No value for uninitialized NumericValue object x[C0,P0]
ERROR: evaluating object as numeric value: obj
        (object: <class 'pyomo.core.base.objective.ScalarObjective'>)
    No value for uninitialized NumericValue object x[C0,P0]
WARNING: Loading a SolverResults object with a warning status into
model.name="unknown";
    - termination condition: infeasible
    - message from solver: Model was proven to be infeasible.
ERROR: evaluating object as numeric value: x[C0,P0]
        (object: <class 'pyomo.core.base.var._GeneralVarData'>)
    No value for uninitialized NumericValue object x[C0,P0]
ERROR: evaluating object as numeric value: obj
        (object: <class 'pyomo.core.base.objective.ScalarObjective'>)
    No value for uninitialized NumericValue object x[C0,P0]
WARNING: Loading a SolverResults object with a warning status into
model.name="unknown";
    - termination condition: infeasible
    - message from solver: Model was proven to be infeasible.
ERROR: evaluating object as numeric value: x[C0,P0]
        (object: <class 'pyomo.core.base.var._GeneralVarData'>)
    No value for uninitialized NumericValue object x[C0,P0]
ERROR: evaluating object as numeric value: obj
        (object: <class 'pyomo.core.base.objective.ScalarObjective'>)
    No value for uninitialized NumericValue object x[C0,P0]
WARNING: Loading a SolverResults object with a warning status into
model.name="unknown";
    - termination condition: infeasible
    - message from solver: Model was proven to be infeasible.
ERROR: evaluating object as numeric value: x[C0,P0]
        (object: <class 'pyomo.core.base.var._GeneralVarData'>)
    No value for uninitialized NumericValue object x[C0,P0]
ERROR: evaluating object as numeric value: obj
        (object: <class 'pyomo.core.base.objective.ScalarObjective'>)
    No value for uninitialized NumericValue object x[C0,P0]
WARNING: Loading a SolverResults object with a warning status into
model.name="unknown";
    - termination condition: infeasible
    - message from solver: Model was proven to be infeasible.
ERROR: evaluating object as numeric value: x[C0,P0]
        (object: <class 'pyomo.core.base.var._GeneralVarData'>)
    No value for uninitialized NumericValue object x[C0,P0]
ERROR: evaluating object as numeric value: obj
        (object: <class 'pyomo.core.base.objective.ScalarObjective'>)
    No value for uninitialized NumericValue object x[C0,P0]
66.15953423501367
56.11981498779622
107.11649493898108
65.53856183261544
47.47465766746617
75.82181992781724
WARNING: Loading a SolverResults object with a warning status into
model.name="unknown";
    - termination condition: infeasible
    - message from solver: Model was proven to be infeasible.
ERROR: evaluating object as numeric value: x[C0,P0]
        (object: <class 'pyomo.core.base.var._GeneralVarData'>)
    No value for uninitialized NumericValue object x[C0,P0]
ERROR: evaluating object as numeric value: obj
        (object: <class 'pyomo.core.base.objective.ScalarObjective'>)
    No value for uninitialized NumericValue object x[C0,P0]
81.14455539218746
75.20225691979729
81.65199794194223
60.88284313284354
60.750256434304625
WARNING: Loading a SolverResults object with a warning status into
model.name="unknown";
    - termination condition: infeasible
    - message from solver: Model was proven to be infeasible.
ERROR: evaluating object as numeric value: x[C0,P0]
        (object: <class 'pyomo.core.base.var._GeneralVarData'>)
    No value for uninitialized NumericValue object x[C0,P0]
ERROR: evaluating object as numeric value: obj
        (object: <class 'pyomo.core.base.objective.ScalarObjective'>)
    No value for uninitialized NumericValue object x[C0,P0]
WARNING: Loading a SolverResults object with a warning status into
model.name="unknown";
    - termination condition: infeasible
    - message from solver: Model was proven to be infeasible.
ERROR: evaluating object as numeric value: x[C0,P0]
        (object: <class 'pyomo.core.base.var._GeneralVarData'>)
    No value for uninitialized NumericValue object x[C0,P0]
ERROR: evaluating object as numeric value: obj
        (object: <class 'pyomo.core.base.objective.ScalarObjective'>)
    No value for uninitialized NumericValue object x[C0,P0]
63.30257768962539
66.03391899897993
51.968163585250934
76.80142228159848
WARNING: Loading a SolverResults object with a warning status into
model.name="unknown";
    - termination condition: infeasible
    - message from solver: Model was proven to be infeasible.
ERROR: evaluating object as numeric value: x[C0,P0]
        (object: <class 'pyomo.core.base.var._GeneralVarData'>)
    No value for uninitialized NumericValue object x[C0,P0]
ERROR: evaluating object as numeric value: obj
        (object: <class 'pyomo.core.base.objective.ScalarObjective'>)
    No value for uninitialized NumericValue object x[C0,P0]
67.30076388791936
80.65706447925837
61.09400059415863
60.18042679659644
WARNING: Loading a SolverResults object with a warning status into
model.name="unknown";
    - termination condition: infeasible
    - message from solver: Model was proven to be infeasible.
ERROR: evaluating object as numeric value: x[C0,P0]
        (object: <class 'pyomo.core.base.var._GeneralVarData'>)
    No value for uninitialized NumericValue object x[C0,P0]
ERROR: evaluating object as numeric value: obj
        (object: <class 'pyomo.core.base.objective.ScalarObjective'>)
    No value for uninitialized NumericValue object x[C0,P0]
50.073095962852896
76.10098691624218
67.82175106072032
WARNING: Loading a SolverResults object with a warning status into
model.name="unknown";
    - termination condition: infeasible
    - message from solver: Model was proven to be infeasible.
ERROR: evaluating object as numeric value: x[C0,P0]
        (object: <class 'pyomo.core.base.var._GeneralVarData'>)
    No value for uninitialized NumericValue object x[C0,P0]
ERROR: evaluating object as numeric value: obj
        (object: <class 'pyomo.core.base.objective.ScalarObjective'>)
    No value for uninitialized NumericValue object x[C0,P0]
61.550355011131614
67.91062128975227
60.28959735446505
48.729342030465695
64.82777800037137
76.19413067073766
60.88284313284354
70.02140993769285
60.18865854341163
77.18336580502358
71.43158716860525
48.447169895659464
74.53704955453414
60.938888773116815
60.29779257005432
WARNING: Loading a SolverResults object with a warning status into
model.name="unknown";
    - termination condition: infeasible
    - message from solver: Model was proven to be infeasible.
ERROR: evaluating object as numeric value: x[C0,P0]
        (object: <class 'pyomo.core.base.var._GeneralVarData'>)
    No value for uninitialized NumericValue object x[C0,P0]
ERROR: evaluating object as numeric value: obj
        (object: <class 'pyomo.core.base.objective.ScalarObjective'>)
    No value for uninitialized NumericValue object x[C0,P0]
68.59534252793868
76.46006008699109
61.26107445440757
72.11401437916543
61.85559651006595
WARNING: Loading a SolverResults object with a warning status into
model.name="unknown";
    - termination condition: infeasible
    - message from solver: Model was proven to be infeasible.
ERROR: evaluating object as numeric value: x[C0,P0]
        (object: <class 'pyomo.core.base.var._GeneralVarData'>)
    No value for uninitialized NumericValue object x[C0,P0]
ERROR: evaluating object as numeric value: obj
        (object: <class 'pyomo.core.base.objective.ScalarObjective'>)
    No value for uninitialized NumericValue object x[C0,P0]
75.9758160354735
73.16528493851246
61.70996119152476
61.26689334249343
75.7690101844537
WARNING: Loading a SolverResults object with a warning status into
model.name="unknown";
    - termination condition: infeasible
    - message from solver: Model was proven to be infeasible.
ERROR: evaluating object as numeric value: x[C0,P0]
        (object: <class 'pyomo.core.base.var._GeneralVarData'>)
    No value for uninitialized NumericValue object x[C0,P0]
ERROR: evaluating object as numeric value: obj
        (object: <class 'pyomo.core.base.objective.ScalarObjective'>)
    No value for uninitialized NumericValue object x[C0,P0]
60.39505225458799
71.37418476981833
76.568222582635
In data/CPLP_25_25/scenario_3.dat, At checkpoint 10, the ratio of results is below 0.05. Stopping further calculations.
Average result up to this checkpoint: 76.29908035098363
data_file: data/CPLP_25_25/scenario_3.dat | 1 trial
60.55911738189572
In data/CPLP_25_25/scenario_1.dat, At checkpoint 10, the ratio of results is below 0.05. Stopping further calculations.
Average result up to this checkpoint: 60.67173636374956
data_file: data/CPLP_25_25/scenario_1.dat | 1 trial
73.538190295667
In data/CPLP_25_25/scenario_28.dat, At checkpoint 10, the ratio of results is below 0.05. Stopping further calculations.
Average result up to this checkpoint: 71.73986938037157
data_file: data/CPLP_25_25/scenario_28.dat | 1 trial
WARNING: Loading a SolverResults object with a warning status into
model.name="unknown";
    - termination condition: infeasible
    - message from solver: Model was proven to be infeasible.
ERROR: evaluating object as numeric value: x[C0,P0]
        (object: <class 'pyomo.core.base.var._GeneralVarData'>)
    No value for uninitialized NumericValue object x[C0,P0]
ERROR: evaluating object as numeric value: obj
        (object: <class 'pyomo.core.base.objective.ScalarObjective'>)
    No value for uninitialized NumericValue object x[C0,P0]
WARNING: Loading a SolverResults object with a warning status into
model.name="unknown";
    - termination condition: infeasible
    - message from solver: Model was proven to be infeasible.
ERROR: evaluating object as numeric value: x[C0,P0]
        (object: <class 'pyomo.core.base.var._GeneralVarData'>)
    No value for uninitialized NumericValue object x[C0,P0]
ERROR: evaluating object as numeric value: obj
        (object: <class 'pyomo.core.base.objective.ScalarObjective'>)
    No value for uninitialized NumericValue object x[C0,P0]
WARNING: Loading a SolverResults object with a warning status into
model.name="unknown";
    - termination condition: infeasible
    - message from solver: Model was proven to be infeasible.
ERROR: evaluating object as numeric value: x[C0,P0]
        (object: <class 'pyomo.core.base.var._GeneralVarData'>)
    No value for uninitialized NumericValue object x[C0,P0]
ERROR: evaluating object as numeric value: obj
        (object: <class 'pyomo.core.base.objective.ScalarObjective'>)
    No value for uninitialized NumericValue object x[C0,P0]
data_file: data/CPLP_50_50/scenario_12.dat | 0 trial
data_file: data/CPLP_50_50/scenario_25.dat | 0 trial
data_file: data/CPLP_50_50/scenario_8.dat | 0 trial
data_file: data/CPLP_50_50/scenario_4.dat | 0 trial
data_file: data/CPLP_50_50/scenario_18.dat | 0 trial
data_file: data/CPLP_50_50/scenario_21.dat | 0 trial
data_file: data/CPLP_50_50/scenario_24.dat | 0 trial
data_file: data/CPLP_50_50/scenario_27.dat | 0 trial
data_file: data/CPLP_50_50/scenario_5.dat | 0 trial
data_file: data/CPLP_50_50/scenario_19.dat | 0 trial
data_file: data/CPLP_50_50/scenario_29.dat | 0 trial
data_file: data/CPLP_50_50/scenario_23.dat | 0 trial
data_file: data/CPLP_50_50/scenario_28.dat | 0 trial
data_file: data/CPLP_50_50/scenario_14.dat | 0 trial
data_file: data/CPLP_50_50/scenario_15.dat | 0 trial
data_file: data/CPLP_50_50/scenario_6.dat | 0 trial
data_file: data/CPLP_50_50/scenario_7.dat | 0 trial
data_file: data/CPLP_50_50/scenario_17.dat | 0 trial
data_file: data/CPLP_50_50/scenario_9.dat | 0 trial
data_file: data/CPLP_50_50/scenario_1.dat | 0 trial
data_file: data/CPLP_50_50/scenario_2.dat | 0 trial
data_file: data/CPLP_50_50/scenario_22.dat | 0 trial
data_file: data/CPLP_50_50/scenario_20.dat | 0 trial
data_file: data/CPLP_50_50/scenario_0.dat | 0 trial
data_file: data/CPLP_50_50/scenario_13.dat | 0 trial
data_file: data/CPLP_50_50/scenario_16.dat | 0 trial
data_file: data/CPLP_50_50/scenario_3.dat | 0 trial
data_file: data/CPLP_50_50/scenario_26.dat | 0 trial
data_file: data/CPLP_50_50/scenario_10.dat | 0 trial
data_file: data/CPLP_50_50/scenario_11.dat | 0 trial
