모든 결과가 scaler_pca_final3/master_experiment_results_1000.csv로 병합되었습니다.
병합 및 필터링된 결과가 scaler_pca_final3/merged_results_1000.csv 파일로 저장되었습니다.
길이가 일치하지 않는 file_num 삭제: 303 (길이: 539, 기대: 616)
길이가 일치하지 않는 file_num 삭제: 1215 (길이: 539, 기대: 616)
v_vectors shape: 998 x 616
Unscaled V results have been saved to scaler_pca_final3/v_ori_results_1000.csv
V 결과가 scaler_pca_final3/v_scl_results_1000.csv 파일로 저장되었습니다.
Scaler 객체가 scaler_pca_final3/scaler_1000.joblib 파일로 저장되었습니다.
설정된 주성분 개수: 191
설명된 분산 비율: [0.12800911 0.02631359 0.02538593 0.02348124 0.02223098 0.02052799
 0.01486609 0.01477243 0.01408241 0.01389044 0.0131476  0.01274968
 0.01231633 0.01219728 0.0117575  0.0116137  0.01128497 0.0112099
 0.01089951 0.01049326 0.01029253 0.01011142 0.00979713 0.00953259
 0.00917355 0.00896704 0.00881529 0.00867266 0.00844192 0.00840945
 0.00805924 0.00802144 0.00778283 0.00766838 0.00739154 0.00725447
 0.00719179 0.00716074 0.00706409 0.00705565 0.00681983 0.00668713
 0.00658299 0.00645983 0.00640059 0.00617772 0.00610439 0.00606905
 0.00580389 0.00565833 0.00558022 0.0054564  0.00527224 0.00511923
 0.00504273 0.00496915 0.00491997 0.00485156 0.00471443 0.00468011
 0.00463328 0.00455897 0.00440842 0.00431682 0.00430212 0.00416377
 0.0040404  0.00402163 0.00398344 0.00395197 0.00385535 0.00374985
 0.00372636 0.00367769 0.00358499 0.00354021 0.00347832 0.00335114
 0.00332228 0.00328379 0.00319306 0.00315395 0.00306773 0.00298639
 0.00293632 0.00288667 0.00281997 0.00272963 0.00270155 0.00268761
 0.00264574 0.00259512 0.0025631  0.00252748 0.00245399 0.00242287
 0.00236371 0.00234536 0.00230836 0.00227643 0.00222014 0.00219881
 0.00213853 0.00210972 0.00207672 0.00204601 0.00203482 0.00199764
 0.00197776 0.00193892 0.00191361 0.0018632  0.00184567 0.00181722
 0.00181115 0.00178744 0.00175197 0.00172467 0.00172382 0.00169384
 0.0016622  0.00164661 0.00163322 0.00161217 0.00160691 0.00157876
 0.00155714 0.00154041 0.00149335 0.00148632 0.00146211 0.00144323
 0.00142905 0.00141435 0.00140707 0.00139781 0.00136744 0.00134697
 0.00131641 0.00130022 0.00129194 0.00127181 0.00124941 0.0012268
 0.00122089 0.00119415 0.00119241 0.00117982 0.00116803 0.00116337
 0.0011374  0.00112583 0.00112355 0.00108851 0.00108296 0.00107233
 0.00105191 0.00103565 0.00102718 0.00102072 0.00101527 0.00098304
 0.00097517 0.00096152 0.00094774 0.00094079 0.00091783 0.0009175
 0.0009078  0.00089665 0.00088268 0.00086877 0.00086463 0.00085394
 0.0008374  0.00082813 0.00082417 0.00081463 0.00080145 0.00079019
 0.00077778 0.00077456 0.00076098 0.00075912 0.00074442 0.00073896
 0.00072887 0.00072168 0.00071698 0.00070444 0.00069699]
누적 설명 분산 비율: [0.12800911 0.1543227  0.17970863 0.20318987 0.22542085 0.24594884
 0.26081493 0.27558736 0.28966977 0.30356021 0.31670781 0.32945748
 0.34177381 0.35397109 0.36572859 0.37734229 0.38862726 0.39983716
 0.41073667 0.42122992 0.43152245 0.44163388 0.45143101 0.4609636
 0.47013715 0.47910419 0.48791948 0.49659214 0.50503406 0.51344352
 0.52150275 0.52952419 0.53730702 0.5449754  0.55236694 0.55962141
 0.5668132  0.57397394 0.58103804 0.58809368 0.59491351 0.60160064
 0.60818363 0.61464347 0.62104405 0.62722177 0.63332616 0.63939521
 0.6451991  0.65085743 0.65643765 0.66189405 0.66716629 0.67228552
 0.67732825 0.6822974  0.68721737 0.69206892 0.69678336 0.70146347
 0.70609675 0.71065572 0.71506414 0.71938095 0.72368308 0.72784685
 0.73188725 0.73590888 0.73989232 0.74384429 0.74769965 0.7514495
 0.75517586 0.75885355 0.76243853 0.76597874 0.76945706 0.7728082
 0.77613048 0.77941427 0.78260733 0.78576128 0.788829   0.79181539
 0.79475171 0.79763838 0.80045835 0.80318798 0.80588953 0.80857713
 0.81122288 0.813818   0.8163811  0.81890858 0.82136257 0.82378543
 0.82614914 0.8284945  0.83080287 0.83307929 0.83529943 0.83749824
 0.83963678 0.8417465  0.84382322 0.84586923 0.84790405 0.84990169
 0.85187944 0.85381836 0.85573197 0.85759517 0.85944085 0.86125807
 0.86306922 0.86485666 0.86660862 0.8683333  0.87005712 0.87175095
 0.87341315 0.87505976 0.87669298 0.87830515 0.87991206 0.88149082
 0.88304796 0.88458837 0.88608172 0.88756804 0.88903014 0.89047338
 0.89190243 0.89331678 0.89472385 0.89612166 0.8974891  0.89883606
 0.90015248 0.9014527  0.90274464 0.90401646 0.90526587 0.90649267
 0.90771356 0.90890771 0.91010011 0.91127993 0.91244796 0.91361133
 0.91474873 0.91587456 0.9169981  0.91808661 0.91916958 0.92024191
 0.92129382 0.92232947 0.92335666 0.92437738 0.92539265 0.92637568
 0.92735085 0.92831237 0.92926011 0.9302009  0.93111873 0.93203624
 0.93294404 0.93384069 0.93472337 0.93559214 0.93645678 0.93731072
 0.93814811 0.93897624 0.93980042 0.94061504 0.94141649 0.94220668
 0.94298446 0.94375902 0.94452    0.94527912 0.94602355 0.94676251
 0.94749138 0.94821306 0.94893004 0.94963448 0.95033147]
PCA 객체가 scaler_pca_final3/pca_1000.pkl 파일로 저장되었습니다.
Reconstruction Error: 0.02967210861542868
PCA 결과가 scaler_pca_final3/pca_results_1000.csv 파일로 저장되었습니다.
