모든 결과가 scaler_pca_final4/master_experiment_results_1000.csv로 병합되었습니다.
E_Q 임계값((500000000000.0, 1100000000000.0)) 필터링: 1000개 중 890개 데이터 유지.
병합 및 필터링된 결과가 scaler_pca_final4/merged_results_1000.csv 파일로 저장되었습니다.
길이가 일치하지 않는 file_num 삭제: 2589 (길이: 539, 기대: 616)
v_vectors shape: 889 x 616
Unscaled V results have been saved to scaler_pca_final4/v_ori_results_1000.csv
V 결과가 scaler_pca_final4/v_scl_results_1000.csv 파일로 저장되었습니다.
Scaler 객체가 scaler_pca_final4/scaler_1000.joblib 파일로 저장되었습니다.
설정된 주성분 개수: 177
설명된 분산 비율: [0.02504306 0.02412161 0.02250246 0.02225626 0.0190011  0.01868954
 0.01757808 0.01719784 0.01689184 0.01625158 0.01561199 0.01546159
 0.01516476 0.01506726 0.0146189  0.01430146 0.01393999 0.01361037
 0.01357119 0.01333442 0.01294176 0.01285324 0.01240516 0.01224161
 0.0119955  0.0116529  0.01136781 0.01106677 0.01088941 0.01081947
 0.01061606 0.01031234 0.01007079 0.00999146 0.0098003  0.00948711
 0.00915144 0.00900172 0.0088628  0.00854865 0.00833603 0.00815765
 0.00797384 0.00788711 0.00774255 0.00765414 0.00755847 0.00740293
 0.00731467 0.0071028  0.00685802 0.00674501 0.00657129 0.00647449
 0.00633662 0.00612272 0.00610095 0.00601507 0.00589873 0.00561633
 0.00557361 0.00540214 0.005376   0.00524774 0.00510027 0.00494468
 0.00484645 0.00472585 0.00466504 0.00446009 0.0044199  0.00423882
 0.004187   0.00412981 0.00405795 0.00388895 0.00382507 0.00376038
 0.00372594 0.00364775 0.00363435 0.00353025 0.00340592 0.00337304
 0.00330991 0.00324615 0.00320809 0.0030863  0.00296187 0.00289255
 0.00282284 0.00279859 0.0027251  0.00267692 0.00260897 0.00256249
 0.00252913 0.00250295 0.0023669  0.00236001 0.00233084 0.0022791
 0.00224774 0.00218909 0.00216035 0.00209337 0.0020386  0.0020184
 0.00198072 0.00196384 0.00189897 0.00187508 0.00184328 0.00183233
 0.00178363 0.00177873 0.00176321 0.00172285 0.00170587 0.00169311
 0.00166678 0.00164341 0.00159909 0.00157532 0.00154987 0.00154102
 0.00151426 0.00147659 0.00146117 0.00144788 0.00143335 0.00142511
 0.00138686 0.00137613 0.00133363 0.00132641 0.00132083 0.00129423
 0.00125994 0.00125103 0.00123869 0.00123629 0.00122298 0.00117365
 0.00116794 0.00114619 0.00112117 0.00110972 0.00109198 0.00106912
 0.0010575  0.00104502 0.0010267  0.00100807 0.00100171 0.00098858
 0.00096855 0.00096437 0.00094985 0.0009291  0.00092109 0.00089955
 0.00087991 0.00087912 0.00087535 0.0008534  0.0008435  0.00083795
 0.00081633 0.00080631 0.00079624 0.00078304 0.00077582 0.00075382
 0.0007517  0.00074512 0.00073562]
누적 설명 분산 비율: [0.02504306 0.04916467 0.07166713 0.09392339 0.1129245  0.13161404
 0.14919212 0.16638996 0.1832818  0.19953339 0.21514538 0.23060697
 0.24577174 0.26083899 0.2754579  0.28975936 0.30369935 0.31730972
 0.33088091 0.34421533 0.35715709 0.37001033 0.38241548 0.39465709
 0.40665259 0.41830549 0.42967331 0.44074008 0.45162949 0.46244896
 0.47306502 0.48337736 0.49344815 0.50343961 0.51323991 0.52272702
 0.53187846 0.54088018 0.54974298 0.55829163 0.56662766 0.57478531
 0.58275915 0.59064626 0.59838881 0.60604295 0.61360142 0.62100436
 0.62831903 0.63542183 0.64227985 0.64902487 0.65559615 0.66207064
 0.66840727 0.67452998 0.68063093 0.68664601 0.69254474 0.69816106
 0.70373467 0.70913681 0.71451282 0.71976056 0.72486083 0.72980551
 0.73465196 0.73937781 0.74404285 0.74850294 0.75292285 0.75716166
 0.76134866 0.76547847 0.76953641 0.77342536 0.77725044 0.78101082
 0.78473675 0.7883845  0.79201885 0.79554911 0.79895503 0.80232807
 0.80563799 0.80888414 0.81209223 0.81517853 0.8181404  0.82103295
 0.82385579 0.82665438 0.82937948 0.8320564  0.83466537 0.83722787
 0.839757   0.84225995 0.84462685 0.84698686 0.8493177  0.8515968
 0.85384454 0.85603363 0.85819398 0.86028735 0.86232595 0.86434435
 0.86632507 0.86828891 0.87018789 0.87206297 0.87390625 0.87573857
 0.87752221 0.87930093 0.88106414 0.88278699 0.88449285 0.88618597
 0.88785275 0.88949615 0.89109524 0.89267056 0.89422043 0.89576145
 0.89727571 0.8987523  0.90021348 0.90166136 0.9030947  0.90451981
 0.90590667 0.9072828  0.90861643 0.90994284 0.91126367 0.91255791
 0.91381784 0.91506887 0.91630756 0.91754384 0.91876683 0.91994048
 0.92110842 0.9222546  0.92337578 0.9244855  0.92557748 0.9266466
 0.9277041  0.92874911 0.92977581 0.93078388 0.93178559 0.93277417
 0.93374273 0.9347071  0.93565695 0.93658605 0.93750713 0.93840668
 0.93928659 0.94016571 0.94104106 0.94189446 0.94273795 0.94357591
 0.94439224 0.94519855 0.94599479 0.94677783 0.94755365 0.94830747
 0.94905917 0.9498043  0.95053991]
PCA 객체가 scaler_pca_final4/pca_1000.pkl 파일로 저장되었습니다.
Reconstruction Error: 0.02954758507334931
PCA 결과가 scaler_pca_final4/pca_results_1000.csv 파일로 저장되었습니다.
