모든 결과가 scaler_pca_final5/master_experiment_results_2000.csv로 병합되었습니다.
병합 및 필터링된 결과가 scaler_pca_final5/merged_results_2000.csv 파일로 저장되었습니다.
길이가 일치하지 않는 file_num 삭제: 55 (길이: 539, 기대: 616)
길이가 일치하지 않는 file_num 삭제: 641 (길이: 539, 기대: 616)
길이가 일치하지 않는 file_num 삭제: 1560 (길이: 539, 기대: 616)
길이가 일치하지 않는 file_num 삭제: 2023 (길이: 539, 기대: 616)
v_vectors shape: 1996 x 616
Unscaled V results have been saved to scaler_pca_final5/v_ori_results_2000.csv
V 결과가 scaler_pca_final5/v_scl_results_2000.csv 파일로 저장되었습니다.
Scaler 객체가 scaler_pca_final5/scaler_2000.joblib 파일로 저장되었습니다.
설정된 주성분 개수: 142
설명된 분산 비율: [0.02273778 0.02175596 0.0200981  0.01930496 0.01891182 0.01833837
 0.01816102 0.01781502 0.0174828  0.01709327 0.01657442 0.01646027
 0.01635029 0.01595092 0.0158349  0.01562782 0.0154149  0.01504391
 0.01495585 0.01471017 0.01450892 0.01425972 0.01378483 0.01353107
 0.01345364 0.0132429  0.01294356 0.01285838 0.012542   0.01248317
 0.01222649 0.01199919 0.01188946 0.011722   0.011543   0.01123366
 0.01091144 0.01085538 0.01081617 0.01069765 0.01052794 0.01018964
 0.01002905 0.00981139 0.0094411  0.00941893 0.00909473 0.00838473
 0.00823951 0.0079644  0.00773673 0.00740615 0.00723396 0.00665981
 0.0064679  0.00621766 0.00615864 0.00610803 0.00593511 0.00574013
 0.0056846  0.00546776 0.00535324 0.00530323 0.00511321 0.00504188
 0.00479172 0.00459114 0.0045505  0.00436557 0.00427558 0.00419582
 0.0041127  0.00407208 0.00374582 0.00369523 0.00357151 0.00350587
 0.00348211 0.00346135 0.00336792 0.00330548 0.00322589 0.00318189
 0.00312555 0.0030456  0.00298515 0.00290532 0.00283712 0.00279663
 0.00276598 0.00271939 0.00256611 0.00251833 0.00235457 0.00215601
 0.00210021 0.00200836 0.00199289 0.00195411 0.00190643 0.0018575
 0.00178913 0.00177923 0.00170638 0.00169746 0.00161497 0.00159981
 0.00156815 0.0015312  0.00152332 0.00147863 0.00145302 0.0014257
 0.00138783 0.00137951 0.00132566 0.00130365 0.00128135 0.00127771
 0.00125593 0.00123918 0.00121533 0.00120771 0.00119372 0.00116634
 0.00115623 0.00113045 0.00111914 0.0010942  0.00106559 0.00095093
 0.00091284 0.0009036  0.0008787  0.00085975 0.0008564  0.00085252
 0.00083045 0.00080992 0.00079134 0.00078267]
누적 설명 분산 비율: [0.02273778 0.04449374 0.06459184 0.0838968  0.10280863 0.12114699
 0.13930801 0.15712303 0.17460583 0.1916991  0.20827352 0.22473379
 0.24108408 0.25703499 0.27286989 0.28849771 0.30391262 0.31895653
 0.33391238 0.34862255 0.36313148 0.3773912  0.39117603 0.4047071
 0.41816074 0.43140364 0.4443472  0.45720558 0.46974759 0.48223076
 0.49445725 0.50645644 0.5183459  0.5300679  0.54161091 0.55284457
 0.56375601 0.57461139 0.58542756 0.59612521 0.60665315 0.61684279
 0.62687184 0.63668324 0.64612434 0.65554327 0.66463799 0.67302272
 0.68126223 0.68922663 0.69696336 0.70436951 0.71160347 0.71826327
 0.72473117 0.73094883 0.73710747 0.7432155  0.7491506  0.75489074
 0.76057534 0.7660431  0.77139635 0.77669957 0.78181278 0.78685466
 0.79164638 0.79623752 0.80078802 0.80515359 0.80942917 0.81362499
 0.81773768 0.82180976 0.82555558 0.82925081 0.83282232 0.83632819
 0.8398103  0.84327165 0.84663957 0.84994505 0.85317094 0.85635283
 0.85947839 0.86252399 0.86550914 0.86841446 0.87125158 0.8740482
 0.87681418 0.87953357 0.88209968 0.88461801 0.88697258 0.88912859
 0.8912288  0.89323716 0.89523006 0.89718417 0.8990906  0.9009481
 0.90273722 0.90451645 0.90622283 0.90792029 0.90953526 0.91113507
 0.91270323 0.91423443 0.91575775 0.91723638 0.91868941 0.92011511
 0.92150293 0.92288244 0.9242081  0.92551176 0.9267931  0.92807082
 0.92932674 0.93056593 0.93178126 0.93298896 0.93418268 0.93534902
 0.93650526 0.93763571 0.93875485 0.93984905 0.94091464 0.94186556
 0.94277841 0.943682   0.9445607  0.94542045 0.94627685 0.94712937
 0.94795982 0.94876974 0.94956108 0.95034375]
PCA 객체가 scaler_pca_final5/pca_2000.pkl 파일로 저장되었습니다.
Reconstruction Error: 0.029664774058659568
PCA 결과가 scaler_pca_final5/pca_results_2000.csv 파일로 저장되었습니다.
