모든 결과가 scaler_pca_final3/master_experiment_results_1000.csv로 병합되었습니다.
E_Q 임계값(1500000000000.0) 필터링: 1000개 중 964개 데이터 유지.
병합 및 필터링된 결과가 scaler_pca_final3/merged_results_1000.csv 파일로 저장되었습니다.
길이가 일치하지 않는 file_num 삭제: 214 (길이: 539, 기대: 616)
길이가 일치하지 않는 file_num 삭제: 1107 (길이: 539, 기대: 616)
길이가 일치하지 않는 file_num 삭제: 1183 (길이: 539, 기대: 616)
v_vectors shape: 961 x 616
Unscaled V results have been saved to scaler_pca_final3/v_ori_results_1000.csv
V 결과가 scaler_pca_final3/v_scl_results_1000.csv 파일로 저장되었습니다.
Scaler 객체가 scaler_pca_final3/scaler_1000.joblib 파일로 저장되었습니다.
설정된 주성분 개수: 191
설명된 분산 비율: [0.12531395 0.02784877 0.0252268  0.02346908 0.02238066 0.02094822
 0.01550166 0.01425727 0.01371732 0.01339881 0.01257826 0.01244745
 0.01222119 0.01192349 0.01175603 0.01133548 0.0110347  0.01079921
 0.0105626  0.01048432 0.01002667 0.00987086 0.00984072 0.00953855
 0.00925325 0.00913983 0.0090962  0.00880594 0.00869437 0.00842109
 0.00830609 0.00822535 0.00807306 0.00785548 0.00769254 0.0074448
 0.00736844 0.00726103 0.00706771 0.00688077 0.00678578 0.00660863
 0.00648551 0.00642985 0.00628158 0.00622709 0.00600983 0.00584133
 0.00574807 0.00560233 0.00553286 0.00534147 0.00524993 0.00515723
 0.00510334 0.00498983 0.00491213 0.00485046 0.00477848 0.00469395
 0.00452668 0.00447053 0.00446456 0.00438481 0.00429239 0.00421915
 0.00414237 0.00409237 0.00396998 0.00395355 0.00391292 0.00379387
 0.00372381 0.00367113 0.00360881 0.00355729 0.00351973 0.00340985
 0.0033325  0.0032501  0.00324875 0.00321015 0.00316441 0.0030907
 0.00306218 0.00301579 0.00294789 0.00286054 0.00279447 0.0027814
 0.00274302 0.00267698 0.0026003  0.00252204 0.00247845 0.00244428
 0.00240297 0.002362   0.00233668 0.00230285 0.00228508 0.00222974
 0.00219534 0.00216329 0.0021383  0.002077   0.0020554  0.00201
 0.00198779 0.00195655 0.00191433 0.00189099 0.00187685 0.00184738
 0.00183572 0.00179795 0.00177255 0.00176515 0.00172816 0.00171549
 0.00170153 0.00165093 0.00162003 0.00161107 0.00159696 0.00156757
 0.00155315 0.00152123 0.00151471 0.00148413 0.00147561 0.00145267
 0.00144991 0.00143519 0.00141489 0.00140052 0.00138609 0.00136468
 0.00134845 0.0013212  0.00130382 0.00128447 0.00126506 0.00125291
 0.00125135 0.00122275 0.00121307 0.00119696 0.00118742 0.00116367
 0.00115421 0.00111417 0.00110552 0.00109636 0.00107457 0.00106966
 0.00105358 0.0010416  0.00103565 0.00102685 0.00099475 0.00099146
 0.00098302 0.00097127 0.00095854 0.00094427 0.00094183 0.00093183
 0.0009219  0.00090095 0.00089447 0.00088006 0.00086199 0.00085716
 0.00084533 0.00083199 0.00081975 0.00081289 0.00080443 0.00079858
 0.00078683 0.00077392 0.00076486 0.00075258 0.00074878 0.00074
 0.00073217 0.00072923 0.00071427 0.000703   0.00069432]
누적 설명 분산 비율: [0.12531395 0.15316272 0.17838952 0.2018586  0.22423926 0.24518748
 0.26068914 0.27494641 0.28866373 0.30206254 0.3146408  0.32708824
 0.33930943 0.35123292 0.36298896 0.37432444 0.38535913 0.39615834
 0.40672094 0.41720527 0.42723193 0.4371028  0.44694351 0.45648206
 0.46573531 0.47487514 0.48397135 0.49277729 0.50147166 0.50989276
 0.51819885 0.5264242  0.53449725 0.54235273 0.55004526 0.55749006
 0.5648585  0.57211953 0.57918724 0.58606801 0.5928538  0.59946242
 0.60594793 0.61237778 0.61865936 0.62488645 0.63089628 0.63673761
 0.64248568 0.64808801 0.65362086 0.65896234 0.66421226 0.66936949
 0.67447284 0.67946266 0.68437479 0.68922525 0.69400373 0.69869768
 0.70322436 0.70769489 0.71215945 0.71654426 0.72083665 0.72505579
 0.72919816 0.73329053 0.73726051 0.74121406 0.74512698 0.74892085
 0.75264466 0.75631579 0.7599246  0.76348188 0.76700161 0.77041146
 0.77374396 0.77699406 0.78024281 0.78345296 0.78661737 0.78970807
 0.79277025 0.79578604 0.79873393 0.80159447 0.80438894 0.80717035
 0.80991336 0.81259035 0.81519064 0.81771268 0.82019114 0.82263542
 0.82503838 0.82740038 0.82973706 0.83203991 0.83432499 0.83655473
 0.83875007 0.84091336 0.84305166 0.84512866 0.84718406 0.84919407
 0.85118186 0.85313841 0.85505275 0.85694374 0.85882059 0.86066797
 0.86250369 0.86430164 0.86607419 0.86783933 0.86956749 0.87128298
 0.87298451 0.87463543 0.87625546 0.87786653 0.87946349 0.88103107
 0.88258422 0.88410545 0.88562017 0.88710429 0.8885799  0.89003257
 0.89148249 0.89291768 0.89433257 0.89573309 0.89711918 0.89848386
 0.89983231 0.90115352 0.90245733 0.90374181 0.90500687 0.90625978
 0.90751113 0.90873389 0.90994696 0.91114392 0.91233134 0.91349501
 0.91464923 0.91576339 0.91686891 0.91796528 0.91903985 0.92010951
 0.9211631  0.9222047  0.92324035 0.9242672  0.92526195 0.9262534
 0.92723642 0.92820769 0.92916623 0.9301105  0.93105233 0.93198416
 0.93290607 0.93380702 0.93470149 0.93558156 0.93644355 0.9373007
 0.93814603 0.93897802 0.93979777 0.94061066 0.94141509 0.94221367
 0.9430005  0.94377442 0.94453928 0.94529186 0.94604064 0.94678065
 0.94751282 0.94824205 0.94895632 0.94965932 0.95035364]
PCA 객체가 scaler_pca_final3/pca_1000.pkl 파일로 저장되었습니다.
Reconstruction Error: 0.029658861720724506
PCA 결과가 scaler_pca_final3/pca_results_1000.csv 파일로 저장되었습니다.
