모든 결과가 scaler_pca_final3/master_experiment_results_7000.csv로 병합되었습니다.
E_Q 임계값((500000000000.0, 1100000000000.0)) 필터링: 7000개 중 6745개 데이터 유지.
병합 및 필터링된 결과가 scaler_pca_final3/merged_results_7000.csv 파일로 저장되었습니다.
길이가 일치하지 않는 file_num 삭제: 303 (길이: 539, 기대: 616)
길이가 일치하지 않는 file_num 삭제: 1107 (길이: 539, 기대: 616)
길이가 일치하지 않는 file_num 삭제: 1196 (길이: 539, 기대: 616)
길이가 일치하지 않는 file_num 삭제: 1215 (길이: 539, 기대: 616)
길이가 일치하지 않는 file_num 삭제: 1564 (길이: 539, 기대: 616)
길이가 일치하지 않는 file_num 삭제: 1782 (길이: 539, 기대: 616)
길이가 일치하지 않는 file_num 삭제: 2589 (길이: 539, 기대: 616)
길이가 일치하지 않는 file_num 삭제: 3865 (길이: 539, 기대: 616)
길이가 일치하지 않는 file_num 삭제: 4376 (길이: 539, 기대: 616)
길이가 일치하지 않는 file_num 삭제: 5411 (길이: 539, 기대: 616)
길이가 일치하지 않는 file_num 삭제: 5860 (길이: 539, 기대: 616)
길이가 일치하지 않는 file_num 삭제: 6291 (길이: 539, 기대: 616)
길이가 일치하지 않는 file_num 삭제: 7187 (길이: 539, 기대: 616)
v_vectors shape: 6732 x 616
Unscaled V results have been saved to scaler_pca_final3/v_ori_results_7000.csv
V 결과가 scaler_pca_final3/v_scl_results_7000.csv 파일로 저장되었습니다.
Scaler 객체가 scaler_pca_final3/scaler_7000.joblib 파일로 저장되었습니다.
설정된 주성분 개수: 217
설명된 분산 비율: [0.11055083 0.02386062 0.02325812 0.02177031 0.02147767 0.02056681
 0.0124457  0.01208096 0.01200591 0.01183502 0.01156491 0.011467
 0.01128708 0.01120851 0.01097395 0.01088145 0.01078829 0.01067226
 0.01039689 0.01028263 0.01005555 0.0099411  0.00960629 0.00937125
 0.00933092 0.00902826 0.00884564 0.00854464 0.0083458  0.00823222
 0.00813201 0.00796033 0.00786559 0.00773355 0.0076973  0.00762936
 0.00755581 0.00742151 0.00731449 0.00727    0.00713126 0.00709622
 0.00699155 0.00688087 0.00667807 0.00660288 0.00655318 0.00599532
 0.00588709 0.00576273 0.00574615 0.00551796 0.00541474 0.00521688
 0.00517856 0.00509187 0.0049438  0.00479559 0.00478218 0.00466239
 0.00463726 0.00462894 0.00450089 0.00438821 0.00436086 0.00432377
 0.00424581 0.004143   0.0040826  0.0039974  0.00397599 0.00392691
 0.00386759 0.00382643 0.00377404 0.00374948 0.00370591 0.00369093
 0.00360464 0.00354654 0.0034529  0.00342857 0.00338148 0.0032875
 0.00326853 0.00321789 0.00320866 0.00308986 0.0030118  0.00294338
 0.00285437 0.00279009 0.0027782  0.00271054 0.00265862 0.00257015
 0.00252215 0.00248097 0.00245512 0.00244776 0.00237623 0.00236468
 0.00231519 0.00227964 0.00214633 0.00213835 0.00204525 0.00202948
 0.00201886 0.00197104 0.00196467 0.0019338  0.00192389 0.00191465
 0.0018828  0.00185582 0.00184671 0.00181971 0.00180768 0.00179627
 0.00178105 0.00176623 0.00175757 0.00174173 0.00173043 0.00172048
 0.00171162 0.00169147 0.00166613 0.00164464 0.00162507 0.00160625
 0.00160185 0.00157454 0.00156339 0.00154503 0.00152867 0.00152357
 0.00146794 0.00145077 0.00144558 0.00143275 0.00139275 0.00135006
 0.00132666 0.00129708 0.00128066 0.00125481 0.00125109 0.00122284
 0.00121402 0.00120949 0.00120503 0.00119338 0.00119041 0.00116276
 0.00115287 0.00114661 0.00113936 0.00113404 0.00112948 0.00112334
 0.00110726 0.00109533 0.00109326 0.00107446 0.0010653  0.0010428
 0.00103199 0.00102945 0.00100488 0.00099984 0.00098197 0.00096287
 0.00095585 0.00094952 0.00093568 0.00092018 0.00090816 0.00089819
 0.00089186 0.00087387 0.00086171 0.00085552 0.00084647 0.00083831
 0.00082952 0.00081848 0.00081219 0.00080606 0.0008002  0.00079615
 0.00079447 0.00077714 0.00077671 0.00077067 0.00076742 0.00076067
 0.00075838 0.00074926 0.00074655 0.00074278 0.00073637 0.00073235
 0.00072463 0.00072276 0.00071712 0.00070879 0.00070403 0.0006908
 0.00068881 0.00067972 0.0006762  0.00066991 0.00066757 0.00066606
 0.00065129]
누적 설명 분산 비율: [0.11055083 0.13441146 0.15766958 0.17943989 0.20091756 0.22148437
 0.23393007 0.24601103 0.25801693 0.26985195 0.28141687 0.29288387
 0.30417095 0.31537945 0.3263534  0.33723485 0.34802314 0.3586954
 0.36909229 0.37937492 0.38943047 0.39937157 0.40897786 0.41834911
 0.42768003 0.4367083  0.44555394 0.45409857 0.46244438 0.47067659
 0.4788086  0.48676893 0.49463452 0.50236807 0.51006537 0.51769472
 0.52525054 0.53267204 0.53998653 0.54725653 0.55438779 0.56148401
 0.56847556 0.57535643 0.5820345  0.58863738 0.59519055 0.60118588
 0.60707297 0.61283569 0.61858184 0.6240998  0.62951454 0.63473143
 0.63990998 0.64500185 0.64994565 0.65474124 0.65952341 0.66418581
 0.66882307 0.67345201 0.6779529  0.68234111 0.68670197 0.69102574
 0.69527155 0.69941455 0.70349715 0.70749456 0.71147054 0.71539745
 0.71926504 0.72309148 0.72686551 0.73061499 0.7343209  0.73801182
 0.74161646 0.745163   0.7486159  0.75204447 0.75542595 0.75871345
 0.76198197 0.76519987 0.76840853 0.77149839 0.77451019 0.77745357
 0.78030795 0.78309803 0.78587623 0.78858677 0.79124539 0.79381554
 0.79633769 0.79881866 0.80127378 0.80372154 0.80609777 0.80846245
 0.81077764 0.81305728 0.81520361 0.81734197 0.81938721 0.8214167
 0.82343555 0.8254066  0.82737127 0.82930507 0.83122896 0.8331436
 0.83502641 0.83688222 0.83872893 0.84054864 0.84235632 0.8441526
 0.84593365 0.84769988 0.84945745 0.85119918 0.85292961 0.85465009
 0.8563617  0.85805317 0.8597193  0.86136395 0.86298902 0.86459527
 0.86619712 0.86777165 0.86933504 0.87088007 0.87240873 0.8739323
 0.87540024 0.87685101 0.87829659 0.87972933 0.88112209 0.88247215
 0.88379881 0.88509589 0.88637656 0.88763137 0.88888246 0.8901053
 0.89131932 0.89252881 0.89373384 0.89492722 0.89611763 0.8972804
 0.89843327 0.89957988 0.90071924 0.90185328 0.90298277 0.90410611
 0.90521338 0.9063087  0.90740196 0.90847642 0.90954172 0.91058452
 0.9116165  0.91264596 0.91365084 0.91465068 0.91563265 0.91659552
 0.91755138 0.9185009  0.91943657 0.92035676 0.92126492 0.92216311
 0.92305497 0.92392884 0.92479055 0.92564608 0.92649255 0.92733086
 0.92816038 0.92897886 0.92979105 0.93059711 0.93139731 0.93219346
 0.93298793 0.93376507 0.93454178 0.93531245 0.93607987 0.93684053
 0.93759891 0.93834817 0.93909472 0.9398375  0.94057387 0.94130622
 0.94203085 0.94275361 0.94347073 0.94417953 0.94488355 0.94557435
 0.94626316 0.94694288 0.94761908 0.94828899 0.94895656 0.94962262
 0.95027391]
PCA 객체가 scaler_pca_final3/pca_7000.pkl 파일로 저장되었습니다.
Reconstruction Error: 0.029706497675546256
PCA 결과가 scaler_pca_final3/pca_results_7000.csv 파일로 저장되었습니다.
