모든 결과가 scaler_pca_final4/master_experiment_results_1000.csv로 병합되었습니다.
E_Q 임계값((500000000000.0, 1100000000000.0)) 필터링: 1000개 중 753개 데이터 유지.
병합 및 필터링된 결과가 scaler_pca_final4/merged_results_1000.csv 파일로 저장되었습니다.
길이가 일치하지 않는 file_num 삭제: 195 (길이: 539, 기대: 616)
길이가 일치하지 않는 file_num 삭제: 304 (길이: 539, 기대: 616)
v_vectors shape: 751 x 616
Unscaled V results have been saved to scaler_pca_final4/v_ori_results_1000.csv
V 결과가 scaler_pca_final4/v_scl_results_1000.csv 파일로 저장되었습니다.
Scaler 객체가 scaler_pca_final4/scaler_1000.joblib 파일로 저장되었습니다.
설정된 주성분 개수: 154
설명된 분산 비율: [0.02686731 0.02403125 0.02176286 0.02155092 0.02090139 0.0198724
 0.01918793 0.01887948 0.01852102 0.01821138 0.01768157 0.01706512
 0.01691863 0.0167751  0.0159448  0.01576817 0.01551874 0.01537978
 0.01507932 0.01418655 0.01388364 0.01371856 0.01360764 0.01331733
 0.0127645  0.01245031 0.01237274 0.01207141 0.01199113 0.0115912
 0.01143951 0.01100366 0.01091531 0.01048959 0.01028498 0.00995333
 0.00972672 0.00951041 0.00948901 0.00930955 0.00920621 0.00866413
 0.00844532 0.008304   0.00798176 0.00787552 0.00782196 0.00737744
 0.00722129 0.00706406 0.00697044 0.00652395 0.00651813 0.00643941
 0.00619761 0.00610557 0.00597671 0.00581637 0.005711   0.00562797
 0.00532335 0.00520257 0.00513733 0.00497367 0.00485197 0.00474686
 0.00472384 0.00464328 0.004442   0.00432454 0.00407446 0.00400249
 0.00397327 0.00390234 0.00374155 0.00368203 0.00351971 0.0034552
 0.00327178 0.00323462 0.00317989 0.00310946 0.00305456 0.00301076
 0.00293791 0.00287148 0.00281609 0.00275419 0.00271554 0.00267882
 0.00260481 0.0025805  0.00248435 0.00243241 0.00239833 0.00234392
 0.00226655 0.00222813 0.00218017 0.00211318 0.00208078 0.00203272
 0.00199721 0.00197936 0.00191641 0.00187802 0.00184237 0.00177418
 0.00173671 0.00169521 0.00167321 0.00166202 0.00161927 0.001613
 0.00157975 0.0015334  0.00151441 0.00149643 0.00145587 0.00144716
 0.00140825 0.00139353 0.00136903 0.00133688 0.00133062 0.00128679
 0.00126987 0.00123507 0.00122392 0.00120303 0.00117449 0.00115674
 0.0011509  0.00112921 0.00109565 0.00107707 0.00106581 0.00102548
 0.001011   0.0009916  0.00096948 0.00094911 0.00094175 0.00092158
 0.00091807 0.0009054  0.00089315 0.0008731  0.00084692 0.00082578
 0.0008167  0.00079744 0.00078923 0.00077677]
누적 설명 분산 비율: [0.02686731 0.05089856 0.07266142 0.09421234 0.11511373 0.13498612
 0.15417406 0.17305354 0.19157456 0.20978594 0.22746751 0.24453263
 0.26145126 0.27822637 0.29417117 0.30993934 0.32545808 0.34083786
 0.35591718 0.37010373 0.38398737 0.39770593 0.41131357 0.4246309
 0.4373954  0.44984571 0.46221845 0.47428986 0.48628099 0.49787219
 0.5093117  0.52031536 0.53123067 0.54172026 0.55200524 0.56195857
 0.57168529 0.5811957  0.59068471 0.59999425 0.60920046 0.61786459
 0.62630991 0.63461391 0.64259567 0.65047118 0.65829314 0.66567058
 0.67289187 0.67995593 0.68692637 0.69345032 0.69996845 0.70640786
 0.71260547 0.71871105 0.72468775 0.73050412 0.73621512 0.7418431
 0.74716645 0.75236902 0.75750635 0.76248002 0.76733198 0.77207884
 0.77680268 0.78144595 0.78588796 0.7902125  0.79428696 0.79828945
 0.80226271 0.80616505 0.80990659 0.81358862 0.81710834 0.82056354
 0.82383531 0.82706994 0.83024983 0.83335929 0.83641385 0.83942461
 0.84236251 0.845234   0.84805008 0.85080428 0.85351981 0.85619864
 0.85880344 0.86138394 0.86386829 0.8663007  0.86869903 0.87104295
 0.8733095  0.87553763 0.8777178  0.87983099 0.88191176 0.88394448
 0.88594169 0.88792106 0.88983747 0.89171548 0.89355785 0.89533203
 0.89706874 0.89876395 0.90043716 0.90209918 0.90371846 0.90533145
 0.9069112  0.9084446  0.90995901 0.91145544 0.91291132 0.91435848
 0.91576673 0.91716026 0.91852928 0.91986616 0.92119678 0.92248357
 0.92375344 0.92498852 0.92621244 0.92741547 0.92858996 0.9297467
 0.93089761 0.93202682 0.93312247 0.93419954 0.93526535 0.93629084
 0.93730183 0.93829344 0.93926292 0.94021203 0.94115378 0.94207535
 0.94299342 0.94389882 0.94479197 0.94566506 0.94651198 0.94733776
 0.94815446 0.9489519  0.94974112 0.95051789]
PCA 객체가 scaler_pca_final4/pca_1000.pkl 파일로 저장되었습니다.
Reconstruction Error: 0.029560739683865613
PCA 결과가 scaler_pca_final4/pca_results_1000.csv 파일로 저장되었습니다.
