모든 결과가 scaler_pca_final3/master_experiment_results_3000.csv로 병합되었습니다.
E_Q 임계값(1500000000000.0) 필터링: 3000개 중 2895개 데이터 유지.
병합 및 필터링된 결과가 scaler_pca_final3/merged_results_3000.csv 파일로 저장되었습니다.
길이가 일치하지 않는 file_num 삭제: 214 (길이: 539, 기대: 616)
길이가 일치하지 않는 file_num 삭제: 303 (길이: 539, 기대: 616)
길이가 일치하지 않는 file_num 삭제: 1107 (길이: 539, 기대: 616)
길이가 일치하지 않는 file_num 삭제: 1183 (길이: 539, 기대: 616)
길이가 일치하지 않는 file_num 삭제: 1196 (길이: 539, 기대: 616)
길이가 일치하지 않는 file_num 삭제: 1215 (길이: 539, 기대: 616)
길이가 일치하지 않는 file_num 삭제: 1564 (길이: 539, 기대: 616)
길이가 일치하지 않는 file_num 삭제: 1782 (길이: 539, 기대: 616)
길이가 일치하지 않는 file_num 삭제: 2589 (길이: 539, 기대: 616)
v_vectors shape: 2886 x 616
Unscaled V results have been saved to scaler_pca_final3/v_ori_results_3000.csv
V 결과가 scaler_pca_final3/v_scl_results_3000.csv 파일로 저장되었습니다.
Scaler 객체가 scaler_pca_final3/scaler_3000.joblib 파일로 저장되었습니다.
설정된 주성분 개수: 212
설명된 분산 비율: [0.12166587 0.02724108 0.0236177  0.02243438 0.02176992 0.02079822
 0.01322103 0.01280649 0.01247644 0.01237777 0.01218195 0.01195295
 0.01161168 0.01126527 0.0111248  0.01085235 0.01078286 0.01056306
 0.01026547 0.01022695 0.01005198 0.00958331 0.0094454  0.0092973
 0.00891954 0.00869516 0.00854118 0.00827492 0.00806458 0.0080178
 0.00792795 0.00783265 0.0077077  0.00759544 0.00747664 0.00741611
 0.00730501 0.00728407 0.00718926 0.00703749 0.00697901 0.00679625
 0.00677157 0.00656386 0.00641335 0.00619146 0.00604037 0.00590525
 0.00579069 0.0055801  0.00549499 0.0054329  0.00524277 0.00513699
 0.00503792 0.00494842 0.0048654  0.004811   0.00467981 0.00461953
 0.0045323  0.00452141 0.00437083 0.0043562  0.0042841  0.00425382
 0.00418563 0.00409766 0.00403849 0.00398036 0.00391495 0.00386083
 0.00379186 0.00375463 0.00368914 0.003626   0.00359076 0.00353145
 0.00349164 0.00343622 0.00336066 0.00330035 0.00323863 0.00320916
 0.00313886 0.00309913 0.00298349 0.00296848 0.00286265 0.00284458
 0.002746   0.00271391 0.00269336 0.00257671 0.00252792 0.00248943
 0.00240791 0.00237648 0.00234572 0.00231663 0.00224295 0.0021802
 0.00214582 0.00211842 0.00208491 0.00203689 0.00201757 0.00200089
 0.00199581 0.00193344 0.0019185  0.0018996  0.00189675 0.00186307
 0.00185242 0.00182069 0.00179634 0.001783   0.00176933 0.0017511
 0.00172842 0.00172153 0.00169718 0.00169156 0.00166913 0.00165286
 0.00164079 0.00163392 0.00161111 0.00159149 0.00157554 0.00156964
 0.00154742 0.00153251 0.00150556 0.00149974 0.00147804 0.00144635
 0.00142421 0.00140884 0.00139312 0.00138262 0.00134736 0.00131789
 0.0012841  0.00126925 0.00126024 0.00124642 0.00123892 0.00120979
 0.00120072 0.0011911  0.00118607 0.00116145 0.00115864 0.00114611
 0.00111652 0.00110834 0.00110045 0.0010857  0.00108331 0.00107012
 0.00105709 0.00104992 0.00103592 0.00102477 0.00101724 0.00100864
 0.0010028  0.00098367 0.00096692 0.00096243 0.00094651 0.00094075
 0.00093554 0.00092025 0.00091074 0.00089445 0.00087876 0.00087307
 0.00086706 0.00085312 0.00084967 0.00084617 0.00083042 0.00082212
 0.00081683 0.00081053 0.00080855 0.00079169 0.00078472 0.00078151
 0.00077304 0.00076945 0.00075949 0.00075918 0.00074992 0.0007334
 0.00072656 0.00072307 0.000719   0.00071309 0.00070397 0.00070339
 0.00069414 0.00068343 0.00067897 0.00067816 0.00067568 0.00066602
 0.00065548 0.00065218]
누적 설명 분산 비율: [0.12166587 0.14890695 0.17252465 0.19495902 0.21672895 0.23752717
 0.2507482  0.26355469 0.27603113 0.2884089  0.30059086 0.31254381
 0.32415549 0.33542077 0.34654557 0.35739791 0.36818077 0.37874383
 0.3890093  0.39923625 0.40928823 0.41887155 0.42831694 0.43761424
 0.44653378 0.45522894 0.46377013 0.47204505 0.48010963 0.48812743
 0.49605538 0.50388802 0.51159572 0.51919116 0.5266678  0.53408391
 0.54138892 0.54867299 0.55586225 0.56289974 0.56987875 0.576675
 0.58344658 0.59001044 0.59642379 0.60261525 0.60865563 0.61456088
 0.62035156 0.62593167 0.63142666 0.63685956 0.64210233 0.64723932
 0.65227724 0.65722566 0.66209106 0.66690205 0.67158186 0.67620139
 0.68073369 0.6852551  0.68962593 0.69398213 0.69826623 0.70252005
 0.70670568 0.71080334 0.71484183 0.71882218 0.72273713 0.72659797
 0.73038983 0.73414446 0.7378336  0.7414596  0.74505036 0.74858181
 0.75207345 0.75550967 0.75887033 0.76217068 0.76540931 0.76861848
 0.77175734 0.77485647 0.77783997 0.78080844 0.78367109 0.78651567
 0.78926167 0.79197558 0.79466894 0.79724565 0.79977357 0.80226299
 0.80467091 0.80704739 0.80939311 0.81170974 0.81395269 0.81613289
 0.81827871 0.82039713 0.82248204 0.82451893 0.8265365  0.82853739
 0.8305332  0.83246664 0.83438514 0.83628474 0.83818149 0.84004456
 0.84189697 0.84371767 0.84551401 0.84729702 0.84906635 0.85081745
 0.85254587 0.8542674  0.85596458 0.85765614 0.85932526 0.86097812
 0.86261891 0.86425283 0.86586394 0.86745543 0.86903097 0.87060061
 0.87214803 0.87368054 0.8751861  0.87668584 0.87816387 0.87961022
 0.88103443 0.88244327 0.88383638 0.885219   0.88656636 0.88788425
 0.88916835 0.8904376  0.89169784 0.89294426 0.89418318 0.89539297
 0.89659369 0.89778479 0.89897086 0.90013231 0.90129095 0.90243706
 0.90355359 0.90466192 0.90576237 0.90684808 0.90793138 0.9090015
 0.9100586  0.91110852 0.91214444 0.91316921 0.91418645 0.91519509
 0.91619788 0.91718155 0.91814847 0.9191109  0.92005741 0.92099816
 0.9219337  0.92285394 0.92376469 0.92465914 0.9255379  0.92641098
 0.92727804 0.92813115 0.92898082 0.929827   0.93065741 0.93147953
 0.93229636 0.93310689 0.93391544 0.93470712 0.93549184 0.93627335
 0.93704639 0.93781584 0.93857533 0.93933451 0.94008443 0.94081784
 0.94154439 0.94226746 0.94298646 0.94369955 0.94440352 0.94510691
 0.94580105 0.94648448 0.94716345 0.94784161 0.94851729 0.94918331
 0.94983879 0.95049097]
PCA 객체가 scaler_pca_final3/pca_3000.pkl 파일로 저장되었습니다.
Reconstruction Error: 0.029576824895603277
PCA 결과가 scaler_pca_final3/pca_results_3000.csv 파일로 저장되었습니다.
