모든 결과가 scaler_pca_final6/master_experiment_results_500.csv로 병합되었습니다.
E_Q 임계값((100000000000.0, 1400000000000.0)) 필터링: 500개 중 480개 데이터 유지.
병합 및 필터링된 결과가 scaler_pca_final6/merged_results_500.csv 파일로 저장되었습니다.
길이가 일치하지 않는 file_num 삭제: 2023 (길이: 539, 기대: 616)
v_vectors shape: 479 x 616
Unscaled V results have been saved to scaler_pca_final6/v_ori_results_500.csv
V 결과가 scaler_pca_final6/v_scl_results_500.csv 파일로 저장되었습니다.
Scaler 객체가 scaler_pca_final6/scaler_500.joblib 파일로 저장되었습니다.
설정된 주성분 개수: 124
설명된 분산 비율: [0.02530682 0.0248325  0.02366929 0.02320329 0.02234914 0.0217326
 0.02127824 0.02051056 0.02006272 0.0197233  0.01935154 0.01904544
 0.01864516 0.01787271 0.01774047 0.01718886 0.01688891 0.01598868
 0.01565359 0.01540935 0.01511308 0.01502526 0.01441847 0.01376213
 0.01363449 0.01338806 0.01296684 0.01286842 0.01250471 0.01243355
 0.01217682 0.01192911 0.01164775 0.01109493 0.01086107 0.01068112
 0.01038412 0.01018379 0.01007763 0.00982932 0.00958536 0.00919684
 0.00893302 0.00843489 0.00837472 0.0081787  0.00785865 0.00782895
 0.00755733 0.00737556 0.00730822 0.00714681 0.00693759 0.00666323
 0.0064234  0.00639584 0.0059453  0.00575738 0.00564931 0.00544969
 0.00514936 0.00506568 0.00504959 0.00490086 0.00483497 0.00462128
 0.00440612 0.00431796 0.00414549 0.0039523  0.00387247 0.00381633
 0.00379323 0.00369743 0.00364073 0.00352376 0.00331664 0.00328492
 0.00317734 0.00309061 0.00301638 0.0029441  0.00291338 0.00285128
 0.00274758 0.00265826 0.00262723 0.00251336 0.00245228 0.00234972
 0.00228961 0.00216056 0.00213244 0.00208356 0.00204283 0.00201804
 0.00193842 0.00191825 0.00187078 0.00181801 0.00172803 0.00170783
 0.00166768 0.0016121  0.00159548 0.0015392  0.00152672 0.00149929
 0.00146173 0.00143101 0.00137041 0.00135046 0.0013225  0.00129127
 0.00126746 0.00125544 0.00124506 0.00121429 0.00119192 0.00115053
 0.00114357 0.0011279  0.00106502 0.00103594]
누적 설명 분산 비율: [0.02530682 0.05013932 0.07380861 0.0970119  0.11936103 0.14109363
 0.16237187 0.18288243 0.20294515 0.22266845 0.24202    0.26106544
 0.2797106  0.29758331 0.31532378 0.33251264 0.34940156 0.36539023
 0.38104382 0.39645317 0.41156625 0.42659152 0.44100998 0.45477211
 0.4684066  0.48179466 0.4947615  0.50762992 0.52013463 0.53256818
 0.54474501 0.55667412 0.56832187 0.5794168  0.59027787 0.60095899
 0.61134312 0.62152691 0.63160454 0.64143386 0.65101922 0.66021606
 0.66914908 0.67758398 0.6859587  0.69413739 0.70199604 0.70982499
 0.71738232 0.72475787 0.73206609 0.7392129  0.74615048 0.75281371
 0.75923711 0.76563295 0.77157825 0.77733563 0.78298494 0.78843463
 0.79358399 0.79864968 0.80369926 0.80860012 0.81343509 0.81805638
 0.8224625  0.82678045 0.83092594 0.83487823 0.8387507  0.84256703
 0.84636026 0.85005769 0.85369842 0.85722218 0.86053882 0.86382374
 0.86700108 0.87009169 0.87310807 0.87605217 0.87896555 0.88181683
 0.88456442 0.88722267 0.8898499  0.89236325 0.89481553 0.89716525
 0.89945486 0.90161543 0.90374787 0.90583142 0.90787425 0.90989229
 0.91183071 0.91374896 0.91561974 0.91743775 0.91916578 0.92087362
 0.9225413  0.92415339 0.92574888 0.92728808 0.9288148  0.93031409
 0.93177583 0.93320684 0.93457725 0.93592771 0.93725021 0.93854148
 0.93980893 0.94106437 0.94230943 0.94352371 0.94471563 0.94586616
 0.94700973 0.94813763 0.94920265 0.95023859]
PCA 객체가 scaler_pca_final6/pca_500.pkl 파일로 저장되었습니다.
Reconstruction Error: 0.029727596275494563
PCA 결과가 scaler_pca_final6/pca_results_500.csv 파일로 저장되었습니다.
