2025-09-07 23:25:02,576 - INFO - 1. 처리할 작업 목록 탐색: 'training_data_distributed' 디렉토리에서 'file_*' 폴더를 찾습니다.
2025-09-07 23:25:02,596 - INFO - 총 10000개의 file_num을 처리합니다.
2025-09-07 23:25:02,596 - INFO - 2. file_num 기준으로 데이터를 순차적으로 처리합니다.
2025-09-07 23:25:04,069 - INFO - 진행 상황: 100 / 10000 (file_num: 100)
2025-09-07 23:25:05,547 - INFO - 진행 상황: 200 / 10000 (file_num: 200)
2025-09-07 23:25:07,032 - INFO - 진행 상황: 300 / 10000 (file_num: 300)
2025-09-07 23:25:08,537 - INFO - 진행 상황: 400 / 10000 (file_num: 400)
2025-09-07 23:25:10,048 - INFO - 진행 상황: 500 / 10000 (file_num: 500)
2025-09-07 23:25:11,550 - INFO - 진행 상황: 600 / 10000 (file_num: 600)
2025-09-07 23:25:13,042 - INFO - 진행 상황: 700 / 10000 (file_num: 700)
2025-09-07 23:25:14,531 - INFO - 진행 상황: 800 / 10000 (file_num: 800)
2025-09-07 23:25:16,021 - INFO - 진행 상황: 900 / 10000 (file_num: 900)
2025-09-07 23:25:17,505 - INFO - 진행 상황: 1000 / 10000 (file_num: 1000)
2025-09-07 23:25:19,024 - INFO - 진행 상황: 1100 / 10000 (file_num: 1100)
2025-09-07 23:25:20,531 - INFO - 진행 상황: 1200 / 10000 (file_num: 1200)
2025-09-07 23:25:22,036 - INFO - 진행 상황: 1300 / 10000 (file_num: 1300)
2025-09-07 23:25:23,533 - INFO - 진행 상황: 1400 / 10000 (file_num: 1400)
2025-09-07 23:25:25,027 - INFO - 진행 상황: 1500 / 10000 (file_num: 1500)
2025-09-07 23:25:26,529 - INFO - 진행 상황: 1600 / 10000 (file_num: 1600)
2025-09-07 23:25:28,133 - INFO - 진행 상황: 1700 / 10000 (file_num: 1700)
2025-09-07 23:25:29,642 - INFO - 진행 상황: 1800 / 10000 (file_num: 1800)
2025-09-07 23:25:31,153 - INFO - 진행 상황: 1900 / 10000 (file_num: 1900)
2025-09-07 23:25:32,653 - INFO - 진행 상황: 2000 / 10000 (file_num: 2000)
2025-09-07 23:25:34,187 - INFO - 진행 상황: 2100 / 10000 (file_num: 2100)
2025-09-07 23:25:35,789 - INFO - 진행 상황: 2200 / 10000 (file_num: 2200)
2025-09-07 23:25:37,487 - INFO - 진행 상황: 2300 / 10000 (file_num: 2300)
2025-09-07 23:25:39,175 - INFO - 진행 상황: 2400 / 10000 (file_num: 2400)
2025-09-07 23:25:40,776 - INFO - 진행 상황: 2500 / 10000 (file_num: 2500)
2025-09-07 23:25:42,414 - INFO - 진행 상황: 2600 / 10000 (file_num: 2600)
2025-09-07 23:25:44,005 - INFO - 진행 상황: 2700 / 10000 (file_num: 2700)
2025-09-07 23:25:45,633 - INFO - 진행 상황: 2800 / 10000 (file_num: 2800)
2025-09-07 23:25:47,268 - INFO - 진행 상황: 2900 / 10000 (file_num: 2900)
2025-09-07 23:25:48,887 - INFO - 진행 상황: 3000 / 10000 (file_num: 3000)
2025-09-07 23:25:50,500 - INFO - 진행 상황: 3100 / 10000 (file_num: 3100)
2025-09-07 23:25:52,091 - INFO - 진행 상황: 3200 / 10000 (file_num: 3200)
2025-09-07 23:25:53,707 - INFO - 진행 상황: 3300 / 10000 (file_num: 3300)
2025-09-07 23:25:55,369 - INFO - 진행 상황: 3400 / 10000 (file_num: 3400)
2025-09-07 23:25:56,966 - INFO - 진행 상황: 3500 / 10000 (file_num: 3500)
2025-09-07 23:25:58,592 - INFO - 진행 상황: 3600 / 10000 (file_num: 3600)
2025-09-07 23:26:00,237 - INFO - 진행 상황: 3700 / 10000 (file_num: 3700)
2025-09-07 23:26:02,028 - INFO - 진행 상황: 3800 / 10000 (file_num: 3800)
2025-09-07 23:26:03,639 - INFO - 진행 상황: 3900 / 10000 (file_num: 3900)
2025-09-07 23:26:05,187 - INFO - 진행 상황: 4000 / 10000 (file_num: 4000)
2025-09-07 23:26:06,674 - INFO - 진행 상황: 4100 / 10000 (file_num: 4100)
2025-09-07 23:26:08,159 - INFO - 진행 상황: 4200 / 10000 (file_num: 4200)
2025-09-07 23:26:09,644 - INFO - 진행 상황: 4300 / 10000 (file_num: 4300)
2025-09-07 23:26:11,132 - INFO - 진행 상황: 4400 / 10000 (file_num: 4400)
2025-09-07 23:26:12,669 - INFO - 진행 상황: 4500 / 10000 (file_num: 4500)
2025-09-07 23:26:14,166 - INFO - 진행 상황: 4600 / 10000 (file_num: 4600)
2025-09-07 23:26:15,645 - INFO - 진행 상황: 4700 / 10000 (file_num: 4700)
2025-09-07 23:26:17,139 - INFO - 진행 상황: 4800 / 10000 (file_num: 4800)
2025-09-07 23:26:18,615 - INFO - 진행 상황: 4900 / 10000 (file_num: 4900)
2025-09-07 23:26:20,083 - INFO - 진행 상황: 5000 / 10000 (file_num: 5000)
Traceback (most recent call last):
  File "/storage/work/tzk5446/NeurMHSP/codes/EMPIRE/post_process_data.py", line 247, in <module>
    main(args.data_dir, args.output_file)
  File "/storage/work/tzk5446/NeurMHSP/codes/EMPIRE/post_process_data.py", line 189, in main
    group_df = group_df.sort_values('period')
               ^^^^^^^^^^^^^^^^^^^^^^^^^^^^^^
  File "/storage/home/tzk5446/.conda/envs/neurmhsp/lib/python3.11/site-packages/pandas/core/frame.py", line 6947, in sort_values
    k = self._get_label_or_level_values(by[0], axis=axis)
        ^^^^^^^^^^^^^^^^^^^^^^^^^^^^^^^^^^^^^^^^^^^^^^^^^
  File "/storage/home/tzk5446/.conda/envs/neurmhsp/lib/python3.11/site-packages/pandas/core/generic.py", line 1844, in _get_label_or_level_values
    raise KeyError(key)
KeyError: 'period'
