모든 결과가 scaler_pca_final5/master_experiment_results_2000.csv로 병합되었습니다.
E_Q 임계값((100000000000.0, 2000000000000.0)) 필터링: 2000개 중 1944개 데이터 유지.
병합 및 필터링된 결과가 scaler_pca_final5/merged_results_2000.csv 파일로 저장되었습니다.
길이가 일치하지 않는 file_num 삭제: 55 (길이: 539, 기대: 616)
길이가 일치하지 않는 file_num 삭제: 641 (길이: 539, 기대: 616)
길이가 일치하지 않는 file_num 삭제: 1560 (길이: 539, 기대: 616)
v_vectors shape: 1941 x 616
Unscaled V results have been saved to scaler_pca_final5/v_ori_results_2000.csv
V 결과가 scaler_pca_final5/v_scl_results_2000.csv 파일로 저장되었습니다.
Scaler 객체가 scaler_pca_final5/scaler_2000.joblib 파일로 저장되었습니다.
설정된 주성분 개수: 141
설명된 분산 비율: [0.02278267 0.02156979 0.02111581 0.0194656  0.0190689  0.01865629
 0.01843462 0.01795168 0.01721742 0.01699273 0.01696443 0.01673889
 0.01635668 0.01621593 0.01568473 0.01538851 0.01515388 0.01511361
 0.01497914 0.01466885 0.01444254 0.01410286 0.01395651 0.01371546
 0.01339476 0.01325373 0.01295437 0.01291336 0.01269149 0.01243266
 0.01228419 0.0119239  0.01186298 0.01162917 0.01147254 0.01129705
 0.01111304 0.01095283 0.01072789 0.01068566 0.01049642 0.01037944
 0.01018436 0.00973721 0.0095486  0.0091788  0.00868937 0.00836858
 0.00799886 0.00799043 0.0076475  0.00747421 0.00719641 0.00649443
 0.00640809 0.00632834 0.00610758 0.00591298 0.00583183 0.00578649
 0.00568706 0.00550478 0.00542342 0.00528946 0.005158   0.00492146
 0.00475696 0.00466666 0.00451257 0.00448728 0.00428266 0.00419531
 0.00407055 0.00398637 0.00371792 0.00368973 0.00366187 0.00358236
 0.00346011 0.00341278 0.00333054 0.00325091 0.0032186  0.00316143
 0.00311159 0.00299292 0.00296225 0.0028948  0.00288037 0.0028714
 0.0027823  0.00270212 0.00257018 0.00253911 0.00234057 0.00219102
 0.0021322  0.00200867 0.0019945  0.00194444 0.00189503 0.00181784
 0.00178805 0.00174389 0.00170479 0.00164992 0.00162092 0.00157948
 0.00156016 0.0015238  0.00151062 0.00144831 0.00143318 0.00142245
 0.00138972 0.0013688  0.00135631 0.0013289  0.00129525 0.0012709
 0.00125971 0.00123572 0.00120574 0.00119893 0.00117354 0.00115408
 0.00114673 0.00111352 0.00109065 0.00107184 0.0010598  0.00099001
 0.0009512  0.00089885 0.00087874 0.00085882 0.00084448 0.00082851
 0.0008204  0.00080969 0.00078535]
누적 설명 분산 비율: [0.02278267 0.04435246 0.06546827 0.08493387 0.10400277 0.12265906
 0.14109368 0.15904536 0.17626278 0.19325551 0.21021994 0.22695883
 0.24331552 0.25953145 0.27521618 0.29060469 0.30575857 0.32087218
 0.33585132 0.35052017 0.36496271 0.37906557 0.39302208 0.40673754
 0.4201323  0.43338603 0.4463404  0.45925376 0.47194525 0.4843779
 0.49666209 0.50858599 0.52044897 0.53207814 0.54355068 0.55484773
 0.56596077 0.5769136  0.58764149 0.59832715 0.60882357 0.61920301
 0.62938737 0.63912458 0.64867318 0.65785199 0.66654136 0.67490994
 0.6829088  0.69089923 0.69854673 0.70602094 0.71321735 0.71971178
 0.72611988 0.73244821 0.73855579 0.74446877 0.7503006  0.75608709
 0.76177416 0.76727894 0.77270236 0.77799182 0.78314982 0.78807127
 0.79282823 0.79749489 0.80200746 0.80649474 0.8107774  0.81497271
 0.81904326 0.82302963 0.82674754 0.83043727 0.83409914 0.8376815
 0.8411416  0.84455438 0.84788493 0.85113584 0.85435444 0.85751587
 0.86062746 0.86362038 0.86658263 0.86947742 0.8723578  0.87522919
 0.87801149 0.88071361 0.88328379 0.88582289 0.88816346 0.89035448
 0.89248668 0.89449535 0.89648985 0.89843429 0.90032932 0.90214717
 0.90393522 0.90567911 0.9073839  0.90903381 0.91065474 0.91223422
 0.91379438 0.91531817 0.91682879 0.9182771  0.91971028 0.92113273
 0.92252245 0.92389126 0.92524757 0.92657647 0.92787172 0.92914262
 0.93040233 0.93163804 0.93284379 0.93404272 0.93521627 0.93637034
 0.93751707 0.93863059 0.93972124 0.94079309 0.94185289 0.9428429
 0.94379411 0.94469295 0.94557169 0.94643051 0.94727499 0.94810349
 0.9489239  0.94973359 0.95051894]
PCA 객체가 scaler_pca_final5/pca_2000.pkl 파일로 저장되었습니다.
Reconstruction Error: 0.029560112616385234
PCA 결과가 scaler_pca_final5/pca_results_2000.csv 파일로 저장되었습니다.
